# JRE version: OpenJDK Runtime Environment (8.0_201-b09) (build 1.8.0_201-b09)
# Java VM: OpenJDK 64-Bit Server VM (25.201-b09 mixed mode linux-amd64 compressed oops)
Heap:
 def new generation   total 33920K, used 0K [0x00000000c0000000, 0x00000000c24c0000, 0x00000000d5550000)
  eden space 30208K,   0% used [0x00000000c0000000, 0x00000000c0000000, 0x00000000c1d80000)
  from space 3712K,   0% used [0x00000000c1d80000, 0x00000000c1d80000, 0x00000000c2120000)
  to   space 3712K,   0% used [0x00000000c2120000, 0x00000000c2120000, 0x00000000c24c0000)
 tenured generation   total 91524K, used 79216K [0x00000000d5550000, 0x00000000daeb1000, 0x0000000100000000)
   the space 91524K,  86% used [0x00000000d5550000, 0x00000000da2ac148, 0x00000000da2ac200, 0x00000000daeb1000)
 Metaspace       used 80203K, capacity 81442K, committed 81664K, reserved 1120256K
  class space    used 11499K, capacity 11743K, committed 11776K, reserved 1048576K
GC Heap History (250 events):
Event: 5.822 GC heap after
Heap after GC invocations=81 (full 1):
 def new generation   total 4992K, used 475K [0x00000000c0000000, 0x00000000c0560000, 0x00000000d5550000)
  eden space 4480K,   0% used [0x00000000c0000000, 0x00000000c0000000, 0x00000000c0460000)
  from space 512K,  92% used [0x00000000c04e0000, 0x00000000c0556f10, 0x00000000c0560000)
  to   space 512K,   0% used [0x00000000c0460000, 0x00000000c0460000, 0x00000000c04e0000)
 tenured generation   total 10944K, used 8336K [0x00000000d5550000, 0x00000000d6000000, 0x0000000100000000)
   the space 10944K,  76% used [0x00000000d5550000, 0x00000000d5d74270, 0x00000000d5d74400, 0x00000000d6000000)
 Metaspace       used 32024K, capacity 32246K, committed 32640K, reserved 1077248K
  class space    used 4330K, capacity 4403K, committed 4480K, reserved 1048576K
}
Event: 5.870 GC heap before
{Heap before GC invocations=81 (full 1):
 def new generation   total 4992K, used 4955K [0x00000000c0000000, 0x00000000c0560000, 0x00000000d5550000)
  eden space 4480K, 100% used [0x00000000c0000000, 0x00000000c0460000, 0x00000000c0460000)
  from space 512K,  92% used [0x00000000c04e0000, 0x00000000c0556f10, 0x00000000c0560000)
  to   space 512K,   0% used [0x00000000c0460000, 0x00000000c0460000, 0x00000000c04e0000)
 tenured generation   total 10944K, used 8336K [0x00000000d5550000, 0x00000000d6000000, 0x0000000100000000)
   the space 10944K,  76% used [0x00000000d5550000, 0x00000000d5d74270, 0x00000000d5d74400, 0x00000000d6000000)
 Metaspace       used 32357K, capacity 32534K, committed 32896K, reserved 1077248K
  class space    used 4375K, capacity 4435K, committed 4480K, reserved 1048576K
Event: 5.873 GC heap after
Heap after GC invocations=82 (full 1):
 def new generation   total 4992K, used 456K [0x00000000c0000000, 0x00000000c0560000, 0x00000000d5550000)
  eden space 4480K,   0% used [0x00000000c0000000, 0x00000000c0000000, 0x00000000c0460000)
  from space 512K,  89% used [0x00000000c0460000, 0x00000000c04d2288, 0x00000000c04e0000)
  to   space 512K,   0% used [0x00000000c04e0000, 0x00000000c04e0000, 0x00000000c0560000)
 tenured generation   total 10944K, used 8362K [0x00000000d5550000, 0x00000000d6000000, 0x0000000100000000)
   the space 10944K,  76% used [0x00000000d5550000, 0x00000000d5d7a9c0, 0x00000000d5d7aa00, 0x00000000d6000000)
 Metaspace       used 32357K, capacity 32534K, committed 32896K, reserved 1077248K
  class space    used 4375K, capacity 4435K, committed 4480K, reserved 1048576K
}
Event: 5.971 GC heap before
{Heap before GC invocations=82 (full 1):
 def new generation   total 4992K, used 4936K [0x00000000c0000000, 0x00000000c0560000, 0x00000000d5550000)
  eden space 4480K, 100% used [0x00000000c0000000, 0x00000000c0460000, 0x00000000c0460000)
  from space 512K,  89% used [0x00000000c0460000, 0x00000000c04d2288, 0x00000000c04e0000)
  to   space 512K,   0% used [0x00000000c04e0000, 0x00000000c04e0000, 0x00000000c0560000)
 tenured generation   total 10944K, used 8362K [0x00000000d5550000, 0x00000000d6000000, 0x0000000100000000)
   the space 10944K,  76% used [0x00000000d5550000, 0x00000000d5d7a9c0, 0x00000000d5d7aa00, 0x00000000d6000000)
 Metaspace       used 32554K, capacity 32790K, committed 33280K, reserved 1077248K
  class space    used 4416K, capacity 4499K, committed 4608K, reserved 1048576K
Event: 5.973 GC heap after
Heap after GC invocations=83 (full 1):
 def new generation   total 4992K, used 251K [0x00000000c0000000, 0x00000000c0560000, 0x00000000d5550000)
  eden space 4480K,   0% used [0x00000000c0000000, 0x00000000c0000000, 0x00000000c0460000)
  from space 512K,  49% used [0x00000000c04e0000, 0x00000000c051efa8, 0x00000000c0560000)
  to   space 512K,   0% used [0x00000000c0460000, 0x00000000c0460000, 0x00000000c04e0000)
 tenured generation   total 10944K, used 8390K [0x00000000d5550000, 0x00000000d6000000, 0x0000000100000000)
   the space 10944K,  76% used [0x00000000d5550000, 0x00000000d5d81948, 0x00000000d5d81a00, 0x00000000d6000000)
 Metaspace       used 32554K, capacity 32790K, committed 33280K, reserved 1077248K
  class space    used 4416K, capacity 4499K, committed 4608K, reserved 1048576K
}
Event: 6.006 GC heap before
{Heap before GC invocations=83 (full 1):
 def new generation   total 4992K, used 4731K [0x00000000c0000000, 0x00000000c0560000, 0x00000000d5550000)
  eden space 4480K, 100% used [0x00000000c0000000, 0x00000000c0460000, 0x00000000c0460000)
  from space 512K,  49% used [0x00000000c04e0000, 0x00000000c051efa8, 0x00000000c0560000)
  to   space 512K,   0% used [0x00000000c0460000, 0x00000000c0460000, 0x00000000c04e0000)
 tenured generation   total 10944K, used 8390K [0x00000000d5550000, 0x00000000d6000000, 0x0000000100000000)
   the space 10944K,  76% used [0x00000000d5550000, 0x00000000d5d81948, 0x00000000d5d81a00, 0x00000000d6000000)
 Metaspace       used 32785K, capacity 33016K, committed 33280K, reserved 1077248K
  class space    used 4453K, capacity 4532K, committed 4608K, reserved 1048576K
Event: 6.009 GC heap after
Heap after GC invocations=84 (full 1):
 def new generation   total 4992K, used 316K [0x00000000c0000000, 0x00000000c0560000, 0x00000000d5550000)
  eden space 4480K,   0% used [0x00000000c0000000, 0x00000000c0000000, 0x00000000c0460000)
  from space 512K,  61% used [0x00000000c0460000, 0x00000000c04af098, 0x00000000c04e0000)
  to   space 512K,   0% used [0x00000000c04e0000, 0x00000000c04e0000, 0x00000000c0560000)
 tenured generation   total 10944K, used 8390K [0x00000000d5550000, 0x00000000d6000000, 0x0000000100000000)
   the space 10944K,  76% used [0x00000000d5550000, 0x00000000d5d81948, 0x00000000d5d81a00, 0x00000000d6000000)
 Metaspace       used 32785K, capacity 33016K, committed 33280K, reserved 1077248K
  class space    used 4453K, capacity 4532K, committed 4608K, reserved 1048576K
}
Event: 6.049 GC heap before
{Heap before GC invocations=84 (full 1):
 def new generation   total 4992K, used 4796K [0x00000000c0000000, 0x00000000c0560000, 0x00000000d5550000)
  eden space 4480K, 100% used [0x00000000c0000000, 0x00000000c0460000, 0x00000000c0460000)
  from space 512K,  61% used [0x00000000c0460000, 0x00000000c04af098, 0x00000000c04e0000)
  to   space 512K,   0% used [0x00000000c04e0000, 0x00000000c04e0000, 0x00000000c0560000)
 tenured generation   total 10944K, used 8390K [0x00000000d5550000, 0x00000000d6000000, 0x0000000100000000)
   the space 10944K,  76% used [0x00000000d5550000, 0x00000000d5d81948, 0x00000000d5d81a00, 0x00000000d6000000)
 Metaspace       used 32972K, capacity 33240K, committed 33536K, reserved 1079296K
  class space    used 4488K, capacity 4564K, committed 4608K, reserved 1048576K
Event: 6.051 GC heap after
Heap after GC invocations=85 (full 1):
 def new generation   total 4992K, used 313K [0x00000000c0000000, 0x00000000c0560000, 0x00000000d5550000)
  eden space 4480K,   0% used [0x00000000c0000000, 0x00000000c0000000, 0x00000000c0460000)
  from space 512K,  61% used [0x00000000c04e0000, 0x00000000c052e6f0, 0x00000000c0560000)
  to   space 512K,   0% used [0x00000000c0460000, 0x00000000c0460000, 0x00000000c04e0000)
 tenured generation   total 10944K, used 8516K [0x00000000d5550000, 0x00000000d6000000, 0x0000000100000000)
   the space 10944K,  77% used [0x00000000d5550000, 0x00000000d5da1088, 0x00000000d5da1200, 0x00000000d6000000)
 Metaspace       used 32972K, capacity 33240K, committed 33536K, reserved 1079296K
  class space    used 4488K, capacity 4564K, committed 4608K, reserved 1048576K
}
Event: 6.162 GC heap before
{Heap before GC invocations=85 (full 1):
 def new generation   total 4992K, used 4793K [0x00000000c0000000, 0x00000000c0560000, 0x00000000d5550000)
  eden space 4480K, 100% used [0x00000000c0000000, 0x00000000c0460000, 0x00000000c0460000)
  from space 512K,  61% used [0x00000000c04e0000, 0x00000000c052e6f0, 0x00000000c0560000)
  to   space 512K,   0% used [0x00000000c0460000, 0x00000000c0460000, 0x00000000c04e0000)
 tenured generation   total 10944K, used 8516K [0x00000000d5550000, 0x00000000d6000000, 0x0000000100000000)
   the space 10944K,  77% used [0x00000000d5550000, 0x00000000d5da1088, 0x00000000d5da1200, 0x00000000d6000000)
 Metaspace       used 33110K, capacity 33304K, committed 33536K, reserved 1079296K
  class space    used 4504K, capacity 4564K, committed 4608K, reserved 1048576K
Event: 6.164 GC heap after
Heap after GC invocations=86 (full 1):
 def new generation   total 4992K, used 209K [0x00000000c0000000, 0x00000000c0560000, 0x00000000d5550000)
  eden space 4480K,   0% used [0x00000000c0000000, 0x00000000c0000000, 0x00000000c0460000)
  from space 512K,  40% used [0x00000000c0460000, 0x00000000c04946e8, 0x00000000c04e0000)
  to   space 512K,   0% used [0x00000000c04e0000, 0x00000000c04e0000, 0x00000000c0560000)
 tenured generation   total 10944K, used 8629K [0x00000000d5550000, 0x00000000d6000000, 0x0000000100000000)
   the space 10944K,  78% used [0x00000000d5550000, 0x00000000d5dbd648, 0x00000000d5dbd800, 0x00000000d6000000)
 Metaspace       used 33110K, capacity 33304K, committed 33536K, reserved 1079296K
  class space    used 4504K, capacity 4564K, committed 4608K, reserved 1048576K
}
Event: 6.200 GC heap before
{Heap before GC invocations=86 (full 1):
 def new generation   total 4992K, used 4689K [0x00000000c0000000, 0x00000000c0560000, 0x00000000d5550000)
  eden space 4480K, 100% used [0x00000000c0000000, 0x00000000c0460000, 0x00000000c0460000)
  from space 512K,  40% used [0x00000000c0460000, 0x00000000c04946e8, 0x00000000c04e0000)
  to   space 512K,   0% used [0x00000000c04e0000, 0x00000000c04e0000, 0x00000000c0560000)
 tenured generation   total 10944K, used 8629K [0x00000000d5550000, 0x00000000d6000000, 0x0000000100000000)
   the space 10944K,  78% used [0x00000000d5550000, 0x00000000d5dbd648, 0x00000000d5dbd800, 0x00000000d6000000)
 Metaspace       used 33324K, capacity 33534K, committed 33792K, reserved 1079296K
  class space    used 4520K, capacity 4598K, committed 4608K, reserved 1048576K
Event: 6.202 GC heap after
Heap after GC invocations=87 (full 1):
 def new generation   total 4992K, used 431K [0x00000000c0000000, 0x00000000c0560000, 0x00000000d5550000)
  eden space 4480K,   0% used [0x00000000c0000000, 0x00000000c0000000, 0x00000000c0460000)
  from space 512K,  84% used [0x00000000c04e0000, 0x00000000c054bfb8, 0x00000000c0560000)
  to   space 512K,   0% used [0x00000000c0460000, 0x00000000c0460000, 0x00000000c04e0000)
 tenured generation   total 10944K, used 8629K [0x00000000d5550000, 0x00000000d6000000, 0x0000000100000000)
   the space 10944K,  78% used [0x00000000d5550000, 0x00000000d5dbd648, 0x00000000d5dbd800, 0x00000000d6000000)
 Metaspace       used 33324K, capacity 33534K, committed 33792K, reserved 1079296K
  class space    used 4520K, capacity 4598K, committed 4608K, reserved 1048576K
}
Event: 6.255 GC heap before
{Heap before GC invocations=87 (full 1):
 def new generation   total 4992K, used 4892K [0x00000000c0000000, 0x00000000c0560000, 0x00000000d5550000)
  eden space 4480K,  99% used [0x00000000c0000000, 0x00000000c045b1c8, 0x00000000c0460000)
  from space 512K,  84% used [0x00000000c04e0000, 0x00000000c054bfb8, 0x00000000c0560000)
  to   space 512K,   0% used [0x00000000c0460000, 0x00000000c0460000, 0x00000000c04e0000)
 tenured generation   total 10944K, used 8629K [0x00000000d5550000, 0x00000000d6000000, 0x0000000100000000)
   the space 10944K,  78% used [0x00000000d5550000, 0x00000000d5dbd648, 0x00000000d5dbd800, 0x00000000d6000000)
 Metaspace       used 33633K, capacity 33822K, committed 34176K, reserved 1079296K
  class space    used 4566K, capacity 4630K, committed 4736K, reserved 1048576K
Event: 6.258 GC heap after
Heap after GC invocations=88 (full 1):
 def new generation   total 4992K, used 357K [0x00000000c0000000, 0x00000000c0560000, 0x00000000d5550000)
  eden space 4480K,   0% used [0x00000000c0000000, 0x00000000c0000000, 0x00000000c0460000)
  from space 512K,  69% used [0x00000000c0460000, 0x00000000c04b9508, 0x00000000c04e0000)
  to   space 512K,   0% used [0x00000000c04e0000, 0x00000000c04e0000, 0x00000000c0560000)
 tenured generation   total 10944K, used 8783K [0x00000000d5550000, 0x00000000d6000000, 0x0000000100000000)
   the space 10944K,  80% used [0x00000000d5550000, 0x00000000d5de3cb0, 0x00000000d5de3e00, 0x00000000d6000000)
 Metaspace       used 33633K, capacity 33822K, committed 34176K, reserved 1079296K
  class space    used 4566K, capacity 4630K, committed 4736K, reserved 1048576K
}
Event: 6.319 GC heap before
{Heap before GC invocations=88 (full 1):
 def new generation   total 4992K, used 4837K [0x00000000c0000000, 0x00000000c0560000, 0x00000000d5550000)
  eden space 4480K, 100% used [0x00000000c0000000, 0x00000000c0460000, 0x00000000c0460000)
  from space 512K,  69% used [0x00000000c0460000, 0x00000000c04b9508, 0x00000000c04e0000)
  to   space 512K,   0% used [0x00000000c04e0000, 0x00000000c04e0000, 0x00000000c0560000)
 tenured generation   total 10944K, used 8783K [0x00000000d5550000, 0x00000000d6000000, 0x0000000100000000)
   the space 10944K,  80% used [0x00000000d5550000, 0x00000000d5de3cb0, 0x00000000d5de3e00, 0x00000000d6000000)
 Metaspace       used 33864K, capacity 34110K, committed 34432K, reserved 1079296K
  class space    used 4597K, capacity 4662K, committed 4736K, reserved 1048576K
Event: 6.321 GC heap after
Heap after GC invocations=89 (full 1):
 def new generation   total 4992K, used 272K [0x00000000c0000000, 0x00000000c0560000, 0x00000000d5550000)
  eden space 4480K,   0% used [0x00000000c0000000, 0x00000000c0000000, 0x00000000c0460000)
  from space 512K,  53% used [0x00000000c04e0000, 0x00000000c0524338, 0x00000000c0560000)
  to   space 512K,   0% used [0x00000000c0460000, 0x00000000c0460000, 0x00000000c04e0000)
 tenured generation   total 10944K, used 8869K [0x00000000d5550000, 0x00000000d6000000, 0x0000000100000000)
   the space 10944K,  81% used [0x00000000d5550000, 0x00000000d5df9498, 0x00000000d5df9600, 0x00000000d6000000)
 Metaspace       used 33864K, capacity 34110K, committed 34432K, reserved 1079296K
  class space    used 4597K, capacity 4662K, committed 4736K, reserved 1048576K
}
Event: 6.392 GC heap before
{Heap before GC invocations=89 (full 1):
 def new generation   total 4992K, used 4752K [0x00000000c0000000, 0x00000000c0560000, 0x00000000d5550000)
  eden space 4480K, 100% used [0x00000000c0000000, 0x00000000c0460000, 0x00000000c0460000)
  from space 512K,  53% used [0x00000000c04e0000, 0x00000000c0524338, 0x00000000c0560000)
  to   space 512K,   0% used [0x00000000c0460000, 0x00000000c0460000, 0x00000000c04e0000)
 tenured generation   total 10944K, used 8869K [0x00000000d5550000, 0x00000000d6000000, 0x0000000100000000)
   the space 10944K,  81% used [0x00000000d5550000, 0x00000000d5df9498, 0x00000000d5df9600, 0x00000000d6000000)
 Metaspace       used 34180K, capacity 34398K, committed 34688K, reserved 1079296K
  class space    used 4638K, capacity 4694K, committed 4736K, reserved 1048576K
Event: 6.395 GC heap after
Heap after GC invocations=90 (full 1):
 def new generation   total 4992K, used 359K [0x00000000c0000000, 0x00000000c0560000, 0x00000000d5550000)
  eden space 4480K,   0% used [0x00000000c0000000, 0x00000000c0000000, 0x00000000c0460000)
  from space 512K,  70% used [0x00000000c0460000, 0x00000000c04b9c30, 0x00000000c04e0000)
  to   space 512K,   0% used [0x00000000c04e0000, 0x00000000c04e0000, 0x00000000c0560000)
 tenured generation   total 10944K, used 8903K [0x00000000d5550000, 0x00000000d6000000, 0x0000000100000000)
   the space 10944K,  81% used [0x00000000d5550000, 0x00000000d5e01e00, 0x00000000d5e01e00, 0x00000000d6000000)
 Metaspace       used 34180K, capacity 34398K, committed 34688K, reserved 1079296K
  class space    used 4638K, capacity 4694K, committed 4736K, reserved 1048576K
}
Event: 6.445 GC heap before
{Heap before GC invocations=90 (full 1):
 def new generation   total 4992K, used 4839K [0x00000000c0000000, 0x00000000c0560000, 0x00000000d5550000)
  eden space 4480K, 100% used [0x00000000c0000000, 0x00000000c0460000, 0x00000000c0460000)
  from space 512K,  70% used [0x00000000c0460000, 0x00000000c04b9c30, 0x00000000c04e0000)
  to   space 512K,   0% used [0x00000000c04e0000, 0x00000000c04e0000, 0x00000000c0560000)
 tenured generation   total 10944K, used 8903K [0x00000000d5550000, 0x00000000d6000000, 0x0000000100000000)
   the space 10944K,  81% used [0x00000000d5550000, 0x00000000d5e01e00, 0x00000000d5e01e00, 0x00000000d6000000)
 Metaspace       used 34609K, capacity 34814K, committed 35200K, reserved 1079296K
  class space    used 4670K, capacity 4726K, committed 4736K, reserved 1048576K
Event: 6.448 GC heap after
Heap after GC invocations=91 (full 1):
 def new generation   total 4992K, used 359K [0x00000000c0000000, 0x00000000c0560000, 0x00000000d5550000)
  eden space 4480K,   0% used [0x00000000c0000000, 0x00000000c0000000, 0x00000000c0460000)
  from space 512K,  70% used [0x00000000c04e0000, 0x00000000c0539e38, 0x00000000c0560000)
  to   space 512K,   0% used [0x00000000c0460000, 0x00000000c0460000, 0x00000000c04e0000)
 tenured generation   total 10944K, used 9015K [0x00000000d5550000, 0x00000000d6000000, 0x0000000100000000)
   the space 10944K,  82% used [0x00000000d5550000, 0x00000000d5e1dcf8, 0x00000000d5e1de00, 0x00000000d6000000)
 Metaspace       used 34609K, capacity 34814K, committed 35200K, reserved 1079296K
  class space    used 4670K, capacity 4726K, committed 4736K, reserved 1048576K
}
Event: 6.516 GC heap before
{Heap before GC invocations=91 (full 1):
 def new generation   total 4992K, used 4698K [0x00000000c0000000, 0x00000000c0560000, 0x00000000d5550000)
  eden space 4480K,  96% used [0x00000000c0000000, 0x00000000c043ca28, 0x00000000c0460000)
  from space 512K,  70% used [0x00000000c04e0000, 0x00000000c0539e38, 0x00000000c0560000)
  to   space 512K,   0% used [0x00000000c0460000, 0x00000000c0460000, 0x00000000c04e0000)
 tenured generation   total 10944K, used 9015K [0x00000000d5550000, 0x00000000d6000000, 0x0000000100000000)
   the space 10944K,  82% used [0x00000000d5550000, 0x00000000d5e1dcf8, 0x00000000d5e1de00, 0x00000000d6000000)
 Metaspace       used 34964K, capacity 35240K, committed 35496K, reserved 1079296K
  class space    used 4710K, capacity 4828K, committed 4864K, reserved 1048576K
Event: 6.608 GC heap after
Heap after GC invocations=92 (full 2):
 def new generation   total 5760K, used 0K [0x00000000c0000000, 0x00000000c0630000, 0x00000000d5550000)
  eden space 5184K,   0% used [0x00000000c0000000, 0x00000000c0000000, 0x00000000c0510000)
  from space 576K,   0% used [0x00000000c0510000, 0x00000000c0510000, 0x00000000c05a0000)
  to   space 576K,   0% used [0x00000000c05a0000, 0x00000000c05a0000, 0x00000000c0630000)
 tenured generation   total 12624K, used 7573K [0x00000000d5550000, 0x00000000d61a4000, 0x0000000100000000)
   the space 12624K,  59% used [0x00000000d5550000, 0x00000000d5cb5658, 0x00000000d5cb5800, 0x00000000d61a4000)
 Metaspace       used 34964K, capacity 35240K, committed 35496K, reserved 1079296K
  class space    used 4710K, capacity 4828K, committed 4864K, reserved 1048576K
}
Event: 6.760 GC heap before
{Heap before GC invocations=92 (full 2):
 def new generation   total 5760K, used 5184K [0x00000000c0000000, 0x00000000c0630000, 0x00000000d5550000)
  eden space 5184K, 100% used [0x00000000c0000000, 0x00000000c0510000, 0x00000000c0510000)
  from space 576K,   0% used [0x00000000c0510000, 0x00000000c0510000, 0x00000000c05a0000)
  to   space 576K,   0% used [0x00000000c05a0000, 0x00000000c05a0000, 0x00000000c0630000)
 tenured generation   total 12624K, used 7573K [0x00000000d5550000, 0x00000000d61a4000, 0x0000000100000000)
   the space 12624K,  59% used [0x00000000d5550000, 0x00000000d5cb5658, 0x00000000d5cb5800, 0x00000000d61a4000)
 Metaspace       used 35971K, capacity 36264K, committed 36480K, reserved 1081344K
  class space    used 4849K, capacity 4956K, committed 4992K, reserved 1048576K
Event: 6.763 GC heap after
Heap after GC invocations=93 (full 2):
 def new generation   total 5760K, used 441K [0x00000000c0000000, 0x00000000c0630000, 0x00000000d5550000)
  eden space 5184K,   0% used [0x00000000c0000000, 0x00000000c0000000, 0x00000000c0510000)
  from space 576K,  76% used [0x00000000c05a0000, 0x00000000c060e768, 0x00000000c0630000)
  to   space 576K,   0% used [0x00000000c0510000, 0x00000000c0510000, 0x00000000c05a0000)
 tenured generation   total 12624K, used 7573K [0x00000000d5550000, 0x00000000d61a4000, 0x0000000100000000)
   the space 12624K,  59% used [0x00000000d5550000, 0x00000000d5cb5658, 0x00000000d5cb5800, 0x00000000d61a4000)
 Metaspace       used 35971K, capacity 36264K, committed 36480K, reserved 1081344K
  class space    used 4849K, capacity 4956K, committed 4992K, reserved 1048576K
}
Event: 6.846 GC heap before
{Heap before GC invocations=93 (full 2):
 def new generation   total 5760K, used 5625K [0x00000000c0000000, 0x00000000c0630000, 0x00000000d5550000)
  eden space 5184K, 100% used [0x00000000c0000000, 0x00000000c0510000, 0x00000000c0510000)
  from space 576K,  76% used [0x00000000c05a0000, 0x00000000c060e768, 0x00000000c0630000)
  to   space 576K,   0% used [0x00000000c0510000, 0x00000000c0510000, 0x00000000c05a0000)
 tenured generation   total 12624K, used 7573K [0x00000000d5550000, 0x00000000d61a4000, 0x0000000100000000)
   the space 12624K,  59% used [0x00000000d5550000, 0x00000000d5cb5658, 0x00000000d5cb5800, 0x00000000d61a4000)
 Metaspace       used 36306K, capacity 36616K, committed 36992K, reserved 1081344K
  class space    used 4892K, capacity 4988K, committed 4992K, reserved 1048576K
Event: 6.850 GC heap after
Heap after GC invocations=94 (full 2):
 def new generation   total 5760K, used 338K [0x00000000c0000000, 0x00000000c0630000, 0x00000000d5550000)
  eden space 5184K,   0% used [0x00000000c0000000, 0x00000000c0000000, 0x00000000c0510000)
  from space 576K,  58% used [0x00000000c0510000, 0x00000000c05648d8, 0x00000000c05a0000)
  to   space 576K,   0% used [0x00000000c05a0000, 0x00000000c05a0000, 0x00000000c0630000)
 tenured generation   total 12624K, used 7860K [0x00000000d5550000, 0x00000000d61a4000, 0x0000000100000000)
   the space 12624K,  62% used [0x00000000d5550000, 0x00000000d5cfd3d0, 0x00000000d5cfd400, 0x00000000d61a4000)
 Metaspace       used 36306K, capacity 36616K, committed 36992K, reserved 1081344K
  class space    used 4892K, capacity 4988K, committed 4992K, reserved 1048576K
}
Event: 6.936 GC heap before
{Heap before GC invocations=94 (full 2):
 def new generation   total 5760K, used 5522K [0x00000000c0000000, 0x00000000c0630000, 0x00000000d5550000)
  eden space 5184K, 100% used [0x00000000c0000000, 0x00000000c0510000, 0x00000000c0510000)
  from space 576K,  58% used [0x00000000c0510000, 0x00000000c05648d8, 0x00000000c05a0000)
  to   space 576K,   0% used [0x00000000c05a0000, 0x00000000c05a0000, 0x00000000c0630000)
 tenured generation   total 12624K, used 7860K [0x00000000d5550000, 0x00000000d61a4000, 0x0000000100000000)
   the space 12624K,  62% used [0x00000000d5550000, 0x00000000d5cfd3d0, 0x00000000d5cfd400, 0x00000000d61a4000)
 Metaspace       used 36684K, capacity 36970K, committed 37376K, reserved 1081344K
  class space    used 4950K, capacity 5021K, committed 5120K, reserved 1048576K
Event: 6.939 GC heap after
Heap after GC invocations=95 (full 2):
 def new generation   total 5760K, used 246K [0x00000000c0000000, 0x00000000c0630000, 0x00000000d5550000)
  eden space 5184K,   0% used [0x00000000c0000000, 0x00000000c0000000, 0x00000000c0510000)
  from space 576K,  42% used [0x00000000c05a0000, 0x00000000c05ddbb0, 0x00000000c0630000)
  to   space 576K,   0% used [0x00000000c0510000, 0x00000000c0510000, 0x00000000c05a0000)
 tenured generation   total 12624K, used 7921K [0x00000000d5550000, 0x00000000d61a4000, 0x0000000100000000)
   the space 12624K,  62% used [0x00000000d5550000, 0x00000000d5d0c658, 0x00000000d5d0c800, 0x00000000d61a4000)
 Metaspace       used 36684K, capacity 36970K, committed 37376K, reserved 1081344K
  class space    used 4950K, capacity 5021K, committed 5120K, reserved 1048576K
}
Event: 6.992 GC heap before
{Heap before GC invocations=95 (full 2):
 def new generation   total 5760K, used 5430K [0x00000000c0000000, 0x00000000c0630000, 0x00000000d5550000)
  eden space 5184K, 100% used [0x00000000c0000000, 0x00000000c0510000, 0x00000000c0510000)
  from space 576K,  42% used [0x00000000c05a0000, 0x00000000c05ddbb0, 0x00000000c0630000)
  to   space 576K,   0% used [0x00000000c0510000, 0x00000000c0510000, 0x00000000c05a0000)
 tenured generation   total 12624K, used 7921K [0x00000000d5550000, 0x00000000d61a4000, 0x0000000100000000)
   the space 12624K,  62% used [0x00000000d5550000, 0x00000000d5d0c658, 0x00000000d5d0c800, 0x00000000d61a4000)
 Metaspace       used 36858K, capacity 37162K, committed 37632K, reserved 1081344K
  class space    used 4998K, capacity 5085K, committed 5120K, reserved 1048576K
Event: 6.995 GC heap after
Heap after GC invocations=96 (full 2):
 def new generation   total 5760K, used 213K [0x00000000c0000000, 0x00000000c0630000, 0x00000000d5550000)
  eden space 5184K,   0% used [0x00000000c0000000, 0x00000000c0000000, 0x00000000c0510000)
  from space 576K,  37% used [0x00000000c0510000, 0x00000000c05455d8, 0x00000000c05a0000)
  to   space 576K,   0% used [0x00000000c05a0000, 0x00000000c05a0000, 0x00000000c0630000)
 tenured generation   total 12624K, used 7921K [0x00000000d5550000, 0x00000000d61a4000, 0x0000000100000000)
   the space 12624K,  62% used [0x00000000d5550000, 0x00000000d5d0c658, 0x00000000d5d0c800, 0x00000000d61a4000)
 Metaspace       used 36858K, capacity 37162K, committed 37632K, reserved 1081344K
  class space    used 4998K, capacity 5085K, committed 5120K, reserved 1048576K
}
Event: 7.055 GC heap before
{Heap before GC invocations=96 (full 2):
 def new generation   total 5760K, used 5397K [0x00000000c0000000, 0x00000000c0630000, 0x00000000d5550000)
  eden space 5184K, 100% used [0x00000000c0000000, 0x00000000c0510000, 0x00000000c0510000)
  from space 576K,  37% used [0x00000000c0510000, 0x00000000c05455d8, 0x00000000c05a0000)
  to   space 576K,   0% used [0x00000000c05a0000, 0x00000000c05a0000, 0x00000000c0630000)
 tenured generation   total 12624K, used 7921K [0x00000000d5550000, 0x00000000d61a4000, 0x0000000100000000)
   the space 12624K,  62% used [0x00000000d5550000, 0x00000000d5d0c658, 0x00000000d5d0c800, 0x00000000d61a4000)
 Metaspace       used 37129K, capacity 37386K, committed 37632K, reserved 1081344K
  class space    used 5039K, capacity 5117K, committed 5120K, reserved 1048576K
Event: 7.057 GC heap after
Heap after GC invocations=97 (full 2):
 def new generation   total 5760K, used 325K [0x00000000c0000000, 0x00000000c0630000, 0x00000000d5550000)
  eden space 5184K,   0% used [0x00000000c0000000, 0x00000000c0000000, 0x00000000c0510000)
  from space 576K,  56% used [0x00000000c05a0000, 0x00000000c05f1580, 0x00000000c0630000)
  to   space 576K,   0% used [0x00000000c0510000, 0x00000000c0510000, 0x00000000c05a0000)
 tenured generation   total 12624K, used 7921K [0x00000000d5550000, 0x00000000d61a4000, 0x0000000100000000)
   the space 12624K,  62% used [0x00000000d5550000, 0x00000000d5d0c658, 0x00000000d5d0c800, 0x00000000d61a4000)
 Metaspace       used 37129K, capacity 37386K, committed 37632K, reserved 1081344K
  class space    used 5039K, capacity 5117K, committed 5120K, reserved 1048576K
}
Event: 7.112 GC heap before
{Heap before GC invocations=97 (full 2):
 def new generation   total 5760K, used 5509K [0x00000000c0000000, 0x00000000c0630000, 0x00000000d5550000)
  eden space 5184K, 100% used [0x00000000c0000000, 0x00000000c0510000, 0x00000000c0510000)
  from space 576K,  56% used [0x00000000c05a0000, 0x00000000c05f1580, 0x00000000c0630000)
  to   space 576K,   0% used [0x00000000c0510000, 0x00000000c0510000, 0x00000000c05a0000)
 tenured generation   total 12624K, used 7921K [0x00000000d5550000, 0x00000000d61a4000, 0x0000000100000000)
   the space 12624K,  62% used [0x00000000d5550000, 0x00000000d5d0c658, 0x00000000d5d0c800, 0x00000000d61a4000)
 Metaspace       used 37397K, capacity 37648K, committed 38016K, reserved 1081344K
  class space    used 5080K, capacity 5182K, committed 5248K, reserved 1048576K
Event: 7.114 GC heap after
Heap after GC invocations=98 (full 2):
 def new generation   total 5760K, used 265K [0x00000000c0000000, 0x00000000c0630000, 0x00000000d5550000)
  eden space 5184K,   0% used [0x00000000c0000000, 0x00000000c0000000, 0x00000000c0510000)
  from space 576K,  46% used [0x00000000c0510000, 0x00000000c05524d8, 0x00000000c05a0000)
  to   space 576K,   0% used [0x00000000c05a0000, 0x00000000c05a0000, 0x00000000c0630000)
 tenured generation   total 12624K, used 7973K [0x00000000d5550000, 0x00000000d61a4000, 0x0000000100000000)
   the space 12624K,  63% used [0x00000000d5550000, 0x00000000d5d196c8, 0x00000000d5d19800, 0x00000000d61a4000)
 Metaspace       used 37397K, capacity 37648K, committed 38016K, reserved 1081344K
  class space    used 5080K, capacity 5182K, committed 5248K, reserved 1048576K
}
Event: 7.137 GC heap before
{Heap before GC invocations=98 (full 2):
 def new generation   total 5760K, used 5449K [0x00000000c0000000, 0x00000000c0630000, 0x00000000d5550000)
  eden space 5184K, 100% used [0x00000000c0000000, 0x00000000c0510000, 0x00000000c0510000)
  from space 576K,  46% used [0x00000000c0510000, 0x00000000c05524d8, 0x00000000c05a0000)
  to   space 576K,   0% used [0x00000000c05a0000, 0x00000000c05a0000, 0x00000000c0630000)
 tenured generation   total 12624K, used 7973K [0x00000000d5550000, 0x00000000d61a4000, 0x0000000100000000)
   the space 12624K,  63% used [0x00000000d5550000, 0x00000000d5d196c8, 0x00000000d5d19800, 0x00000000d61a4000)
 Metaspace       used 37546K, capacity 37840K, committed 38272K, reserved 1083392K
  class space    used 5127K, capacity 5246K, committed 5248K, reserved 1048576K
Event: 7.140 GC heap after
Heap after GC invocations=99 (full 2):
 def new generation   total 5760K, used 342K [0x00000000c0000000, 0x00000000c0630000, 0x00000000d5550000)
  eden space 5184K,   0% used [0x00000000c0000000, 0x00000000c0000000, 0x00000000c0510000)
  from space 576K,  59% used [0x00000000c05a0000, 0x00000000c05f5a40, 0x00000000c0630000)
  to   space 576K,   0% used [0x00000000c0510000, 0x00000000c0510000, 0x00000000c05a0000)
 tenured generation   total 12624K, used 7973K [0x00000000d5550000, 0x00000000d61a4000, 0x0000000100000000)
   the space 12624K,  63% used [0x00000000d5550000, 0x00000000d5d196c8, 0x00000000d5d19800, 0x00000000d61a4000)
 Metaspace       used 37546K, capacity 37840K, committed 38272K, reserved 1083392K
  class space    used 5127K, capacity 5246K, committed 5248K, reserved 1048576K
}
Event: 7.181 GC heap before
{Heap before GC invocations=99 (full 2):
 def new generation   total 5760K, used 5526K [0x00000000c0000000, 0x00000000c0630000, 0x00000000d5550000)
  eden space 5184K, 100% used [0x00000000c0000000, 0x00000000c0510000, 0x00000000c0510000)
  from space 576K,  59% used [0x00000000c05a0000, 0x00000000c05f5a40, 0x00000000c0630000)
  to   space 576K,   0% used [0x00000000c0510000, 0x00000000c0510000, 0x00000000c05a0000)
 tenured generation   total 12624K, used 7973K [0x00000000d5550000, 0x00000000d61a4000, 0x0000000100000000)
   the space 12624K,  63% used [0x00000000d5550000, 0x00000000d5d196c8, 0x00000000d5d19800, 0x00000000d61a4000)
 Metaspace       used 37799K, capacity 38064K, committed 38400K, reserved 1083392K
  class space    used 5175K, capacity 5278K, committed 5376K, reserved 1048576K
Event: 7.184 GC heap after
Heap after GC invocations=100 (full 2):
 def new generation   total 5760K, used 385K [0x00000000c0000000, 0x00000000c0630000, 0x00000000d5550000)
  eden space 5184K,   0% used [0x00000000c0000000, 0x00000000c0000000, 0x00000000c0510000)
  from space 576K,  66% used [0x00000000c0510000, 0x00000000c05706a8, 0x00000000c05a0000)
  to   space 576K,   0% used [0x00000000c05a0000, 0x00000000c05a0000, 0x00000000c0630000)
 tenured generation   total 12624K, used 8078K [0x00000000d5550000, 0x00000000d61a4000, 0x0000000100000000)
   the space 12624K,  63% used [0x00000000d5550000, 0x00000000d5d338d0, 0x00000000d5d33a00, 0x00000000d61a4000)
 Metaspace       used 37799K, capacity 38064K, committed 38400K, reserved 1083392K
  class space    used 5175K, capacity 5278K, committed 5376K, reserved 1048576K
}
Event: 7.246 GC heap before
{Heap before GC invocations=100 (full 2):
 def new generation   total 5760K, used 5569K [0x00000000c0000000, 0x00000000c0630000, 0x00000000d5550000)
  eden space 5184K, 100% used [0x00000000c0000000, 0x00000000c0510000, 0x00000000c0510000)
  from space 576K,  66% used [0x00000000c0510000, 0x00000000c05706a8, 0x00000000c05a0000)
  to   space 576K,   0% used [0x00000000c05a0000, 0x00000000c05a0000, 0x00000000c0630000)
 tenured generation   total 12624K, used 8078K [0x00000000d5550000, 0x00000000d61a4000, 0x0000000100000000)
   the space 12624K,  63% used [0x00000000d5550000, 0x00000000d5d338d0, 0x00000000d5d33a00, 0x00000000d61a4000)
 Metaspace       used 38110K, capacity 38454K, committed 38912K, reserved 1083392K
  class space    used 5223K, capacity 5343K, committed 5376K, reserved 1048576K
Event: 7.250 GC heap after
Heap after GC invocations=101 (full 2):
 def new generation   total 5760K, used 333K [0x00000000c0000000, 0x00000000c0630000, 0x00000000d5550000)
  eden space 5184K,   0% used [0x00000000c0000000, 0x00000000c0000000, 0x00000000c0510000)
  from space 576K,  57% used [0x00000000c05a0000, 0x00000000c05f3608, 0x00000000c0630000)
  to   space 576K,   0% used [0x00000000c0510000, 0x00000000c0510000, 0x00000000c05a0000)
 tenured generation   total 12624K, used 8159K [0x00000000d5550000, 0x00000000d61a4000, 0x0000000100000000)
   the space 12624K,  64% used [0x00000000d5550000, 0x00000000d5d47d10, 0x00000000d5d47e00, 0x00000000d61a4000)
 Metaspace       used 38110K, capacity 38454K, committed 38912K, reserved 1083392K
  class space    used 5223K, capacity 5343K, committed 5376K, reserved 1048576K
}
Event: 7.292 GC heap before
{Heap before GC invocations=101 (full 2):
 def new generation   total 5760K, used 5517K [0x00000000c0000000, 0x00000000c0630000, 0x00000000d5550000)
  eden space 5184K, 100% used [0x00000000c0000000, 0x00000000c0510000, 0x00000000c0510000)
  from space 576K,  57% used [0x00000000c05a0000, 0x00000000c05f3608, 0x00000000c0630000)
  to   space 576K,   0% used [0x00000000c0510000, 0x00000000c0510000, 0x00000000c05a0000)
 tenured generation   total 12624K, used 8159K [0x00000000d5550000, 0x00000000d61a4000, 0x0000000100000000)
   the space 12624K,  64% used [0x00000000d5550000, 0x00000000d5d47d10, 0x00000000d5d47e00, 0x00000000d61a4000)
 Metaspace       used 38348K, capacity 38678K, committed 38912K, reserved 1083392K
  class space    used 5269K, capacity 5375K, committed 5376K, reserved 1048576K
Event: 7.294 GC heap after
Heap after GC invocations=102 (full 2):
 def new generation   total 5760K, used 274K [0x00000000c0000000, 0x00000000c0630000, 0x00000000d5550000)
  eden space 5184K,   0% used [0x00000000c0000000, 0x00000000c0000000, 0x00000000c0510000)
  from space 576K,  47% used [0x00000000c0510000, 0x00000000c0554a88, 0x00000000c05a0000)
  to   space 576K,   0% used [0x00000000c05a0000, 0x00000000c05a0000, 0x00000000c0630000)
 tenured generation   total 12624K, used 8241K [0x00000000d5550000, 0x00000000d61a4000, 0x0000000100000000)
   the space 12624K,  65% used [0x00000000d5550000, 0x00000000d5d5c568, 0x00000000d5d5c600, 0x00000000d61a4000)
 Metaspace       used 38348K, capacity 38678K, committed 38912K, reserved 1083392K
  class space    used 5269K, capacity 5375K, committed 5376K, reserved 1048576K
}
Event: 7.332 GC heap before
{Heap before GC invocations=102 (full 2):
 def new generation   total 5760K, used 5458K [0x00000000c0000000, 0x00000000c0630000, 0x00000000d5550000)
  eden space 5184K, 100% used [0x00000000c0000000, 0x00000000c0510000, 0x00000000c0510000)
  from space 576K,  47% used [0x00000000c0510000, 0x00000000c0554a88, 0x00000000c05a0000)
  to   space 576K,   0% used [0x00000000c05a0000, 0x00000000c05a0000, 0x00000000c0630000)
 tenured generation   total 12624K, used 8241K [0x00000000d5550000, 0x00000000d61a4000, 0x0000000100000000)
   the space 12624K,  65% used [0x00000000d5550000, 0x00000000d5d5c568, 0x00000000d5d5c600, 0x00000000d61a4000)
 Metaspace       used 38688K, capacity 39062K, committed 39552K, reserved 1083392K
  class space    used 5319K, capacity 5439K, committed 5504K, reserved 1048576K
Event: 7.335 GC heap after
Heap after GC invocations=103 (full 2):
 def new generation   total 5760K, used 460K [0x00000000c0000000, 0x00000000c0630000, 0x00000000d5550000)
  eden space 5184K,   0% used [0x00000000c0000000, 0x00000000c0000000, 0x00000000c0510000)
  from space 576K,  79% used [0x00000000c05a0000, 0x00000000c06132d0, 0x00000000c0630000)
  to   space 576K,   0% used [0x00000000c0510000, 0x00000000c0510000, 0x00000000c05a0000)
 tenured generation   total 12624K, used 8241K [0x00000000d5550000, 0x00000000d61a4000, 0x0000000100000000)
   the space 12624K,  65% used [0x00000000d5550000, 0x00000000d5d5c568, 0x00000000d5d5c600, 0x00000000d61a4000)
 Metaspace       used 38688K, capacity 39062K, committed 39552K, reserved 1083392K
  class space    used 5319K, capacity 5439K, committed 5504K, reserved 1048576K
}
Event: 7.380 GC heap before
{Heap before GC invocations=103 (full 2):
 def new generation   total 5760K, used 5644K [0x00000000c0000000, 0x00000000c0630000, 0x00000000d5550000)
  eden space 5184K, 100% used [0x00000000c0000000, 0x00000000c0510000, 0x00000000c0510000)
  from space 576K,  79% used [0x00000000c05a0000, 0x00000000c06132d0, 0x00000000c0630000)
  to   space 576K,   0% used [0x00000000c0510000, 0x00000000c0510000, 0x00000000c05a0000)
 tenured generation   total 12624K, used 8241K [0x00000000d5550000, 0x00000000d61a4000, 0x0000000100000000)
   the space 12624K,  65% used [0x00000000d5550000, 0x00000000d5d5c568, 0x00000000d5d5c600, 0x00000000d61a4000)
 Metaspace       used 38831K, capacity 39126K, committed 39552K, reserved 1083392K
  class space    used 5340K, capacity 5439K, committed 5504K, reserved 1048576K
Event: 7.382 GC heap after
Heap after GC invocations=104 (full 2):
 def new generation   total 5760K, used 193K [0x00000000c0000000, 0x00000000c0630000, 0x00000000d5550000)
  eden space 5184K,   0% used [0x00000000c0000000, 0x00000000c0000000, 0x00000000c0510000)
  from space 576K,  33% used [0x00000000c0510000, 0x00000000c0540538, 0x00000000c05a0000)
  to   space 576K,   0% used [0x00000000c05a0000, 0x00000000c05a0000, 0x00000000c0630000)
 tenured generation   total 12624K, used 8322K [0x00000000d5550000, 0x00000000d61a4000, 0x0000000100000000)
   the space 12624K,  65% used [0x00000000d5550000, 0x00000000d5d70ad0, 0x00000000d5d70c00, 0x00000000d61a4000)
 Metaspace       used 38831K, capacity 39126K, committed 39552K, reserved 1083392K
  class space    used 5340K, capacity 5439K, committed 5504K, reserved 1048576K
}
Event: 7.429 GC heap before
{Heap before GC invocations=104 (full 2):
 def new generation   total 5760K, used 5377K [0x00000000c0000000, 0x00000000c0630000, 0x00000000d5550000)
  eden space 5184K, 100% used [0x00000000c0000000, 0x00000000c0510000, 0x00000000c0510000)
  from space 576K,  33% used [0x00000000c0510000, 0x00000000c0540538, 0x00000000c05a0000)
  to   space 576K,   0% used [0x00000000c05a0000, 0x00000000c05a0000, 0x00000000c0630000)
 tenured generation   total 12624K, used 8322K [0x00000000d5550000, 0x00000000d61a4000, 0x0000000100000000)
   the space 12624K,  65% used [0x00000000d5550000, 0x00000000d5d70ad0, 0x00000000d5d70c00, 0x00000000d61a4000)
 Metaspace       used 39089K, capacity 39436K, committed 39808K, reserved 1083392K
  class space    used 5384K, capacity 5476K, committed 5504K, reserved 1048576K
Event: 7.431 GC heap after
Heap after GC invocations=105 (full 2):
 def new generation   total 5760K, used 331K [0x00000000c0000000, 0x00000000c0630000, 0x00000000d5550000)
  eden space 5184K,   0% used [0x00000000c0000000, 0x00000000c0000000, 0x00000000c0510000)
  from space 576K,  57% used [0x00000000c05a0000, 0x00000000c05f2cb8, 0x00000000c0630000)
  to   space 576K,   0% used [0x00000000c0510000, 0x00000000c0510000, 0x00000000c05a0000)
 tenured generation   total 12624K, used 8322K [0x00000000d5550000, 0x00000000d61a4000, 0x0000000100000000)
   the space 12624K,  65% used [0x00000000d5550000, 0x00000000d5d70ad0, 0x00000000d5d70c00, 0x00000000d61a4000)
 Metaspace       used 39089K, capacity 39436K, committed 39808K, reserved 1083392K
  class space    used 5384K, capacity 5476K, committed 5504K, reserved 1048576K
}
Event: 7.461 GC heap before
{Heap before GC invocations=105 (full 2):
 def new generation   total 5760K, used 5515K [0x00000000c0000000, 0x00000000c0630000, 0x00000000d5550000)
  eden space 5184K, 100% used [0x00000000c0000000, 0x00000000c0510000, 0x00000000c0510000)
  from space 576K,  57% used [0x00000000c05a0000, 0x00000000c05f2cb8, 0x00000000c0630000)
  to   space 576K,   0% used [0x00000000c0510000, 0x00000000c0510000, 0x00000000c05a0000)
 tenured generation   total 12624K, used 8322K [0x00000000d5550000, 0x00000000d61a4000, 0x0000000100000000)
   the space 12624K,  65% used [0x00000000d5550000, 0x00000000d5d70ad0, 0x00000000d5d70c00, 0x00000000d61a4000)
 Metaspace       used 39304K, capacity 39628K, committed 40192K, reserved 1083392K
  class space    used 5426K, capacity 5540K, committed 5632K, reserved 1048576K
Event: 7.464 GC heap after
Heap after GC invocations=106 (full 2):
 def new generation   total 5760K, used 395K [0x00000000c0000000, 0x00000000c0630000, 0x00000000d5550000)
  eden space 5184K,   0% used [0x00000000c0000000, 0x00000000c0000000, 0x00000000c0510000)
  from space 576K,  68% used [0x00000000c0510000, 0x00000000c0572f18, 0x00000000c05a0000)
  to   space 576K,   0% used [0x00000000c05a0000, 0x00000000c05a0000, 0x00000000c0630000)
 tenured generation   total 12624K, used 8389K [0x00000000d5550000, 0x00000000d61a4000, 0x0000000100000000)
   the space 12624K,  66% used [0x00000000d5550000, 0x00000000d5d815f8, 0x00000000d5d81600, 0x00000000d61a4000)
 Metaspace       used 39304K, capacity 39628K, committed 40192K, reserved 1083392K
  class space    used 5426K, capacity 5540K, committed 5632K, reserved 1048576K
}
Event: 7.490 GC heap before
{Heap before GC invocations=106 (full 2):
 def new generation   total 5760K, used 5562K [0x00000000c0000000, 0x00000000c0630000, 0x00000000d5550000)
  eden space 5184K,  99% used [0x00000000c0000000, 0x00000000c050bca8, 0x00000000c0510000)
  from space 576K,  68% used [0x00000000c0510000, 0x00000000c0572f18, 0x00000000c05a0000)
  to   space 576K,   0% used [0x00000000c05a0000, 0x00000000c05a0000, 0x00000000c0630000)
 tenured generation   total 12624K, used 8389K [0x00000000d5550000, 0x00000000d61a4000, 0x0000000100000000)
   the space 12624K,  66% used [0x00000000d5550000, 0x00000000d5d815f8, 0x00000000d5d81600, 0x00000000d61a4000)
 Metaspace       used 39566K, capacity 39916K, committed 40448K, reserved 1083392K
  class space    used 5460K, capacity 5572K, committed 5632K, reserved 1048576K
Event: 7.493 GC heap after
Heap after GC invocations=107 (full 2):
 def new generation   total 5760K, used 370K [0x00000000c0000000, 0x00000000c0630000, 0x00000000d5550000)
  eden space 5184K,   0% used [0x00000000c0000000, 0x00000000c0000000, 0x00000000c0510000)
  from space 576K,  64% used [0x00000000c05a0000, 0x00000000c05fc9f8, 0x00000000c0630000)
  to   space 576K,   0% used [0x00000000c0510000, 0x00000000c0510000, 0x00000000c05a0000)
 tenured generation   total 12624K, used 8507K [0x00000000d5550000, 0x00000000d61a4000, 0x0000000100000000)
   the space 12624K,  67% used [0x00000000d5550000, 0x00000000d5d9ee08, 0x00000000d5d9f000, 0x00000000d61a4000)
 Metaspace       used 39566K, capacity 39916K, committed 40448K, reserved 1083392K
  class space    used 5460K, capacity 5572K, committed 5632K, reserved 1048576K
}
Event: 7.518 GC heap before
{Heap before GC invocations=107 (full 2):
 def new generation   total 5760K, used 5554K [0x00000000c0000000, 0x00000000c0630000, 0x00000000d5550000)
  eden space 5184K, 100% used [0x00000000c0000000, 0x00000000c0510000, 0x00000000c0510000)
  from space 576K,  64% used [0x00000000c05a0000, 0x00000000c05fc9f8, 0x00000000c0630000)
  to   space 576K,   0% used [0x00000000c0510000, 0x00000000c0510000, 0x00000000c05a0000)
 tenured generation   total 12624K, used 8507K [0x00000000d5550000, 0x00000000d61a4000, 0x0000000100000000)
   the space 12624K,  67% used [0x00000000d5550000, 0x00000000d5d9ee08, 0x00000000d5d9f000, 0x00000000d61a4000)
 Metaspace       used 39921K, capacity 40268K, committed 40704K, reserved 1085440K
  class space    used 5511K, capacity 5604K, committed 5632K, reserved 1048576K
Event: 7.521 GC heap after
Heap after GC invocations=108 (full 2):
 def new generation   total 5760K, used 394K [0x00000000c0000000, 0x00000000c0630000, 0x00000000d5550000)
  eden space 5184K,   0% used [0x00000000c0000000, 0x00000000c0000000, 0x00000000c0510000)
  from space 576K,  68% used [0x00000000c0510000, 0x00000000c0572b38, 0x00000000c05a0000)
  to   space 576K,   0% used [0x00000000c05a0000, 0x00000000c05a0000, 0x00000000c0630000)
 tenured generation   total 12624K, used 8586K [0x00000000d5550000, 0x00000000d61a4000, 0x0000000100000000)
   the space 12624K,  68% used [0x00000000d5550000, 0x00000000d5db2af0, 0x00000000d5db2c00, 0x00000000d61a4000)
 Metaspace       used 39921K, capacity 40268K, committed 40704K, reserved 1085440K
  class space    used 5511K, capacity 5604K, committed 5632K, reserved 1048576K
}
Event: 9.292 GC heap before
{Heap before GC invocations=108 (full 2):
 def new generation   total 5760K, used 5578K [0x00000000c0000000, 0x00000000c0630000, 0x00000000d5550000)
  eden space 5184K, 100% used [0x00000000c0000000, 0x00000000c0510000, 0x00000000c0510000)
  from space 576K,  68% used [0x00000000c0510000, 0x00000000c0572b38, 0x00000000c05a0000)
  to   space 576K,   0% used [0x00000000c05a0000, 0x00000000c05a0000, 0x00000000c0630000)
 tenured generation   total 12624K, used 8586K [0x00000000d5550000, 0x00000000d61a4000, 0x0000000100000000)
   the space 12624K,  68% used [0x00000000d5550000, 0x00000000d5db2af0, 0x00000000d5db2c00, 0x00000000d61a4000)
 Metaspace       used 40148K, capacity 40428K, committed 40832K, reserved 1085440K
  class space    used 5546K, capacity 5636K, committed 5760K, reserved 1048576K
Event: 9.296 GC heap after
Heap after GC invocations=109 (full 2):
 def new generation   total 5760K, used 317K [0x00000000c0000000, 0x00000000c0630000, 0x00000000d5550000)
  eden space 5184K,   0% used [0x00000000c0000000, 0x00000000c0000000, 0x00000000c0510000)
  from space 576K,  55% used [0x00000000c05a0000, 0x00000000c05ef6e8, 0x00000000c0630000)
  to   space 576K,   0% used [0x00000000c0510000, 0x00000000c0510000, 0x00000000c05a0000)
 tenured generation   total 12624K, used 8674K [0x00000000d5550000, 0x00000000d61a4000, 0x0000000100000000)
   the space 12624K,  68% used [0x00000000d5550000, 0x00000000d5dc88f0, 0x00000000d5dc8a00, 0x00000000d61a4000)
 Metaspace       used 40148K, capacity 40428K, committed 40832K, reserved 1085440K
  class space    used 5546K, capacity 5636K, committed 5760K, reserved 1048576K
}
Event: 9.357 GC heap before
{Heap before GC invocations=109 (full 2):
 def new generation   total 5760K, used 5501K [0x00000000c0000000, 0x00000000c0630000, 0x00000000d5550000)
  eden space 5184K, 100% used [0x00000000c0000000, 0x00000000c0510000, 0x00000000c0510000)
  from space 576K,  55% used [0x00000000c05a0000, 0x00000000c05ef6e8, 0x00000000c0630000)
  to   space 576K,   0% used [0x00000000c0510000, 0x00000000c0510000, 0x00000000c05a0000)
 tenured generation   total 12624K, used 8674K [0x00000000d5550000, 0x00000000d61a4000, 0x0000000100000000)
   the space 12624K,  68% used [0x00000000d5550000, 0x00000000d5dc88f0, 0x00000000d5dc8a00, 0x00000000d61a4000)
 Metaspace       used 40437K, capacity 40652K, committed 41088K, reserved 1085440K
  class space    used 5596K, capacity 5668K, committed 5760K, reserved 1048576K
Event: 9.360 GC heap after
Heap after GC invocations=110 (full 2):
 def new generation   total 5760K, used 305K [0x00000000c0000000, 0x00000000c0630000, 0x00000000d5550000)
  eden space 5184K,   0% used [0x00000000c0000000, 0x00000000c0000000, 0x00000000c0510000)
  from space 576K,  53% used [0x00000000c0510000, 0x00000000c055c6e8, 0x00000000c05a0000)
  to   space 576K,   0% used [0x00000000c05a0000, 0x00000000c05a0000, 0x00000000c0630000)
 tenured generation   total 12624K, used 8799K [0x00000000d5550000, 0x00000000d61a4000, 0x0000000100000000)
   the space 12624K,  69% used [0x00000000d5550000, 0x00000000d5de7da8, 0x00000000d5de7e00, 0x00000000d61a4000)
 Metaspace       used 40437K, capacity 40652K, committed 41088K, reserved 1085440K
  class space    used 5596K, capacity 5668K, committed 5760K, reserved 1048576K
}
Event: 9.476 GC heap before
{Heap before GC invocations=110 (full 2):
 def new generation   total 5760K, used 5489K [0x00000000c0000000, 0x00000000c0630000, 0x00000000d5550000)
  eden space 5184K, 100% used [0x00000000c0000000, 0x00000000c0510000, 0x00000000c0510000)
  from space 576K,  53% used [0x00000000c0510000, 0x00000000c055c6e8, 0x00000000c05a0000)
  to   space 576K,   0% used [0x00000000c05a0000, 0x00000000c05a0000, 0x00000000c0630000)
 tenured generation   total 12624K, used 8799K [0x00000000d5550000, 0x00000000d61a4000, 0x0000000100000000)
   the space 12624K,  69% used [0x00000000d5550000, 0x00000000d5de7da8, 0x00000000d5de7e00, 0x00000000d61a4000)
 Metaspace       used 40783K, capacity 41010K, committed 41600K, reserved 1085440K
  class space    used 5633K, capacity 5701K, committed 5760K, reserved 1048576K
Event: 9.479 GC heap after
Heap after GC invocations=111 (full 2):
 def new generation   total 5760K, used 573K [0x00000000c0000000, 0x00000000c0630000, 0x00000000d5550000)
  eden space 5184K,   0% used [0x00000000c0000000, 0x00000000c0000000, 0x00000000c0510000)
  from space 576K,  99% used [0x00000000c05a0000, 0x00000000c062f6c0, 0x00000000c0630000)
  to   space 576K,   0% used [0x00000000c0510000, 0x00000000c0510000, 0x00000000c05a0000)
 tenured generation   total 12624K, used 8891K [0x00000000d5550000, 0x00000000d61a4000, 0x0000000100000000)
   the space 12624K,  70% used [0x00000000d5550000, 0x00000000d5dfef68, 0x00000000d5dff000, 0x00000000d61a4000)
 Metaspace       used 40783K, capacity 41010K, committed 41600K, reserved 1085440K
  class space    used 5633K, capacity 5701K, committed 5760K, reserved 1048576K
}
Event: 9.553 GC heap before
{Heap before GC invocations=111 (full 2):
 def new generation   total 5760K, used 5757K [0x00000000c0000000, 0x00000000c0630000, 0x00000000d5550000)
  eden space 5184K, 100% used [0x00000000c0000000, 0x00000000c0510000, 0x00000000c0510000)
  from space 576K,  99% used [0x00000000c05a0000, 0x00000000c062f6c0, 0x00000000c0630000)
  to   space 576K,   0% used [0x00000000c0510000, 0x00000000c0510000, 0x00000000c05a0000)
 tenured generation   total 12624K, used 8891K [0x00000000d5550000, 0x00000000d61a4000, 0x0000000100000000)
   the space 12624K,  70% used [0x00000000d5550000, 0x00000000d5dfef68, 0x00000000d5dff000, 0x00000000d61a4000)
 Metaspace       used 41016K, capacity 41234K, committed 41600K, reserved 1085440K
  class space    used 5668K, capacity 5733K, committed 5760K, reserved 1048576K
Event: 9.557 GC heap after
Heap after GC invocations=112 (full 2):
 def new generation   total 5760K, used 259K [0x00000000c0000000, 0x00000000c0630000, 0x00000000d5550000)
  eden space 5184K,   0% used [0x00000000c0000000, 0x00000000c0000000, 0x00000000c0510000)
  from space 576K,  45% used [0x00000000c0510000, 0x00000000c0550d20, 0x00000000c05a0000)
  to   space 576K,   0% used [0x00000000c05a0000, 0x00000000c05a0000, 0x00000000c0630000)
 tenured generation   total 12624K, used 9245K [0x00000000d5550000, 0x00000000d61a4000, 0x0000000100000000)
   the space 12624K,  73% used [0x00000000d5550000, 0x00000000d5e576c8, 0x00000000d5e57800, 0x00000000d61a4000)
 Metaspace       used 41016K, capacity 41234K, committed 41600K, reserved 1085440K
  class space    used 5668K, capacity 5733K, committed 5760K, reserved 1048576K
}
Event: 9.660 GC heap before
{Heap before GC invocations=112 (full 2):
 def new generation   total 5760K, used 5443K [0x00000000c0000000, 0x00000000c0630000, 0x00000000d5550000)
  eden space 5184K, 100% used [0x00000000c0000000, 0x00000000c0510000, 0x00000000c0510000)
  from space 576K,  45% used [0x00000000c0510000, 0x00000000c0550d20, 0x00000000c05a0000)
  to   space 576K,   0% used [0x00000000c05a0000, 0x00000000c05a0000, 0x00000000c0630000)
 tenured generation   total 12624K, used 9245K [0x00000000d5550000, 0x00000000d61a4000, 0x0000000100000000)
   the space 12624K,  73% used [0x00000000d5550000, 0x00000000d5e576c8, 0x00000000d5e57800, 0x00000000d61a4000)
 Metaspace       used 41248K, capacity 41608K, committed 41984K, reserved 1085440K
  class space    used 5703K, capacity 5854K, committed 5888K, reserved 1048576K
Event: 9.663 GC heap after
Heap after GC invocations=113 (full 2):
 def new generation   total 5760K, used 563K [0x00000000c0000000, 0x00000000c0630000, 0x00000000d5550000)
  eden space 5184K,   0% used [0x00000000c0000000, 0x00000000c0000000, 0x00000000c0510000)
  from space 576K,  97% used [0x00000000c05a0000, 0x00000000c062cdc8, 0x00000000c0630000)
  to   space 576K,   0% used [0x00000000c0510000, 0x00000000c0510000, 0x00000000c05a0000)
 tenured generation   total 12624K, used 9245K [0x00000000d5550000, 0x00000000d61a4000, 0x0000000100000000)
   the space 12624K,  73% used [0x00000000d5550000, 0x00000000d5e576c8, 0x00000000d5e57800, 0x00000000d61a4000)
 Metaspace       used 41248K, capacity 41608K, committed 41984K, reserved 1085440K
  class space    used 5703K, capacity 5854K, committed 5888K, reserved 1048576K
}
Event: 9.735 GC heap before
{Heap before GC invocations=113 (full 2):
 def new generation   total 5760K, used 5747K [0x00000000c0000000, 0x00000000c0630000, 0x00000000d5550000)
  eden space 5184K, 100% used [0x00000000c0000000, 0x00000000c0510000, 0x00000000c0510000)
  from space 576K,  97% used [0x00000000c05a0000, 0x00000000c062cdc8, 0x00000000c0630000)
  to   space 576K,   0% used [0x00000000c0510000, 0x00000000c0510000, 0x00000000c05a0000)
 tenured generation   total 12624K, used 9245K [0x00000000d5550000, 0x00000000d61a4000, 0x0000000100000000)
   the space 12624K,  73% used [0x00000000d5550000, 0x00000000d5e576c8, 0x00000000d5e57800, 0x00000000d61a4000)
 Metaspace       used 41516K, capacity 41898K, committed 42368K, reserved 1085440K
  class space    used 5747K, capacity 5897K, committed 6016K, reserved 1048576K
Event: 9.739 GC heap after
Heap after GC invocations=114 (full 2):
 def new generation   total 5760K, used 319K [0x00000000c0000000, 0x00000000c0630000, 0x00000000d5550000)
  eden space 5184K,   0% used [0x00000000c0000000, 0x00000000c0000000, 0x00000000c0510000)
  from space 576K,  55% used [0x00000000c0510000, 0x00000000c055fc10, 0x00000000c05a0000)
  to   space 576K,   0% used [0x00000000c05a0000, 0x00000000c05a0000, 0x00000000c0630000)
 tenured generation   total 12624K, used 9670K [0x00000000d5550000, 0x00000000d61a4000, 0x0000000100000000)
   the space 12624K,  76% used [0x00000000d5550000, 0x00000000d5ec1a18, 0x00000000d5ec1c00, 0x00000000d61a4000)
 Metaspace       used 41516K, capacity 41898K, committed 42368K, reserved 1085440K
  class space    used 5747K, capacity 5897K, committed 6016K, reserved 1048576K
}
Event: 9.784 GC heap before
{Heap before GC invocations=114 (full 2):
 def new generation   total 5760K, used 5503K [0x00000000c0000000, 0x00000000c0630000, 0x00000000d5550000)
  eden space 5184K, 100% used [0x00000000c0000000, 0x00000000c0510000, 0x00000000c0510000)
  from space 576K,  55% used [0x00000000c0510000, 0x00000000c055fc10, 0x00000000c05a0000)
  to   space 576K,   0% used [0x00000000c05a0000, 0x00000000c05a0000, 0x00000000c0630000)
 tenured generation   total 12624K, used 9670K [0x00000000d5550000, 0x00000000d61a4000, 0x0000000100000000)
   the space 12624K,  76% used [0x00000000d5550000, 0x00000000d5ec1a18, 0x00000000d5ec1c00, 0x00000000d61a4000)
 Metaspace       used 41769K, capacity 42122K, committed 42368K, reserved 1085440K
  class space    used 5791K, capacity 5929K, committed 6016K, reserved 1048576K
Event: 9.787 GC heap after
Heap after GC invocations=115 (full 2):
 def new generation   total 5760K, used 279K [0x00000000c0000000, 0x00000000c0630000, 0x00000000d5550000)
  eden space 5184K,   0% used [0x00000000c0000000, 0x00000000c0000000, 0x00000000c0510000)
  from space 576K,  48% used [0x00000000c05a0000, 0x00000000c05e5fc0, 0x00000000c0630000)
  to   space 576K,   0% used [0x00000000c0510000, 0x00000000c0510000, 0x00000000c05a0000)
 tenured generation   total 12624K, used 9795K [0x00000000d5550000, 0x00000000d61a4000, 0x0000000100000000)
   the space 12624K,  77% used [0x00000000d5550000, 0x00000000d5ee0f38, 0x00000000d5ee1000, 0x00000000d61a4000)
 Metaspace       used 41769K, capacity 42122K, committed 42368K, reserved 1085440K
  class space    used 5791K, capacity 5929K, committed 6016K, reserved 1048576K
}
Event: 9.830 GC heap before
{Heap before GC invocations=115 (full 2):
 def new generation   total 5760K, used 5463K [0x00000000c0000000, 0x00000000c0630000, 0x00000000d5550000)
  eden space 5184K, 100% used [0x00000000c0000000, 0x00000000c0510000, 0x00000000c0510000)
  from space 576K,  48% used [0x00000000c05a0000, 0x00000000c05e5fc0, 0x00000000c0630000)
  to   space 576K,   0% used [0x00000000c0510000, 0x00000000c0510000, 0x00000000c05a0000)
 tenured generation   total 12624K, used 9795K [0x00000000d5550000, 0x00000000d61a4000, 0x0000000100000000)
   the space 12624K,  77% used [0x00000000d5550000, 0x00000000d5ee0f38, 0x00000000d5ee1000, 0x00000000d61a4000)
 Metaspace       used 41998K, capacity 42358K, committed 42624K, reserved 1085440K
  class space    used 5831K, capacity 5963K, committed 6016K, reserved 1048576K
Event: 9.833 GC heap after
Heap after GC invocations=116 (full 2):
 def new generation   total 5760K, used 311K [0x00000000c0000000, 0x00000000c0630000, 0x00000000d5550000)
  eden space 5184K,   0% used [0x00000000c0000000, 0x00000000c0000000, 0x00000000c0510000)
  from space 576K,  54% used [0x00000000c0510000, 0x00000000c055dfa8, 0x00000000c05a0000)
  to   space 576K,   0% used [0x00000000c05a0000, 0x00000000c05a0000, 0x00000000c0630000)
 tenured generation   total 12624K, used 9795K [0x00000000d5550000, 0x00000000d61a4000, 0x0000000100000000)
   the space 12624K,  77% used [0x00000000d5550000, 0x00000000d5ee0f38, 0x00000000d5ee1000, 0x00000000d61a4000)
 Metaspace       used 41998K, capacity 42358K, committed 42624K, reserved 1085440K
  class space    used 5831K, capacity 5963K, committed 6016K, reserved 1048576K
}
Event: 9.862 GC heap before
{Heap before GC invocations=116 (full 2):
 def new generation   total 5760K, used 5495K [0x00000000c0000000, 0x00000000c0630000, 0x00000000d5550000)
  eden space 5184K, 100% used [0x00000000c0000000, 0x00000000c0510000, 0x00000000c0510000)
  from space 576K,  54% used [0x00000000c0510000, 0x00000000c055dfa8, 0x00000000c05a0000)
  to   space 576K,   0% used [0x00000000c05a0000, 0x00000000c05a0000, 0x00000000c0630000)
 tenured generation   total 12624K, used 9795K [0x00000000d5550000, 0x00000000d61a4000, 0x0000000100000000)
   the space 12624K,  77% used [0x00000000d5550000, 0x00000000d5ee0f38, 0x00000000d5ee1000, 0x00000000d61a4000)
 Metaspace       used 42226K, capacity 42614K, committed 43008K, reserved 1085440K
  class space    used 5871K, capacity 6027K, committed 6144K, reserved 1048576K
Event: 9.865 GC heap after
Heap after GC invocations=117 (full 2):
 def new generation   total 5760K, used 269K [0x00000000c0000000, 0x00000000c0630000, 0x00000000d5550000)
  eden space 5184K,   0% used [0x00000000c0000000, 0x00000000c0000000, 0x00000000c0510000)
  from space 576K,  46% used [0x00000000c05a0000, 0x00000000c05e34f0, 0x00000000c0630000)
  to   space 576K,   0% used [0x00000000c0510000, 0x00000000c0510000, 0x00000000c05a0000)
 tenured generation   total 12624K, used 9871K [0x00000000d5550000, 0x00000000d61a4000, 0x0000000100000000)
   the space 12624K,  78% used [0x00000000d5550000, 0x00000000d5ef3f80, 0x00000000d5ef4000, 0x00000000d61a4000)
 Metaspace       used 42226K, capacity 42614K, committed 43008K, reserved 1085440K
  class space    used 5871K, capacity 6027K, committed 6144K, reserved 1048576K
}
Event: 9.941 GC heap before
{Heap before GC invocations=117 (full 2):
 def new generation   total 5760K, used 5453K [0x00000000c0000000, 0x00000000c0630000, 0x00000000d5550000)
  eden space 5184K, 100% used [0x00000000c0000000, 0x00000000c0510000, 0x00000000c0510000)
  from space 576K,  46% used [0x00000000c05a0000, 0x00000000c05e34f0, 0x00000000c0630000)
  to   space 576K,   0% used [0x00000000c0510000, 0x00000000c0510000, 0x00000000c05a0000)
 tenured generation   total 12624K, used 9871K [0x00000000d5550000, 0x00000000d61a4000, 0x0000000100000000)
   the space 12624K,  78% used [0x00000000d5550000, 0x00000000d5ef3f80, 0x00000000d5ef4000, 0x00000000d61a4000)
 Metaspace       used 42607K, capacity 43056K, committed 43264K, reserved 1087488K
  class space    used 5937K, capacity 6065K, committed 6144K, reserved 1048576K
Event: 9.944 GC heap after
Heap after GC invocations=118 (full 2):
 def new generation   total 5760K, used 367K [0x00000000c0000000, 0x00000000c0630000, 0x00000000d5550000)
  eden space 5184K,   0% used [0x00000000c0000000, 0x00000000c0000000, 0x00000000c0510000)
  from space 576K,  63% used [0x00000000c0510000, 0x00000000c056bf40, 0x00000000c05a0000)
  to   space 576K,   0% used [0x00000000c05a0000, 0x00000000c05a0000, 0x00000000c0630000)
 tenured generation   total 12624K, used 9871K [0x00000000d5550000, 0x00000000d61a4000, 0x0000000100000000)
   the space 12624K,  78% used [0x00000000d5550000, 0x00000000d5ef3f80, 0x00000000d5ef4000, 0x00000000d61a4000)
 Metaspace       used 42607K, capacity 43056K, committed 43264K, reserved 1087488K
  class space    used 5937K, capacity 6065K, committed 6144K, reserved 1048576K
}
Event: 9.963 GC heap before
{Heap before GC invocations=118 (full 2):
 def new generation   total 5760K, used 1598K [0x00000000c0000000, 0x00000000c0630000, 0x00000000d5550000)
  eden space 5184K,  23% used [0x00000000c0000000, 0x00000000c01338e0, 0x00000000c0510000)
  from space 576K,  63% used [0x00000000c0510000, 0x00000000c056bf40, 0x00000000c05a0000)
  to   space 576K,   0% used [0x00000000c05a0000, 0x00000000c05a0000, 0x00000000c0630000)
 tenured generation   total 12624K, used 9871K [0x00000000d5550000, 0x00000000d61a4000, 0x0000000100000000)
   the space 12624K,  78% used [0x00000000d5550000, 0x00000000d5ef3f80, 0x00000000d5ef4000, 0x00000000d61a4000)
 Metaspace       used 42654K, capacity 43056K, committed 43264K, reserved 1087488K
  class space    used 5948K, capacity 6065K, committed 6144K, reserved 1048576K
Event: 9.967 GC heap after
Heap after GC invocations=119 (full 2):
 def new generation   total 5760K, used 105K [0x00000000c0000000, 0x00000000c0630000, 0x00000000d5550000)
  eden space 5184K,   0% used [0x00000000c0000000, 0x00000000c0000000, 0x00000000c0510000)
  from space 576K,  18% used [0x00000000c05a0000, 0x00000000c05ba720, 0x00000000c0630000)
  to   space 576K,   0% used [0x00000000c0510000, 0x00000000c0510000, 0x00000000c05a0000)
 tenured generation   total 12624K, used 10237K [0x00000000d5550000, 0x00000000d61a4000, 0x0000000100000000)
   the space 12624K,  81% used [0x00000000d5550000, 0x00000000d5f4f6c0, 0x00000000d5f4f800, 0x00000000d61a4000)
 Metaspace       used 42654K, capacity 43056K, committed 43264K, reserved 1087488K
  class space    used 5948K, capacity 6065K, committed 6144K, reserved 1048576K
}
Event: 9.973 GC heap before
{Heap before GC invocations=119 (full 2):
 def new generation   total 5760K, used 5289K [0x00000000c0000000, 0x00000000c0630000, 0x00000000d5550000)
  eden space 5184K, 100% used [0x00000000c0000000, 0x00000000c0510000, 0x00000000c0510000)
  from space 576K,  18% used [0x00000000c05a0000, 0x00000000c05ba720, 0x00000000c0630000)
  to   space 576K,   0% used [0x00000000c0510000, 0x00000000c0510000, 0x00000000c05a0000)
 tenured generation   total 12624K, used 10237K [0x00000000d5550000, 0x00000000d61a4000, 0x0000000100000000)
   the space 12624K,  81% used [0x00000000d5550000, 0x00000000d5f4f6c0, 0x00000000d5f4f800, 0x00000000d61a4000)
 Metaspace       used 42690K, capacity 43088K, committed 43264K, reserved 1087488K
  class space    used 5956K, capacity 6097K, committed 6144K, reserved 1048576K
Event: 10.035 GC heap after
Heap after GC invocations=120 (full 3):
 def new generation   total 10688K, used 0K [0x00000000c0000000, 0x00000000c0b90000, 0x00000000d5550000)
  eden space 9536K,   0% used [0x00000000c0000000, 0x00000000c0000000, 0x00000000c0950000)
  from space 1152K,   0% used [0x00000000c0950000, 0x00000000c0950000, 0x00000000c0a70000)
  to   space 1152K,   0% used [0x00000000c0a70000, 0x00000000c0a70000, 0x00000000c0b90000)
 tenured generation   total 23636K, used 14181K [0x00000000d5550000, 0x00000000d6c65000, 0x0000000100000000)
   the space 23636K,  59% used [0x00000000d5550000, 0x00000000d6329500, 0x00000000d6329600, 0x00000000d6c65000)
 Metaspace       used 42686K, capacity 43082K, committed 43264K, reserved 1087488K
  class space    used 5955K, capacity 6096K, committed 6144K, reserved 1048576K
}
Event: 10.131 GC heap before
{Heap before GC invocations=120 (full 3):
 def new generation   total 10688K, used 9536K [0x00000000c0000000, 0x00000000c0b90000, 0x00000000d5550000)
  eden space 9536K, 100% used [0x00000000c0000000, 0x00000000c0950000, 0x00000000c0950000)
  from space 1152K,   0% used [0x00000000c0950000, 0x00000000c0950000, 0x00000000c0a70000)
  to   space 1152K,   0% used [0x00000000c0a70000, 0x00000000c0a70000, 0x00000000c0b90000)
 tenured generation   total 23636K, used 14181K [0x00000000d5550000, 0x00000000d6c65000, 0x0000000100000000)
   the space 23636K,  59% used [0x00000000d5550000, 0x00000000d6329500, 0x00000000d6329600, 0x00000000d6c65000)
 Metaspace       used 43179K, capacity 43572K, committed 43904K, reserved 1087488K
  class space    used 6046K, capacity 6167K, committed 6272K, reserved 1048576K
Event: 10.135 GC heap after
Heap after GC invocations=121 (full 3):
 def new generation   total 10688K, used 696K [0x00000000c0000000, 0x00000000c0b90000, 0x00000000d5550000)
  eden space 9536K,   0% used [0x00000000c0000000, 0x00000000c0000000, 0x00000000c0950000)
  from space 1152K,  60% used [0x00000000c0a70000, 0x00000000c0b1e070, 0x00000000c0b90000)
  to   space 1152K,   0% used [0x00000000c0950000, 0x00000000c0950000, 0x00000000c0a70000)
 tenured generation   total 23636K, used 14181K [0x00000000d5550000, 0x00000000d6c65000, 0x0000000100000000)
   the space 23636K,  59% used [0x00000000d5550000, 0x00000000d6329500, 0x00000000d6329600, 0x00000000d6c65000)
 Metaspace       used 43179K, capacity 43572K, committed 43904K, reserved 1087488K
  class space    used 6046K, capacity 6167K, committed 6272K, reserved 1048576K
}
Event: 10.237 GC heap before
{Heap before GC invocations=121 (full 3):
 def new generation   total 10688K, used 10232K [0x00000000c0000000, 0x00000000c0b90000, 0x00000000d5550000)
  eden space 9536K, 100% used [0x00000000c0000000, 0x00000000c0950000, 0x00000000c0950000)
  from space 1152K,  60% used [0x00000000c0a70000, 0x00000000c0b1e070, 0x00000000c0b90000)
  to   space 1152K,   0% used [0x00000000c0950000, 0x00000000c0950000, 0x00000000c0a70000)
 tenured generation   total 23636K, used 14181K [0x00000000d5550000, 0x00000000d6c65000, 0x0000000100000000)
   the space 23636K,  59% used [0x00000000d5550000, 0x00000000d6329500, 0x00000000d6329600, 0x00000000d6c65000)
 Metaspace       used 43521K, capacity 43952K, committed 44160K, reserved 1087488K
  class space    used 6106K, capacity 6241K, committed 6272K, reserved 1048576K
Event: 10.242 GC heap after
Heap after GC invocations=122 (full 3):
 def new generation   total 10688K, used 544K [0x00000000c0000000, 0x00000000c0b90000, 0x00000000d5550000)
  eden space 9536K,   0% used [0x00000000c0000000, 0x00000000c0000000, 0x00000000c0950000)
  from space 1152K,  47% used [0x00000000c0950000, 0x00000000c09d81b0, 0x00000000c0a70000)
  to   space 1152K,   0% used [0x00000000c0a70000, 0x00000000c0a70000, 0x00000000c0b90000)
 tenured generation   total 23636K, used 14477K [0x00000000d5550000, 0x00000000d6c65000, 0x0000000100000000)
   the space 23636K,  61% used [0x00000000d5550000, 0x00000000d6373700, 0x00000000d6373800, 0x00000000d6c65000)
 Metaspace       used 43521K, capacity 43952K, committed 44160K, reserved 1087488K
  class space    used 6106K, capacity 6241K, committed 6272K, reserved 1048576K
}
Event: 10.382 GC heap before
{Heap before GC invocations=122 (full 3):
 def new generation   total 10688K, used 10080K [0x00000000c0000000, 0x00000000c0b90000, 0x00000000d5550000)
  eden space 9536K, 100% used [0x00000000c0000000, 0x00000000c0950000, 0x00000000c0950000)
  from space 1152K,  47% used [0x00000000c0950000, 0x00000000c09d81b0, 0x00000000c0a70000)
  to   space 1152K,   0% used [0x00000000c0a70000, 0x00000000c0a70000, 0x00000000c0b90000)
 tenured generation   total 23636K, used 14477K [0x00000000d5550000, 0x00000000d6c65000, 0x0000000100000000)
   the space 23636K,  61% used [0x00000000d5550000, 0x00000000d6373700, 0x00000000d6373800, 0x00000000d6c65000)
 Metaspace       used 43787K, capacity 44208K, committed 44544K, reserved 1087488K
  class space    used 6146K, capacity 6305K, committed 6400K, reserved 1048576K
Event: 10.386 GC heap after
Heap after GC invocations=123 (full 3):
 def new generation   total 10688K, used 556K [0x00000000c0000000, 0x00000000c0b90000, 0x00000000d5550000)
  eden space 9536K,   0% used [0x00000000c0000000, 0x00000000c0000000, 0x00000000c0950000)
  from space 1152K,  48% used [0x00000000c0a70000, 0x00000000c0afb388, 0x00000000c0b90000)
  to   space 1152K,   0% used [0x00000000c0950000, 0x00000000c0950000, 0x00000000c0a70000)
 tenured generation   total 23636K, used 14477K [0x00000000d5550000, 0x00000000d6c65000, 0x0000000100000000)
   the space 23636K,  61% used [0x00000000d5550000, 0x00000000d6373700, 0x00000000d6373800, 0x00000000d6c65000)
 Metaspace       used 43787K, capacity 44208K, committed 44544K, reserved 1087488K
  class space    used 6146K, capacity 6305K, committed 6400K, reserved 1048576K
}
Event: 10.450 GC heap before
{Heap before GC invocations=123 (full 3):
 def new generation   total 10688K, used 8125K [0x00000000c0000000, 0x00000000c0b90000, 0x00000000d5550000)
  eden space 9536K,  79% used [0x00000000c0000000, 0x00000000c0764318, 0x00000000c0950000)
  from space 1152K,  48% used [0x00000000c0a70000, 0x00000000c0afb388, 0x00000000c0b90000)
  to   space 1152K,   0% used [0x00000000c0950000, 0x00000000c0950000, 0x00000000c0a70000)
 tenured generation   total 23636K, used 14477K [0x00000000d5550000, 0x00000000d6c65000, 0x0000000100000000)
   the space 23636K,  61% used [0x00000000d5550000, 0x00000000d6373700, 0x00000000d6373800, 0x00000000d6c65000)
 Metaspace       used 44365K, capacity 44830K, committed 45184K, reserved 1087488K
  class space    used 6244K, capacity 6406K, committed 6528K, reserved 1048576K
Event: 10.505 GC heap after
Heap after GC invocations=124 (full 4):
 def new generation   total 10688K, used 0K [0x00000000c0000000, 0x00000000c0b90000, 0x00000000d5550000)
  eden space 9536K,   0% used [0x00000000c0000000, 0x00000000c0000000, 0x00000000c0950000)
  from space 1152K,   0% used [0x00000000c0950000, 0x00000000c0950000, 0x00000000c0a70000)
  to   space 1152K,   0% used [0x00000000c0a70000, 0x00000000c0a70000, 0x00000000c0b90000)
 tenured generation   total 23636K, used 9839K [0x00000000d5550000, 0x00000000d6c65000, 0x0000000100000000)
   the space 23636K,  41% used [0x00000000d5550000, 0x00000000d5eebeb0, 0x00000000d5eec000, 0x00000000d6c65000)
 Metaspace       used 44365K, capacity 44830K, committed 45184K, reserved 1087488K
  class space    used 6244K, capacity 6406K, committed 6528K, reserved 1048576K
}
Event: 10.541 GC heap before
{Heap before GC invocations=124 (full 4):
 def new generation   total 10688K, used 2548K [0x00000000c0000000, 0x00000000c0b90000, 0x00000000d5550000)
  eden space 9536K,  26% used [0x00000000c0000000, 0x00000000c027d188, 0x00000000c0950000)
  from space 1152K,   0% used [0x00000000c0950000, 0x00000000c0950000, 0x00000000c0a70000)
  to   space 1152K,   0% used [0x00000000c0a70000, 0x00000000c0a70000, 0x00000000c0b90000)
 tenured generation   total 40024K, used 26223K [0x00000000d5550000, 0x00000000d7c66000, 0x0000000100000000)
   the space 40024K,  65% used [0x00000000d5550000, 0x00000000d6eebec0, 0x00000000d6eec000, 0x00000000d7c66000)
 Metaspace       used 44491K, capacity 44958K, committed 45184K, reserved 1087488K
  class space    used 6261K, capacity 6406K, committed 6528K, reserved 1048576K
Event: 10.588 GC heap after
Heap after GC invocations=125 (full 5):
 def new generation   total 20032K, used 0K [0x00000000c0000000, 0x00000000c15b0000, 0x00000000d5550000)
  eden space 17856K,   0% used [0x00000000c0000000, 0x00000000c0000000, 0x00000000c1170000)
  from space 2176K,   0% used [0x00000000c1170000, 0x00000000c1170000, 0x00000000c1390000)
  to   space 2176K,   0% used [0x00000000c1390000, 0x00000000c1390000, 0x00000000c15b0000)
 tenured generation   total 44312K, used 26584K [0x00000000d5550000, 0x00000000d8096000, 0x0000000100000000)
   the space 44312K,  59% used [0x00000000d5550000, 0x00000000d6f46348, 0x00000000d6f46400, 0x00000000d8096000)
 Metaspace       used 44491K, capacity 44958K, committed 45184K, reserved 1087488K
  class space    used 6261K, capacity 6406K, committed 6528K, reserved 1048576K
}
Event: 10.681 GC heap before
{Heap before GC invocations=125 (full 5):
 def new generation   total 20032K, used 17854K [0x00000000c0000000, 0x00000000c15b0000, 0x00000000d5550000)
  eden space 17856K,  99% used [0x00000000c0000000, 0x00000000c116fa68, 0x00000000c1170000)
  from space 2176K,   0% used [0x00000000c1170000, 0x00000000c1170000, 0x00000000c1390000)
  to   space 2176K,   0% used [0x00000000c1390000, 0x00000000c1390000, 0x00000000c15b0000)
 tenured generation   total 44312K, used 26584K [0x00000000d5550000, 0x00000000d8096000, 0x0000000100000000)
   the space 44312K,  59% used [0x00000000d5550000, 0x00000000d6f46348, 0x00000000d6f46400, 0x00000000d8096000)
 Metaspace       used 44638K, capacity 45136K, committed 45440K, reserved 1087488K
  class space    used 6272K, capacity 6443K, committed 6528K, reserved 1048576K
Event: 10.699 GC heap after
Heap after GC invocations=126 (full 5):
 def new generation   total 20032K, used 140K [0x00000000c0000000, 0x00000000c15b0000, 0x00000000d5550000)
  eden space 17856K,   0% used [0x00000000c0000000, 0x00000000c0000000, 0x00000000c1170000)
  from space 2176K,   6% used [0x00000000c1390000, 0x00000000c13b33f8, 0x00000000c15b0000)
  to   space 2176K,   0% used [0x00000000c1170000, 0x00000000c1170000, 0x00000000c1390000)
 tenured generation   total 44312K, used 42968K [0x00000000d5550000, 0x00000000d8096000, 0x0000000100000000)
   the space 44312K,  96% used [0x00000000d5550000, 0x00000000d7f46358, 0x00000000d7f46400, 0x00000000d8096000)
 Metaspace       used 44638K, capacity 45136K, committed 45440K, reserved 1087488K
  class space    used 6272K, capacity 6443K, committed 6528K, reserved 1048576K
}
Event: 11.535 GC heap before
{Heap before GC invocations=126 (full 5):
 def new generation   total 20032K, used 17996K [0x00000000c0000000, 0x00000000c15b0000, 0x00000000d5550000)
  eden space 17856K, 100% used [0x00000000c0000000, 0x00000000c1170000, 0x00000000c1170000)
  from space 2176K,   6% used [0x00000000c1390000, 0x00000000c13b33f8, 0x00000000c15b0000)
  to   space 2176K,   0% used [0x00000000c1170000, 0x00000000c1170000, 0x00000000c1390000)
 tenured generation   total 44312K, used 42968K [0x00000000d5550000, 0x00000000d8096000, 0x0000000100000000)
   the space 44312K,  96% used [0x00000000d5550000, 0x00000000d7f46358, 0x00000000d7f46400, 0x00000000d8096000)
 Metaspace       used 45274K, capacity 45750K, committed 46080K, reserved 1089536K
  class space    used 6392K, capacity 6540K, committed 6656K, reserved 1048576K
Event: 11.539 GC heap after
Heap after GC invocations=127 (full 5):
 def new generation   total 20032K, used 920K [0x00000000c0000000, 0x00000000c15b0000, 0x00000000d5550000)
  eden space 17856K,   0% used [0x00000000c0000000, 0x00000000c0000000, 0x00000000c1170000)
  from space 2176K,  42% used [0x00000000c1170000, 0x00000000c12561e8, 0x00000000c1390000)
  to   space 2176K,   0% used [0x00000000c1390000, 0x00000000c1390000, 0x00000000c15b0000)
 tenured generation   total 44312K, used 42968K [0x00000000d5550000, 0x00000000d8096000, 0x0000000100000000)
   the space 44312K,  96% used [0x00000000d5550000, 0x00000000d7f46358, 0x00000000d7f46400, 0x00000000d8096000)
 Metaspace       used 45274K, capacity 45750K, committed 46080K, reserved 1089536K
  class space    used 6392K, capacity 6540K, committed 6656K, reserved 1048576K
}
Event: 11.683 GC heap before
{Heap before GC invocations=127 (full 5):
 def new generation   total 20032K, used 18776K [0x00000000c0000000, 0x00000000c15b0000, 0x00000000d5550000)
  eden space 17856K, 100% used [0x00000000c0000000, 0x00000000c1170000, 0x00000000c1170000)
  from space 2176K,  42% used [0x00000000c1170000, 0x00000000c12561e8, 0x00000000c1390000)
  to   space 2176K,   0% used [0x00000000c1390000, 0x00000000c1390000, 0x00000000c15b0000)
 tenured generation   total 44312K, used 42968K [0x00000000d5550000, 0x00000000d8096000, 0x0000000100000000)
   the space 44312K,  96% used [0x00000000d5550000, 0x00000000d7f46358, 0x00000000d7f46400, 0x00000000d8096000)
 Metaspace       used 45742K, capacity 46260K, committed 46592K, reserved 1089536K
  class space    used 6475K, capacity 6641K, committed 6656K, reserved 1048576K
Event: 11.688 GC heap after
Heap after GC invocations=128 (full 5):
 def new generation   total 20032K, used 1165K [0x00000000c0000000, 0x00000000c15b0000, 0x00000000d5550000)
  eden space 17856K,   0% used [0x00000000c0000000, 0x00000000c0000000, 0x00000000c1170000)
  from space 2176K,  53% used [0x00000000c1390000, 0x00000000c14b3520, 0x00000000c15b0000)
  to   space 2176K,   0% used [0x00000000c1170000, 0x00000000c1170000, 0x00000000c1390000)
 tenured generation   total 44312K, used 42968K [0x00000000d5550000, 0x00000000d8096000, 0x0000000100000000)
   the space 44312K,  96% used [0x00000000d5550000, 0x00000000d7f46358, 0x00000000d7f46400, 0x00000000d8096000)
 Metaspace       used 45742K, capacity 46260K, committed 46592K, reserved 1089536K
  class space    used 6475K, capacity 6641K, committed 6656K, reserved 1048576K
}
Event: 15.348 GC heap before
{Heap before GC invocations=128 (full 5):
 def new generation   total 20032K, used 19021K [0x00000000c0000000, 0x00000000c15b0000, 0x00000000d5550000)
  eden space 17856K, 100% used [0x00000000c0000000, 0x00000000c1170000, 0x00000000c1170000)
  from space 2176K,  53% used [0x00000000c1390000, 0x00000000c14b3520, 0x00000000c15b0000)
  to   space 2176K,   0% used [0x00000000c1170000, 0x00000000c1170000, 0x00000000c1390000)
 tenured generation   total 44312K, used 42968K [0x00000000d5550000, 0x00000000d8096000, 0x0000000100000000)
   the space 44312K,  96% used [0x00000000d5550000, 0x00000000d7f46358, 0x00000000d7f46400, 0x00000000d8096000)
 Metaspace       used 46026K, capacity 46550K, committed 46720K, reserved 1089536K
  class space    used 6517K, capacity 6684K, committed 6784K, reserved 1048576K
Event: 15.353 GC heap after
Heap after GC invocations=129 (full 5):
 def new generation   total 20032K, used 765K [0x00000000c0000000, 0x00000000c15b0000, 0x00000000d5550000)
  eden space 17856K,   0% used [0x00000000c0000000, 0x00000000c0000000, 0x00000000c1170000)
  from space 2176K,  35% used [0x00000000c1170000, 0x00000000c122f5b0, 0x00000000c1390000)
  to   space 2176K,   0% used [0x00000000c1390000, 0x00000000c1390000, 0x00000000c15b0000)
 tenured generation   total 44312K, used 43387K [0x00000000d5550000, 0x00000000d8096000, 0x0000000100000000)
   the space 44312K,  97% used [0x00000000d5550000, 0x00000000d7faefe8, 0x00000000d7faf000, 0x00000000d8096000)
 Metaspace       used 46026K, capacity 46550K, committed 46720K, reserved 1089536K
  class space    used 6517K, capacity 6684K, committed 6784K, reserved 1048576K
}
Event: 17.384 GC heap before
{Heap before GC invocations=129 (full 5):
 def new generation   total 20032K, used 18559K [0x00000000c0000000, 0x00000000c15b0000, 0x00000000d5550000)
  eden space 17856K,  99% used [0x00000000c0000000, 0x00000000c1160798, 0x00000000c1170000)
  from space 2176K,  35% used [0x00000000c1170000, 0x00000000c122f5b0, 0x00000000c1390000)
  to   space 2176K,   0% used [0x00000000c1390000, 0x00000000c1390000, 0x00000000c15b0000)
 tenured generation   total 44312K, used 43387K [0x00000000d5550000, 0x00000000d8096000, 0x0000000100000000)
   the space 44312K,  97% used [0x00000000d5550000, 0x00000000d7faefe8, 0x00000000d7faf000, 0x00000000d8096000)
 Metaspace       used 46245K, capacity 46764K, committed 46976K, reserved 1089536K
  class space    used 6549K, capacity 6725K, committed 6784K, reserved 1048576K
Event: 17.388 GC heap after
Heap after GC invocations=130 (full 5):
 def new generation   total 20032K, used 846K [0x00000000c0000000, 0x00000000c15b0000, 0x00000000d5550000)
  eden space 17856K,   0% used [0x00000000c0000000, 0x00000000c0000000, 0x00000000c1170000)
  from space 2176K,  38% used [0x00000000c1390000, 0x00000000c1463b40, 0x00000000c15b0000)
  to   space 2176K,   0% used [0x00000000c1170000, 0x00000000c1170000, 0x00000000c1390000)
 tenured generation   total 44312K, used 43387K [0x00000000d5550000, 0x00000000d8096000, 0x0000000100000000)
   the space 44312K,  97% used [0x00000000d5550000, 0x00000000d7faefe8, 0x00000000d7faf000, 0x00000000d8096000)
 Metaspace       used 46245K, capacity 46764K, committed 46976K, reserved 1089536K
  class space    used 6549K, capacity 6725K, committed 6784K, reserved 1048576K
}
Event: 21.350 GC heap before
{Heap before GC invocations=130 (full 5):
 def new generation   total 20032K, used 18702K [0x00000000c0000000, 0x00000000c15b0000, 0x00000000d5550000)
  eden space 17856K, 100% used [0x00000000c0000000, 0x00000000c1170000, 0x00000000c1170000)
  from space 2176K,  38% used [0x00000000c1390000, 0x00000000c1463b40, 0x00000000c15b0000)
  to   space 2176K,   0% used [0x00000000c1170000, 0x00000000c1170000, 0x00000000c1390000)
 tenured generation   total 44312K, used 43387K [0x00000000d5550000, 0x00000000d8096000, 0x0000000100000000)
   the space 44312K,  97% used [0x00000000d5550000, 0x00000000d7faefe8, 0x00000000d7faf000, 0x00000000d8096000)
 Metaspace       used 46415K, capacity 47034K, committed 47232K, reserved 1089536K
  class space    used 6556K, capacity 6738K, committed 6784K, reserved 1048576K
Event: 21.354 GC heap after
Heap after GC invocations=131 (full 5):
 def new generation   total 20032K, used 783K [0x00000000c0000000, 0x00000000c15b0000, 0x00000000d5550000)
  eden space 17856K,   0% used [0x00000000c0000000, 0x00000000c0000000, 0x00000000c1170000)
  from space 2176K,  36% used [0x00000000c1170000, 0x00000000c1233ec0, 0x00000000c1390000)
  to   space 2176K,   0% used [0x00000000c1390000, 0x00000000c1390000, 0x00000000c15b0000)
 tenured generation   total 44312K, used 43387K [0x00000000d5550000, 0x00000000d8096000, 0x0000000100000000)
   the space 44312K,  97% used [0x00000000d5550000, 0x00000000d7faefe8, 0x00000000d7faf000, 0x00000000d8096000)
 Metaspace       used 46415K, capacity 47034K, committed 47232K, reserved 1089536K
  class space    used 6556K, capacity 6738K, committed 6784K, reserved 1048576K
}
Event: 25.317 GC heap before
{Heap before GC invocations=131 (full 5):
 def new generation   total 20032K, used 16037K [0x00000000c0000000, 0x00000000c15b0000, 0x00000000d5550000)
  eden space 17856K,  85% used [0x00000000c0000000, 0x00000000c0ee5670, 0x00000000c1170000)
  from space 2176K,  36% used [0x00000000c1170000, 0x00000000c1233ec0, 0x00000000c1390000)
  to   space 2176K,   0% used [0x00000000c1390000, 0x00000000c1390000, 0x00000000c15b0000)
 tenured generation   total 44312K, used 43387K [0x00000000d5550000, 0x00000000d8096000, 0x0000000100000000)
   the space 44312K,  97% used [0x00000000d5550000, 0x00000000d7faefe8, 0x00000000d7faf000, 0x00000000d8096000)
 Metaspace       used 46564K, capacity 47140K, committed 47232K, reserved 1089536K
  class space    used 6570K, capacity 6745K, committed 6784K, reserved 1048576K
Event: 25.321 GC heap after
Heap after GC invocations=132 (full 5):
 def new generation   total 20032K, used 950K [0x00000000c0000000, 0x00000000c15b0000, 0x00000000d5550000)
  eden space 17856K,   0% used [0x00000000c0000000, 0x00000000c0000000, 0x00000000c1170000)
  from space 2176K,  43% used [0x00000000c1390000, 0x00000000c147d8e8, 0x00000000c15b0000)
  to   space 2176K,   0% used [0x00000000c1170000, 0x00000000c1170000, 0x00000000c1390000)
 tenured generation   total 44312K, used 43387K [0x00000000d5550000, 0x00000000d8096000, 0x0000000100000000)
   the space 44312K,  97% used [0x00000000d5550000, 0x00000000d7faefe8, 0x00000000d7faf000, 0x00000000d8096000)
 Metaspace       used 46564K, capacity 47140K, committed 47232K, reserved 1089536K
  class space    used 6570K, capacity 6745K, committed 6784K, reserved 1048576K
}
Event: 29.305 GC heap before
{Heap before GC invocations=132 (full 5):
 def new generation   total 20032K, used 18806K [0x00000000c0000000, 0x00000000c15b0000, 0x00000000d5550000)
  eden space 17856K, 100% used [0x00000000c0000000, 0x00000000c1170000, 0x00000000c1170000)
  from space 2176K,  43% used [0x00000000c1390000, 0x00000000c147d8e8, 0x00000000c15b0000)
  to   space 2176K,   0% used [0x00000000c1170000, 0x00000000c1170000, 0x00000000c1390000)
 tenured generation   total 44312K, used 43387K [0x00000000d5550000, 0x00000000d8096000, 0x0000000100000000)
   the space 44312K,  97% used [0x00000000d5550000, 0x00000000d7faefe8, 0x00000000d7faf000, 0x00000000d8096000)
 Metaspace       used 46637K, capacity 47280K, committed 47488K, reserved 1089536K
  class space    used 6571K, capacity 6747K, committed 6784K, reserved 1048576K
Event: 29.310 GC heap after
Heap after GC invocations=133 (full 5):
 def new generation   total 20032K, used 840K [0x00000000c0000000, 0x00000000c15b0000, 0x00000000d5550000)
  eden space 17856K,   0% used [0x00000000c0000000, 0x00000000c0000000, 0x00000000c1170000)
  from space 2176K,  38% used [0x00000000c1170000, 0x00000000c12423d8, 0x00000000c1390000)
  to   space 2176K,   0% used [0x00000000c1390000, 0x00000000c1390000, 0x00000000c15b0000)
 tenured generation   total 44312K, used 43387K [0x00000000d5550000, 0x00000000d8096000, 0x0000000100000000)
   the space 44312K,  97% used [0x00000000d5550000, 0x00000000d7faefe8, 0x00000000d7faf000, 0x00000000d8096000)
 Metaspace       used 46637K, capacity 47280K, committed 47488K, reserved 1089536K
  class space    used 6571K, capacity 6747K, committed 6784K, reserved 1048576K
}
Event: 29.811 GC heap before
{Heap before GC invocations=133 (full 5):
 def new generation   total 20032K, used 18696K [0x00000000c0000000, 0x00000000c15b0000, 0x00000000d5550000)
  eden space 17856K, 100% used [0x00000000c0000000, 0x00000000c1170000, 0x00000000c1170000)
  from space 2176K,  38% used [0x00000000c1170000, 0x00000000c12423d8, 0x00000000c1390000)
  to   space 2176K,   0% used [0x00000000c1390000, 0x00000000c1390000, 0x00000000c15b0000)
 tenured generation   total 44312K, used 43387K [0x00000000d5550000, 0x00000000d8096000, 0x0000000100000000)
   the space 44312K,  97% used [0x00000000d5550000, 0x00000000d7faefe8, 0x00000000d7faf000, 0x00000000d8096000)
 Metaspace       used 47422K, capacity 48048K, committed 48384K, reserved 1091584K
  class space    used 6667K, capacity 6811K, committed 6912K, reserved 1048576K
Event: 29.816 GC heap after
Heap after GC invocations=134 (full 5):
 def new generation   total 20032K, used 1571K [0x00000000c0000000, 0x00000000c15b0000, 0x00000000d5550000)
  eden space 17856K,   0% used [0x00000000c0000000, 0x00000000c0000000, 0x00000000c1170000)
  from space 2176K,  72% used [0x00000000c1390000, 0x00000000c1518ec8, 0x00000000c15b0000)
  to   space 2176K,   0% used [0x00000000c1170000, 0x00000000c1170000, 0x00000000c1390000)
 tenured generation   total 44312K, used 43387K [0x00000000d5550000, 0x00000000d8096000, 0x0000000100000000)
   the space 44312K,  97% used [0x00000000d5550000, 0x00000000d7faefe8, 0x00000000d7faf000, 0x00000000d8096000)
 Metaspace       used 47422K, capacity 48048K, committed 48384K, reserved 1091584K
  class space    used 6667K, capacity 6811K, committed 6912K, reserved 1048576K
}
Event: 29.987 GC heap before
{Heap before GC invocations=134 (full 5):
 def new generation   total 20032K, used 19427K [0x00000000c0000000, 0x00000000c15b0000, 0x00000000d5550000)
  eden space 17856K, 100% used [0x00000000c0000000, 0x00000000c1170000, 0x00000000c1170000)
  from space 2176K,  72% used [0x00000000c1390000, 0x00000000c1518ec8, 0x00000000c15b0000)
  to   space 2176K,   0% used [0x00000000c1170000, 0x00000000c1170000, 0x00000000c1390000)
 tenured generation   total 44312K, used 43387K [0x00000000d5550000, 0x00000000d8096000, 0x0000000100000000)
   the space 44312K,  97% used [0x00000000d5550000, 0x00000000d7faefe8, 0x00000000d7faf000, 0x00000000d8096000)
 Metaspace       used 48490K, capacity 49084K, committed 49280K, reserved 1091584K
  class space    used 6838K, capacity 7005K, committed 7040K, reserved 1048576K
Event: 29.994 GC heap after
Heap after GC invocations=135 (full 5):
 def new generation   total 20032K, used 2034K [0x00000000c0000000, 0x00000000c15b0000, 0x00000000d5550000)
  eden space 17856K,   0% used [0x00000000c0000000, 0x00000000c0000000, 0x00000000c1170000)
  from space 2176K,  93% used [0x00000000c1170000, 0x00000000c136cb98, 0x00000000c1390000)
  to   space 2176K,   0% used [0x00000000c1390000, 0x00000000c1390000, 0x00000000c15b0000)
 tenured generation   total 44312K, used 43891K [0x00000000d5550000, 0x00000000d8096000, 0x0000000100000000)
   the space 44312K,  99% used [0x00000000d5550000, 0x00000000d802cdd0, 0x00000000d802ce00, 0x00000000d8096000)
 Metaspace       used 48490K, capacity 49084K, committed 49280K, reserved 1091584K
  class space    used 6838K, capacity 7005K, committed 7040K, reserved 1048576K
}
Event: 30.176 GC heap before
{Heap before GC invocations=135 (full 5):
 def new generation   total 20032K, used 19890K [0x00000000c0000000, 0x00000000c15b0000, 0x00000000d5550000)
  eden space 17856K, 100% used [0x00000000c0000000, 0x00000000c1170000, 0x00000000c1170000)
  from space 2176K,  93% used [0x00000000c1170000, 0x00000000c136cb98, 0x00000000c1390000)
  to   space 2176K,   0% used [0x00000000c1390000, 0x00000000c1390000, 0x00000000c15b0000)
 tenured generation   total 44312K, used 43891K [0x00000000d5550000, 0x00000000d8096000, 0x0000000100000000)
   the space 44312K,  99% used [0x00000000d5550000, 0x00000000d802cdd0, 0x00000000d802ce00, 0x00000000d8096000)
 Metaspace       used 49865K, capacity 50524K, committed 50688K, reserved 1093632K
  class space    used 7017K, capacity 7165K, committed 7168K, reserved 1048576K
Event: 30.315 GC heap after
Heap after GC invocations=136 (full 6):
 def new generation   total 33920K, used 1998K [0x00000000c0000000, 0x00000000c24c0000, 0x00000000d5550000)
  eden space 30208K,   6% used [0x00000000c0000000, 0x00000000c01f3bf0, 0x00000000c1d80000)
  from space 3712K,   0% used [0x00000000c1d80000, 0x00000000c1d80000, 0x00000000c2120000)
  to   space 3712K,   0% used [0x00000000c2120000, 0x00000000c2120000, 0x00000000c24c0000)
 tenured generation   total 75136K, used 45079K [0x00000000d5550000, 0x00000000d9eb0000, 0x0000000100000000)
   the space 75136K,  59% used [0x00000000d5550000, 0x00000000d8155fe0, 0x00000000d8156000, 0x00000000d9eb0000)
 Metaspace       used 49828K, capacity 50464K, committed 50688K, reserved 1093632K
  class space    used 7012K, capacity 7155K, committed 7168K, reserved 1048576K
}
Event: 30.464 GC heap before
{Heap before GC invocations=136 (full 6):
 def new generation   total 33920K, used 30208K [0x00000000c0000000, 0x00000000c24c0000, 0x00000000d5550000)
  eden space 30208K, 100% used [0x00000000c0000000, 0x00000000c1d80000, 0x00000000c1d80000)
  from space 3712K,   0% used [0x00000000c1d80000, 0x00000000c1d80000, 0x00000000c2120000)
  to   space 3712K,   0% used [0x00000000c2120000, 0x00000000c2120000, 0x00000000c24c0000)
 tenured generation   total 75136K, used 45079K [0x00000000d5550000, 0x00000000d9eb0000, 0x0000000100000000)
   the space 75136K,  59% used [0x00000000d5550000, 0x00000000d8155fe0, 0x00000000d8156000, 0x00000000d9eb0000)
 Metaspace       used 50834K, capacity 51456K, committed 51712K, reserved 1093632K
  class space    used 7233K, capacity 7379K, committed 7424K, reserved 1048576K
Event: 30.476 GC heap after
Heap after GC invocations=137 (full 6):
 def new generation   total 33920K, used 2098K [0x00000000c0000000, 0x00000000c24c0000, 0x00000000d5550000)
  eden space 30208K,   0% used [0x00000000c0000000, 0x00000000c0000000, 0x00000000c1d80000)
  from space 3712K,  56% used [0x00000000c2120000, 0x00000000c232c920, 0x00000000c24c0000)
  to   space 3712K,   0% used [0x00000000c1d80000, 0x00000000c1d80000, 0x00000000c2120000)
 tenured generation   total 75136K, used 45079K [0x00000000d5550000, 0x00000000d9eb0000, 0x0000000100000000)
   the space 75136K,  59% used [0x00000000d5550000, 0x00000000d8155fe0, 0x00000000d8156000, 0x00000000d9eb0000)
 Metaspace       used 50834K, capacity 51456K, committed 51712K, reserved 1093632K
  class space    used 7233K, capacity 7379K, committed 7424K, reserved 1048576K
}
Event: 30.641 GC heap before
{Heap before GC invocations=137 (full 6):
 def new generation   total 33920K, used 32306K [0x00000000c0000000, 0x00000000c24c0000, 0x00000000d5550000)
  eden space 30208K, 100% used [0x00000000c0000000, 0x00000000c1d80000, 0x00000000c1d80000)
  from space 3712K,  56% used [0x00000000c2120000, 0x00000000c232c920, 0x00000000c24c0000)
  to   space 3712K,   0% used [0x00000000c1d80000, 0x00000000c1d80000, 0x00000000c2120000)
 tenured generation   total 75136K, used 45079K [0x00000000d5550000, 0x00000000d9eb0000, 0x0000000100000000)
   the space 75136K,  59% used [0x00000000d5550000, 0x00000000d8155fe0, 0x00000000d8156000, 0x00000000d9eb0000)
 Metaspace       used 52321K, capacity 52960K, committed 53248K, reserved 1095680K
  class space    used 7509K, capacity 7667K, committed 7680K, reserved 1048576K
Event: 30.647 GC heap after
Heap after GC invocations=138 (full 6):
 def new generation   total 33920K, used 1446K [0x00000000c0000000, 0x00000000c24c0000, 0x00000000d5550000)
  eden space 30208K,   0% used [0x00000000c0000000, 0x00000000c0000000, 0x00000000c1d80000)
  from space 3712K,  38% used [0x00000000c1d80000, 0x00000000c1ee9b10, 0x00000000c2120000)
  to   space 3712K,   0% used [0x00000000c2120000, 0x00000000c2120000, 0x00000000c24c0000)
 tenured generation   total 75136K, used 46150K [0x00000000d5550000, 0x00000000d9eb0000, 0x0000000100000000)
   the space 75136K,  61% used [0x00000000d5550000, 0x00000000d8261870, 0x00000000d8261a00, 0x00000000d9eb0000)
 Metaspace       used 52321K, capacity 52960K, committed 53248K, reserved 1095680K
  class space    used 7509K, capacity 7667K, committed 7680K, reserved 1048576K
}
Event: 30.837 GC heap before
{Heap before GC invocations=138 (full 6):
 def new generation   total 33920K, used 31654K [0x00000000c0000000, 0x00000000c24c0000, 0x00000000d5550000)
  eden space 30208K, 100% used [0x00000000c0000000, 0x00000000c1d80000, 0x00000000c1d80000)
  from space 3712K,  38% used [0x00000000c1d80000, 0x00000000c1ee9b10, 0x00000000c2120000)
  to   space 3712K,   0% used [0x00000000c2120000, 0x00000000c2120000, 0x00000000c24c0000)
 tenured generation   total 75136K, used 46150K [0x00000000d5550000, 0x00000000d9eb0000, 0x0000000100000000)
   the space 75136K,  61% used [0x00000000d5550000, 0x00000000d8261870, 0x00000000d8261a00, 0x00000000d9eb0000)
 Metaspace       used 54389K, capacity 55020K, committed 55296K, reserved 1097728K
  class space    used 7783K, capacity 7925K, committed 7936K, reserved 1048576K
Event: 30.842 GC heap after
Heap after GC invocations=139 (full 6):
 def new generation   total 33920K, used 2166K [0x00000000c0000000, 0x00000000c24c0000, 0x00000000d5550000)
  eden space 30208K,   0% used [0x00000000c0000000, 0x00000000c0000000, 0x00000000c1d80000)
  from space 3712K,  58% used [0x00000000c2120000, 0x00000000c233d938, 0x00000000c24c0000)
  to   space 3712K,   0% used [0x00000000c1d80000, 0x00000000c1d80000, 0x00000000c2120000)
 tenured generation   total 75136K, used 46150K [0x00000000d5550000, 0x00000000d9eb0000, 0x0000000100000000)
   the space 75136K,  61% used [0x00000000d5550000, 0x00000000d8261870, 0x00000000d8261a00, 0x00000000d9eb0000)
 Metaspace       used 54389K, capacity 55020K, committed 55296K, reserved 1097728K
  class space    used 7783K, capacity 7925K, committed 7936K, reserved 1048576K
}
Event: 31.029 GC heap before
{Heap before GC invocations=139 (full 6):
 def new generation   total 33920K, used 32374K [0x00000000c0000000, 0x00000000c24c0000, 0x00000000d5550000)
  eden space 30208K, 100% used [0x00000000c0000000, 0x00000000c1d80000, 0x00000000c1d80000)
  from space 3712K,  58% used [0x00000000c2120000, 0x00000000c233d938, 0x00000000c24c0000)
  to   space 3712K,   0% used [0x00000000c1d80000, 0x00000000c1d80000, 0x00000000c2120000)
 tenured generation   total 75136K, used 46150K [0x00000000d5550000, 0x00000000d9eb0000, 0x0000000100000000)
   the space 75136K,  61% used [0x00000000d5550000, 0x00000000d8261870, 0x00000000d8261a00, 0x00000000d9eb0000)
 Metaspace       used 56507K, capacity 57100K, committed 57216K, reserved 1097728K
  class space    used 8124K, capacity 8277K, committed 8320K, reserved 1048576K
Event: 31.035 GC heap after
Heap after GC invocations=140 (full 6):
 def new generation   total 33920K, used 2227K [0x00000000c0000000, 0x00000000c24c0000, 0x00000000d5550000)
  eden space 30208K,   0% used [0x00000000c0000000, 0x00000000c0000000, 0x00000000c1d80000)
  from space 3712K,  60% used [0x00000000c1d80000, 0x00000000c1facf80, 0x00000000c2120000)
  to   space 3712K,   0% used [0x00000000c2120000, 0x00000000c2120000, 0x00000000c24c0000)
 tenured generation   total 75136K, used 46490K [0x00000000d5550000, 0x00000000d9eb0000, 0x0000000100000000)
   the space 75136K,  61% used [0x00000000d5550000, 0x00000000d82b6968, 0x00000000d82b6a00, 0x00000000d9eb0000)
 Metaspace       used 56507K, capacity 57100K, committed 57216K, reserved 1097728K
  class space    used 8124K, capacity 8277K, committed 8320K, reserved 1048576K
}
Event: 31.296 GC heap before
{Heap before GC invocations=140 (full 6):
 def new generation   total 33920K, used 32435K [0x00000000c0000000, 0x00000000c24c0000, 0x00000000d5550000)
  eden space 30208K, 100% used [0x00000000c0000000, 0x00000000c1d80000, 0x00000000c1d80000)
  from space 3712K,  60% used [0x00000000c1d80000, 0x00000000c1facf80, 0x00000000c2120000)
  to   space 3712K,   0% used [0x00000000c2120000, 0x00000000c2120000, 0x00000000c24c0000)
 tenured generation   total 75136K, used 46490K [0x00000000d5550000, 0x00000000d9eb0000, 0x0000000100000000)
   the space 75136K,  61% used [0x00000000d5550000, 0x00000000d82b6968, 0x00000000d82b6a00, 0x00000000d9eb0000)
 Metaspace       used 58522K, capacity 59084K, committed 59392K, reserved 1099776K
  class space    used 8524K, capacity 8661K, committed 8704K, reserved 1048576K
Event: 31.302 GC heap after
Heap after GC invocations=141 (full 6):
 def new generation   total 33920K, used 1483K [0x00000000c0000000, 0x00000000c24c0000, 0x00000000d5550000)
  eden space 30208K,   0% used [0x00000000c0000000, 0x00000000c0000000, 0x00000000c1d80000)
  from space 3712K,  39% used [0x00000000c2120000, 0x00000000c2292c18, 0x00000000c24c0000)
  to   space 3712K,   0% used [0x00000000c1d80000, 0x00000000c1d80000, 0x00000000c2120000)
 tenured generation   total 75136K, used 47179K [0x00000000d5550000, 0x00000000d9eb0000, 0x0000000100000000)
   the space 75136K,  62% used [0x00000000d5550000, 0x00000000d8362db8, 0x00000000d8362e00, 0x00000000d9eb0000)
 Metaspace       used 58522K, capacity 59084K, committed 59392K, reserved 1099776K
  class space    used 8524K, capacity 8661K, committed 8704K, reserved 1048576K
}
Event: 31.772 GC heap before
{Heap before GC invocations=141 (full 6):
 def new generation   total 33920K, used 31691K [0x00000000c0000000, 0x00000000c24c0000, 0x00000000d5550000)
  eden space 30208K, 100% used [0x00000000c0000000, 0x00000000c1d80000, 0x00000000c1d80000)
  from space 3712K,  39% used [0x00000000c2120000, 0x00000000c2292c18, 0x00000000c24c0000)
  to   space 3712K,   0% used [0x00000000c1d80000, 0x00000000c1d80000, 0x00000000c2120000)
 tenured generation   total 75136K, used 47179K [0x00000000d5550000, 0x00000000d9eb0000, 0x0000000100000000)
   the space 75136K,  62% used [0x00000000d5550000, 0x00000000d8362db8, 0x00000000d8362e00, 0x00000000d9eb0000)
 Metaspace       used 60169K, capacity 60754K, committed 60928K, reserved 1101824K
  class space    used 8779K, capacity 8918K, committed 8960K, reserved 1048576K
Event: 31.780 GC heap after
Heap after GC invocations=142 (full 6):
 def new generation   total 33920K, used 2228K [0x00000000c0000000, 0x00000000c24c0000, 0x00000000d5550000)
  eden space 30208K,   0% used [0x00000000c0000000, 0x00000000c0000000, 0x00000000c1d80000)
  from space 3712K,  60% used [0x00000000c1d80000, 0x00000000c1fad1c0, 0x00000000c2120000)
  to   space 3712K,   0% used [0x00000000c2120000, 0x00000000c2120000, 0x00000000c24c0000)
 tenured generation   total 75136K, used 47179K [0x00000000d5550000, 0x00000000d9eb0000, 0x0000000100000000)
   the space 75136K,  62% used [0x00000000d5550000, 0x00000000d8362db8, 0x00000000d8362e00, 0x00000000d9eb0000)
 Metaspace       used 60169K, capacity 60754K, committed 60928K, reserved 1101824K
  class space    used 8779K, capacity 8918K, committed 8960K, reserved 1048576K
}
Event: 32.269 GC heap before
{Heap before GC invocations=142 (full 6):
 def new generation   total 33920K, used 32436K [0x00000000c0000000, 0x00000000c24c0000, 0x00000000d5550000)
  eden space 30208K, 100% used [0x00000000c0000000, 0x00000000c1d80000, 0x00000000c1d80000)
  from space 3712K,  60% used [0x00000000c1d80000, 0x00000000c1fad1c0, 0x00000000c2120000)
  to   space 3712K,   0% used [0x00000000c2120000, 0x00000000c2120000, 0x00000000c24c0000)
 tenured generation   total 75136K, used 47179K [0x00000000d5550000, 0x00000000d9eb0000, 0x0000000100000000)
   the space 75136K,  62% used [0x00000000d5550000, 0x00000000d8362db8, 0x00000000d8362e00, 0x00000000d9eb0000)
 Metaspace       used 61209K, capacity 61810K, committed 62080K, reserved 1101824K
  class space    used 8920K, capacity 9078K, committed 9088K, reserved 1048576K
Event: 32.283 GC heap after
Heap after GC invocations=143 (full 6):
 def new generation   total 33920K, used 3092K [0x00000000c0000000, 0x00000000c24c0000, 0x00000000d5550000)
  eden space 30208K,   0% used [0x00000000c0000000, 0x00000000c0000000, 0x00000000c1d80000)
  from space 3712K,  83% used [0x00000000c2120000, 0x00000000c2425340, 0x00000000c24c0000)
  to   space 3712K,   0% used [0x00000000c1d80000, 0x00000000c1d80000, 0x00000000c2120000)
 tenured generation   total 75136K, used 48156K [0x00000000d5550000, 0x00000000d9eb0000, 0x0000000100000000)
   the space 75136K,  64% used [0x00000000d5550000, 0x00000000d8457260, 0x00000000d8457400, 0x00000000d9eb0000)
 Metaspace       used 61209K, capacity 61810K, committed 62080K, reserved 1101824K
  class space    used 8920K, capacity 9078K, committed 9088K, reserved 1048576K
}
Event: 32.721 GC heap before
{Heap before GC invocations=143 (full 6):
 def new generation   total 33920K, used 33300K [0x00000000c0000000, 0x00000000c24c0000, 0x00000000d5550000)
  eden space 30208K, 100% used [0x00000000c0000000, 0x00000000c1d80000, 0x00000000c1d80000)
  from space 3712K,  83% used [0x00000000c2120000, 0x00000000c2425340, 0x00000000c24c0000)
  to   space 3712K,   0% used [0x00000000c1d80000, 0x00000000c1d80000, 0x00000000c2120000)
 tenured generation   total 75136K, used 48156K [0x00000000d5550000, 0x00000000d9eb0000, 0x0000000100000000)
   the space 75136K,  64% used [0x00000000d5550000, 0x00000000d8457260, 0x00000000d8457400, 0x00000000d9eb0000)
 Metaspace       used 61979K, capacity 62578K, committed 62720K, reserved 1103872K
  class space    used 9014K, capacity 9142K, committed 9216K, reserved 1048576K
Event: 32.733 GC heap after
Heap after GC invocations=144 (full 6):
 def new generation   total 33920K, used 1749K [0x00000000c0000000, 0x00000000c24c0000, 0x00000000d5550000)
  eden space 30208K,   0% used [0x00000000c0000000, 0x00000000c0000000, 0x00000000c1d80000)
  from space 3712K,  47% used [0x00000000c1d80000, 0x00000000c1f35420, 0x00000000c2120000)
  to   space 3712K,   0% used [0x00000000c2120000, 0x00000000c2120000, 0x00000000c24c0000)
 tenured generation   total 75136K, used 50286K [0x00000000d5550000, 0x00000000d9eb0000, 0x0000000100000000)
   the space 75136K,  66% used [0x00000000d5550000, 0x00000000d866bb08, 0x00000000d866bc00, 0x00000000d9eb0000)
 Metaspace       used 61979K, capacity 62578K, committed 62720K, reserved 1103872K
  class space    used 9014K, capacity 9142K, committed 9216K, reserved 1048576K
}
Event: 33.390 GC heap before
{Heap before GC invocations=144 (full 6):
 def new generation   total 33920K, used 31957K [0x00000000c0000000, 0x00000000c24c0000, 0x00000000d5550000)
  eden space 30208K, 100% used [0x00000000c0000000, 0x00000000c1d80000, 0x00000000c1d80000)
  from space 3712K,  47% used [0x00000000c1d80000, 0x00000000c1f35420, 0x00000000c2120000)
  to   space 3712K,   0% used [0x00000000c2120000, 0x00000000c2120000, 0x00000000c24c0000)
 tenured generation   total 75136K, used 50286K [0x00000000d5550000, 0x00000000d9eb0000, 0x0000000100000000)
   the space 75136K,  66% used [0x00000000d5550000, 0x00000000d866bb08, 0x00000000d866bc00, 0x00000000d9eb0000)
 Metaspace       used 63320K, capacity 63992K, committed 64128K, reserved 1103872K
  class space    used 9184K, capacity 9335K, committed 9344K, reserved 1048576K
Event: 33.400 GC heap after
Heap after GC invocations=145 (full 6):
 def new generation   total 33920K, used 2873K [0x00000000c0000000, 0x00000000c24c0000, 0x00000000d5550000)
  eden space 30208K,   0% used [0x00000000c0000000, 0x00000000c0000000, 0x00000000c1d80000)
  from space 3712K,  77% used [0x00000000c2120000, 0x00000000c23ee438, 0x00000000c24c0000)
  to   space 3712K,   0% used [0x00000000c1d80000, 0x00000000c1d80000, 0x00000000c2120000)
 tenured generation   total 75136K, used 50286K [0x00000000d5550000, 0x00000000d9eb0000, 0x0000000100000000)
   the space 75136K,  66% used [0x00000000d5550000, 0x00000000d866bb08, 0x00000000d866bc00, 0x00000000d9eb0000)
 Metaspace       used 63320K, capacity 63992K, committed 64128K, reserved 1103872K
  class space    used 9184K, capacity 9335K, committed 9344K, reserved 1048576K
}
Event: 33.656 GC heap before
{Heap before GC invocations=145 (full 6):
 def new generation   total 33920K, used 33081K [0x00000000c0000000, 0x00000000c24c0000, 0x00000000d5550000)
  eden space 30208K, 100% used [0x00000000c0000000, 0x00000000c1d80000, 0x00000000c1d80000)
  from space 3712K,  77% used [0x00000000c2120000, 0x00000000c23ee438, 0x00000000c24c0000)
  to   space 3712K,   0% used [0x00000000c1d80000, 0x00000000c1d80000, 0x00000000c2120000)
 tenured generation   total 75136K, used 50286K [0x00000000d5550000, 0x00000000d9eb0000, 0x0000000100000000)
   the space 75136K,  66% used [0x00000000d5550000, 0x00000000d866bb08, 0x00000000d866bc00, 0x00000000d9eb0000)
 Metaspace       used 64737K, capacity 65400K, committed 65664K, reserved 1105920K
  class space    used 9420K, capacity 9591K, committed 9600K, reserved 1048576K
Event: 33.665 GC heap after
Heap after GC invocations=146 (full 6):
 def new generation   total 33920K, used 2146K [0x00000000c0000000, 0x00000000c24c0000, 0x00000000d5550000)
  eden space 30208K,   0% used [0x00000000c0000000, 0x00000000c0000000, 0x00000000c1d80000)
  from space 3712K,  57% used [0x00000000c1d80000, 0x00000000c1f988f8, 0x00000000c2120000)
  to   space 3712K,   0% used [0x00000000c2120000, 0x00000000c2120000, 0x00000000c24c0000)
 tenured generation   total 75136K, used 51367K [0x00000000d5550000, 0x00000000d9eb0000, 0x0000000100000000)
   the space 75136K,  68% used [0x00000000d5550000, 0x00000000d8779c88, 0x00000000d8779e00, 0x00000000d9eb0000)
 Metaspace       used 64737K, capacity 65400K, committed 65664K, reserved 1105920K
  class space    used 9420K, capacity 9591K, committed 9600K, reserved 1048576K
}
Event: 33.830 GC heap before
{Heap before GC invocations=146 (full 6):
 def new generation   total 33920K, used 32354K [0x00000000c0000000, 0x00000000c24c0000, 0x00000000d5550000)
  eden space 30208K, 100% used [0x00000000c0000000, 0x00000000c1d80000, 0x00000000c1d80000)
  from space 3712K,  57% used [0x00000000c1d80000, 0x00000000c1f988f8, 0x00000000c2120000)
  to   space 3712K,   0% used [0x00000000c2120000, 0x00000000c2120000, 0x00000000c24c0000)
 tenured generation   total 75136K, used 51367K [0x00000000d5550000, 0x00000000d9eb0000, 0x0000000100000000)
   the space 75136K,  68% used [0x00000000d5550000, 0x00000000d8779c88, 0x00000000d8779e00, 0x00000000d9eb0000)
 Metaspace       used 66082K, capacity 66712K, committed 66944K, reserved 1105920K
  class space    used 9658K, capacity 9815K, committed 9856K, reserved 1048576K
Event: 33.837 GC heap after
Heap after GC invocations=147 (full 6):
 def new generation   total 33920K, used 1558K [0x00000000c0000000, 0x00000000c24c0000, 0x00000000d5550000)
  eden space 30208K,   0% used [0x00000000c0000000, 0x00000000c0000000, 0x00000000c1d80000)
  from space 3712K,  41% used [0x00000000c2120000, 0x00000000c22a5890, 0x00000000c24c0000)
  to   space 3712K,   0% used [0x00000000c1d80000, 0x00000000c1d80000, 0x00000000c2120000)
 tenured generation   total 75136K, used 52061K [0x00000000d5550000, 0x00000000d9eb0000, 0x0000000100000000)
   the space 75136K,  69% used [0x00000000d5550000, 0x00000000d8827468, 0x00000000d8827600, 0x00000000d9eb0000)
 Metaspace       used 66082K, capacity 66712K, committed 66944K, reserved 1105920K
  class space    used 9658K, capacity 9815K, committed 9856K, reserved 1048576K
}
Event: 34.020 GC heap before
{Heap before GC invocations=147 (full 6):
 def new generation   total 33920K, used 31766K [0x00000000c0000000, 0x00000000c24c0000, 0x00000000d5550000)
  eden space 30208K, 100% used [0x00000000c0000000, 0x00000000c1d80000, 0x00000000c1d80000)
  from space 3712K,  41% used [0x00000000c2120000, 0x00000000c22a5890, 0x00000000c24c0000)
  to   space 3712K,   0% used [0x00000000c1d80000, 0x00000000c1d80000, 0x00000000c2120000)
 tenured generation   total 75136K, used 52061K [0x00000000d5550000, 0x00000000d9eb0000, 0x0000000100000000)
   the space 75136K,  69% used [0x00000000d5550000, 0x00000000d8827468, 0x00000000d8827600, 0x00000000d9eb0000)
 Metaspace       used 67519K, capacity 68184K, committed 68480K, reserved 1107968K
  class space    used 9898K, capacity 10071K, committed 10112K, reserved 1048576K
Event: 34.026 GC heap after
Heap after GC invocations=148 (full 6):
 def new generation   total 33920K, used 1932K [0x00000000c0000000, 0x00000000c24c0000, 0x00000000d5550000)
  eden space 30208K,   0% used [0x00000000c0000000, 0x00000000c0000000, 0x00000000c1d80000)
  from space 3712K,  52% used [0x00000000c1d80000, 0x00000000c1f630b8, 0x00000000c2120000)
  to   space 3712K,   0% used [0x00000000c2120000, 0x00000000c2120000, 0x00000000c24c0000)
 tenured generation   total 75136K, used 52061K [0x00000000d5550000, 0x00000000d9eb0000, 0x0000000100000000)
   the space 75136K,  69% used [0x00000000d5550000, 0x00000000d8827468, 0x00000000d8827600, 0x00000000d9eb0000)
 Metaspace       used 67519K, capacity 68184K, committed 68480K, reserved 1107968K
  class space    used 9898K, capacity 10071K, committed 10112K, reserved 1048576K
}
Event: 34.645 GC heap before
{Heap before GC invocations=148 (full 6):
 def new generation   total 33920K, used 32140K [0x00000000c0000000, 0x00000000c24c0000, 0x00000000d5550000)
  eden space 30208K, 100% used [0x00000000c0000000, 0x00000000c1d80000, 0x00000000c1d80000)
  from space 3712K,  52% used [0x00000000c1d80000, 0x00000000c1f630b8, 0x00000000c2120000)
  to   space 3712K,   0% used [0x00000000c2120000, 0x00000000c2120000, 0x00000000c24c0000)
 tenured generation   total 75136K, used 52061K [0x00000000d5550000, 0x00000000d9eb0000, 0x0000000100000000)
   the space 75136K,  69% used [0x00000000d5550000, 0x00000000d8827468, 0x00000000d8827600, 0x00000000d9eb0000)
 Metaspace       used 70342K, capacity 70974K, committed 71168K, reserved 1110016K
  class space    used 10246K, capacity 10424K, committed 10496K, reserved 1048576K
Event: 34.654 GC heap after
Heap after GC invocations=149 (full 6):
 def new generation   total 33920K, used 2971K [0x00000000c0000000, 0x00000000c24c0000, 0x00000000d5550000)
  eden space 30208K,   0% used [0x00000000c0000000, 0x00000000c0000000, 0x00000000c1d80000)
  from space 3712K,  80% used [0x00000000c2120000, 0x00000000c2406fb8, 0x00000000c24c0000)
  to   space 3712K,   0% used [0x00000000c1d80000, 0x00000000c1d80000, 0x00000000c2120000)
 tenured generation   total 75136K, used 52196K [0x00000000d5550000, 0x00000000d9eb0000, 0x0000000100000000)
   the space 75136K,  69% used [0x00000000d5550000, 0x00000000d88491e8, 0x00000000d8849200, 0x00000000d9eb0000)
 Metaspace       used 70342K, capacity 70974K, committed 71168K, reserved 1110016K
  class space    used 10246K, capacity 10424K, committed 10496K, reserved 1048576K
}
Event: 35.020 GC heap before
{Heap before GC invocations=149 (full 6):
 def new generation   total 33920K, used 33179K [0x00000000c0000000, 0x00000000c24c0000, 0x00000000d5550000)
  eden space 30208K, 100% used [0x00000000c0000000, 0x00000000c1d80000, 0x00000000c1d80000)
  from space 3712K,  80% used [0x00000000c2120000, 0x00000000c2406fb8, 0x00000000c24c0000)
  to   space 3712K,   0% used [0x00000000c1d80000, 0x00000000c1d80000, 0x00000000c2120000)
 tenured generation   total 75136K, used 52196K [0x00000000d5550000, 0x00000000d9eb0000, 0x0000000100000000)
   the space 75136K,  69% used [0x00000000d5550000, 0x00000000d88491e8, 0x00000000d8849200, 0x00000000d9eb0000)
 Metaspace       used 71152K, capacity 71864K, committed 72064K, reserved 1110016K
  class space    used 10362K, capacity 10530K, committed 10624K, reserved 1048576K
Event: 35.029 GC heap after
Heap after GC invocations=150 (full 6):
 def new generation   total 33920K, used 1352K [0x00000000c0000000, 0x00000000c24c0000, 0x00000000d5550000)
  eden space 30208K,   0% used [0x00000000c0000000, 0x00000000c0000000, 0x00000000c1d80000)
  from space 3712K,  36% used [0x00000000c1d80000, 0x00000000c1ed2048, 0x00000000c2120000)
  to   space 3712K,   0% used [0x00000000c2120000, 0x00000000c2120000, 0x00000000c24c0000)
 tenured generation   total 75136K, used 53334K [0x00000000d5550000, 0x00000000d9eb0000, 0x0000000100000000)
   the space 75136K,  70% used [0x00000000d5550000, 0x00000000d8965a38, 0x00000000d8965c00, 0x00000000d9eb0000)
 Metaspace       used 71152K, capacity 71864K, committed 72064K, reserved 1110016K
  class space    used 10362K, capacity 10530K, committed 10624K, reserved 1048576K
}
Event: 35.617 GC heap before
{Heap before GC invocations=150 (full 6):
 def new generation   total 33920K, used 31560K [0x00000000c0000000, 0x00000000c24c0000, 0x00000000d5550000)
  eden space 30208K, 100% used [0x00000000c0000000, 0x00000000c1d80000, 0x00000000c1d80000)
  from space 3712K,  36% used [0x00000000c1d80000, 0x00000000c1ed2048, 0x00000000c2120000)
  to   space 3712K,   0% used [0x00000000c2120000, 0x00000000c2120000, 0x00000000c24c0000)
 tenured generation   total 75136K, used 53334K [0x00000000d5550000, 0x00000000d9eb0000, 0x0000000100000000)
   the space 75136K,  70% used [0x00000000d5550000, 0x00000000d8965a38, 0x00000000d8965c00, 0x00000000d9eb0000)
 Metaspace       used 73068K, capacity 73820K, committed 74112K, reserved 1112064K
  class space    used 10618K, capacity 10792K, committed 10880K, reserved 1048576K
Event: 35.626 GC heap after
Heap after GC invocations=151 (full 6):
 def new generation   total 33920K, used 3262K [0x00000000c0000000, 0x00000000c24c0000, 0x00000000d5550000)
  eden space 30208K,   0% used [0x00000000c0000000, 0x00000000c0000000, 0x00000000c1d80000)
  from space 3712K,  87% used [0x00000000c2120000, 0x00000000c244f9b0, 0x00000000c24c0000)
  to   space 3712K,   0% used [0x00000000c1d80000, 0x00000000c1d80000, 0x00000000c2120000)
 tenured generation   total 75136K, used 53334K [0x00000000d5550000, 0x00000000d9eb0000, 0x0000000100000000)
   the space 75136K,  70% used [0x00000000d5550000, 0x00000000d8965a38, 0x00000000d8965c00, 0x00000000d9eb0000)
 Metaspace       used 73068K, capacity 73820K, committed 74112K, reserved 1112064K
  class space    used 10618K, capacity 10792K, committed 10880K, reserved 1048576K
}
Event: 35.980 GC heap before
{Heap before GC invocations=151 (full 6):
 def new generation   total 33920K, used 33470K [0x00000000c0000000, 0x00000000c24c0000, 0x00000000d5550000)
  eden space 30208K, 100% used [0x00000000c0000000, 0x00000000c1d80000, 0x00000000c1d80000)
  from space 3712K,  87% used [0x00000000c2120000, 0x00000000c244f9b0, 0x00000000c24c0000)
  to   space 3712K,   0% used [0x00000000c1d80000, 0x00000000c1d80000, 0x00000000c2120000)
 tenured generation   total 75136K, used 53334K [0x00000000d5550000, 0x00000000d9eb0000, 0x0000000100000000)
   the space 75136K,  70% used [0x00000000d5550000, 0x00000000d8965a38, 0x00000000d8965c00, 0x00000000d9eb0000)
 Metaspace       used 73914K, capacity 74652K, committed 74752K, reserved 1114112K
  class space    used 10797K, capacity 10984K, committed 11008K, reserved 1048576K
Event: 35.990 GC heap after
Heap after GC invocations=152 (full 6):
 def new generation   total 33920K, used 1115K [0x00000000c0000000, 0x00000000c24c0000, 0x00000000d5550000)
  eden space 30208K,   0% used [0x00000000c0000000, 0x00000000c0000000, 0x00000000c1d80000)
  from space 3712K,  30% used [0x00000000c1d80000, 0x00000000c1e96c30, 0x00000000c2120000)
  to   space 3712K,   0% used [0x00000000c2120000, 0x00000000c2120000, 0x00000000c24c0000)
 tenured generation   total 75136K, used 55193K [0x00000000d5550000, 0x00000000d9eb0000, 0x0000000100000000)
   the space 75136K,  73% used [0x00000000d5550000, 0x00000000d8b36600, 0x00000000d8b36600, 0x00000000d9eb0000)
 Metaspace       used 73914K, capacity 74652K, committed 74752K, reserved 1114112K
  class space    used 10797K, capacity 10984K, committed 11008K, reserved 1048576K
}
Event: 36.643 GC heap before
{Heap before GC invocations=152 (full 6):
 def new generation   total 33920K, used 31323K [0x00000000c0000000, 0x00000000c24c0000, 0x00000000d5550000)
  eden space 30208K, 100% used [0x00000000c0000000, 0x00000000c1d80000, 0x00000000c1d80000)
  from space 3712K,  30% used [0x00000000c1d80000, 0x00000000c1e96c30, 0x00000000c2120000)
  to   space 3712K,   0% used [0x00000000c2120000, 0x00000000c2120000, 0x00000000c24c0000)
 tenured generation   total 75136K, used 55193K [0x00000000d5550000, 0x00000000d9eb0000, 0x0000000100000000)
   the space 75136K,  73% used [0x00000000d5550000, 0x00000000d8b36600, 0x00000000d8b36600, 0x00000000d9eb0000)
 Metaspace       used 74642K, capacity 75374K, committed 75648K, reserved 1114112K
  class space    used 10940K, capacity 11116K, committed 11136K, reserved 1048576K
Event: 36.650 GC heap after
Heap after GC invocations=153 (full 6):
 def new generation   total 33920K, used 1335K [0x00000000c0000000, 0x00000000c24c0000, 0x00000000d5550000)
  eden space 30208K,   0% used [0x00000000c0000000, 0x00000000c0000000, 0x00000000c1d80000)
  from space 3712K,  35% used [0x00000000c2120000, 0x00000000c226df40, 0x00000000c24c0000)
  to   space 3712K,   0% used [0x00000000c1d80000, 0x00000000c1d80000, 0x00000000c2120000)
 tenured generation   total 75136K, used 55193K [0x00000000d5550000, 0x00000000d9eb0000, 0x0000000100000000)
   the space 75136K,  73% used [0x00000000d5550000, 0x00000000d8b36600, 0x00000000d8b36600, 0x00000000d9eb0000)
 Metaspace       used 74642K, capacity 75374K, committed 75648K, reserved 1114112K
  class space    used 10940K, capacity 11116K, committed 11136K, reserved 1048576K
}
Event: 37.299 GC heap before
{Heap before GC invocations=153 (full 6):
 def new generation   total 33920K, used 31543K [0x00000000c0000000, 0x00000000c24c0000, 0x00000000d5550000)
  eden space 30208K, 100% used [0x00000000c0000000, 0x00000000c1d80000, 0x00000000c1d80000)
  from space 3712K,  35% used [0x00000000c2120000, 0x00000000c226df40, 0x00000000c24c0000)
  to   space 3712K,   0% used [0x00000000c1d80000, 0x00000000c1d80000, 0x00000000c2120000)
 tenured generation   total 75136K, used 55193K [0x00000000d5550000, 0x00000000d9eb0000, 0x0000000100000000)
   the space 75136K,  73% used [0x00000000d5550000, 0x00000000d8b36600, 0x00000000d8b36600, 0x00000000d9eb0000)
 Metaspace       used 75396K, capacity 76214K, committed 76288K, reserved 1114112K
  class space    used 11064K, capacity 11240K, committed 11264K, reserved 1048576K
Event: 37.307 GC heap after
Heap after GC invocations=154 (full 6):
 def new generation   total 33920K, used 1855K [0x00000000c0000000, 0x00000000c24c0000, 0x00000000d5550000)
  eden space 30208K,   0% used [0x00000000c0000000, 0x00000000c0000000, 0x00000000c1d80000)
  from space 3712K,  49% used [0x00000000c1d80000, 0x00000000c1f4fd88, 0x00000000c2120000)
  to   space 3712K,   0% used [0x00000000c2120000, 0x00000000c2120000, 0x00000000c24c0000)
 tenured generation   total 75136K, used 55193K [0x00000000d5550000, 0x00000000d9eb0000, 0x0000000100000000)
   the space 75136K,  73% used [0x00000000d5550000, 0x00000000d8b36600, 0x00000000d8b36600, 0x00000000d9eb0000)
 Metaspace       used 75396K, capacity 76214K, committed 76288K, reserved 1114112K
  class space    used 11064K, capacity 11240K, committed 11264K, reserved 1048576K
}
Event: 38.118 GC heap before
{Heap before GC invocations=154 (full 6):
 def new generation   total 33920K, used 32063K [0x00000000c0000000, 0x00000000c24c0000, 0x00000000d5550000)
  eden space 30208K, 100% used [0x00000000c0000000, 0x00000000c1d80000, 0x00000000c1d80000)
  from space 3712K,  49% used [0x00000000c1d80000, 0x00000000c1f4fd88, 0x00000000c2120000)
  to   space 3712K,   0% used [0x00000000c2120000, 0x00000000c2120000, 0x00000000c24c0000)
 tenured generation   total 75136K, used 55193K [0x00000000d5550000, 0x00000000d9eb0000, 0x0000000100000000)
   the space 75136K,  73% used [0x00000000d5550000, 0x00000000d8b36600, 0x00000000d8b36600, 0x00000000d9eb0000)
 Metaspace       used 76273K, capacity 77014K, committed 77184K, reserved 1116160K
  class space    used 11204K, capacity 11374K, committed 11392K, reserved 1048576K
Event: 38.126 GC heap after
Heap after GC invocations=155 (full 6):
 def new generation   total 33920K, used 1915K [0x00000000c0000000, 0x00000000c24c0000, 0x00000000d5550000)
  eden space 30208K,   0% used [0x00000000c0000000, 0x00000000c0000000, 0x00000000c1d80000)
  from space 3712K,  51% used [0x00000000c2120000, 0x00000000c22fed60, 0x00000000c24c0000)
  to   space 3712K,   0% used [0x00000000c1d80000, 0x00000000c1d80000, 0x00000000c2120000)
 tenured generation   total 75136K, used 55193K [0x00000000d5550000, 0x00000000d9eb0000, 0x0000000100000000)
   the space 75136K,  73% used [0x00000000d5550000, 0x00000000d8b36600, 0x00000000d8b36600, 0x00000000d9eb0000)
 Metaspace       used 76273K, capacity 77014K, committed 77184K, reserved 1116160K
  class space    used 11204K, capacity 11374K, committed 11392K, reserved 1048576K
}
Event: 38.706 GC heap before
{Heap before GC invocations=155 (full 6):
 def new generation   total 33920K, used 32123K [0x00000000c0000000, 0x00000000c24c0000, 0x00000000d5550000)
  eden space 30208K, 100% used [0x00000000c0000000, 0x00000000c1d80000, 0x00000000c1d80000)
  from space 3712K,  51% used [0x00000000c2120000, 0x00000000c22fed60, 0x00000000c24c0000)
  to   space 3712K,   0% used [0x00000000c1d80000, 0x00000000c1d80000, 0x00000000c2120000)
 tenured generation   total 75136K, used 55193K [0x00000000d5550000, 0x00000000d9eb0000, 0x0000000100000000)
   the space 75136K,  73% used [0x00000000d5550000, 0x00000000d8b36600, 0x00000000d8b36600, 0x00000000d9eb0000)
 Metaspace       used 76936K, capacity 77800K, committed 78080K, reserved 1116160K
  class space    used 11311K, capacity 11506K, committed 11520K, reserved 1048576K
Event: 38.720 GC heap after
Heap after GC invocations=156 (full 6):
 def new generation   total 33920K, used 2112K [0x00000000c0000000, 0x00000000c24c0000, 0x00000000d5550000)
  eden space 30208K,   0% used [0x00000000c0000000, 0x00000000c0000000, 0x00000000c1d80000)
  from space 3712K,  56% used [0x00000000c1d80000, 0x00000000c1f90360, 0x00000000c2120000)
  to   space 3712K,   0% used [0x00000000c2120000, 0x00000000c2120000, 0x00000000c24c0000)
 tenured generation   total 75136K, used 55565K [0x00000000d5550000, 0x00000000d9eb0000, 0x0000000100000000)
   the space 75136K,  73% used [0x00000000d5550000, 0x00000000d8b93480, 0x00000000d8b93600, 0x00000000d9eb0000)
 Metaspace       used 76936K, capacity 77800K, committed 78080K, reserved 1116160K
  class space    used 11311K, capacity 11506K, committed 11520K, reserved 1048576K
}
Event: 39.136 GC heap before
{Heap before GC invocations=156 (full 6):
 def new generation   total 33920K, used 30786K [0x00000000c0000000, 0x00000000c24c0000, 0x00000000d5550000)
  eden space 30208K,  94% used [0x00000000c0000000, 0x00000000c1c00778, 0x00000000c1d80000)
  from space 3712K,  56% used [0x00000000c1d80000, 0x00000000c1f90360, 0x00000000c2120000)
  to   space 3712K,   0% used [0x00000000c2120000, 0x00000000c2120000, 0x00000000c24c0000)
 tenured generation   total 75136K, used 55565K [0x00000000d5550000, 0x00000000d9eb0000, 0x0000000100000000)
   the space 75136K,  73% used [0x00000000d5550000, 0x00000000d8b93480, 0x00000000d8b93600, 0x00000000d9eb0000)
 Metaspace       used 77348K, capacity 78304K, committed 78464K, reserved 1116160K
  class space    used 11371K, capacity 11574K, committed 11648K, reserved 1048576K
Event: 39.147 GC heap after
Heap after GC invocations=157 (full 6):
 def new generation   total 33920K, used 2498K [0x00000000c0000000, 0x00000000c24c0000, 0x00000000d5550000)
  eden space 30208K,   0% used [0x00000000c0000000, 0x00000000c0000000, 0x00000000c1d80000)
  from space 3712K,  67% used [0x00000000c2120000, 0x00000000c23908c0, 0x00000000c24c0000)
  to   space 3712K,   0% used [0x00000000c1d80000, 0x00000000c1d80000, 0x00000000c2120000)
 tenured generation   total 75136K, used 56225K [0x00000000d5550000, 0x00000000d9eb0000, 0x0000000100000000)
   the space 75136K,  74% used [0x00000000d5550000, 0x00000000d8c38598, 0x00000000d8c38600, 0x00000000d9eb0000)
 Metaspace       used 77348K, capacity 78304K, committed 78464K, reserved 1116160K
  class space    used 11371K, capacity 11574K, committed 11648K, reserved 1048576K
}
Event: 39.412 GC heap before
{Heap before GC invocations=157 (full 6):
 def new generation   total 33920K, used 30699K [0x00000000c0000000, 0x00000000c24c0000, 0x00000000d5550000)
  eden space 30208K,  93% used [0x00000000c0000000, 0x00000000c1b8a3c8, 0x00000000c1d80000)
  from space 3712K,  67% used [0x00000000c2120000, 0x00000000c23908c0, 0x00000000c24c0000)
  to   space 3712K,   0% used [0x00000000c1d80000, 0x00000000c1d80000, 0x00000000c2120000)
 tenured generation   total 75136K, used 56225K [0x00000000d5550000, 0x00000000d9eb0000, 0x0000000100000000)
   the space 75136K,  74% used [0x00000000d5550000, 0x00000000d8c38598, 0x00000000d8c38600, 0x00000000d9eb0000)
 Metaspace       used 77463K, capacity 78464K, committed 78720K, reserved 1116160K
  class space    used 11383K, capacity 11583K, committed 11648K, reserved 1048576K
Event: 39.421 GC heap after
Heap after GC invocations=158 (full 6):
 def new generation   total 33920K, used 1297K [0x00000000c0000000, 0x00000000c24c0000, 0x00000000d5550000)
  eden space 30208K,   0% used [0x00000000c0000000, 0x00000000c0000000, 0x00000000c1d80000)
  from space 3712K,  34% used [0x00000000c1d80000, 0x00000000c1ec47d0, 0x00000000c2120000)
  to   space 3712K,   0% used [0x00000000c2120000, 0x00000000c2120000, 0x00000000c24c0000)
 tenured generation   total 75136K, used 57155K [0x00000000d5550000, 0x00000000d9eb0000, 0x0000000100000000)
   the space 75136K,  76% used [0x00000000d5550000, 0x00000000d8d20cd0, 0x00000000d8d20e00, 0x00000000d9eb0000)
 Metaspace       used 77463K, capacity 78464K, committed 78720K, reserved 1116160K
  class space    used 11383K, capacity 11583K, committed 11648K, reserved 1048576K
}
Event: 39.596 GC heap before
{Heap before GC invocations=158 (full 6):
 def new generation   total 33920K, used 20239K [0x00000000c0000000, 0x00000000c24c0000, 0x00000000d5550000)
  eden space 30208K,  62% used [0x00000000c0000000, 0x00000000c127f770, 0x00000000c1d80000)
  from space 3712K,  34% used [0x00000000c1d80000, 0x00000000c1ec47d0, 0x00000000c2120000)
  to   space 3712K,   0% used [0x00000000c2120000, 0x00000000c2120000, 0x00000000c24c0000)
 tenured generation   total 75136K, used 57155K [0x00000000d5550000, 0x00000000d9eb0000, 0x0000000100000000)
   the space 75136K,  76% used [0x00000000d5550000, 0x00000000d8d20cd0, 0x00000000d8d20e00, 0x00000000d9eb0000)
 Metaspace       used 77606K, capacity 78616K, committed 78720K, reserved 1116160K
  class space    used 11399K, capacity 11623K, committed 11648K, reserved 1048576K
Event: 39.603 GC heap after
Heap after GC invocations=159 (full 6):
 def new generation   total 33920K, used 1788K [0x00000000c0000000, 0x00000000c24c0000, 0x00000000d5550000)
  eden space 30208K,   0% used [0x00000000c0000000, 0x00000000c0000000, 0x00000000c1d80000)
  from space 3712K,  48% used [0x00000000c2120000, 0x00000000c22df050, 0x00000000c24c0000)
  to   space 3712K,   0% used [0x00000000c1d80000, 0x00000000c1d80000, 0x00000000c2120000)
 tenured generation   total 75136K, used 57155K [0x00000000d5550000, 0x00000000d9eb0000, 0x0000000100000000)
   the space 75136K,  76% used [0x00000000d5550000, 0x00000000d8d20cd0, 0x00000000d8d20e00, 0x00000000d9eb0000)
 Metaspace       used 77606K, capacity 78616K, committed 78720K, reserved 1116160K
  class space    used 11399K, capacity 11623K, committed 11648K, reserved 1048576K
}
Event: 39.751 GC heap before
{Heap before GC invocations=159 (full 6):
 def new generation   total 33920K, used 31996K [0x00000000c0000000, 0x00000000c24c0000, 0x00000000d5550000)
  eden space 30208K, 100% used [0x00000000c0000000, 0x00000000c1d80000, 0x00000000c1d80000)
  from space 3712K,  48% used [0x00000000c2120000, 0x00000000c22df050, 0x00000000c24c0000)
  to   space 3712K,   0% used [0x00000000c1d80000, 0x00000000c1d80000, 0x00000000c2120000)
 tenured generation   total 75136K, used 57155K [0x00000000d5550000, 0x00000000d9eb0000, 0x0000000100000000)
   the space 75136K,  76% used [0x00000000d5550000, 0x00000000d8d20cd0, 0x00000000d8d20e00, 0x00000000d9eb0000)
 Metaspace       used 77687K, capacity 78692K, committed 78720K, reserved 1116160K
  class space    used 11401K, capacity 11625K, committed 11648K, reserved 1048576K
Event: 39.758 GC heap after
Heap after GC invocations=160 (full 6):
 def new generation   total 33920K, used 1404K [0x00000000c0000000, 0x00000000c24c0000, 0x00000000d5550000)
  eden space 30208K,   0% used [0x00000000c0000000, 0x00000000c0000000, 0x00000000c1d80000)
  from space 3712K,  37% used [0x00000000c1d80000, 0x00000000c1edf2c8, 0x00000000c2120000)
  to   space 3712K,   0% used [0x00000000c2120000, 0x00000000c2120000, 0x00000000c24c0000)
 tenured generation   total 75136K, used 57155K [0x00000000d5550000, 0x00000000d9eb0000, 0x0000000100000000)
   the space 75136K,  76% used [0x00000000d5550000, 0x00000000d8d20cd0, 0x00000000d8d20e00, 0x00000000d9eb0000)
 Metaspace       used 77687K, capacity 78692K, committed 78720K, reserved 1116160K
  class space    used 11401K, capacity 11625K, committed 11648K, reserved 1048576K
}
Event: 40.134 GC heap before
{Heap before GC invocations=160 (full 6):
 def new generation   total 33920K, used 31612K [0x00000000c0000000, 0x00000000c24c0000, 0x00000000d5550000)
  eden space 30208K, 100% used [0x00000000c0000000, 0x00000000c1d80000, 0x00000000c1d80000)
  from space 3712K,  37% used [0x00000000c1d80000, 0x00000000c1edf2c8, 0x00000000c2120000)
  to   space 3712K,   0% used [0x00000000c2120000, 0x00000000c2120000, 0x00000000c24c0000)
 tenured generation   total 75136K, used 57155K [0x00000000d5550000, 0x00000000d9eb0000, 0x0000000100000000)
   the space 75136K,  76% used [0x00000000d5550000, 0x00000000d8d20cd0, 0x00000000d8d20e00, 0x00000000d9eb0000)
 Metaspace       used 77805K, capacity 78834K, committed 78976K, reserved 1116160K
  class space    used 11408K, capacity 11638K, committed 11648K, reserved 1048576K
Event: 40.141 GC heap after
Heap after GC invocations=161 (full 6):
 def new generation   total 33920K, used 1506K [0x00000000c0000000, 0x00000000c24c0000, 0x00000000d5550000)
  eden space 30208K,   0% used [0x00000000c0000000, 0x00000000c0000000, 0x00000000c1d80000)
  from space 3712K,  40% used [0x00000000c2120000, 0x00000000c2298810, 0x00000000c24c0000)
  to   space 3712K,   0% used [0x00000000c1d80000, 0x00000000c1d80000, 0x00000000c2120000)
 tenured generation   total 75136K, used 57155K [0x00000000d5550000, 0x00000000d9eb0000, 0x0000000100000000)
   the space 75136K,  76% used [0x00000000d5550000, 0x00000000d8d20cd0, 0x00000000d8d20e00, 0x00000000d9eb0000)
 Metaspace       used 77805K, capacity 78834K, committed 78976K, reserved 1116160K
  class space    used 11408K, capacity 11638K, committed 11648K, reserved 1048576K
}
Event: 40.517 GC heap before
{Heap before GC invocations=161 (full 6):
 def new generation   total 33920K, used 31714K [0x00000000c0000000, 0x00000000c24c0000, 0x00000000d5550000)
  eden space 30208K, 100% used [0x00000000c0000000, 0x00000000c1d80000, 0x00000000c1d80000)
  from space 3712K,  40% used [0x00000000c2120000, 0x00000000c2298810, 0x00000000c24c0000)
  to   space 3712K,   0% used [0x00000000c1d80000, 0x00000000c1d80000, 0x00000000c2120000)
 tenured generation   total 75136K, used 57155K [0x00000000d5550000, 0x00000000d9eb0000, 0x0000000100000000)
   the space 75136K,  76% used [0x00000000d5550000, 0x00000000d8d20cd0, 0x00000000d8d20e00, 0x00000000d9eb0000)
 Metaspace       used 77882K, capacity 78962K, committed 78976K, reserved 1116160K
  class space    used 11408K, capacity 11638K, committed 11648K, reserved 1048576K
Event: 40.524 GC heap after
Heap after GC invocations=162 (full 6):
 def new generation   total 33920K, used 1518K [0x00000000c0000000, 0x00000000c24c0000, 0x00000000d5550000)
  eden space 30208K,   0% used [0x00000000c0000000, 0x00000000c0000000, 0x00000000c1d80000)
  from space 3712K,  40% used [0x00000000c1d80000, 0x00000000c1efb928, 0x00000000c2120000)
  to   space 3712K,   0% used [0x00000000c2120000, 0x00000000c2120000, 0x00000000c24c0000)
 tenured generation   total 75136K, used 57155K [0x00000000d5550000, 0x00000000d9eb0000, 0x0000000100000000)
   the space 75136K,  76% used [0x00000000d5550000, 0x00000000d8d20cd0, 0x00000000d8d20e00, 0x00000000d9eb0000)
 Metaspace       used 77882K, capacity 78962K, committed 78976K, reserved 1116160K
  class space    used 11408K, capacity 11638K, committed 11648K, reserved 1048576K
}
Event: 40.905 GC heap before
{Heap before GC invocations=162 (full 6):
 def new generation   total 33920K, used 31726K [0x00000000c0000000, 0x00000000c24c0000, 0x00000000d5550000)
  eden space 30208K, 100% used [0x00000000c0000000, 0x00000000c1d80000, 0x00000000c1d80000)
  from space 3712K,  40% used [0x00000000c1d80000, 0x00000000c1efb928, 0x00000000c2120000)
  to   space 3712K,   0% used [0x00000000c2120000, 0x00000000c2120000, 0x00000000c24c0000)
 tenured generation   total 75136K, used 57155K [0x00000000d5550000, 0x00000000d9eb0000, 0x0000000100000000)
   the space 75136K,  76% used [0x00000000d5550000, 0x00000000d8d20cd0, 0x00000000d8d20e00, 0x00000000d9eb0000)
 Metaspace       used 77985K, capacity 79026K, committed 79232K, reserved 1116160K
  class space    used 11408K, capacity 11638K, committed 11648K, reserved 1048576K
Event: 40.912 GC heap after
Heap after GC invocations=163 (full 6):
 def new generation   total 33920K, used 1596K [0x00000000c0000000, 0x00000000c24c0000, 0x00000000d5550000)
  eden space 30208K,   0% used [0x00000000c0000000, 0x00000000c0000000, 0x00000000c1d80000)
  from space 3712K,  42% used [0x00000000c2120000, 0x00000000c22af098, 0x00000000c24c0000)
  to   space 3712K,   0% used [0x00000000c1d80000, 0x00000000c1d80000, 0x00000000c2120000)
 tenured generation   total 75136K, used 57155K [0x00000000d5550000, 0x00000000d9eb0000, 0x0000000100000000)
   the space 75136K,  76% used [0x00000000d5550000, 0x00000000d8d20cd0, 0x00000000d8d20e00, 0x00000000d9eb0000)
 Metaspace       used 77985K, capacity 79026K, committed 79232K, reserved 1116160K
  class space    used 11408K, capacity 11638K, committed 11648K, reserved 1048576K
}
Event: 41.278 GC heap before
{Heap before GC invocations=163 (full 6):
 def new generation   total 33920K, used 31804K [0x00000000c0000000, 0x00000000c24c0000, 0x00000000d5550000)
  eden space 30208K, 100% used [0x00000000c0000000, 0x00000000c1d80000, 0x00000000c1d80000)
  from space 3712K,  42% used [0x00000000c2120000, 0x00000000c22af098, 0x00000000c24c0000)
  to   space 3712K,   0% used [0x00000000c1d80000, 0x00000000c1d80000, 0x00000000c2120000)
 tenured generation   total 75136K, used 57155K [0x00000000d5550000, 0x00000000d9eb0000, 0x0000000100000000)
   the space 75136K,  76% used [0x00000000d5550000, 0x00000000d8d20cd0, 0x00000000d8d20e00, 0x00000000d9eb0000)
 Metaspace       used 78075K, capacity 79090K, committed 79232K, reserved 1116160K
  class space    used 11409K, capacity 11638K, committed 11648K, reserved 1048576K
Event: 41.286 GC heap after
Heap after GC invocations=164 (full 6):
 def new generation   total 33920K, used 1624K [0x00000000c0000000, 0x00000000c24c0000, 0x00000000d5550000)
  eden space 30208K,   0% used [0x00000000c0000000, 0x00000000c0000000, 0x00000000c1d80000)
  from space 3712K,  43% used [0x00000000c1d80000, 0x00000000c1f16330, 0x00000000c2120000)
  to   space 3712K,   0% used [0x00000000c2120000, 0x00000000c2120000, 0x00000000c24c0000)
 tenured generation   total 75136K, used 57155K [0x00000000d5550000, 0x00000000d9eb0000, 0x0000000100000000)
   the space 75136K,  76% used [0x00000000d5550000, 0x00000000d8d20cd0, 0x00000000d8d20e00, 0x00000000d9eb0000)
 Metaspace       used 78075K, capacity 79090K, committed 79232K, reserved 1116160K
  class space    used 11409K, capacity 11638K, committed 11648K, reserved 1048576K
}
Event: 41.617 GC heap before
{Heap before GC invocations=164 (full 6):
 def new generation   total 33920K, used 31832K [0x00000000c0000000, 0x00000000c24c0000, 0x00000000d5550000)
  eden space 30208K, 100% used [0x00000000c0000000, 0x00000000c1d80000, 0x00000000c1d80000)
  from space 3712K,  43% used [0x00000000c1d80000, 0x00000000c1f16330, 0x00000000c2120000)
  to   space 3712K,   0% used [0x00000000c2120000, 0x00000000c2120000, 0x00000000c24c0000)
 tenured generation   total 75136K, used 57155K [0x00000000d5550000, 0x00000000d9eb0000, 0x0000000100000000)
   the space 75136K,  76% used [0x00000000d5550000, 0x00000000d8d20cd0, 0x00000000d8d20e00, 0x00000000d9eb0000)
 Metaspace       used 78157K, capacity 79218K, committed 79232K, reserved 1116160K
  class space    used 11409K, capacity 11638K, committed 11648K, reserved 1048576K
Event: 41.625 GC heap after
Heap after GC invocations=165 (full 6):
 def new generation   total 33920K, used 1677K [0x00000000c0000000, 0x00000000c24c0000, 0x00000000d5550000)
  eden space 30208K,   0% used [0x00000000c0000000, 0x00000000c0000000, 0x00000000c1d80000)
  from space 3712K,  45% used [0x00000000c2120000, 0x00000000c22c3460, 0x00000000c24c0000)
  to   space 3712K,   0% used [0x00000000c1d80000, 0x00000000c1d80000, 0x00000000c2120000)
 tenured generation   total 75136K, used 57155K [0x00000000d5550000, 0x00000000d9eb0000, 0x0000000100000000)
   the space 75136K,  76% used [0x00000000d5550000, 0x00000000d8d20cd0, 0x00000000d8d20e00, 0x00000000d9eb0000)
 Metaspace       used 78157K, capacity 79218K, committed 79232K, reserved 1116160K
  class space    used 11409K, capacity 11638K, committed 11648K, reserved 1048576K
}
Event: 41.857 GC heap before
{Heap before GC invocations=165 (full 6):
 def new generation   total 33920K, used 26372K [0x00000000c0000000, 0x00000000c24c0000, 0x00000000d5550000)
  eden space 30208K,  81% used [0x00000000c0000000, 0x00000000c181dcf8, 0x00000000c1d80000)
  from space 3712K,  45% used [0x00000000c2120000, 0x00000000c22c3460, 0x00000000c24c0000)
  to   space 3712K,   0% used [0x00000000c1d80000, 0x00000000c1d80000, 0x00000000c2120000)
 tenured generation   total 75136K, used 57155K [0x00000000d5550000, 0x00000000d9eb0000, 0x0000000100000000)
   the space 75136K,  76% used [0x00000000d5550000, 0x00000000d8d20cd0, 0x00000000d8d20e00, 0x00000000d9eb0000)
 Metaspace       used 78194K, capacity 79218K, committed 79232K, reserved 1116160K
  class space    used 11409K, capacity 11638K, committed 11648K, reserved 1048576K
Event: 41.865 GC heap after
Heap after GC invocations=166 (full 6):
 def new generation   total 33920K, used 2108K [0x00000000c0000000, 0x00000000c24c0000, 0x00000000d5550000)
  eden space 30208K,   0% used [0x00000000c0000000, 0x00000000c0000000, 0x00000000c1d80000)
  from space 3712K,  56% used [0x00000000c1d80000, 0x00000000c1f8f298, 0x00000000c2120000)
  to   space 3712K,   0% used [0x00000000c2120000, 0x00000000c2120000, 0x00000000c24c0000)
 tenured generation   total 75136K, used 57155K [0x00000000d5550000, 0x00000000d9eb0000, 0x0000000100000000)
   the space 75136K,  76% used [0x00000000d5550000, 0x00000000d8d20cd0, 0x00000000d8d20e00, 0x00000000d9eb0000)
 Metaspace       used 78194K, capacity 79218K, committed 79232K, reserved 1116160K
  class space    used 11409K, capacity 11638K, committed 11648K, reserved 1048576K
}
Event: 41.999 GC heap before
{Heap before GC invocations=166 (full 6):
 def new generation   total 33920K, used 32316K [0x00000000c0000000, 0x00000000c24c0000, 0x00000000d5550000)
  eden space 30208K, 100% used [0x00000000c0000000, 0x00000000c1d80000, 0x00000000c1d80000)
  from space 3712K,  56% used [0x00000000c1d80000, 0x00000000c1f8f298, 0x00000000c2120000)
  to   space 3712K,   0% used [0x00000000c2120000, 0x00000000c2120000, 0x00000000c24c0000)
 tenured generation   total 75136K, used 57155K [0x00000000d5550000, 0x00000000d9eb0000, 0x0000000100000000)
   the space 75136K,  76% used [0x00000000d5550000, 0x00000000d8d20cd0, 0x00000000d8d20e00, 0x00000000d9eb0000)
 Metaspace       used 78233K, capacity 79218K, committed 79232K, reserved 1116160K
  class space    used 11410K, capacity 11638K, committed 11648K, reserved 1048576K
Event: 42.007 GC heap after
Heap after GC invocations=167 (full 6):
 def new generation   total 33920K, used 694K [0x00000000c0000000, 0x00000000c24c0000, 0x00000000d5550000)
  eden space 30208K,   0% used [0x00000000c0000000, 0x00000000c0000000, 0x00000000c1d80000)
  from space 3712K,  18% used [0x00000000c2120000, 0x00000000c21cd8e8, 0x00000000c24c0000)
  to   space 3712K,   0% used [0x00000000c1d80000, 0x00000000c1d80000, 0x00000000c2120000)
 tenured generation   total 75136K, used 58048K [0x00000000d5550000, 0x00000000d9eb0000, 0x0000000100000000)
   the space 75136K,  77% used [0x00000000d5550000, 0x00000000d8e003f0, 0x00000000d8e00400, 0x00000000d9eb0000)
 Metaspace       used 78233K, capacity 79218K, committed 79232K, reserved 1116160K
  class space    used 11410K, capacity 11638K, committed 11648K, reserved 1048576K
}
Event: 42.280 GC heap before
{Heap before GC invocations=167 (full 6):
 def new generation   total 33920K, used 30902K [0x00000000c0000000, 0x00000000c24c0000, 0x00000000d5550000)
  eden space 30208K, 100% used [0x00000000c0000000, 0x00000000c1d80000, 0x00000000c1d80000)
  from space 3712K,  18% used [0x00000000c2120000, 0x00000000c21cd8e8, 0x00000000c24c0000)
  to   space 3712K,   0% used [0x00000000c1d80000, 0x00000000c1d80000, 0x00000000c2120000)
 tenured generation   total 75136K, used 58048K [0x00000000d5550000, 0x00000000d9eb0000, 0x0000000100000000)
   the space 75136K,  77% used [0x00000000d5550000, 0x00000000d8e003f0, 0x00000000d8e00400, 0x00000000d9eb0000)
 Metaspace       used 78256K, capacity 79282K, committed 79488K, reserved 1118208K
  class space    used 11410K, capacity 11638K, committed 11648K, reserved 1048576K
Event: 42.286 GC heap after
Heap after GC invocations=168 (full 6):
 def new generation   total 33920K, used 785K [0x00000000c0000000, 0x00000000c24c0000, 0x00000000d5550000)
  eden space 30208K,   0% used [0x00000000c0000000, 0x00000000c0000000, 0x00000000c1d80000)
  from space 3712K,  21% used [0x00000000c1d80000, 0x00000000c1e44580, 0x00000000c2120000)
  to   space 3712K,   0% used [0x00000000c2120000, 0x00000000c2120000, 0x00000000c24c0000)
 tenured generation   total 75136K, used 58048K [0x00000000d5550000, 0x00000000d9eb0000, 0x0000000100000000)
   the space 75136K,  77% used [0x00000000d5550000, 0x00000000d8e003f0, 0x00000000d8e00400, 0x00000000d9eb0000)
 Metaspace       used 78256K, capacity 79282K, committed 79488K, reserved 1118208K
  class space    used 11410K, capacity 11638K, committed 11648K, reserved 1048576K
}
Event: 42.578 GC heap before
{Heap before GC invocations=168 (full 6):
 def new generation   total 33920K, used 30962K [0x00000000c0000000, 0x00000000c24c0000, 0x00000000d5550000)
  eden space 30208K,  99% used [0x00000000c0000000, 0x00000000c1d78560, 0x00000000c1d80000)
  from space 3712K,  21% used [0x00000000c1d80000, 0x00000000c1e44580, 0x00000000c2120000)
  to   space 3712K,   0% used [0x00000000c2120000, 0x00000000c2120000, 0x00000000c24c0000)
 tenured generation   total 75136K, used 58048K [0x00000000d5550000, 0x00000000d9eb0000, 0x0000000100000000)
   the space 75136K,  77% used [0x00000000d5550000, 0x00000000d8e003f0, 0x00000000d8e00400, 0x00000000d9eb0000)
 Metaspace       used 78337K, capacity 79346K, committed 79488K, reserved 1118208K
  class space    used 11410K, capacity 11638K, committed 11648K, reserved 1048576K
Event: 42.584 GC heap after
Heap after GC invocations=169 (full 6):
 def new generation   total 33920K, used 1201K [0x00000000c0000000, 0x00000000c24c0000, 0x00000000d5550000)
  eden space 30208K,   0% used [0x00000000c0000000, 0x00000000c0000000, 0x00000000c1d80000)
  from space 3712K,  32% used [0x00000000c2120000, 0x00000000c224c570, 0x00000000c24c0000)
  to   space 3712K,   0% used [0x00000000c1d80000, 0x00000000c1d80000, 0x00000000c2120000)
 tenured generation   total 75136K, used 58048K [0x00000000d5550000, 0x00000000d9eb0000, 0x0000000100000000)
   the space 75136K,  77% used [0x00000000d5550000, 0x00000000d8e003f0, 0x00000000d8e00400, 0x00000000d9eb0000)
 Metaspace       used 78337K, capacity 79346K, committed 79488K, reserved 1118208K
  class space    used 11410K, capacity 11638K, committed 11648K, reserved 1048576K
}
Event: 42.865 GC heap before
{Heap before GC invocations=169 (full 6):
 def new generation   total 33920K, used 31397K [0x00000000c0000000, 0x00000000c24c0000, 0x00000000d5550000)
  eden space 30208K,  99% used [0x00000000c0000000, 0x00000000c1d7d150, 0x00000000c1d80000)
  from space 3712K,  32% used [0x00000000c2120000, 0x00000000c224c570, 0x00000000c24c0000)
  to   space 3712K,   0% used [0x00000000c1d80000, 0x00000000c1d80000, 0x00000000c2120000)
 tenured generation   total 75136K, used 58048K [0x00000000d5550000, 0x00000000d9eb0000, 0x0000000100000000)
   the space 75136K,  77% used [0x00000000d5550000, 0x00000000d8e003f0, 0x00000000d8e00400, 0x00000000d9eb0000)
 Metaspace       used 78439K, capacity 79474K, committed 79488K, reserved 1118208K
  class space    used 11410K, capacity 11638K, committed 11648K, reserved 1048576K
Event: 42.872 GC heap after
Heap after GC invocations=170 (full 6):
 def new generation   total 33920K, used 1300K [0x00000000c0000000, 0x00000000c24c0000, 0x00000000d5550000)
  eden space 30208K,   0% used [0x00000000c0000000, 0x00000000c0000000, 0x00000000c1d80000)
  from space 3712K,  35% used [0x00000000c1d80000, 0x00000000c1ec5068, 0x00000000c2120000)
  to   space 3712K,   0% used [0x00000000c2120000, 0x00000000c2120000, 0x00000000c24c0000)
 tenured generation   total 75136K, used 58048K [0x00000000d5550000, 0x00000000d9eb0000, 0x0000000100000000)
   the space 75136K,  77% used [0x00000000d5550000, 0x00000000d8e003f0, 0x00000000d8e00400, 0x00000000d9eb0000)
 Metaspace       used 78439K, capacity 79474K, committed 79488K, reserved 1118208K
  class space    used 11410K, capacity 11638K, committed 11648K, reserved 1048576K
}
Event: 43.024 GC heap before
{Heap before GC invocations=170 (full 6):
 def new generation   total 33920K, used 20055K [0x00000000c0000000, 0x00000000c24c0000, 0x00000000d5550000)
  eden space 30208K,  62% used [0x00000000c0000000, 0x00000000c1250c40, 0x00000000c1d80000)
  from space 3712K,  35% used [0x00000000c1d80000, 0x00000000c1ec5068, 0x00000000c2120000)
  to   space 3712K,   0% used [0x00000000c2120000, 0x00000000c2120000, 0x00000000c24c0000)
 tenured generation   total 75136K, used 58048K [0x00000000d5550000, 0x00000000d9eb0000, 0x0000000100000000)
   the space 75136K,  77% used [0x00000000d5550000, 0x00000000d8e003f0, 0x00000000d8e00400, 0x00000000d9eb0000)
 Metaspace       used 78463K, capacity 79474K, committed 79488K, reserved 1118208K
  class space    used 11410K, capacity 11638K, committed 11648K, reserved 1048576K
Event: 43.031 GC heap after
Heap after GC invocations=171 (full 6):
 def new generation   total 33920K, used 1385K [0x00000000c0000000, 0x00000000c24c0000, 0x00000000d5550000)
  eden space 30208K,   0% used [0x00000000c0000000, 0x00000000c0000000, 0x00000000c1d80000)
  from space 3712K,  37% used [0x00000000c2120000, 0x00000000c227a430, 0x00000000c24c0000)
  to   space 3712K,   0% used [0x00000000c1d80000, 0x00000000c1d80000, 0x00000000c2120000)
 tenured generation   total 75136K, used 58048K [0x00000000d5550000, 0x00000000d9eb0000, 0x0000000100000000)
   the space 75136K,  77% used [0x00000000d5550000, 0x00000000d8e003f0, 0x00000000d8e00400, 0x00000000d9eb0000)
 Metaspace       used 78463K, capacity 79474K, committed 79488K, reserved 1118208K
  class space    used 11410K, capacity 11638K, committed 11648K, reserved 1048576K
}
Event: 43.318 GC heap before
{Heap before GC invocations=171 (full 6):
 def new generation   total 33920K, used 31593K [0x00000000c0000000, 0x00000000c24c0000, 0x00000000d5550000)
  eden space 30208K, 100% used [0x00000000c0000000, 0x00000000c1d80000, 0x00000000c1d80000)
  from space 3712K,  37% used [0x00000000c2120000, 0x00000000c227a430, 0x00000000c24c0000)
  to   space 3712K,   0% used [0x00000000c1d80000, 0x00000000c1d80000, 0x00000000c2120000)
 tenured generation   total 75136K, used 58048K [0x00000000d5550000, 0x00000000d9eb0000, 0x0000000100000000)
   the space 75136K,  77% used [0x00000000d5550000, 0x00000000d8e003f0, 0x00000000d8e00400, 0x00000000d9eb0000)
 Metaspace       used 78552K, capacity 79544K, committed 79744K, reserved 1118208K
  class space    used 11417K, capacity 11639K, committed 11648K, reserved 1048576K
Event: 43.325 GC heap after
Heap after GC invocations=172 (full 6):
 def new generation   total 33920K, used 832K [0x00000000c0000000, 0x00000000c24c0000, 0x00000000d5550000)
  eden space 30208K,   0% used [0x00000000c0000000, 0x00000000c0000000, 0x00000000c1d80000)
  from space 3712K,  22% used [0x00000000c1d80000, 0x00000000c1e50020, 0x00000000c2120000)
  to   space 3712K,   0% used [0x00000000c2120000, 0x00000000c2120000, 0x00000000c24c0000)
 tenured generation   total 75136K, used 58048K [0x00000000d5550000, 0x00000000d9eb0000, 0x0000000100000000)
   the space 75136K,  77% used [0x00000000d5550000, 0x00000000d8e003f0, 0x00000000d8e00400, 0x00000000d9eb0000)
 Metaspace       used 78552K, capacity 79544K, committed 79744K, reserved 1118208K
  class space    used 11417K, capacity 11639K, committed 11648K, reserved 1048576K
}
Event: 43.641 GC heap before
{Heap before GC invocations=172 (full 6):
 def new generation   total 33920K, used 31040K [0x00000000c0000000, 0x00000000c24c0000, 0x00000000d5550000)
  eden space 30208K, 100% used [0x00000000c0000000, 0x00000000c1d80000, 0x00000000c1d80000)
  from space 3712K,  22% used [0x00000000c1d80000, 0x00000000c1e50020, 0x00000000c2120000)
  to   space 3712K,   0% used [0x00000000c2120000, 0x00000000c2120000, 0x00000000c24c0000)
 tenured generation   total 75136K, used 58048K [0x00000000d5550000, 0x00000000d9eb0000, 0x0000000100000000)
   the space 75136K,  77% used [0x00000000d5550000, 0x00000000d8e003f0, 0x00000000d8e00400, 0x00000000d9eb0000)
 Metaspace       used 78651K, capacity 79714K, committed 79872K, reserved 1118208K
  class space    used 11422K, capacity 11649K, committed 11776K, reserved 1048576K
Event: 43.648 GC heap after
Heap after GC invocations=173 (full 6):
 def new generation   total 33920K, used 1380K [0x00000000c0000000, 0x00000000c24c0000, 0x00000000d5550000)
  eden space 30208K,   0% used [0x00000000c0000000, 0x00000000c0000000, 0x00000000c1d80000)
  from space 3712K,  37% used [0x00000000c2120000, 0x00000000c22791c8, 0x00000000c24c0000)
  to   space 3712K,   0% used [0x00000000c1d80000, 0x00000000c1d80000, 0x00000000c2120000)
 tenured generation   total 75136K, used 58115K [0x00000000d5550000, 0x00000000d9eb0000, 0x0000000100000000)
   the space 75136K,  77% used [0x00000000d5550000, 0x00000000d8e10dd0, 0x00000000d8e10e00, 0x00000000d9eb0000)
 Metaspace       used 78651K, capacity 79714K, committed 79872K, reserved 1118208K
  class space    used 11422K, capacity 11649K, committed 11776K, reserved 1048576K
}
Event: 43.789 GC heap before
{Heap before GC invocations=173 (full 6):
 def new generation   total 33920K, used 31588K [0x00000000c0000000, 0x00000000c24c0000, 0x00000000d5550000)
  eden space 30208K, 100% used [0x00000000c0000000, 0x00000000c1d80000, 0x00000000c1d80000)
  from space 3712K,  37% used [0x00000000c2120000, 0x00000000c22791c8, 0x00000000c24c0000)
  to   space 3712K,   0% used [0x00000000c1d80000, 0x00000000c1d80000, 0x00000000c2120000)
 tenured generation   total 75136K, used 58115K [0x00000000d5550000, 0x00000000d9eb0000, 0x0000000100000000)
   the space 75136K,  77% used [0x00000000d5550000, 0x00000000d8e10dd0, 0x00000000d8e10e00, 0x00000000d9eb0000)
 Metaspace       used 78722K, capacity 79808K, committed 80128K, reserved 1118208K
  class space    used 11426K, capacity 11654K, committed 11776K, reserved 1048576K
Event: 43.796 GC heap after
Heap after GC invocations=174 (full 6):
 def new generation   total 33920K, used 1190K [0x00000000c0000000, 0x00000000c24c0000, 0x00000000d5550000)
  eden space 30208K,   0% used [0x00000000c0000000, 0x00000000c0000000, 0x00000000c1d80000)
  from space 3712K,  32% used [0x00000000c1d80000, 0x00000000c1ea9b48, 0x00000000c2120000)
  to   space 3712K,   0% used [0x00000000c2120000, 0x00000000c2120000, 0x00000000c24c0000)
 tenured generation   total 75136K, used 58154K [0x00000000d5550000, 0x00000000d9eb0000, 0x0000000100000000)
   the space 75136K,  77% used [0x00000000d5550000, 0x00000000d8e1a948, 0x00000000d8e1aa00, 0x00000000d9eb0000)
 Metaspace       used 78722K, capacity 79808K, committed 80128K, reserved 1118208K
  class space    used 11426K, capacity 11654K, committed 11776K, reserved 1048576K
}
Event: 43.890 GC heap before
{Heap before GC invocations=174 (full 6):
 def new generation   total 33920K, used 31398K [0x00000000c0000000, 0x00000000c24c0000, 0x00000000d5550000)
  eden space 30208K, 100% used [0x00000000c0000000, 0x00000000c1d80000, 0x00000000c1d80000)
  from space 3712K,  32% used [0x00000000c1d80000, 0x00000000c1ea9b48, 0x00000000c2120000)
  to   space 3712K,   0% used [0x00000000c2120000, 0x00000000c2120000, 0x00000000c24c0000)
 tenured generation   total 75136K, used 58154K [0x00000000d5550000, 0x00000000d9eb0000, 0x0000000100000000)
   the space 75136K,  77% used [0x00000000d5550000, 0x00000000d8e1a948, 0x00000000d8e1aa00, 0x00000000d9eb0000)
 Metaspace       used 78747K, capacity 79880K, committed 80128K, reserved 1118208K
  class space    used 11427K, capacity 11654K, committed 11776K, reserved 1048576K
Event: 43.897 GC heap after
Heap after GC invocations=175 (full 6):
 def new generation   total 33920K, used 1069K [0x00000000c0000000, 0x00000000c24c0000, 0x00000000d5550000)
  eden space 30208K,   0% used [0x00000000c0000000, 0x00000000c0000000, 0x00000000c1d80000)
  from space 3712K,  28% used [0x00000000c2120000, 0x00000000c222b518, 0x00000000c24c0000)
  to   space 3712K,   0% used [0x00000000c1d80000, 0x00000000c1d80000, 0x00000000c2120000)
 tenured generation   total 75136K, used 58189K [0x00000000d5550000, 0x00000000d9eb0000, 0x0000000100000000)
   the space 75136K,  77% used [0x00000000d5550000, 0x00000000d8e23450, 0x00000000d8e23600, 0x00000000d9eb0000)
 Metaspace       used 78747K, capacity 79880K, committed 80128K, reserved 1118208K
  class space    used 11427K, capacity 11654K, committed 11776K, reserved 1048576K
}
Event: 44.116 GC heap before
{Heap before GC invocations=175 (full 6):
 def new generation   total 33920K, used 31209K [0x00000000c0000000, 0x00000000c24c0000, 0x00000000d5550000)
  eden space 30208K,  99% used [0x00000000c0000000, 0x00000000c1d6f168, 0x00000000c1d80000)
  from space 3712K,  28% used [0x00000000c2120000, 0x00000000c222b518, 0x00000000c24c0000)
  to   space 3712K,   0% used [0x00000000c1d80000, 0x00000000c1d80000, 0x00000000c2120000)
 tenured generation   total 75136K, used 58189K [0x00000000d5550000, 0x00000000d9eb0000, 0x0000000100000000)
   the space 75136K,  77% used [0x00000000d5550000, 0x00000000d8e23450, 0x00000000d8e23600, 0x00000000d9eb0000)
 Metaspace       used 78823K, capacity 79944K, committed 80128K, reserved 1118208K
  class space    used 11427K, capacity 11654K, committed 11776K, reserved 1048576K
Event: 44.123 GC heap after
Heap after GC invocations=176 (full 6):
 def new generation   total 33920K, used 1146K [0x00000000c0000000, 0x00000000c24c0000, 0x00000000d5550000)
  eden space 30208K,   0% used [0x00000000c0000000, 0x00000000c0000000, 0x00000000c1d80000)
  from space 3712K,  30% used [0x00000000c1d80000, 0x00000000c1e9ea48, 0x00000000c2120000)
  to   space 3712K,   0% used [0x00000000c2120000, 0x00000000c2120000, 0x00000000c24c0000)
 tenured generation   total 75136K, used 58253K [0x00000000d5550000, 0x00000000d9eb0000, 0x0000000100000000)
   the space 75136K,  77% used [0x00000000d5550000, 0x00000000d8e335e0, 0x00000000d8e33600, 0x00000000d9eb0000)
 Metaspace       used 78823K, capacity 79944K, committed 80128K, reserved 1118208K
  class space    used 11427K, capacity 11654K, committed 11776K, reserved 1048576K
}
Event: 44.332 GC heap before
{Heap before GC invocations=176 (full 6):
 def new generation   total 33920K, used 31346K [0x00000000c0000000, 0x00000000c24c0000, 0x00000000d5550000)
  eden space 30208K,  99% used [0x00000000c0000000, 0x00000000c1d7df10, 0x00000000c1d80000)
  from space 3712K,  30% used [0x00000000c1d80000, 0x00000000c1e9ea48, 0x00000000c2120000)
  to   space 3712K,   0% used [0x00000000c2120000, 0x00000000c2120000, 0x00000000c24c0000)
 tenured generation   total 75136K, used 58253K [0x00000000d5550000, 0x00000000d9eb0000, 0x0000000100000000)
   the space 75136K,  77% used [0x00000000d5550000, 0x00000000d8e335e0, 0x00000000d8e33600, 0x00000000d9eb0000)
 Metaspace       used 78873K, capacity 79944K, committed 80128K, reserved 1118208K
  class space    used 11427K, capacity 11654K, committed 11776K, reserved 1048576K
Event: 44.339 GC heap after
Heap after GC invocations=177 (full 6):
 def new generation   total 33920K, used 1243K [0x00000000c0000000, 0x00000000c24c0000, 0x00000000d5550000)
  eden space 30208K,   0% used [0x00000000c0000000, 0x00000000c0000000, 0x00000000c1d80000)
  from space 3712K,  33% used [0x00000000c2120000, 0x00000000c2256c18, 0x00000000c24c0000)
  to   space 3712K,   0% used [0x00000000c1d80000, 0x00000000c1d80000, 0x00000000c2120000)
 tenured generation   total 75136K, used 58300K [0x00000000d5550000, 0x00000000d9eb0000, 0x0000000100000000)
   the space 75136K,  77% used [0x00000000d5550000, 0x00000000d8e3f200, 0x00000000d8e3f200, 0x00000000d9eb0000)
 Metaspace       used 78873K, capacity 79944K, committed 80128K, reserved 1118208K
  class space    used 11427K, capacity 11654K, committed 11776K, reserved 1048576K
}
Event: 44.607 GC heap before
{Heap before GC invocations=177 (full 6):
 def new generation   total 33920K, used 31451K [0x00000000c0000000, 0x00000000c24c0000, 0x00000000d5550000)
  eden space 30208K, 100% used [0x00000000c0000000, 0x00000000c1d80000, 0x00000000c1d80000)
  from space 3712K,  33% used [0x00000000c2120000, 0x00000000c2256c18, 0x00000000c24c0000)
  to   space 3712K,   0% used [0x00000000c1d80000, 0x00000000c1d80000, 0x00000000c2120000)
 tenured generation   total 75136K, used 58300K [0x00000000d5550000, 0x00000000d9eb0000, 0x0000000100000000)
   the space 75136K,  77% used [0x00000000d5550000, 0x00000000d8e3f200, 0x00000000d8e3f200, 0x00000000d9eb0000)
 Metaspace       used 78992K, capacity 80072K, committed 80384K, reserved 1118208K
  class space    used 11427K, capacity 11654K, committed 11776K, reserved 1048576K
Event: 44.615 GC heap after
Heap after GC invocations=178 (full 6):
 def new generation   total 33920K, used 1209K [0x00000000c0000000, 0x00000000c24c0000, 0x00000000d5550000)
  eden space 30208K,   0% used [0x00000000c0000000, 0x00000000c0000000, 0x00000000c1d80000)
  from space 3712K,  32% used [0x00000000c1d80000, 0x00000000c1eae7c8, 0x00000000c2120000)
  to   space 3712K,   0% used [0x00000000c2120000, 0x00000000c2120000, 0x00000000c24c0000)
 tenured generation   total 75136K, used 58348K [0x00000000d5550000, 0x00000000d9eb0000, 0x0000000100000000)
   the space 75136K,  77% used [0x00000000d5550000, 0x00000000d8e4b070, 0x00000000d8e4b200, 0x00000000d9eb0000)
 Metaspace       used 78992K, capacity 80072K, committed 80384K, reserved 1118208K
  class space    used 11427K, capacity 11654K, committed 11776K, reserved 1048576K
}
Event: 44.838 GC heap before
{Heap before GC invocations=178 (full 6):
 def new generation   total 33920K, used 31417K [0x00000000c0000000, 0x00000000c24c0000, 0x00000000d5550000)
  eden space 30208K, 100% used [0x00000000c0000000, 0x00000000c1d80000, 0x00000000c1d80000)
  from space 3712K,  32% used [0x00000000c1d80000, 0x00000000c1eae7c8, 0x00000000c2120000)
  to   space 3712K,   0% used [0x00000000c2120000, 0x00000000c2120000, 0x00000000c24c0000)
 tenured generation   total 75136K, used 58348K [0x00000000d5550000, 0x00000000d9eb0000, 0x0000000100000000)
   the space 75136K,  77% used [0x00000000d5550000, 0x00000000d8e4b070, 0x00000000d8e4b200, 0x00000000d9eb0000)
 Metaspace       used 79035K, capacity 80136K, committed 80384K, reserved 1118208K
  class space    used 11427K, capacity 11654K, committed 11776K, reserved 1048576K
Event: 44.845 GC heap after
Heap after GC invocations=179 (full 6):
 def new generation   total 33920K, used 1509K [0x00000000c0000000, 0x00000000c24c0000, 0x00000000d5550000)
  eden space 30208K,   0% used [0x00000000c0000000, 0x00000000c0000000, 0x00000000c1d80000)
  from space 3712K,  40% used [0x00000000c2120000, 0x00000000c22995b0, 0x00000000c24c0000)
  to   space 3712K,   0% used [0x00000000c1d80000, 0x00000000c1d80000, 0x00000000c2120000)
 tenured generation   total 75136K, used 58395K [0x00000000d5550000, 0x00000000d9eb0000, 0x0000000100000000)
   the space 75136K,  77% used [0x00000000d5550000, 0x00000000d8e56c90, 0x00000000d8e56e00, 0x00000000d9eb0000)
 Metaspace       used 79035K, capacity 80136K, committed 80384K, reserved 1118208K
  class space    used 11427K, capacity 11654K, committed 11776K, reserved 1048576K
}
Event: 45.070 GC heap before
{Heap before GC invocations=179 (full 6):
 def new generation   total 33920K, used 31717K [0x00000000c0000000, 0x00000000c24c0000, 0x00000000d5550000)
  eden space 30208K, 100% used [0x00000000c0000000, 0x00000000c1d80000, 0x00000000c1d80000)
  from space 3712K,  40% used [0x00000000c2120000, 0x00000000c22995b0, 0x00000000c24c0000)
  to   space 3712K,   0% used [0x00000000c1d80000, 0x00000000c1d80000, 0x00000000c2120000)
 tenured generation   total 75136K, used 58395K [0x00000000d5550000, 0x00000000d9eb0000, 0x0000000100000000)
   the space 75136K,  77% used [0x00000000d5550000, 0x00000000d8e56c90, 0x00000000d8e56e00, 0x00000000d9eb0000)
 Metaspace       used 79061K, capacity 80136K, committed 80384K, reserved 1118208K
  class space    used 11427K, capacity 11654K, committed 11776K, reserved 1048576K
Event: 45.077 GC heap after
Heap after GC invocations=180 (full 6):
 def new generation   total 33920K, used 1290K [0x00000000c0000000, 0x00000000c24c0000, 0x00000000d5550000)
  eden space 30208K,   0% used [0x00000000c0000000, 0x00000000c0000000, 0x00000000c1d80000)
  from space 3712K,  34% used [0x00000000c1d80000, 0x00000000c1ec2be8, 0x00000000c2120000)
  to   space 3712K,   0% used [0x00000000c2120000, 0x00000000c2120000, 0x00000000c24c0000)
 tenured generation   total 75136K, used 58446K [0x00000000d5550000, 0x00000000d9eb0000, 0x0000000100000000)
   the space 75136K,  77% used [0x00000000d5550000, 0x00000000d8e63a58, 0x00000000d8e63c00, 0x00000000d9eb0000)
 Metaspace       used 79061K, capacity 80136K, committed 80384K, reserved 1118208K
  class space    used 11427K, capacity 11654K, committed 11776K, reserved 1048576K
}
Event: 45.350 GC heap before
{Heap before GC invocations=180 (full 6):
 def new generation   total 33920K, used 31498K [0x00000000c0000000, 0x00000000c24c0000, 0x00000000d5550000)
  eden space 30208K, 100% used [0x00000000c0000000, 0x00000000c1d80000, 0x00000000c1d80000)
  from space 3712K,  34% used [0x00000000c1d80000, 0x00000000c1ec2be8, 0x00000000c2120000)
  to   space 3712K,   0% used [0x00000000c2120000, 0x00000000c2120000, 0x00000000c24c0000)
 tenured generation   total 75136K, used 58446K [0x00000000d5550000, 0x00000000d9eb0000, 0x0000000100000000)
   the space 75136K,  77% used [0x00000000d5550000, 0x00000000d8e63a58, 0x00000000d8e63c00, 0x00000000d9eb0000)
 Metaspace       used 79148K, capacity 80264K, committed 80640K, reserved 1118208K
  class space    used 11427K, capacity 11654K, committed 11776K, reserved 1048576K
Event: 45.358 GC heap after
Heap after GC invocations=181 (full 6):
 def new generation   total 33920K, used 1323K [0x00000000c0000000, 0x00000000c24c0000, 0x00000000d5550000)
  eden space 30208K,   0% used [0x00000000c0000000, 0x00000000c0000000, 0x00000000c1d80000)
  from space 3712K,  35% used [0x00000000c2120000, 0x00000000c226ac78, 0x00000000c24c0000)
  to   space 3712K,   0% used [0x00000000c1d80000, 0x00000000c1d80000, 0x00000000c2120000)
 tenured generation   total 75136K, used 58483K [0x00000000d5550000, 0x00000000d9eb0000, 0x0000000100000000)
   the space 75136K,  77% used [0x00000000d5550000, 0x00000000d8e6ce60, 0x00000000d8e6d000, 0x00000000d9eb0000)
 Metaspace       used 79148K, capacity 80264K, committed 80640K, reserved 1118208K
  class space    used 11427K, capacity 11654K, committed 11776K, reserved 1048576K
}
Event: 45.470 GC heap before
{Heap before GC invocations=181 (full 6):
 def new generation   total 33920K, used 20636K [0x00000000c0000000, 0x00000000c24c0000, 0x00000000d5550000)
  eden space 30208K,  63% used [0x00000000c0000000, 0x00000000c12dc478, 0x00000000c1d80000)
  from space 3712K,  35% used [0x00000000c2120000, 0x00000000c226ac78, 0x00000000c24c0000)
  to   space 3712K,   0% used [0x00000000c1d80000, 0x00000000c1d80000, 0x00000000c2120000)
 tenured generation   total 75136K, used 58483K [0x00000000d5550000, 0x00000000d9eb0000, 0x0000000100000000)
   the space 75136K,  77% used [0x00000000d5550000, 0x00000000d8e6ce60, 0x00000000d8e6d000, 0x00000000d9eb0000)
 Metaspace       used 79154K, capacity 80264K, committed 80640K, reserved 1118208K
  class space    used 11427K, capacity 11654K, committed 11776K, reserved 1048576K
Event: 45.478 GC heap after
Heap after GC invocations=182 (full 6):
 def new generation   total 33920K, used 1687K [0x00000000c0000000, 0x00000000c24c0000, 0x00000000d5550000)
  eden space 30208K,   0% used [0x00000000c0000000, 0x00000000c0000000, 0x00000000c1d80000)
  from space 3712K,  45% used [0x00000000c1d80000, 0x00000000c1f25c78, 0x00000000c2120000)
  to   space 3712K,   0% used [0x00000000c2120000, 0x00000000c2120000, 0x00000000c24c0000)
 tenured generation   total 75136K, used 58507K [0x00000000d5550000, 0x00000000d9eb0000, 0x0000000100000000)
   the space 75136K,  77% used [0x00000000d5550000, 0x00000000d8e72fe0, 0x00000000d8e73000, 0x00000000d9eb0000)
 Metaspace       used 79154K, capacity 80264K, committed 80640K, reserved 1118208K
  class space    used 11427K, capacity 11654K, committed 11776K, reserved 1048576K
}
Event: 45.573 GC heap before
{Heap before GC invocations=182 (full 6):
 def new generation   total 33920K, used 31895K [0x00000000c0000000, 0x00000000c24c0000, 0x00000000d5550000)
  eden space 30208K, 100% used [0x00000000c0000000, 0x00000000c1d80000, 0x00000000c1d80000)
  from space 3712K,  45% used [0x00000000c1d80000, 0x00000000c1f25c78, 0x00000000c2120000)
  to   space 3712K,   0% used [0x00000000c2120000, 0x00000000c2120000, 0x00000000c24c0000)
 tenured generation   total 75136K, used 58507K [0x00000000d5550000, 0x00000000d9eb0000, 0x0000000100000000)
   the space 75136K,  77% used [0x00000000d5550000, 0x00000000d8e72fe0, 0x00000000d8e73000, 0x00000000d9eb0000)
 Metaspace       used 79171K, capacity 80264K, committed 80640K, reserved 1118208K
  class space    used 11427K, capacity 11654K, committed 11776K, reserved 1048576K
Event: 45.580 GC heap after
Heap after GC invocations=183 (full 6):
 def new generation   total 33920K, used 1214K [0x00000000c0000000, 0x00000000c24c0000, 0x00000000d5550000)
  eden space 30208K,   0% used [0x00000000c0000000, 0x00000000c0000000, 0x00000000c1d80000)
  from space 3712K,  32% used [0x00000000c2120000, 0x00000000c224faf0, 0x00000000c24c0000)
  to   space 3712K,   0% used [0x00000000c1d80000, 0x00000000c1d80000, 0x00000000c2120000)
 tenured generation   total 75136K, used 58558K [0x00000000d5550000, 0x00000000d9eb0000, 0x0000000100000000)
   the space 75136K,  77% used [0x00000000d5550000, 0x00000000d8e7fa60, 0x00000000d8e7fc00, 0x00000000d9eb0000)
 Metaspace       used 79171K, capacity 80264K, committed 80640K, reserved 1118208K
  class space    used 11427K, capacity 11654K, committed 11776K, reserved 1048576K
}
Event: 45.768 GC heap before
{Heap before GC invocations=183 (full 6):
 def new generation   total 33920K, used 31422K [0x00000000c0000000, 0x00000000c24c0000, 0x00000000d5550000)
  eden space 30208K, 100% used [0x00000000c0000000, 0x00000000c1d80000, 0x00000000c1d80000)
  from space 3712K,  32% used [0x00000000c2120000, 0x00000000c224faf0, 0x00000000c24c0000)
  to   space 3712K,   0% used [0x00000000c1d80000, 0x00000000c1d80000, 0x00000000c2120000)
 tenured generation   total 75136K, used 58558K [0x00000000d5550000, 0x00000000d9eb0000, 0x0000000100000000)
   the space 75136K,  77% used [0x00000000d5550000, 0x00000000d8e7fa60, 0x00000000d8e7fc00, 0x00000000d9eb0000)
 Metaspace       used 79179K, capacity 80264K, committed 80640K, reserved 1118208K
  class space    used 11427K, capacity 11654K, committed 11776K, reserved 1048576K
Event: 45.775 GC heap after
Heap after GC invocations=184 (full 6):
 def new generation   total 33920K, used 986K [0x00000000c0000000, 0x00000000c24c0000, 0x00000000d5550000)
  eden space 30208K,   0% used [0x00000000c0000000, 0x00000000c0000000, 0x00000000c1d80000)
  from space 3712K,  26% used [0x00000000c1d80000, 0x00000000c1e76808, 0x00000000c2120000)
  to   space 3712K,   0% used [0x00000000c2120000, 0x00000000c2120000, 0x00000000c24c0000)
 tenured generation   total 75136K, used 58605K [0x00000000d5550000, 0x00000000d9eb0000, 0x0000000100000000)
   the space 75136K,  77% used [0x00000000d5550000, 0x00000000d8e8b470, 0x00000000d8e8b600, 0x00000000d9eb0000)
 Metaspace       used 79179K, capacity 80264K, committed 80640K, reserved 1118208K
  class space    used 11427K, capacity 11654K, committed 11776K, reserved 1048576K
}
Event: 45.981 GC heap before
{Heap before GC invocations=184 (full 6):
 def new generation   total 33920K, used 31194K [0x00000000c0000000, 0x00000000c24c0000, 0x00000000d5550000)
  eden space 30208K, 100% used [0x00000000c0000000, 0x00000000c1d80000, 0x00000000c1d80000)
  from space 3712K,  26% used [0x00000000c1d80000, 0x00000000c1e76808, 0x00000000c2120000)
  to   space 3712K,   0% used [0x00000000c2120000, 0x00000000c2120000, 0x00000000c24c0000)
 tenured generation   total 75136K, used 58605K [0x00000000d5550000, 0x00000000d9eb0000, 0x0000000100000000)
   the space 75136K,  77% used [0x00000000d5550000, 0x00000000d8e8b470, 0x00000000d8e8b600, 0x00000000d9eb0000)
 Metaspace       used 79193K, capacity 80272K, committed 80640K, reserved 1118208K
  class space    used 11427K, capacity 11654K, committed 11776K, reserved 1048576K
Event: 45.988 GC heap after
Heap after GC invocations=185 (full 6):
 def new generation   total 33920K, used 1128K [0x00000000c0000000, 0x00000000c24c0000, 0x00000000d5550000)
  eden space 30208K,   0% used [0x00000000c0000000, 0x00000000c0000000, 0x00000000c1d80000)
  from space 3712K,  30% used [0x00000000c2120000, 0x00000000c223a190, 0x00000000c24c0000)
  to   space 3712K,   0% used [0x00000000c1d80000, 0x00000000c1d80000, 0x00000000c2120000)
 tenured generation   total 75136K, used 58655K [0x00000000d5550000, 0x00000000d9eb0000, 0x0000000100000000)
   the space 75136K,  78% used [0x00000000d5550000, 0x00000000d8e97c28, 0x00000000d8e97e00, 0x00000000d9eb0000)
 Metaspace       used 79193K, capacity 80272K, committed 80640K, reserved 1118208K
  class space    used 11427K, capacity 11654K, committed 11776K, reserved 1048576K
}
Event: 46.195 GC heap before
{Heap before GC invocations=185 (full 6):
 def new generation   total 33920K, used 31336K [0x00000000c0000000, 0x00000000c24c0000, 0x00000000d5550000)
  eden space 30208K, 100% used [0x00000000c0000000, 0x00000000c1d80000, 0x00000000c1d80000)
  from space 3712K,  30% used [0x00000000c2120000, 0x00000000c223a190, 0x00000000c24c0000)
  to   space 3712K,   0% used [0x00000000c1d80000, 0x00000000c1d80000, 0x00000000c2120000)
 tenured generation   total 75136K, used 58655K [0x00000000d5550000, 0x00000000d9eb0000, 0x0000000100000000)
   the space 75136K,  78% used [0x00000000d5550000, 0x00000000d8e97c28, 0x00000000d8e97e00, 0x00000000d9eb0000)
 Metaspace       used 79250K, capacity 80336K, committed 80640K, reserved 1118208K
  class space    used 11427K, capacity 11654K, committed 11776K, reserved 1048576K
Event: 46.202 GC heap after
Heap after GC invocations=186 (full 6):
 def new generation   total 33920K, used 1106K [0x00000000c0000000, 0x00000000c24c0000, 0x00000000d5550000)
  eden space 30208K,   0% used [0x00000000c0000000, 0x00000000c0000000, 0x00000000c1d80000)
  from space 3712K,  29% used [0x00000000c1d80000, 0x00000000c1e94970, 0x00000000c2120000)
  to   space 3712K,   0% used [0x00000000c2120000, 0x00000000c2120000, 0x00000000c24c0000)
 tenured generation   total 75136K, used 58682K [0x00000000d5550000, 0x00000000d9eb0000, 0x0000000100000000)
   the space 75136K,  78% used [0x00000000d5550000, 0x00000000d8e9ea50, 0x00000000d8e9ec00, 0x00000000d9eb0000)
 Metaspace       used 79250K, capacity 80336K, committed 80640K, reserved 1118208K
  class space    used 11427K, capacity 11654K, committed 11776K, reserved 1048576K
}
Event: 46.386 GC heap before
{Heap before GC invocations=186 (full 6):
 def new generation   total 33920K, used 28940K [0x00000000c0000000, 0x00000000c24c0000, 0x00000000d5550000)
  eden space 30208K,  92% used [0x00000000c0000000, 0x00000000c1b2ea58, 0x00000000c1d80000)
  from space 3712K,  29% used [0x00000000c1d80000, 0x00000000c1e94970, 0x00000000c2120000)
  to   space 3712K,   0% used [0x00000000c2120000, 0x00000000c2120000, 0x00000000c24c0000)
 tenured generation   total 75136K, used 58682K [0x00000000d5550000, 0x00000000d9eb0000, 0x0000000100000000)
   the space 75136K,  78% used [0x00000000d5550000, 0x00000000d8e9ea50, 0x00000000d8e9ec00, 0x00000000d9eb0000)
 Metaspace       used 79281K, capacity 80336K, committed 80640K, reserved 1118208K
  class space    used 11427K, capacity 11654K, committed 11776K, reserved 1048576K
Event: 46.394 GC heap after
Heap after GC invocations=187 (full 6):
 def new generation   total 33920K, used 1507K [0x00000000c0000000, 0x00000000c24c0000, 0x00000000d5550000)
  eden space 30208K,   0% used [0x00000000c0000000, 0x00000000c0000000, 0x00000000c1d80000)
  from space 3712K,  40% used [0x00000000c2120000, 0x00000000c2298de8, 0x00000000c24c0000)
  to   space 3712K,   0% used [0x00000000c1d80000, 0x00000000c1d80000, 0x00000000c2120000)
 tenured generation   total 75136K, used 58780K [0x00000000d5550000, 0x00000000d9eb0000, 0x0000000100000000)
   the space 75136K,  78% used [0x00000000d5550000, 0x00000000d8eb7230, 0x00000000d8eb7400, 0x00000000d9eb0000)
 Metaspace       used 79281K, capacity 80336K, committed 80640K, reserved 1118208K
  class space    used 11427K, capacity 11654K, committed 11776K, reserved 1048576K
}
Event: 46.574 GC heap before
{Heap before GC invocations=187 (full 6):
 def new generation   total 33920K, used 31715K [0x00000000c0000000, 0x00000000c24c0000, 0x00000000d5550000)
  eden space 30208K, 100% used [0x00000000c0000000, 0x00000000c1d80000, 0x00000000c1d80000)
  from space 3712K,  40% used [0x00000000c2120000, 0x00000000c2298de8, 0x00000000c24c0000)
  to   space 3712K,   0% used [0x00000000c1d80000, 0x00000000c1d80000, 0x00000000c2120000)
 tenured generation   total 75136K, used 58780K [0x00000000d5550000, 0x00000000d9eb0000, 0x0000000100000000)
   the space 75136K,  78% used [0x00000000d5550000, 0x00000000d8eb7230, 0x00000000d8eb7400, 0x00000000d9eb0000)
 Metaspace       used 79454K, capacity 80514K, committed 80640K, reserved 1118208K
  class space    used 11464K, capacity 11689K, committed 11776K, reserved 1048576K
Event: 46.582 GC heap after
Heap after GC invocations=188 (full 6):
 def new generation   total 33920K, used 916K [0x00000000c0000000, 0x00000000c24c0000, 0x00000000d5550000)
  eden space 30208K,   0% used [0x00000000c0000000, 0x00000000c0000000, 0x00000000c1d80000)
  from space 3712K,  24% used [0x00000000c1d80000, 0x00000000c1e65148, 0x00000000c2120000)
  to   space 3712K,   0% used [0x00000000c2120000, 0x00000000c2120000, 0x00000000c24c0000)
 tenured generation   total 75136K, used 58927K [0x00000000d5550000, 0x00000000d9eb0000, 0x0000000100000000)
   the space 75136K,  78% used [0x00000000d5550000, 0x00000000d8edbfa0, 0x00000000d8edc000, 0x00000000d9eb0000)
 Metaspace       used 79454K, capacity 80514K, committed 80640K, reserved 1118208K
  class space    used 11464K, capacity 11689K, committed 11776K, reserved 1048576K
}
Event: 47.012 GC heap before
{Heap before GC invocations=188 (full 6):
 def new generation   total 33920K, used 31124K [0x00000000c0000000, 0x00000000c24c0000, 0x00000000d5550000)
  eden space 30208K, 100% used [0x00000000c0000000, 0x00000000c1d80000, 0x00000000c1d80000)
  from space 3712K,  24% used [0x00000000c1d80000, 0x00000000c1e65148, 0x00000000c2120000)
  to   space 3712K,   0% used [0x00000000c2120000, 0x00000000c2120000, 0x00000000c24c0000)
 tenured generation   total 75136K, used 58927K [0x00000000d5550000, 0x00000000d9eb0000, 0x0000000100000000)
   the space 75136K,  78% used [0x00000000d5550000, 0x00000000d8edbfa0, 0x00000000d8edc000, 0x00000000d9eb0000)
 Metaspace       used 79684K, capacity 80778K, committed 80896K, reserved 1118208K
  class space    used 11488K, capacity 11728K, committed 11776K, reserved 1048576K
Event: 47.022 GC heap after
Heap after GC invocations=189 (full 6):
 def new generation   total 33920K, used 1599K [0x00000000c0000000, 0x00000000c24c0000, 0x00000000d5550000)
  eden space 30208K,   0% used [0x00000000c0000000, 0x00000000c0000000, 0x00000000c1d80000)
  from space 3712K,  43% used [0x00000000c2120000, 0x00000000c22affa8, 0x00000000c24c0000)
  to   space 3712K,   0% used [0x00000000c1d80000, 0x00000000c1d80000, 0x00000000c2120000)
 tenured generation   total 75136K, used 58957K [0x00000000d5550000, 0x00000000d9eb0000, 0x0000000100000000)
   the space 75136K,  78% used [0x00000000d5550000, 0x00000000d8ee3550, 0x00000000d8ee3600, 0x00000000d9eb0000)
 Metaspace       used 79684K, capacity 80778K, committed 80896K, reserved 1118208K
  class space    used 11488K, capacity 11728K, committed 11776K, reserved 1048576K
}
Event: 47.206 GC heap before
{Heap before GC invocations=189 (full 6):
 def new generation   total 33920K, used 23114K [0x00000000c0000000, 0x00000000c24c0000, 0x00000000d5550000)
  eden space 30208K,  71% used [0x00000000c0000000, 0x00000000c1502a70, 0x00000000c1d80000)
  from space 3712K,  43% used [0x00000000c2120000, 0x00000000c22affa8, 0x00000000c24c0000)
  to   space 3712K,   0% used [0x00000000c1d80000, 0x00000000c1d80000, 0x00000000c2120000)
 tenured generation   total 75136K, used 58957K [0x00000000d5550000, 0x00000000d9eb0000, 0x0000000100000000)
   the space 75136K,  78% used [0x00000000d5550000, 0x00000000d8ee3550, 0x00000000d8ee3600, 0x00000000d9eb0000)
 Metaspace       used 79739K, capacity 80930K, committed 81152K, reserved 1118208K
  class space    used 11490K, capacity 11732K, committed 11776K, reserved 1048576K
Event: 47.214 GC heap after
Heap after GC invocations=190 (full 6):
 def new generation   total 33920K, used 1486K [0x00000000c0000000, 0x00000000c24c0000, 0x00000000d5550000)
  eden space 30208K,   0% used [0x00000000c0000000, 0x00000000c0000000, 0x00000000c1d80000)
  from space 3712K,  40% used [0x00000000c1d80000, 0x00000000c1ef3888, 0x00000000c2120000)
  to   space 3712K,   0% used [0x00000000c2120000, 0x00000000c2120000, 0x00000000c24c0000)
 tenured generation   total 75136K, used 58986K [0x00000000d5550000, 0x00000000d9eb0000, 0x0000000100000000)
   the space 75136K,  78% used [0x00000000d5550000, 0x00000000d8eeaab8, 0x00000000d8eeac00, 0x00000000d9eb0000)
 Metaspace       used 79739K, capacity 80930K, committed 81152K, reserved 1118208K
  class space    used 11490K, capacity 11732K, committed 11776K, reserved 1048576K
}
Event: 47.327 GC heap before
{Heap before GC invocations=190 (full 6):
 def new generation   total 33920K, used 31245K [0x00000000c0000000, 0x00000000c24c0000, 0x00000000d5550000)
  eden space 30208K,  98% used [0x00000000c0000000, 0x00000000c1d0fe80, 0x00000000c1d80000)
  from space 3712K,  40% used [0x00000000c1d80000, 0x00000000c1ef3888, 0x00000000c2120000)
  to   space 3712K,   0% used [0x00000000c2120000, 0x00000000c2120000, 0x00000000c24c0000)
 tenured generation   total 75136K, used 58986K [0x00000000d5550000, 0x00000000d9eb0000, 0x0000000100000000)
   the space 75136K,  78% used [0x00000000d5550000, 0x00000000d8eeaab8, 0x00000000d8eeac00, 0x00000000d9eb0000)
 Metaspace       used 79763K, capacity 80938K, committed 81152K, reserved 1118208K
  class space    used 11490K, capacity 11732K, committed 11776K, reserved 1048576K
Event: 47.335 GC heap after
Heap after GC invocations=191 (full 6):
 def new generation   total 33920K, used 1279K [0x00000000c0000000, 0x00000000c24c0000, 0x00000000d5550000)
  eden space 30208K,   0% used [0x00000000c0000000, 0x00000000c0000000, 0x00000000c1d80000)
  from space 3712K,  34% used [0x00000000c2120000, 0x00000000c225fec8, 0x00000000c24c0000)
  to   space 3712K,   0% used [0x00000000c1d80000, 0x00000000c1d80000, 0x00000000c2120000)
 tenured generation   total 75136K, used 59033K [0x00000000d5550000, 0x00000000d9eb0000, 0x0000000100000000)
   the space 75136K,  78% used [0x00000000d5550000, 0x00000000d8ef64f8, 0x00000000d8ef6600, 0x00000000d9eb0000)
 Metaspace       used 79763K, capacity 80938K, committed 81152K, reserved 1118208K
  class space    used 11490K, capacity 11732K, committed 11776K, reserved 1048576K
}
Event: 47.394 GC heap before
{Heap before GC invocations=191 (full 6):
 def new generation   total 33920K, used 29770K [0x00000000c0000000, 0x00000000c24c0000, 0x00000000d5550000)
  eden space 30208K,  94% used [0x00000000c0000000, 0x00000000c1bd2c70, 0x00000000c1d80000)
  from space 3712K,  34% used [0x00000000c2120000, 0x00000000c225fec8, 0x00000000c24c0000)
  to   space 3712K,   0% used [0x00000000c1d80000, 0x00000000c1d80000, 0x00000000c2120000)
 tenured generation   total 75136K, used 59033K [0x00000000d5550000, 0x00000000d9eb0000, 0x0000000100000000)
   the space 75136K,  78% used [0x00000000d5550000, 0x00000000d8ef64f8, 0x00000000d8ef6600, 0x00000000d9eb0000)
 Metaspace       used 79775K, capacity 80938K, committed 81152K, reserved 1118208K
  class space    used 11490K, capacity 11732K, committed 11776K, reserved 1048576K
Event: 47.401 GC heap after
Heap after GC invocations=192 (full 6):
 def new generation   total 33920K, used 1201K [0x00000000c0000000, 0x00000000c24c0000, 0x00000000d5550000)
  eden space 30208K,   0% used [0x00000000c0000000, 0x00000000c0000000, 0x00000000c1d80000)
  from space 3712K,  32% used [0x00000000c1d80000, 0x00000000c1eac4d8, 0x00000000c2120000)
  to   space 3712K,   0% used [0x00000000c2120000, 0x00000000c2120000, 0x00000000c24c0000)
 tenured generation   total 75136K, used 59080K [0x00000000d5550000, 0x00000000d9eb0000, 0x0000000100000000)
   the space 75136K,  78% used [0x00000000d5550000, 0x00000000d8f02068, 0x00000000d8f02200, 0x00000000d9eb0000)
 Metaspace       used 79775K, capacity 80938K, committed 81152K, reserved 1118208K
  class space    used 11490K, capacity 11732K, committed 11776K, reserved 1048576K
}
Event: 47.565 GC heap before
{Heap before GC invocations=192 (full 6):
 def new generation   total 33920K, used 31409K [0x00000000c0000000, 0x00000000c24c0000, 0x00000000d5550000)
  eden space 30208K, 100% used [0x00000000c0000000, 0x00000000c1d80000, 0x00000000c1d80000)
  from space 3712K,  32% used [0x00000000c1d80000, 0x00000000c1eac4d8, 0x00000000c2120000)
  to   space 3712K,   0% used [0x00000000c2120000, 0x00000000c2120000, 0x00000000c24c0000)
 tenured generation   total 75136K, used 59080K [0x00000000d5550000, 0x00000000d9eb0000, 0x0000000100000000)
   the space 75136K,  78% used [0x00000000d5550000, 0x00000000d8f02068, 0x00000000d8f02200, 0x00000000d9eb0000)
 Metaspace       used 79786K, capacity 80938K, committed 81152K, reserved 1118208K
  class space    used 11490K, capacity 11732K, committed 11776K, reserved 1048576K
Event: 47.573 GC heap after
Heap after GC invocations=193 (full 6):
 def new generation   total 33920K, used 1244K [0x00000000c0000000, 0x00000000c24c0000, 0x00000000d5550000)
  eden space 30208K,   0% used [0x00000000c0000000, 0x00000000c0000000, 0x00000000c1d80000)
  from space 3712K,  33% used [0x00000000c2120000, 0x00000000c22573c8, 0x00000000c24c0000)
  to   space 3712K,   0% used [0x00000000c1d80000, 0x00000000c1d80000, 0x00000000c2120000)
 tenured generation   total 75136K, used 59125K [0x00000000d5550000, 0x00000000d9eb0000, 0x0000000100000000)
   the space 75136K,  78% used [0x00000000d5550000, 0x00000000d8f0d7b8, 0x00000000d8f0d800, 0x00000000d9eb0000)
 Metaspace       used 79786K, capacity 80938K, committed 81152K, reserved 1118208K
  class space    used 11490K, capacity 11732K, committed 11776K, reserved 1048576K
}
Event: 47.719 GC heap before
{Heap before GC invocations=193 (full 6):
 def new generation   total 33920K, used 31452K [0x00000000c0000000, 0x00000000c24c0000, 0x00000000d5550000)
  eden space 30208K, 100% used [0x00000000c0000000, 0x00000000c1d80000, 0x00000000c1d80000)
  from space 3712K,  33% used [0x00000000c2120000, 0x00000000c22573c8, 0x00000000c24c0000)
  to   space 3712K,   0% used [0x00000000c1d80000, 0x00000000c1d80000, 0x00000000c2120000)
 tenured generation   total 75136K, used 59125K [0x00000000d5550000, 0x00000000d9eb0000, 0x0000000100000000)
   the space 75136K,  78% used [0x00000000d5550000, 0x00000000d8f0d7b8, 0x00000000d8f0d800, 0x00000000d9eb0000)
 Metaspace       used 79795K, capacity 80938K, committed 81152K, reserved 1118208K
  class space    used 11490K, capacity 11732K, committed 11776K, reserved 1048576K
Event: 47.727 GC heap after
Heap after GC invocations=194 (full 6):
 def new generation   total 33920K, used 1365K [0x00000000c0000000, 0x00000000c24c0000, 0x00000000d5550000)
  eden space 30208K,   0% used [0x00000000c0000000, 0x00000000c0000000, 0x00000000c1d80000)
  from space 3712K,  36% used [0x00000000c1d80000, 0x00000000c1ed5440, 0x00000000c2120000)
  to   space 3712K,   0% used [0x00000000c2120000, 0x00000000c2120000, 0x00000000c24c0000)
 tenured generation   total 75136K, used 59168K [0x00000000d5550000, 0x00000000d9eb0000, 0x0000000100000000)
   the space 75136K,  78% used [0x00000000d5550000, 0x00000000d8f181b8, 0x00000000d8f18200, 0x00000000d9eb0000)
 Metaspace       used 79795K, capacity 80938K, committed 81152K, reserved 1118208K
  class space    used 11490K, capacity 11732K, committed 11776K, reserved 1048576K
}
Event: 47.897 GC heap before
{Heap before GC invocations=194 (full 6):
 def new generation   total 33920K, used 31572K [0x00000000c0000000, 0x00000000c24c0000, 0x00000000d5550000)
  eden space 30208K,  99% used [0x00000000c0000000, 0x00000000c1d7fca8, 0x00000000c1d80000)
  from space 3712K,  36% used [0x00000000c1d80000, 0x00000000c1ed5440, 0x00000000c2120000)
  to   space 3712K,   0% used [0x00000000c2120000, 0x00000000c2120000, 0x00000000c24c0000)
 tenured generation   total 75136K, used 59168K [0x00000000d5550000, 0x00000000d9eb0000, 0x0000000100000000)
   the space 75136K,  78% used [0x00000000d5550000, 0x00000000d8f181b8, 0x00000000d8f18200, 0x00000000d9eb0000)
 Metaspace       used 79796K, capacity 80938K, committed 81152K, reserved 1118208K
  class space    used 11490K, capacity 11732K, committed 11776K, reserved 1048576K
Event: 47.905 GC heap after
Heap after GC invocations=195 (full 6):
 def new generation   total 33920K, used 1350K [0x00000000c0000000, 0x00000000c24c0000, 0x00000000d5550000)
  eden space 30208K,   0% used [0x00000000c0000000, 0x00000000c0000000, 0x00000000c1d80000)
  from space 3712K,  36% used [0x00000000c2120000, 0x00000000c2271828, 0x00000000c24c0000)
  to   space 3712K,   0% used [0x00000000c1d80000, 0x00000000c1d80000, 0x00000000c2120000)
 tenured generation   total 75136K, used 59212K [0x00000000d5550000, 0x00000000d9eb0000, 0x0000000100000000)
   the space 75136K,  78% used [0x00000000d5550000, 0x00000000d8f23050, 0x00000000d8f23200, 0x00000000d9eb0000)
 Metaspace       used 79796K, capacity 80938K, committed 81152K, reserved 1118208K
  class space    used 11490K, capacity 11732K, committed 11776K, reserved 1048576K
}
Event: 48.070 GC heap before
{Heap before GC invocations=195 (full 6):
 def new generation   total 33920K, used 31558K [0x00000000c0000000, 0x00000000c24c0000, 0x00000000d5550000)
  eden space 30208K, 100% used [0x00000000c0000000, 0x00000000c1d80000, 0x00000000c1d80000)
  from space 3712K,  36% used [0x00000000c2120000, 0x00000000c2271828, 0x00000000c24c0000)
  to   space 3712K,   0% used [0x00000000c1d80000, 0x00000000c1d80000, 0x00000000c2120000)
 tenured generation   total 75136K, used 59212K [0x00000000d5550000, 0x00000000d9eb0000, 0x0000000100000000)
   the space 75136K,  78% used [0x00000000d5550000, 0x00000000d8f23050, 0x00000000d8f23200, 0x00000000d9eb0000)
 Metaspace       used 79802K, capacity 80938K, committed 81152K, reserved 1118208K
  class space    used 11490K, capacity 11732K, committed 11776K, reserved 1048576K
Event: 48.078 GC heap after
Heap after GC invocations=196 (full 6):
 def new generation   total 33920K, used 1382K [0x00000000c0000000, 0x00000000c24c0000, 0x00000000d5550000)
  eden space 30208K,   0% used [0x00000000c0000000, 0x00000000c0000000, 0x00000000c1d80000)
  from space 3712K,  37% used [0x00000000c1d80000, 0x00000000c1ed99f0, 0x00000000c2120000)
  to   space 3712K,   0% used [0x00000000c2120000, 0x00000000c2120000, 0x00000000c24c0000)
 tenured generation   total 75136K, used 59265K [0x00000000d5550000, 0x00000000d9eb0000, 0x0000000100000000)
   the space 75136K,  78% used [0x00000000d5550000, 0x00000000d8f307a0, 0x00000000d8f30800, 0x00000000d9eb0000)
 Metaspace       used 79802K, capacity 80938K, committed 81152K, reserved 1118208K
  class space    used 11490K, capacity 11732K, committed 11776K, reserved 1048576K
}
Event: 48.276 GC heap before
{Heap before GC invocations=196 (full 6):
 def new generation   total 33920K, used 31539K [0x00000000c0000000, 0x00000000c24c0000, 0x00000000d5550000)
  eden space 30208K,  99% used [0x00000000c0000000, 0x00000000c1d73400, 0x00000000c1d80000)
  from space 3712K,  37% used [0x00000000c1d80000, 0x00000000c1ed99f0, 0x00000000c2120000)
  to   space 3712K,   0% used [0x00000000c2120000, 0x00000000c2120000, 0x00000000c24c0000)
 tenured generation   total 75136K, used 59265K [0x00000000d5550000, 0x00000000d9eb0000, 0x0000000100000000)
   the space 75136K,  78% used [0x00000000d5550000, 0x00000000d8f307a0, 0x00000000d8f30800, 0x00000000d9eb0000)
 Metaspace       used 79862K, capacity 81002K, committed 81152K, reserved 1118208K
  class space    used 11490K, capacity 11732K, committed 11776K, reserved 1048576K
Event: 48.284 GC heap after
Heap after GC invocations=197 (full 6):
 def new generation   total 33920K, used 1451K [0x00000000c0000000, 0x00000000c24c0000, 0x00000000d5550000)
  eden space 30208K,   0% used [0x00000000c0000000, 0x00000000c0000000, 0x00000000c1d80000)
  from space 3712K,  39% used [0x00000000c2120000, 0x00000000c228ac58, 0x00000000c24c0000)
  to   space 3712K,   0% used [0x00000000c1d80000, 0x00000000c1d80000, 0x00000000c2120000)
 tenured generation   total 75136K, used 59290K [0x00000000d5550000, 0x00000000d9eb0000, 0x0000000100000000)
   the space 75136K,  78% used [0x00000000d5550000, 0x00000000d8f36b68, 0x00000000d8f36c00, 0x00000000d9eb0000)
 Metaspace       used 79862K, capacity 81002K, committed 81152K, reserved 1118208K
  class space    used 11490K, capacity 11732K, committed 11776K, reserved 1048576K
}
Event: 48.483 GC heap before
{Heap before GC invocations=197 (full 6):
 def new generation   total 33920K, used 31659K [0x00000000c0000000, 0x00000000c24c0000, 0x00000000d5550000)
  eden space 30208K, 100% used [0x00000000c0000000, 0x00000000c1d80000, 0x00000000c1d80000)
  from space 3712K,  39% used [0x00000000c2120000, 0x00000000c228ac58, 0x00000000c24c0000)
  to   space 3712K,   0% used [0x00000000c1d80000, 0x00000000c1d80000, 0x00000000c2120000)
 tenured generation   total 75136K, used 59290K [0x00000000d5550000, 0x00000000d9eb0000, 0x0000000100000000)
   the space 75136K,  78% used [0x00000000d5550000, 0x00000000d8f36b68, 0x00000000d8f36c00, 0x00000000d9eb0000)
 Metaspace       used 79927K, capacity 81066K, committed 81152K, reserved 1118208K
  class space    used 11490K, capacity 11732K, committed 11776K, reserved 1048576K
Event: 48.491 GC heap after
Heap after GC invocations=198 (full 6):
 def new generation   total 33920K, used 1522K [0x00000000c0000000, 0x00000000c24c0000, 0x00000000d5550000)
  eden space 30208K,   0% used [0x00000000c0000000, 0x00000000c0000000, 0x00000000c1d80000)
  from space 3712K,  41% used [0x00000000c1d80000, 0x00000000c1efc800, 0x00000000c2120000)
  to   space 3712K,   0% used [0x00000000c2120000, 0x00000000c2120000, 0x00000000c24c0000)
 tenured generation   total 75136K, used 59314K [0x00000000d5550000, 0x00000000d9eb0000, 0x0000000100000000)
   the space 75136K,  78% used [0x00000000d5550000, 0x00000000d8f3ca48, 0x00000000d8f3cc00, 0x00000000d9eb0000)
 Metaspace       used 79927K, capacity 81066K, committed 81152K, reserved 1118208K
  class space    used 11490K, capacity 11732K, committed 11776K, reserved 1048576K
}
Event: 48.586 GC heap before
{Heap before GC invocations=198 (full 6):
 def new generation   total 33920K, used 29991K [0x00000000c0000000, 0x00000000c24c0000, 0x00000000d5550000)
  eden space 30208K,  94% used [0x00000000c0000000, 0x00000000c1bcd460, 0x00000000c1d80000)
  from space 3712K,  41% used [0x00000000c1d80000, 0x00000000c1efc800, 0x00000000c2120000)
  to   space 3712K,   0% used [0x00000000c2120000, 0x00000000c2120000, 0x00000000c24c0000)
 tenured generation   total 75136K, used 59314K [0x00000000d5550000, 0x00000000d9eb0000, 0x0000000100000000)
   the space 75136K,  78% used [0x00000000d5550000, 0x00000000d8f3ca48, 0x00000000d8f3cc00, 0x00000000d9eb0000)
 Metaspace       used 79931K, capacity 81066K, committed 81152K, reserved 1118208K
  class space    used 11490K, capacity 11732K, committed 11776K, reserved 1048576K
Event: 48.593 GC heap after
Heap after GC invocations=199 (full 6):
 def new generation   total 33920K, used 1297K [0x00000000c0000000, 0x00000000c24c0000, 0x00000000d5550000)
  eden space 30208K,   0% used [0x00000000c0000000, 0x00000000c0000000, 0x00000000c1d80000)
  from space 3712K,  34% used [0x00000000c2120000, 0x00000000c2264430, 0x00000000c24c0000)
  to   space 3712K,   0% used [0x00000000c1d80000, 0x00000000c1d80000, 0x00000000c2120000)
 tenured generation   total 75136K, used 59356K [0x00000000d5550000, 0x00000000d9eb0000, 0x0000000100000000)
   the space 75136K,  78% used [0x00000000d5550000, 0x00000000d8f472a8, 0x00000000d8f47400, 0x00000000d9eb0000)
 Metaspace       used 79931K, capacity 81066K, committed 81152K, reserved 1118208K
  class space    used 11490K, capacity 11732K, committed 11776K, reserved 1048576K
}
Event: 48.752 GC heap before
{Heap before GC invocations=199 (full 6):
 def new generation   total 33920K, used 31505K [0x00000000c0000000, 0x00000000c24c0000, 0x00000000d5550000)
  eden space 30208K, 100% used [0x00000000c0000000, 0x00000000c1d80000, 0x00000000c1d80000)
  from space 3712K,  34% used [0x00000000c2120000, 0x00000000c2264430, 0x00000000c24c0000)
  to   space 3712K,   0% used [0x00000000c1d80000, 0x00000000c1d80000, 0x00000000c2120000)
 tenured generation   total 75136K, used 59356K [0x00000000d5550000, 0x00000000d9eb0000, 0x0000000100000000)
   the space 75136K,  78% used [0x00000000d5550000, 0x00000000d8f472a8, 0x00000000d8f47400, 0x00000000d9eb0000)
 Metaspace       used 79949K, capacity 81066K, committed 81152K, reserved 1118208K
  class space    used 11490K, capacity 11732K, committed 11776K, reserved 1048576K
Event: 48.760 GC heap after
Heap after GC invocations=200 (full 6):
 def new generation   total 33920K, used 1260K [0x00000000c0000000, 0x00000000c24c0000, 0x00000000d5550000)
  eden space 30208K,   0% used [0x00000000c0000000, 0x00000000c0000000, 0x00000000c1d80000)
  from space 3712K,  33% used [0x00000000c1d80000, 0x00000000c1ebb148, 0x00000000c2120000)
  to   space 3712K,   0% used [0x00000000c2120000, 0x00000000c2120000, 0x00000000c24c0000)
 tenured generation   total 75136K, used 59399K [0x00000000d5550000, 0x00000000d9eb0000, 0x0000000100000000)
   the space 75136K,  79% used [0x00000000d5550000, 0x00000000d8f51f68, 0x00000000d8f52000, 0x00000000d9eb0000)
 Metaspace       used 79949K, capacity 81066K, committed 81152K, reserved 1118208K
  class space    used 11490K, capacity 11732K, committed 11776K, reserved 1048576K
}
Event: 48.937 GC heap before
{Heap before GC invocations=200 (full 6):
 def new generation   total 33920K, used 31468K [0x00000000c0000000, 0x00000000c24c0000, 0x00000000d5550000)
  eden space 30208K, 100% used [0x00000000c0000000, 0x00000000c1d80000, 0x00000000c1d80000)
  from space 3712K,  33% used [0x00000000c1d80000, 0x00000000c1ebb148, 0x00000000c2120000)
  to   space 3712K,   0% used [0x00000000c2120000, 0x00000000c2120000, 0x00000000c24c0000)
 tenured generation   total 75136K, used 59399K [0x00000000d5550000, 0x00000000d9eb0000, 0x0000000100000000)
   the space 75136K,  79% used [0x00000000d5550000, 0x00000000d8f51f68, 0x00000000d8f52000, 0x00000000d9eb0000)
 Metaspace       used 79949K, capacity 81066K, committed 81152K, reserved 1118208K
  class space    used 11490K, capacity 11732K, committed 11776K, reserved 1048576K
Event: 48.945 GC heap after
Heap after GC invocations=201 (full 6):
 def new generation   total 33920K, used 1219K [0x00000000c0000000, 0x00000000c24c0000, 0x00000000d5550000)
  eden space 30208K,   0% used [0x00000000c0000000, 0x00000000c0000000, 0x00000000c1d80000)
  from space 3712K,  32% used [0x00000000c2120000, 0x00000000c2250fa0, 0x00000000c24c0000)
  to   space 3712K,   0% used [0x00000000c1d80000, 0x00000000c1d80000, 0x00000000c2120000)
 tenured generation   total 75136K, used 59449K [0x00000000d5550000, 0x00000000d9eb0000, 0x0000000100000000)
   the space 75136K,  79% used [0x00000000d5550000, 0x00000000d8f5e5d0, 0x00000000d8f5e600, 0x00000000d9eb0000)
 Metaspace       used 79949K, capacity 81066K, committed 81152K, reserved 1118208K
  class space    used 11490K, capacity 11732K, committed 11776K, reserved 1048576K
}
Event: 49.107 GC heap before
{Heap before GC invocations=201 (full 6):
 def new generation   total 33920K, used 31427K [0x00000000c0000000, 0x00000000c24c0000, 0x00000000d5550000)
  eden space 30208K, 100% used [0x00000000c0000000, 0x00000000c1d80000, 0x00000000c1d80000)
  from space 3712K,  32% used [0x00000000c2120000, 0x00000000c2250fa0, 0x00000000c24c0000)
  to   space 3712K,   0% used [0x00000000c1d80000, 0x00000000c1d80000, 0x00000000c2120000)
 tenured generation   total 75136K, used 59449K [0x00000000d5550000, 0x00000000d9eb0000, 0x0000000100000000)
   the space 75136K,  79% used [0x00000000d5550000, 0x00000000d8f5e5d0, 0x00000000d8f5e600, 0x00000000d9eb0000)
 Metaspace       used 79953K, capacity 81074K, committed 81152K, reserved 1118208K
  class space    used 11490K, capacity 11732K, committed 11776K, reserved 1048576K
Event: 49.115 GC heap after
Heap after GC invocations=202 (full 6):
 def new generation   total 33920K, used 1262K [0x00000000c0000000, 0x00000000c24c0000, 0x00000000d5550000)
  eden space 30208K,   0% used [0x00000000c0000000, 0x00000000c0000000, 0x00000000c1d80000)
  from space 3712K,  34% used [0x00000000c1d80000, 0x00000000c1ebb9b8, 0x00000000c2120000)
  to   space 3712K,   0% used [0x00000000c2120000, 0x00000000c2120000, 0x00000000c24c0000)
 tenured generation   total 75136K, used 59493K [0x00000000d5550000, 0x00000000d9eb0000, 0x0000000100000000)
   the space 75136K,  79% used [0x00000000d5550000, 0x00000000d8f69488, 0x00000000d8f69600, 0x00000000d9eb0000)
 Metaspace       used 79953K, capacity 81074K, committed 81152K, reserved 1118208K
  class space    used 11490K, capacity 11732K, committed 11776K, reserved 1048576K
}
Event: 49.236 GC heap before
{Heap before GC invocations=202 (full 6):
 def new generation   total 33920K, used 25275K [0x00000000c0000000, 0x00000000c24c0000, 0x00000000d5550000)
  eden space 30208K,  79% used [0x00000000c0000000, 0x00000000c17733e0, 0x00000000c1d80000)
  from space 3712K,  34% used [0x00000000c1d80000, 0x00000000c1ebb9b8, 0x00000000c2120000)
  to   space 3712K,   0% used [0x00000000c2120000, 0x00000000c2120000, 0x00000000c24c0000)
 tenured generation   total 75136K, used 59493K [0x00000000d5550000, 0x00000000d9eb0000, 0x0000000100000000)
   the space 75136K,  79% used [0x00000000d5550000, 0x00000000d8f69488, 0x00000000d8f69600, 0x00000000d9eb0000)
 Metaspace       used 79966K, capacity 81138K, committed 81408K, reserved 1118208K
  class space    used 11490K, capacity 11732K, committed 11776K, reserved 1048576K
Event: 49.244 GC heap after
Heap after GC invocations=203 (full 6):
 def new generation   total 33920K, used 1640K [0x00000000c0000000, 0x00000000c24c0000, 0x00000000d5550000)
  eden space 30208K,   0% used [0x00000000c0000000, 0x00000000c0000000, 0x00000000c1d80000)
  from space 3712K,  44% used [0x00000000c2120000, 0x00000000c22ba380, 0x00000000c24c0000)
  to   space 3712K,   0% used [0x00000000c1d80000, 0x00000000c1d80000, 0x00000000c2120000)
 tenured generation   total 75136K, used 59603K [0x00000000d5550000, 0x00000000d9eb0000, 0x0000000100000000)
   the space 75136K,  79% used [0x00000000d5550000, 0x00000000d8f84cb0, 0x00000000d8f84e00, 0x00000000d9eb0000)
 Metaspace       used 79966K, capacity 81138K, committed 81408K, reserved 1118208K
  class space    used 11490K, capacity 11732K, committed 11776K, reserved 1048576K
}
Event: 49.495 GC heap before
{Heap before GC invocations=203 (full 6):
 def new generation   total 33920K, used 31848K [0x00000000c0000000, 0x00000000c24c0000, 0x00000000d5550000)
  eden space 30208K, 100% used [0x00000000c0000000, 0x00000000c1d80000, 0x00000000c1d80000)
  from space 3712K,  44% used [0x00000000c2120000, 0x00000000c22ba380, 0x00000000c24c0000)
  to   space 3712K,   0% used [0x00000000c1d80000, 0x00000000c1d80000, 0x00000000c2120000)
 tenured generation   total 75136K, used 59603K [0x00000000d5550000, 0x00000000d9eb0000, 0x0000000100000000)
   the space 75136K,  79% used [0x00000000d5550000, 0x00000000d8f84cb0, 0x00000000d8f84e00, 0x00000000d9eb0000)
 Metaspace       used 80080K, capacity 81202K, committed 81408K, reserved 1118208K
  class space    used 11492K, capacity 11732K, committed 11776K, reserved 1048576K
Event: 49.503 GC heap after
Heap after GC invocations=204 (full 6):
 def new generation   total 33920K, used 833K [0x00000000c0000000, 0x00000000c24c0000, 0x00000000d5550000)
  eden space 30208K,   0% used [0x00000000c0000000, 0x00000000c0000000, 0x00000000c1d80000)
  from space 3712K,  22% used [0x00000000c1d80000, 0x00000000c1e504f8, 0x00000000c2120000)
  to   space 3712K,   0% used [0x00000000c2120000, 0x00000000c2120000, 0x00000000c24c0000)
 tenured generation   total 75136K, used 59721K [0x00000000d5550000, 0x00000000d9eb0000, 0x0000000100000000)
   the space 75136K,  79% used [0x00000000d5550000, 0x00000000d8fa26e0, 0x00000000d8fa2800, 0x00000000d9eb0000)
 Metaspace       used 80080K, capacity 81202K, committed 81408K, reserved 1118208K
  class space    used 11492K, capacity 11732K, committed 11776K, reserved 1048576K
}
Event: 49.752 GC heap before
{Heap before GC invocations=204 (full 6):
 def new generation   total 33920K, used 28749K [0x00000000c0000000, 0x00000000c24c0000, 0x00000000d5550000)
  eden space 30208K,  92% used [0x00000000c0000000, 0x00000000c1b432f8, 0x00000000c1d80000)
  from space 3712K,  22% used [0x00000000c1d80000, 0x00000000c1e504f8, 0x00000000c2120000)
  to   space 3712K,   0% used [0x00000000c2120000, 0x00000000c2120000, 0x00000000c24c0000)
 tenured generation   total 75136K, used 59721K [0x00000000d5550000, 0x00000000d9eb0000, 0x0000000100000000)
   the space 75136K,  79% used [0x00000000d5550000, 0x00000000d8fa26e0, 0x00000000d8fa2800, 0x00000000d9eb0000)
 Metaspace       used 80158K, capacity 81290K, committed 81408K, reserved 1118208K
  class space    used 11495K, capacity 11739K, committed 11776K, reserved 1048576K
Event: 49.760 GC heap after
Heap after GC invocations=205 (full 6):
 def new generation   total 33920K, used 1135K [0x00000000c0000000, 0x00000000c24c0000, 0x00000000d5550000)
  eden space 30208K,   0% used [0x00000000c0000000, 0x00000000c0000000, 0x00000000c1d80000)
  from space 3712K,  30% used [0x00000000c2120000, 0x00000000c223bce0, 0x00000000c24c0000)
  to   space 3712K,   0% used [0x00000000c1d80000, 0x00000000c1d80000, 0x00000000c2120000)
 tenured generation   total 75136K, used 59800K [0x00000000d5550000, 0x00000000d9eb0000, 0x0000000100000000)
   the space 75136K,  79% used [0x00000000d5550000, 0x00000000d8fb6028, 0x00000000d8fb6200, 0x00000000d9eb0000)
 Metaspace       used 80158K, capacity 81290K, committed 81408K, reserved 1118208K
  class space    used 11495K, capacity 11739K, committed 11776K, reserved 1048576K
}
Event: 49.908 GC heap before
{Heap before GC invocations=205 (full 6):
 def new generation   total 33920K, used 31343K [0x00000000c0000000, 0x00000000c24c0000, 0x00000000d5550000)
  eden space 30208K, 100% used [0x00000000c0000000, 0x00000000c1d80000, 0x00000000c1d80000)
  from space 3712K,  30% used [0x00000000c2120000, 0x00000000c223bce0, 0x00000000c24c0000)
  to   space 3712K,   0% used [0x00000000c1d80000, 0x00000000c1d80000, 0x00000000c2120000)
 tenured generation   total 75136K, used 59800K [0x00000000d5550000, 0x00000000d9eb0000, 0x0000000100000000)
   the space 75136K,  79% used [0x00000000d5550000, 0x00000000d8fb6028, 0x00000000d8fb6200, 0x00000000d9eb0000)
 Metaspace       used 80203K, capacity 81442K, committed 81664K, reserved 1120256K
  class space    used 11499K, capacity 11743K, committed 11776K, reserved 1048576K

