# JRE version: OpenJDK Runtime Environment (8.0_201-b09) (build 1.8.0_201-b09)
# Java VM: OpenJDK 64-Bit Server VM (25.201-b09 mixed mode linux-amd64 compressed oops)
Heap:
 def new generation   total 33856K, used 0K [0x00000000c0000000, 0x00000000c24b0000, 0x00000000d5550000)
  eden space 30144K,   0% used [0x00000000c0000000, 0x00000000c0000000, 0x00000000c1d70000)
  from space 3712K,   0% used [0x00000000c1d70000, 0x00000000c1d70000, 0x00000000c2110000)
  to   space 3712K,   0% used [0x00000000c2110000, 0x00000000c2110000, 0x00000000c24b0000)
 tenured generation   total 91484K, used 79014K [0x00000000d5550000, 0x00000000daea7000, 0x0000000100000000)
   the space 91484K,  86% used [0x00000000d5550000, 0x00000000da279a10, 0x00000000da279c00, 0x00000000daea7000)
 Metaspace       used 80139K, capacity 81372K, committed 81408K, reserved 1118208K
  class space    used 11497K, capacity 11742K, committed 11776K, reserved 1048576K
GC Heap History (250 events):
Event: 5.434 GC heap after
Heap after GC invocations=78 (full 1):
 def new generation   total 4992K, used 366K [0x00000000c0000000, 0x00000000c0560000, 0x00000000d5550000)
  eden space 4480K,   0% used [0x00000000c0000000, 0x00000000c0000000, 0x00000000c0460000)
  from space 512K,  71% used [0x00000000c0460000, 0x00000000c04bbb08, 0x00000000c04e0000)
  to   space 512K,   0% used [0x00000000c04e0000, 0x00000000c04e0000, 0x00000000c0560000)
 tenured generation   total 10944K, used 7973K [0x00000000d5550000, 0x00000000d6000000, 0x0000000100000000)
   the space 10944K,  72% used [0x00000000d5550000, 0x00000000d5d19700, 0x00000000d5d19800, 0x00000000d6000000)
 Metaspace       used 30515K, capacity 30710K, committed 30976K, reserved 1075200K
  class space    used 4189K, capacity 4275K, committed 4352K, reserved 1048576K
}
Event: 5.466 GC heap before
{Heap before GC invocations=78 (full 1):
 def new generation   total 4992K, used 4846K [0x00000000c0000000, 0x00000000c0560000, 0x00000000d5550000)
  eden space 4480K, 100% used [0x00000000c0000000, 0x00000000c0460000, 0x00000000c0460000)
  from space 512K,  71% used [0x00000000c0460000, 0x00000000c04bbb08, 0x00000000c04e0000)
  to   space 512K,   0% used [0x00000000c04e0000, 0x00000000c04e0000, 0x00000000c0560000)
 tenured generation   total 10944K, used 7973K [0x00000000d5550000, 0x00000000d6000000, 0x0000000100000000)
   the space 10944K,  72% used [0x00000000d5550000, 0x00000000d5d19700, 0x00000000d5d19800, 0x00000000d6000000)
 Metaspace       used 31037K, capacity 31254K, committed 31488K, reserved 1077248K
  class space    used 4230K, capacity 4307K, committed 4352K, reserved 1048576K
Event: 5.468 GC heap after
Heap after GC invocations=79 (full 1):
 def new generation   total 4992K, used 511K [0x00000000c0000000, 0x00000000c0560000, 0x00000000d5550000)
  eden space 4480K,   0% used [0x00000000c0000000, 0x00000000c0000000, 0x00000000c0460000)
  from space 512K,  99% used [0x00000000c04e0000, 0x00000000c055ff78, 0x00000000c0560000)
  to   space 512K,   0% used [0x00000000c0460000, 0x00000000c0460000, 0x00000000c04e0000)
 tenured generation   total 10944K, used 8079K [0x00000000d5550000, 0x00000000d6000000, 0x0000000100000000)
   the space 10944K,  73% used [0x00000000d5550000, 0x00000000d5d33f38, 0x00000000d5d34000, 0x00000000d6000000)
 Metaspace       used 31037K, capacity 31254K, committed 31488K, reserved 1077248K
  class space    used 4230K, capacity 4307K, committed 4352K, reserved 1048576K
}
Event: 5.507 GC heap before
{Heap before GC invocations=79 (full 1):
 def new generation   total 4992K, used 4991K [0x00000000c0000000, 0x00000000c0560000, 0x00000000d5550000)
  eden space 4480K, 100% used [0x00000000c0000000, 0x00000000c0460000, 0x00000000c0460000)
  from space 512K,  99% used [0x00000000c04e0000, 0x00000000c055ff78, 0x00000000c0560000)
  to   space 512K,   0% used [0x00000000c0460000, 0x00000000c0460000, 0x00000000c04e0000)
 tenured generation   total 10944K, used 8079K [0x00000000d5550000, 0x00000000d6000000, 0x0000000100000000)
   the space 10944K,  73% used [0x00000000d5550000, 0x00000000d5d33f38, 0x00000000d5d34000, 0x00000000d6000000)
 Metaspace       used 31655K, capacity 31830K, committed 32128K, reserved 1077248K
  class space    used 4286K, capacity 4371K, committed 4480K, reserved 1048576K
Event: 5.509 GC heap after
Heap after GC invocations=80 (full 1):
 def new generation   total 4992K, used 511K [0x00000000c0000000, 0x00000000c0560000, 0x00000000d5550000)
  eden space 4480K,   0% used [0x00000000c0000000, 0x00000000c0000000, 0x00000000c0460000)
  from space 512K,  99% used [0x00000000c0460000, 0x00000000c04dfff8, 0x00000000c04e0000)
  to   space 512K,   0% used [0x00000000c04e0000, 0x00000000c04e0000, 0x00000000c0560000)
 tenured generation   total 10944K, used 8172K [0x00000000d5550000, 0x00000000d6000000, 0x0000000100000000)
   the space 10944K,  74% used [0x00000000d5550000, 0x00000000d5d4b300, 0x00000000d5d4b400, 0x00000000d6000000)
 Metaspace       used 31655K, capacity 31830K, committed 32128K, reserved 1077248K
  class space    used 4286K, capacity 4371K, committed 4480K, reserved 1048576K
}
Event: 5.568 GC heap before
{Heap before GC invocations=80 (full 1):
 def new generation   total 4992K, used 4991K [0x00000000c0000000, 0x00000000c0560000, 0x00000000d5550000)
  eden space 4480K, 100% used [0x00000000c0000000, 0x00000000c0460000, 0x00000000c0460000)
  from space 512K,  99% used [0x00000000c0460000, 0x00000000c04dfff8, 0x00000000c04e0000)
  to   space 512K,   0% used [0x00000000c04e0000, 0x00000000c04e0000, 0x00000000c0560000)
 tenured generation   total 10944K, used 8172K [0x00000000d5550000, 0x00000000d6000000, 0x0000000100000000)
   the space 10944K,  74% used [0x00000000d5550000, 0x00000000d5d4b300, 0x00000000d5d4b400, 0x00000000d6000000)
 Metaspace       used 32040K, capacity 32246K, committed 32640K, reserved 1077248K
  class space    used 4333K, capacity 4403K, committed 4480K, reserved 1048576K
Event: 5.570 GC heap after
Heap after GC invocations=81 (full 1):
 def new generation   total 4992K, used 468K [0x00000000c0000000, 0x00000000c0560000, 0x00000000d5550000)
  eden space 4480K,   0% used [0x00000000c0000000, 0x00000000c0000000, 0x00000000c0460000)
  from space 512K,  91% used [0x00000000c04e0000, 0x00000000c0555390, 0x00000000c0560000)
  to   space 512K,   0% used [0x00000000c0460000, 0x00000000c0460000, 0x00000000c04e0000)
 tenured generation   total 10944K, used 8223K [0x00000000d5550000, 0x00000000d6000000, 0x0000000100000000)
   the space 10944K,  75% used [0x00000000d5550000, 0x00000000d5d57e00, 0x00000000d5d57e00, 0x00000000d6000000)
 Metaspace       used 32040K, capacity 32246K, committed 32640K, reserved 1077248K
  class space    used 4333K, capacity 4403K, committed 4480K, reserved 1048576K
}
Event: 5.618 GC heap before
{Heap before GC invocations=81 (full 1):
 def new generation   total 4992K, used 4948K [0x00000000c0000000, 0x00000000c0560000, 0x00000000d5550000)
  eden space 4480K, 100% used [0x00000000c0000000, 0x00000000c0460000, 0x00000000c0460000)
  from space 512K,  91% used [0x00000000c04e0000, 0x00000000c0555390, 0x00000000c0560000)
  to   space 512K,   0% used [0x00000000c0460000, 0x00000000c0460000, 0x00000000c04e0000)
 tenured generation   total 10944K, used 8223K [0x00000000d5550000, 0x00000000d6000000, 0x0000000100000000)
   the space 10944K,  75% used [0x00000000d5550000, 0x00000000d5d57e00, 0x00000000d5d57e00, 0x00000000d6000000)
 Metaspace       used 32375K, capacity 32566K, committed 32896K, reserved 1077248K
  class space    used 4379K, capacity 4467K, committed 4480K, reserved 1048576K
Event: 5.620 GC heap after
Heap after GC invocations=82 (full 1):
 def new generation   total 4992K, used 452K [0x00000000c0000000, 0x00000000c0560000, 0x00000000d5550000)
  eden space 4480K,   0% used [0x00000000c0000000, 0x00000000c0000000, 0x00000000c0460000)
  from space 512K,  88% used [0x00000000c0460000, 0x00000000c04d1028, 0x00000000c04e0000)
  to   space 512K,   0% used [0x00000000c04e0000, 0x00000000c04e0000, 0x00000000c0560000)
 tenured generation   total 10944K, used 8249K [0x00000000d5550000, 0x00000000d6000000, 0x0000000100000000)
   the space 10944K,  75% used [0x00000000d5550000, 0x00000000d5d5e770, 0x00000000d5d5e800, 0x00000000d6000000)
 Metaspace       used 32375K, capacity 32566K, committed 32896K, reserved 1077248K
  class space    used 4379K, capacity 4467K, committed 4480K, reserved 1048576K
}
Event: 5.705 GC heap before
{Heap before GC invocations=82 (full 1):
 def new generation   total 4992K, used 4932K [0x00000000c0000000, 0x00000000c0560000, 0x00000000d5550000)
  eden space 4480K, 100% used [0x00000000c0000000, 0x00000000c0460000, 0x00000000c0460000)
  from space 512K,  88% used [0x00000000c0460000, 0x00000000c04d1028, 0x00000000c04e0000)
  to   space 512K,   0% used [0x00000000c04e0000, 0x00000000c04e0000, 0x00000000c0560000)
 tenured generation   total 10944K, used 8249K [0x00000000d5550000, 0x00000000d6000000, 0x0000000100000000)
   the space 10944K,  75% used [0x00000000d5550000, 0x00000000d5d5e770, 0x00000000d5d5e800, 0x00000000d6000000)
 Metaspace       used 32563K, capacity 32790K, committed 33280K, reserved 1077248K
  class space    used 4417K, capacity 4499K, committed 4608K, reserved 1048576K
Event: 5.708 GC heap after
Heap after GC invocations=83 (full 1):
 def new generation   total 4992K, used 253K [0x00000000c0000000, 0x00000000c0560000, 0x00000000d5550000)
  eden space 4480K,   0% used [0x00000000c0000000, 0x00000000c0000000, 0x00000000c0460000)
  from space 512K,  49% used [0x00000000c04e0000, 0x00000000c051f650, 0x00000000c0560000)
  to   space 512K,   0% used [0x00000000c0460000, 0x00000000c0460000, 0x00000000c04e0000)
 tenured generation   total 10944K, used 8285K [0x00000000d5550000, 0x00000000d6000000, 0x0000000100000000)
   the space 10944K,  75% used [0x00000000d5550000, 0x00000000d5d67490, 0x00000000d5d67600, 0x00000000d6000000)
 Metaspace       used 32563K, capacity 32790K, committed 33280K, reserved 1077248K
  class space    used 4417K, capacity 4499K, committed 4608K, reserved 1048576K
}
Event: 5.750 GC heap before
{Heap before GC invocations=83 (full 1):
 def new generation   total 4992K, used 4733K [0x00000000c0000000, 0x00000000c0560000, 0x00000000d5550000)
  eden space 4480K, 100% used [0x00000000c0000000, 0x00000000c0460000, 0x00000000c0460000)
  from space 512K,  49% used [0x00000000c04e0000, 0x00000000c051f650, 0x00000000c0560000)
  to   space 512K,   0% used [0x00000000c0460000, 0x00000000c0460000, 0x00000000c04e0000)
 tenured generation   total 10944K, used 8285K [0x00000000d5550000, 0x00000000d6000000, 0x0000000100000000)
   the space 10944K,  75% used [0x00000000d5550000, 0x00000000d5d67490, 0x00000000d5d67600, 0x00000000d6000000)
 Metaspace       used 32794K, capacity 33016K, committed 33280K, reserved 1077248K
  class space    used 4455K, capacity 4532K, committed 4608K, reserved 1048576K
Event: 5.753 GC heap after
Heap after GC invocations=84 (full 1):
 def new generation   total 4992K, used 312K [0x00000000c0000000, 0x00000000c0560000, 0x00000000d5550000)
  eden space 4480K,   0% used [0x00000000c0000000, 0x00000000c0000000, 0x00000000c0460000)
  from space 512K,  61% used [0x00000000c0460000, 0x00000000c04ae378, 0x00000000c04e0000)
  to   space 512K,   0% used [0x00000000c04e0000, 0x00000000c04e0000, 0x00000000c0560000)
 tenured generation   total 10944K, used 8285K [0x00000000d5550000, 0x00000000d6000000, 0x0000000100000000)
   the space 10944K,  75% used [0x00000000d5550000, 0x00000000d5d67490, 0x00000000d5d67600, 0x00000000d6000000)
 Metaspace       used 32794K, capacity 33016K, committed 33280K, reserved 1077248K
  class space    used 4455K, capacity 4532K, committed 4608K, reserved 1048576K
}
Event: 5.805 GC heap before
{Heap before GC invocations=84 (full 1):
 def new generation   total 4992K, used 4792K [0x00000000c0000000, 0x00000000c0560000, 0x00000000d5550000)
  eden space 4480K, 100% used [0x00000000c0000000, 0x00000000c0460000, 0x00000000c0460000)
  from space 512K,  61% used [0x00000000c0460000, 0x00000000c04ae378, 0x00000000c04e0000)
  to   space 512K,   0% used [0x00000000c04e0000, 0x00000000c04e0000, 0x00000000c0560000)
 tenured generation   total 10944K, used 8285K [0x00000000d5550000, 0x00000000d6000000, 0x0000000100000000)
   the space 10944K,  75% used [0x00000000d5550000, 0x00000000d5d67490, 0x00000000d5d67600, 0x00000000d6000000)
 Metaspace       used 32983K, capacity 33240K, committed 33536K, reserved 1079296K
  class space    used 4490K, capacity 4564K, committed 4608K, reserved 1048576K
Event: 5.807 GC heap after
Heap after GC invocations=85 (full 1):
 def new generation   total 4992K, used 391K [0x00000000c0000000, 0x00000000c0560000, 0x00000000d5550000)
  eden space 4480K,   0% used [0x00000000c0000000, 0x00000000c0000000, 0x00000000c0460000)
  from space 512K,  76% used [0x00000000c04e0000, 0x00000000c0541f00, 0x00000000c0560000)
  to   space 512K,   0% used [0x00000000c0460000, 0x00000000c0460000, 0x00000000c04e0000)
 tenured generation   total 10944K, used 8337K [0x00000000d5550000, 0x00000000d6000000, 0x0000000100000000)
   the space 10944K,  76% used [0x00000000d5550000, 0x00000000d5d745f0, 0x00000000d5d74600, 0x00000000d6000000)
 Metaspace       used 32983K, capacity 33240K, committed 33536K, reserved 1079296K
  class space    used 4490K, capacity 4564K, committed 4608K, reserved 1048576K
}
Event: 5.897 GC heap before
{Heap before GC invocations=85 (full 1):
 def new generation   total 4992K, used 4871K [0x00000000c0000000, 0x00000000c0560000, 0x00000000d5550000)
  eden space 4480K, 100% used [0x00000000c0000000, 0x00000000c0460000, 0x00000000c0460000)
  from space 512K,  76% used [0x00000000c04e0000, 0x00000000c0541f00, 0x00000000c0560000)
  to   space 512K,   0% used [0x00000000c0460000, 0x00000000c0460000, 0x00000000c04e0000)
 tenured generation   total 10944K, used 8337K [0x00000000d5550000, 0x00000000d6000000, 0x0000000100000000)
   the space 10944K,  76% used [0x00000000d5550000, 0x00000000d5d745f0, 0x00000000d5d74600, 0x00000000d6000000)
 Metaspace       used 33106K, capacity 33304K, committed 33536K, reserved 1079296K
  class space    used 4503K, capacity 4564K, committed 4608K, reserved 1048576K
Event: 5.900 GC heap after
Heap after GC invocations=86 (full 1):
 def new generation   total 4992K, used 193K [0x00000000c0000000, 0x00000000c0560000, 0x00000000d5550000)
  eden space 4480K,   0% used [0x00000000c0000000, 0x00000000c0000000, 0x00000000c0460000)
  from space 512K,  37% used [0x00000000c0460000, 0x00000000c0490738, 0x00000000c04e0000)
  to   space 512K,   0% used [0x00000000c04e0000, 0x00000000c04e0000, 0x00000000c0560000)
 tenured generation   total 10944K, used 8527K [0x00000000d5550000, 0x00000000d6000000, 0x0000000100000000)
   the space 10944K,  77% used [0x00000000d5550000, 0x00000000d5da3dc0, 0x00000000d5da3e00, 0x00000000d6000000)
 Metaspace       used 33106K, capacity 33304K, committed 33536K, reserved 1079296K
  class space    used 4503K, capacity 4564K, committed 4608K, reserved 1048576K
}
Event: 5.939 GC heap before
{Heap before GC invocations=86 (full 1):
 def new generation   total 4992K, used 4673K [0x00000000c0000000, 0x00000000c0560000, 0x00000000d5550000)
  eden space 4480K, 100% used [0x00000000c0000000, 0x00000000c0460000, 0x00000000c0460000)
  from space 512K,  37% used [0x00000000c0460000, 0x00000000c0490738, 0x00000000c04e0000)
  to   space 512K,   0% used [0x00000000c04e0000, 0x00000000c04e0000, 0x00000000c0560000)
 tenured generation   total 10944K, used 8527K [0x00000000d5550000, 0x00000000d6000000, 0x0000000100000000)
   the space 10944K,  77% used [0x00000000d5550000, 0x00000000d5da3dc0, 0x00000000d5da3e00, 0x00000000d6000000)
 Metaspace       used 33361K, capacity 33598K, committed 33792K, reserved 1079296K
  class space    used 4522K, capacity 4598K, committed 4608K, reserved 1048576K
Event: 5.941 GC heap after
Heap after GC invocations=87 (full 1):
 def new generation   total 4992K, used 464K [0x00000000c0000000, 0x00000000c0560000, 0x00000000d5550000)
  eden space 4480K,   0% used [0x00000000c0000000, 0x00000000c0000000, 0x00000000c0460000)
  from space 512K,  90% used [0x00000000c04e0000, 0x00000000c05541a0, 0x00000000c0560000)
  to   space 512K,   0% used [0x00000000c0460000, 0x00000000c0460000, 0x00000000c04e0000)
 tenured generation   total 10944K, used 8527K [0x00000000d5550000, 0x00000000d6000000, 0x0000000100000000)
   the space 10944K,  77% used [0x00000000d5550000, 0x00000000d5da3dc0, 0x00000000d5da3e00, 0x00000000d6000000)
 Metaspace       used 33361K, capacity 33598K, committed 33792K, reserved 1079296K
  class space    used 4522K, capacity 4598K, committed 4608K, reserved 1048576K
}
Event: 5.989 GC heap before
{Heap before GC invocations=87 (full 1):
 def new generation   total 4992K, used 4944K [0x00000000c0000000, 0x00000000c0560000, 0x00000000d5550000)
  eden space 4480K, 100% used [0x00000000c0000000, 0x00000000c0460000, 0x00000000c0460000)
  from space 512K,  90% used [0x00000000c04e0000, 0x00000000c05541a0, 0x00000000c0560000)
  to   space 512K,   0% used [0x00000000c0460000, 0x00000000c0460000, 0x00000000c04e0000)
 tenured generation   total 10944K, used 8527K [0x00000000d5550000, 0x00000000d6000000, 0x0000000100000000)
   the space 10944K,  77% used [0x00000000d5550000, 0x00000000d5da3dc0, 0x00000000d5da3e00, 0x00000000d6000000)
 Metaspace       used 33695K, capacity 33886K, committed 34176K, reserved 1079296K
  class space    used 4568K, capacity 4630K, committed 4736K, reserved 1048576K
Event: 5.992 GC heap after
Heap after GC invocations=88 (full 1):
 def new generation   total 4992K, used 336K [0x00000000c0000000, 0x00000000c0560000, 0x00000000d5550000)
  eden space 4480K,   0% used [0x00000000c0000000, 0x00000000c0000000, 0x00000000c0460000)
  from space 512K,  65% used [0x00000000c0460000, 0x00000000c04b41b0, 0x00000000c04e0000)
  to   space 512K,   0% used [0x00000000c04e0000, 0x00000000c04e0000, 0x00000000c0560000)
 tenured generation   total 10944K, used 8675K [0x00000000d5550000, 0x00000000d6000000, 0x0000000100000000)
   the space 10944K,  79% used [0x00000000d5550000, 0x00000000d5dc8ec8, 0x00000000d5dc9000, 0x00000000d6000000)
 Metaspace       used 33695K, capacity 33886K, committed 34176K, reserved 1079296K
  class space    used 4568K, capacity 4630K, committed 4736K, reserved 1048576K
}
Event: 6.064 GC heap before
{Heap before GC invocations=88 (full 1):
 def new generation   total 4992K, used 4816K [0x00000000c0000000, 0x00000000c0560000, 0x00000000d5550000)
  eden space 4480K, 100% used [0x00000000c0000000, 0x00000000c0460000, 0x00000000c0460000)
  from space 512K,  65% used [0x00000000c0460000, 0x00000000c04b41b0, 0x00000000c04e0000)
  to   space 512K,   0% used [0x00000000c04e0000, 0x00000000c04e0000, 0x00000000c0560000)
 tenured generation   total 10944K, used 8675K [0x00000000d5550000, 0x00000000d6000000, 0x0000000100000000)
   the space 10944K,  79% used [0x00000000d5550000, 0x00000000d5dc8ec8, 0x00000000d5dc9000, 0x00000000d6000000)
 Metaspace       used 33887K, capacity 34110K, committed 34432K, reserved 1079296K
  class space    used 4602K, capacity 4662K, committed 4736K, reserved 1048576K
Event: 6.066 GC heap after
Heap after GC invocations=89 (full 1):
 def new generation   total 4992K, used 246K [0x00000000c0000000, 0x00000000c0560000, 0x00000000d5550000)
  eden space 4480K,   0% used [0x00000000c0000000, 0x00000000c0000000, 0x00000000c0460000)
  from space 512K,  48% used [0x00000000c04e0000, 0x00000000c051da70, 0x00000000c0560000)
  to   space 512K,   0% used [0x00000000c0460000, 0x00000000c0460000, 0x00000000c04e0000)
 tenured generation   total 10944K, used 8697K [0x00000000d5550000, 0x00000000d6000000, 0x0000000100000000)
   the space 10944K,  79% used [0x00000000d5550000, 0x00000000d5dce640, 0x00000000d5dce800, 0x00000000d6000000)
 Metaspace       used 33887K, capacity 34110K, committed 34432K, reserved 1079296K
  class space    used 4602K, capacity 4662K, committed 4736K, reserved 1048576K
}
Event: 6.144 GC heap before
{Heap before GC invocations=89 (full 1):
 def new generation   total 4992K, used 4726K [0x00000000c0000000, 0x00000000c0560000, 0x00000000d5550000)
  eden space 4480K, 100% used [0x00000000c0000000, 0x00000000c0460000, 0x00000000c0460000)
  from space 512K,  48% used [0x00000000c04e0000, 0x00000000c051da70, 0x00000000c0560000)
  to   space 512K,   0% used [0x00000000c0460000, 0x00000000c0460000, 0x00000000c04e0000)
 tenured generation   total 10944K, used 8697K [0x00000000d5550000, 0x00000000d6000000, 0x0000000100000000)
   the space 10944K,  79% used [0x00000000d5550000, 0x00000000d5dce640, 0x00000000d5dce800, 0x00000000d6000000)
 Metaspace       used 34191K, capacity 34430K, committed 34688K, reserved 1079296K
  class space    used 4641K, capacity 4726K, committed 4736K, reserved 1048576K
Event: 6.147 GC heap after
Heap after GC invocations=90 (full 1):
 def new generation   total 4992K, used 402K [0x00000000c0000000, 0x00000000c0560000, 0x00000000d5550000)
  eden space 4480K,   0% used [0x00000000c0000000, 0x00000000c0000000, 0x00000000c0460000)
  from space 512K,  78% used [0x00000000c0460000, 0x00000000c04c4a90, 0x00000000c04e0000)
  to   space 512K,   0% used [0x00000000c04e0000, 0x00000000c04e0000, 0x00000000c0560000)
 tenured generation   total 10944K, used 8697K [0x00000000d5550000, 0x00000000d6000000, 0x0000000100000000)
   the space 10944K,  79% used [0x00000000d5550000, 0x00000000d5dce640, 0x00000000d5dce800, 0x00000000d6000000)
 Metaspace       used 34191K, capacity 34430K, committed 34688K, reserved 1079296K
  class space    used 4641K, capacity 4726K, committed 4736K, reserved 1048576K
}
Event: 6.219 GC heap before
{Heap before GC invocations=90 (full 1):
 def new generation   total 4992K, used 4882K [0x00000000c0000000, 0x00000000c0560000, 0x00000000d5550000)
  eden space 4480K, 100% used [0x00000000c0000000, 0x00000000c0460000, 0x00000000c0460000)
  from space 512K,  78% used [0x00000000c0460000, 0x00000000c04c4a90, 0x00000000c04e0000)
  to   space 512K,   0% used [0x00000000c04e0000, 0x00000000c04e0000, 0x00000000c0560000)
 tenured generation   total 10944K, used 8697K [0x00000000d5550000, 0x00000000d6000000, 0x0000000100000000)
   the space 10944K,  79% used [0x00000000d5550000, 0x00000000d5dce640, 0x00000000d5dce800, 0x00000000d6000000)
 Metaspace       used 34621K, capacity 34846K, committed 35328K, reserved 1079296K
  class space    used 4672K, capacity 4758K, committed 4864K, reserved 1048576K
Event: 6.221 GC heap after
Heap after GC invocations=91 (full 1):
 def new generation   total 4992K, used 333K [0x00000000c0000000, 0x00000000c0560000, 0x00000000d5550000)
  eden space 4480K,   0% used [0x00000000c0000000, 0x00000000c0000000, 0x00000000c0460000)
  from space 512K,  65% used [0x00000000c04e0000, 0x00000000c0533788, 0x00000000c0560000)
  to   space 512K,   0% used [0x00000000c0460000, 0x00000000c0460000, 0x00000000c04e0000)
 tenured generation   total 10944K, used 8863K [0x00000000d5550000, 0x00000000d6000000, 0x0000000100000000)
   the space 10944K,  80% used [0x00000000d5550000, 0x00000000d5df7d00, 0x00000000d5df7e00, 0x00000000d6000000)
 Metaspace       used 34621K, capacity 34846K, committed 35328K, reserved 1079296K
  class space    used 4672K, capacity 4758K, committed 4864K, reserved 1048576K
}
Event: 6.267 GC heap before
{Heap before GC invocations=91 (full 1):
 def new generation   total 4992K, used 4298K [0x00000000c0000000, 0x00000000c0560000, 0x00000000d5550000)
  eden space 4480K,  88% used [0x00000000c0000000, 0x00000000c03df1e0, 0x00000000c0460000)
  from space 512K,  65% used [0x00000000c04e0000, 0x00000000c0533788, 0x00000000c0560000)
  to   space 512K,   0% used [0x00000000c0460000, 0x00000000c0460000, 0x00000000c04e0000)
 tenured generation   total 10944K, used 8863K [0x00000000d5550000, 0x00000000d6000000, 0x0000000100000000)
   the space 10944K,  80% used [0x00000000d5550000, 0x00000000d5df7d00, 0x00000000d5df7e00, 0x00000000d6000000)
 Metaspace       used 34952K, capacity 35240K, committed 35496K, reserved 1079296K
  class space    used 4709K, capacity 4828K, committed 4864K, reserved 1048576K
Event: 6.361 GC heap after
Heap after GC invocations=92 (full 2):
 def new generation   total 5760K, used 0K [0x00000000c0000000, 0x00000000c0630000, 0x00000000d5550000)
  eden space 5184K,   0% used [0x00000000c0000000, 0x00000000c0000000, 0x00000000c0510000)
  from space 576K,   0% used [0x00000000c0510000, 0x00000000c0510000, 0x00000000c05a0000)
  to   space 576K,   0% used [0x00000000c05a0000, 0x00000000c05a0000, 0x00000000c0630000)
 tenured generation   total 12604K, used 7560K [0x00000000d5550000, 0x00000000d619f000, 0x0000000100000000)
   the space 12604K,  59% used [0x00000000d5550000, 0x00000000d5cb2190, 0x00000000d5cb2200, 0x00000000d619f000)
 Metaspace       used 34952K, capacity 35240K, committed 35496K, reserved 1079296K
  class space    used 4709K, capacity 4828K, committed 4864K, reserved 1048576K
}
Event: 6.511 GC heap before
{Heap before GC invocations=92 (full 2):
 def new generation   total 5760K, used 5184K [0x00000000c0000000, 0x00000000c0630000, 0x00000000d5550000)
  eden space 5184K, 100% used [0x00000000c0000000, 0x00000000c0510000, 0x00000000c0510000)
  from space 576K,   0% used [0x00000000c0510000, 0x00000000c0510000, 0x00000000c05a0000)
  to   space 576K,   0% used [0x00000000c05a0000, 0x00000000c05a0000, 0x00000000c0630000)
 tenured generation   total 12604K, used 7560K [0x00000000d5550000, 0x00000000d619f000, 0x0000000100000000)
   the space 12604K,  59% used [0x00000000d5550000, 0x00000000d5cb2190, 0x00000000d5cb2200, 0x00000000d619f000)
 Metaspace       used 35969K, capacity 36264K, committed 36480K, reserved 1081344K
  class space    used 4850K, capacity 4956K, committed 4992K, reserved 1048576K
Event: 6.514 GC heap after
Heap after GC invocations=93 (full 2):
 def new generation   total 5760K, used 441K [0x00000000c0000000, 0x00000000c0630000, 0x00000000d5550000)
  eden space 5184K,   0% used [0x00000000c0000000, 0x00000000c0000000, 0x00000000c0510000)
  from space 576K,  76% used [0x00000000c05a0000, 0x00000000c060e7f8, 0x00000000c0630000)
  to   space 576K,   0% used [0x00000000c0510000, 0x00000000c0510000, 0x00000000c05a0000)
 tenured generation   total 12604K, used 7560K [0x00000000d5550000, 0x00000000d619f000, 0x0000000100000000)
   the space 12604K,  59% used [0x00000000d5550000, 0x00000000d5cb2190, 0x00000000d5cb2200, 0x00000000d619f000)
 Metaspace       used 35969K, capacity 36264K, committed 36480K, reserved 1081344K
  class space    used 4850K, capacity 4956K, committed 4992K, reserved 1048576K
}
Event: 6.589 GC heap before
{Heap before GC invocations=93 (full 2):
 def new generation   total 5760K, used 5625K [0x00000000c0000000, 0x00000000c0630000, 0x00000000d5550000)
  eden space 5184K, 100% used [0x00000000c0000000, 0x00000000c0510000, 0x00000000c0510000)
  from space 576K,  76% used [0x00000000c05a0000, 0x00000000c060e7f8, 0x00000000c0630000)
  to   space 576K,   0% used [0x00000000c0510000, 0x00000000c0510000, 0x00000000c05a0000)
 tenured generation   total 12604K, used 7560K [0x00000000d5550000, 0x00000000d619f000, 0x0000000100000000)
   the space 12604K,  59% used [0x00000000d5550000, 0x00000000d5cb2190, 0x00000000d5cb2200, 0x00000000d619f000)
 Metaspace       used 36304K, capacity 36616K, committed 36992K, reserved 1081344K
  class space    used 4892K, capacity 4988K, committed 4992K, reserved 1048576K
Event: 6.593 GC heap after
Heap after GC invocations=94 (full 2):
 def new generation   total 5760K, used 338K [0x00000000c0000000, 0x00000000c0630000, 0x00000000d5550000)
  eden space 5184K,   0% used [0x00000000c0000000, 0x00000000c0000000, 0x00000000c0510000)
  from space 576K,  58% used [0x00000000c0510000, 0x00000000c0564960, 0x00000000c05a0000)
  to   space 576K,   0% used [0x00000000c05a0000, 0x00000000c05a0000, 0x00000000c0630000)
 tenured generation   total 12604K, used 7847K [0x00000000d5550000, 0x00000000d619f000, 0x0000000100000000)
   the space 12604K,  62% used [0x00000000d5550000, 0x00000000d5cf9f98, 0x00000000d5cfa000, 0x00000000d619f000)
 Metaspace       used 36304K, capacity 36616K, committed 36992K, reserved 1081344K
  class space    used 4892K, capacity 4988K, committed 4992K, reserved 1048576K
}
Event: 6.716 GC heap before
{Heap before GC invocations=94 (full 2):
 def new generation   total 5760K, used 5522K [0x00000000c0000000, 0x00000000c0630000, 0x00000000d5550000)
  eden space 5184K, 100% used [0x00000000c0000000, 0x00000000c0510000, 0x00000000c0510000)
  from space 576K,  58% used [0x00000000c0510000, 0x00000000c0564960, 0x00000000c05a0000)
  to   space 576K,   0% used [0x00000000c05a0000, 0x00000000c05a0000, 0x00000000c0630000)
 tenured generation   total 12604K, used 7847K [0x00000000d5550000, 0x00000000d619f000, 0x0000000100000000)
   the space 12604K,  62% used [0x00000000d5550000, 0x00000000d5cf9f98, 0x00000000d5cfa000, 0x00000000d619f000)
 Metaspace       used 36680K, capacity 36906K, committed 37376K, reserved 1081344K
  class space    used 4950K, capacity 5021K, committed 5120K, reserved 1048576K
Event: 6.718 GC heap after
Heap after GC invocations=95 (full 2):
 def new generation   total 5760K, used 246K [0x00000000c0000000, 0x00000000c0630000, 0x00000000d5550000)
  eden space 5184K,   0% used [0x00000000c0000000, 0x00000000c0000000, 0x00000000c0510000)
  from space 576K,  42% used [0x00000000c05a0000, 0x00000000c05ddbb0, 0x00000000c0630000)
  to   space 576K,   0% used [0x00000000c0510000, 0x00000000c0510000, 0x00000000c05a0000)
 tenured generation   total 12604K, used 7908K [0x00000000d5550000, 0x00000000d619f000, 0x0000000100000000)
   the space 12604K,  62% used [0x00000000d5550000, 0x00000000d5d09220, 0x00000000d5d09400, 0x00000000d619f000)
 Metaspace       used 36680K, capacity 36906K, committed 37376K, reserved 1081344K
  class space    used 4950K, capacity 5021K, committed 5120K, reserved 1048576K
}
Event: 6.777 GC heap before
{Heap before GC invocations=95 (full 2):
 def new generation   total 5760K, used 5430K [0x00000000c0000000, 0x00000000c0630000, 0x00000000d5550000)
  eden space 5184K, 100% used [0x00000000c0000000, 0x00000000c0510000, 0x00000000c0510000)
  from space 576K,  42% used [0x00000000c05a0000, 0x00000000c05ddbb0, 0x00000000c0630000)
  to   space 576K,   0% used [0x00000000c0510000, 0x00000000c0510000, 0x00000000c05a0000)
 tenured generation   total 12604K, used 7908K [0x00000000d5550000, 0x00000000d619f000, 0x0000000100000000)
   the space 12604K,  62% used [0x00000000d5550000, 0x00000000d5d09220, 0x00000000d5d09400, 0x00000000d619f000)
 Metaspace       used 36848K, capacity 37162K, committed 37632K, reserved 1081344K
  class space    used 4998K, capacity 5085K, committed 5120K, reserved 1048576K
Event: 6.780 GC heap after
Heap after GC invocations=96 (full 2):
 def new generation   total 5760K, used 213K [0x00000000c0000000, 0x00000000c0630000, 0x00000000d5550000)
  eden space 5184K,   0% used [0x00000000c0000000, 0x00000000c0000000, 0x00000000c0510000)
  from space 576K,  37% used [0x00000000c0510000, 0x00000000c05454a8, 0x00000000c05a0000)
  to   space 576K,   0% used [0x00000000c05a0000, 0x00000000c05a0000, 0x00000000c0630000)
 tenured generation   total 12604K, used 7908K [0x00000000d5550000, 0x00000000d619f000, 0x0000000100000000)
   the space 12604K,  62% used [0x00000000d5550000, 0x00000000d5d09220, 0x00000000d5d09400, 0x00000000d619f000)
 Metaspace       used 36848K, capacity 37162K, committed 37632K, reserved 1081344K
  class space    used 4998K, capacity 5085K, committed 5120K, reserved 1048576K
}
Event: 6.852 GC heap before
{Heap before GC invocations=96 (full 2):
 def new generation   total 5760K, used 5397K [0x00000000c0000000, 0x00000000c0630000, 0x00000000d5550000)
  eden space 5184K, 100% used [0x00000000c0000000, 0x00000000c0510000, 0x00000000c0510000)
  from space 576K,  37% used [0x00000000c0510000, 0x00000000c05454a8, 0x00000000c05a0000)
  to   space 576K,   0% used [0x00000000c05a0000, 0x00000000c05a0000, 0x00000000c0630000)
 tenured generation   total 12604K, used 7908K [0x00000000d5550000, 0x00000000d619f000, 0x0000000100000000)
   the space 12604K,  62% used [0x00000000d5550000, 0x00000000d5d09220, 0x00000000d5d09400, 0x00000000d619f000)
 Metaspace       used 37118K, capacity 37386K, committed 37632K, reserved 1081344K
  class space    used 5039K, capacity 5117K, committed 5120K, reserved 1048576K
Event: 6.854 GC heap after
Heap after GC invocations=97 (full 2):
 def new generation   total 5760K, used 324K [0x00000000c0000000, 0x00000000c0630000, 0x00000000d5550000)
  eden space 5184K,   0% used [0x00000000c0000000, 0x00000000c0000000, 0x00000000c0510000)
  from space 576K,  56% used [0x00000000c05a0000, 0x00000000c05f12d8, 0x00000000c0630000)
  to   space 576K,   0% used [0x00000000c0510000, 0x00000000c0510000, 0x00000000c05a0000)
 tenured generation   total 12604K, used 7908K [0x00000000d5550000, 0x00000000d619f000, 0x0000000100000000)
   the space 12604K,  62% used [0x00000000d5550000, 0x00000000d5d09220, 0x00000000d5d09400, 0x00000000d619f000)
 Metaspace       used 37118K, capacity 37386K, committed 37632K, reserved 1081344K
  class space    used 5039K, capacity 5117K, committed 5120K, reserved 1048576K
}
Event: 6.916 GC heap before
{Heap before GC invocations=97 (full 2):
 def new generation   total 5760K, used 5508K [0x00000000c0000000, 0x00000000c0630000, 0x00000000d5550000)
  eden space 5184K, 100% used [0x00000000c0000000, 0x00000000c0510000, 0x00000000c0510000)
  from space 576K,  56% used [0x00000000c05a0000, 0x00000000c05f12d8, 0x00000000c0630000)
  to   space 576K,   0% used [0x00000000c0510000, 0x00000000c0510000, 0x00000000c05a0000)
 tenured generation   total 12604K, used 7908K [0x00000000d5550000, 0x00000000d619f000, 0x0000000100000000)
   the space 12604K,  62% used [0x00000000d5550000, 0x00000000d5d09220, 0x00000000d5d09400, 0x00000000d619f000)
 Metaspace       used 37386K, capacity 37648K, committed 38016K, reserved 1081344K
  class space    used 5080K, capacity 5182K, committed 5248K, reserved 1048576K
Event: 6.919 GC heap after
Heap after GC invocations=98 (full 2):
 def new generation   total 5760K, used 264K [0x00000000c0000000, 0x00000000c0630000, 0x00000000d5550000)
  eden space 5184K,   0% used [0x00000000c0000000, 0x00000000c0000000, 0x00000000c0510000)
  from space 576K,  45% used [0x00000000c0510000, 0x00000000c0552030, 0x00000000c05a0000)
  to   space 576K,   0% used [0x00000000c05a0000, 0x00000000c05a0000, 0x00000000c0630000)
 tenured generation   total 12604K, used 7960K [0x00000000d5550000, 0x00000000d619f000, 0x0000000100000000)
   the space 12604K,  63% used [0x00000000d5550000, 0x00000000d5d16290, 0x00000000d5d16400, 0x00000000d619f000)
 Metaspace       used 37386K, capacity 37648K, committed 38016K, reserved 1081344K
  class space    used 5080K, capacity 5182K, committed 5248K, reserved 1048576K
}
Event: 6.976 GC heap before
{Heap before GC invocations=98 (full 2):
 def new generation   total 5760K, used 5448K [0x00000000c0000000, 0x00000000c0630000, 0x00000000d5550000)
  eden space 5184K, 100% used [0x00000000c0000000, 0x00000000c0510000, 0x00000000c0510000)
  from space 576K,  45% used [0x00000000c0510000, 0x00000000c0552030, 0x00000000c05a0000)
  to   space 576K,   0% used [0x00000000c05a0000, 0x00000000c05a0000, 0x00000000c0630000)
 tenured generation   total 12604K, used 7960K [0x00000000d5550000, 0x00000000d619f000, 0x0000000100000000)
   the space 12604K,  63% used [0x00000000d5550000, 0x00000000d5d16290, 0x00000000d5d16400, 0x00000000d619f000)
 Metaspace       used 37536K, capacity 37840K, committed 38272K, reserved 1083392K
  class space    used 5127K, capacity 5246K, committed 5248K, reserved 1048576K
Event: 6.978 GC heap after
Heap after GC invocations=99 (full 2):
 def new generation   total 5760K, used 341K [0x00000000c0000000, 0x00000000c0630000, 0x00000000d5550000)
  eden space 5184K,   0% used [0x00000000c0000000, 0x00000000c0000000, 0x00000000c0510000)
  from space 576K,  59% used [0x00000000c05a0000, 0x00000000c05f5700, 0x00000000c0630000)
  to   space 576K,   0% used [0x00000000c0510000, 0x00000000c0510000, 0x00000000c05a0000)
 tenured generation   total 12604K, used 7960K [0x00000000d5550000, 0x00000000d619f000, 0x0000000100000000)
   the space 12604K,  63% used [0x00000000d5550000, 0x00000000d5d16290, 0x00000000d5d16400, 0x00000000d619f000)
 Metaspace       used 37536K, capacity 37840K, committed 38272K, reserved 1083392K
  class space    used 5127K, capacity 5246K, committed 5248K, reserved 1048576K
}
Event: 7.032 GC heap before
{Heap before GC invocations=99 (full 2):
 def new generation   total 5760K, used 5525K [0x00000000c0000000, 0x00000000c0630000, 0x00000000d5550000)
  eden space 5184K, 100% used [0x00000000c0000000, 0x00000000c0510000, 0x00000000c0510000)
  from space 576K,  59% used [0x00000000c05a0000, 0x00000000c05f5700, 0x00000000c0630000)
  to   space 576K,   0% used [0x00000000c0510000, 0x00000000c0510000, 0x00000000c05a0000)
 tenured generation   total 12604K, used 7960K [0x00000000d5550000, 0x00000000d619f000, 0x0000000100000000)
   the space 12604K,  63% used [0x00000000d5550000, 0x00000000d5d16290, 0x00000000d5d16400, 0x00000000d619f000)
 Metaspace       used 37791K, capacity 38064K, committed 38400K, reserved 1083392K
  class space    used 5176K, capacity 5278K, committed 5376K, reserved 1048576K
Event: 7.035 GC heap after
Heap after GC invocations=100 (full 2):
 def new generation   total 5760K, used 385K [0x00000000c0000000, 0x00000000c0630000, 0x00000000d5550000)
  eden space 5184K,   0% used [0x00000000c0000000, 0x00000000c0000000, 0x00000000c0510000)
  from space 576K,  66% used [0x00000000c0510000, 0x00000000c0570720, 0x00000000c05a0000)
  to   space 576K,   0% used [0x00000000c05a0000, 0x00000000c05a0000, 0x00000000c0630000)
 tenured generation   total 12604K, used 8063K [0x00000000d5550000, 0x00000000d619f000, 0x0000000100000000)
   the space 12604K,  63% used [0x00000000d5550000, 0x00000000d5d2fff0, 0x00000000d5d30000, 0x00000000d619f000)
 Metaspace       used 37791K, capacity 38064K, committed 38400K, reserved 1083392K
  class space    used 5176K, capacity 5278K, committed 5376K, reserved 1048576K
}
Event: 7.126 GC heap before
{Heap before GC invocations=100 (full 2):
 def new generation   total 5760K, used 5569K [0x00000000c0000000, 0x00000000c0630000, 0x00000000d5550000)
  eden space 5184K, 100% used [0x00000000c0000000, 0x00000000c0510000, 0x00000000c0510000)
  from space 576K,  66% used [0x00000000c0510000, 0x00000000c0570720, 0x00000000c05a0000)
  to   space 576K,   0% used [0x00000000c05a0000, 0x00000000c05a0000, 0x00000000c0630000)
 tenured generation   total 12604K, used 8063K [0x00000000d5550000, 0x00000000d619f000, 0x0000000100000000)
   the space 12604K,  63% used [0x00000000d5550000, 0x00000000d5d2fff0, 0x00000000d5d30000, 0x00000000d619f000)
 Metaspace       used 38097K, capacity 38454K, committed 38912K, reserved 1083392K
  class space    used 5224K, capacity 5343K, committed 5376K, reserved 1048576K
Event: 7.129 GC heap after
Heap after GC invocations=101 (full 2):
 def new generation   total 5760K, used 333K [0x00000000c0000000, 0x00000000c0630000, 0x00000000d5550000)
  eden space 5184K,   0% used [0x00000000c0000000, 0x00000000c0000000, 0x00000000c0510000)
  from space 576K,  57% used [0x00000000c05a0000, 0x00000000c05f3480, 0x00000000c0630000)
  to   space 576K,   0% used [0x00000000c0510000, 0x00000000c0510000, 0x00000000c05a0000)
 tenured generation   total 12604K, used 8145K [0x00000000d5550000, 0x00000000d619f000, 0x0000000100000000)
   the space 12604K,  64% used [0x00000000d5550000, 0x00000000d5d44430, 0x00000000d5d44600, 0x00000000d619f000)
 Metaspace       used 38097K, capacity 38454K, committed 38912K, reserved 1083392K
  class space    used 5224K, capacity 5343K, committed 5376K, reserved 1048576K
}
Event: 7.212 GC heap before
{Heap before GC invocations=101 (full 2):
 def new generation   total 5760K, used 5517K [0x00000000c0000000, 0x00000000c0630000, 0x00000000d5550000)
  eden space 5184K, 100% used [0x00000000c0000000, 0x00000000c0510000, 0x00000000c0510000)
  from space 576K,  57% used [0x00000000c05a0000, 0x00000000c05f3480, 0x00000000c0630000)
  to   space 576K,   0% used [0x00000000c0510000, 0x00000000c0510000, 0x00000000c05a0000)
 tenured generation   total 12604K, used 8145K [0x00000000d5550000, 0x00000000d619f000, 0x0000000100000000)
   the space 12604K,  64% used [0x00000000d5550000, 0x00000000d5d44430, 0x00000000d5d44600, 0x00000000d619f000)
 Metaspace       used 38336K, capacity 38678K, committed 38912K, reserved 1083392K
  class space    used 5269K, capacity 5375K, committed 5376K, reserved 1048576K
Event: 7.214 GC heap after
Heap after GC invocations=102 (full 2):
 def new generation   total 5760K, used 274K [0x00000000c0000000, 0x00000000c0630000, 0x00000000d5550000)
  eden space 5184K,   0% used [0x00000000c0000000, 0x00000000c0000000, 0x00000000c0510000)
  from space 576K,  47% used [0x00000000c0510000, 0x00000000c0554a88, 0x00000000c05a0000)
  to   space 576K,   0% used [0x00000000c05a0000, 0x00000000c05a0000, 0x00000000c0630000)
 tenured generation   total 12604K, used 8226K [0x00000000d5550000, 0x00000000d619f000, 0x0000000100000000)
   the space 12604K,  65% used [0x00000000d5550000, 0x00000000d5d58b00, 0x00000000d5d58c00, 0x00000000d619f000)
 Metaspace       used 38336K, capacity 38678K, committed 38912K, reserved 1083392K
  class space    used 5269K, capacity 5375K, committed 5376K, reserved 1048576K
}
Event: 7.288 GC heap before
{Heap before GC invocations=102 (full 2):
 def new generation   total 5760K, used 5458K [0x00000000c0000000, 0x00000000c0630000, 0x00000000d5550000)
  eden space 5184K, 100% used [0x00000000c0000000, 0x00000000c0510000, 0x00000000c0510000)
  from space 576K,  47% used [0x00000000c0510000, 0x00000000c0554a88, 0x00000000c05a0000)
  to   space 576K,   0% used [0x00000000c05a0000, 0x00000000c05a0000, 0x00000000c0630000)
 tenured generation   total 12604K, used 8226K [0x00000000d5550000, 0x00000000d619f000, 0x0000000100000000)
   the space 12604K,  65% used [0x00000000d5550000, 0x00000000d5d58b00, 0x00000000d5d58c00, 0x00000000d619f000)
 Metaspace       used 38675K, capacity 38998K, committed 39296K, reserved 1083392K
  class space    used 5318K, capacity 5439K, committed 5504K, reserved 1048576K
Event: 7.290 GC heap after
Heap after GC invocations=103 (full 2):
 def new generation   total 5760K, used 460K [0x00000000c0000000, 0x00000000c0630000, 0x00000000d5550000)
  eden space 5184K,   0% used [0x00000000c0000000, 0x00000000c0000000, 0x00000000c0510000)
  from space 576K,  79% used [0x00000000c05a0000, 0x00000000c0613218, 0x00000000c0630000)
  to   space 576K,   0% used [0x00000000c0510000, 0x00000000c0510000, 0x00000000c05a0000)
 tenured generation   total 12604K, used 8226K [0x00000000d5550000, 0x00000000d619f000, 0x0000000100000000)
   the space 12604K,  65% used [0x00000000d5550000, 0x00000000d5d58b00, 0x00000000d5d58c00, 0x00000000d619f000)
 Metaspace       used 38675K, capacity 38998K, committed 39296K, reserved 1083392K
  class space    used 5318K, capacity 5439K, committed 5504K, reserved 1048576K
}
Event: 7.354 GC heap before
{Heap before GC invocations=103 (full 2):
 def new generation   total 5760K, used 5644K [0x00000000c0000000, 0x00000000c0630000, 0x00000000d5550000)
  eden space 5184K, 100% used [0x00000000c0000000, 0x00000000c0510000, 0x00000000c0510000)
  from space 576K,  79% used [0x00000000c05a0000, 0x00000000c0613218, 0x00000000c0630000)
  to   space 576K,   0% used [0x00000000c0510000, 0x00000000c0510000, 0x00000000c05a0000)
 tenured generation   total 12604K, used 8226K [0x00000000d5550000, 0x00000000d619f000, 0x0000000100000000)
   the space 12604K,  65% used [0x00000000d5550000, 0x00000000d5d58b00, 0x00000000d5d58c00, 0x00000000d619f000)
 Metaspace       used 38818K, capacity 39126K, committed 39552K, reserved 1083392K
  class space    used 5340K, capacity 5439K, committed 5504K, reserved 1048576K
Event: 7.356 GC heap after
Heap after GC invocations=104 (full 2):
 def new generation   total 5760K, used 193K [0x00000000c0000000, 0x00000000c0630000, 0x00000000d5550000)
  eden space 5184K,   0% used [0x00000000c0000000, 0x00000000c0000000, 0x00000000c0510000)
  from space 576K,  33% used [0x00000000c0510000, 0x00000000c0540570, 0x00000000c05a0000)
  to   space 576K,   0% used [0x00000000c05a0000, 0x00000000c05a0000, 0x00000000c0630000)
 tenured generation   total 12604K, used 8307K [0x00000000d5550000, 0x00000000d619f000, 0x0000000100000000)
   the space 12604K,  65% used [0x00000000d5550000, 0x00000000d5d6cf30, 0x00000000d5d6d000, 0x00000000d619f000)
 Metaspace       used 38818K, capacity 39126K, committed 39552K, reserved 1083392K
  class space    used 5340K, capacity 5439K, committed 5504K, reserved 1048576K
}
Event: 7.484 GC heap before
{Heap before GC invocations=104 (full 2):
 def new generation   total 5760K, used 5377K [0x00000000c0000000, 0x00000000c0630000, 0x00000000d5550000)
  eden space 5184K, 100% used [0x00000000c0000000, 0x00000000c0510000, 0x00000000c0510000)
  from space 576K,  33% used [0x00000000c0510000, 0x00000000c0540570, 0x00000000c05a0000)
  to   space 576K,   0% used [0x00000000c05a0000, 0x00000000c05a0000, 0x00000000c0630000)
 tenured generation   total 12604K, used 8307K [0x00000000d5550000, 0x00000000d619f000, 0x0000000100000000)
   the space 12604K,  65% used [0x00000000d5550000, 0x00000000d5d6cf30, 0x00000000d5d6d000, 0x00000000d619f000)
 Metaspace       used 39080K, capacity 39372K, committed 39808K, reserved 1083392K
  class space    used 5383K, capacity 5476K, committed 5504K, reserved 1048576K
Event: 7.487 GC heap after
Heap after GC invocations=105 (full 2):
 def new generation   total 5760K, used 329K [0x00000000c0000000, 0x00000000c0630000, 0x00000000d5550000)
  eden space 5184K,   0% used [0x00000000c0000000, 0x00000000c0000000, 0x00000000c0510000)
  from space 576K,  57% used [0x00000000c05a0000, 0x00000000c05f26b8, 0x00000000c0630000)
  to   space 576K,   0% used [0x00000000c0510000, 0x00000000c0510000, 0x00000000c05a0000)
 tenured generation   total 12604K, used 8307K [0x00000000d5550000, 0x00000000d619f000, 0x0000000100000000)
   the space 12604K,  65% used [0x00000000d5550000, 0x00000000d5d6cf30, 0x00000000d5d6d000, 0x00000000d619f000)
 Metaspace       used 39080K, capacity 39372K, committed 39808K, reserved 1083392K
  class space    used 5383K, capacity 5476K, committed 5504K, reserved 1048576K
}
Event: 7.521 GC heap before
{Heap before GC invocations=105 (full 2):
 def new generation   total 5760K, used 5513K [0x00000000c0000000, 0x00000000c0630000, 0x00000000d5550000)
  eden space 5184K, 100% used [0x00000000c0000000, 0x00000000c0510000, 0x00000000c0510000)
  from space 576K,  57% used [0x00000000c05a0000, 0x00000000c05f26b8, 0x00000000c0630000)
  to   space 576K,   0% used [0x00000000c0510000, 0x00000000c0510000, 0x00000000c05a0000)
 tenured generation   total 12604K, used 8307K [0x00000000d5550000, 0x00000000d619f000, 0x0000000100000000)
   the space 12604K,  65% used [0x00000000d5550000, 0x00000000d5d6cf30, 0x00000000d5d6d000, 0x00000000d619f000)
 Metaspace       used 39298K, capacity 39628K, committed 40192K, reserved 1083392K
  class space    used 5426K, capacity 5540K, committed 5632K, reserved 1048576K
Event: 7.524 GC heap after
Heap after GC invocations=106 (full 2):
 def new generation   total 5760K, used 404K [0x00000000c0000000, 0x00000000c0630000, 0x00000000d5550000)
  eden space 5184K,   0% used [0x00000000c0000000, 0x00000000c0000000, 0x00000000c0510000)
  from space 576K,  70% used [0x00000000c0510000, 0x00000000c0575118, 0x00000000c05a0000)
  to   space 576K,   0% used [0x00000000c05a0000, 0x00000000c05a0000, 0x00000000c0630000)
 tenured generation   total 12604K, used 8374K [0x00000000d5550000, 0x00000000d619f000, 0x0000000100000000)
   the space 12604K,  66% used [0x00000000d5550000, 0x00000000d5d7da58, 0x00000000d5d7dc00, 0x00000000d619f000)
 Metaspace       used 39298K, capacity 39628K, committed 40192K, reserved 1083392K
  class space    used 5426K, capacity 5540K, committed 5632K, reserved 1048576K
}
Event: 7.584 GC heap before
{Heap before GC invocations=106 (full 2):
 def new generation   total 5760K, used 5588K [0x00000000c0000000, 0x00000000c0630000, 0x00000000d5550000)
  eden space 5184K, 100% used [0x00000000c0000000, 0x00000000c0510000, 0x00000000c0510000)
  from space 576K,  70% used [0x00000000c0510000, 0x00000000c0575118, 0x00000000c05a0000)
  to   space 576K,   0% used [0x00000000c05a0000, 0x00000000c05a0000, 0x00000000c0630000)
 tenured generation   total 12604K, used 8374K [0x00000000d5550000, 0x00000000d619f000, 0x0000000100000000)
   the space 12604K,  66% used [0x00000000d5550000, 0x00000000d5d7da58, 0x00000000d5d7dc00, 0x00000000d619f000)
 Metaspace       used 39561K, capacity 39916K, committed 40448K, reserved 1083392K
  class space    used 5460K, capacity 5572K, committed 5632K, reserved 1048576K
Event: 7.587 GC heap after
Heap after GC invocations=107 (full 2):
 def new generation   total 5760K, used 365K [0x00000000c0000000, 0x00000000c0630000, 0x00000000d5550000)
  eden space 5184K,   0% used [0x00000000c0000000, 0x00000000c0000000, 0x00000000c0510000)
  from space 576K,  63% used [0x00000000c05a0000, 0x00000000c05fb798, 0x00000000c0630000)
  to   space 576K,   0% used [0x00000000c0510000, 0x00000000c0510000, 0x00000000c05a0000)
 tenured generation   total 12604K, used 8490K [0x00000000d5550000, 0x00000000d619f000, 0x0000000100000000)
   the space 12604K,  67% used [0x00000000d5550000, 0x00000000d5d9ab40, 0x00000000d5d9ac00, 0x00000000d619f000)
 Metaspace       used 39561K, capacity 39916K, committed 40448K, reserved 1083392K
  class space    used 5460K, capacity 5572K, committed 5632K, reserved 1048576K
}
Event: 7.666 GC heap before
{Heap before GC invocations=107 (full 2):
 def new generation   total 5760K, used 5549K [0x00000000c0000000, 0x00000000c0630000, 0x00000000d5550000)
  eden space 5184K, 100% used [0x00000000c0000000, 0x00000000c0510000, 0x00000000c0510000)
  from space 576K,  63% used [0x00000000c05a0000, 0x00000000c05fb798, 0x00000000c0630000)
  to   space 576K,   0% used [0x00000000c0510000, 0x00000000c0510000, 0x00000000c05a0000)
 tenured generation   total 12604K, used 8490K [0x00000000d5550000, 0x00000000d619f000, 0x0000000100000000)
   the space 12604K,  67% used [0x00000000d5550000, 0x00000000d5d9ab40, 0x00000000d5d9ac00, 0x00000000d619f000)
 Metaspace       used 39917K, capacity 40204K, committed 40704K, reserved 1085440K
  class space    used 5511K, capacity 5604K, committed 5632K, reserved 1048576K
Event: 7.669 GC heap after
Heap after GC invocations=108 (full 2):
 def new generation   total 5760K, used 394K [0x00000000c0000000, 0x00000000c0630000, 0x00000000d5550000)
  eden space 5184K,   0% used [0x00000000c0000000, 0x00000000c0000000, 0x00000000c0510000)
  from space 576K,  68% used [0x00000000c0510000, 0x00000000c0572920, 0x00000000c05a0000)
  to   space 576K,   0% used [0x00000000c05a0000, 0x00000000c05a0000, 0x00000000c0630000)
 tenured generation   total 12604K, used 8570K [0x00000000d5550000, 0x00000000d619f000, 0x0000000100000000)
   the space 12604K,  67% used [0x00000000d5550000, 0x00000000d5daea38, 0x00000000d5daec00, 0x00000000d619f000)
 Metaspace       used 39917K, capacity 40204K, committed 40704K, reserved 1085440K
  class space    used 5511K, capacity 5604K, committed 5632K, reserved 1048576K
}
Event: 9.345 GC heap before
{Heap before GC invocations=108 (full 2):
 def new generation   total 5760K, used 5578K [0x00000000c0000000, 0x00000000c0630000, 0x00000000d5550000)
  eden space 5184K, 100% used [0x00000000c0000000, 0x00000000c0510000, 0x00000000c0510000)
  from space 576K,  68% used [0x00000000c0510000, 0x00000000c0572920, 0x00000000c05a0000)
  to   space 576K,   0% used [0x00000000c05a0000, 0x00000000c05a0000, 0x00000000c0630000)
 tenured generation   total 12604K, used 8570K [0x00000000d5550000, 0x00000000d619f000, 0x0000000100000000)
   the space 12604K,  67% used [0x00000000d5550000, 0x00000000d5daea38, 0x00000000d5daec00, 0x00000000d619f000)
 Metaspace       used 40143K, capacity 40428K, committed 40832K, reserved 1085440K
  class space    used 5546K, capacity 5636K, committed 5760K, reserved 1048576K
Event: 9.349 GC heap after
Heap after GC invocations=109 (full 2):
 def new generation   total 5760K, used 316K [0x00000000c0000000, 0x00000000c0630000, 0x00000000d5550000)
  eden space 5184K,   0% used [0x00000000c0000000, 0x00000000c0000000, 0x00000000c0510000)
  from space 576K,  54% used [0x00000000c05a0000, 0x00000000c05ef1e0, 0x00000000c0630000)
  to   space 576K,   0% used [0x00000000c0510000, 0x00000000c0510000, 0x00000000c05a0000)
 tenured generation   total 12604K, used 8658K [0x00000000d5550000, 0x00000000d619f000, 0x0000000100000000)
   the space 12604K,  68% used [0x00000000d5550000, 0x00000000d5dc4838, 0x00000000d5dc4a00, 0x00000000d619f000)
 Metaspace       used 40143K, capacity 40428K, committed 40832K, reserved 1085440K
  class space    used 5546K, capacity 5636K, committed 5760K, reserved 1048576K
}
Event: 9.402 GC heap before
{Heap before GC invocations=109 (full 2):
 def new generation   total 5760K, used 5500K [0x00000000c0000000, 0x00000000c0630000, 0x00000000d5550000)
  eden space 5184K, 100% used [0x00000000c0000000, 0x00000000c0510000, 0x00000000c0510000)
  from space 576K,  54% used [0x00000000c05a0000, 0x00000000c05ef1e0, 0x00000000c0630000)
  to   space 576K,   0% used [0x00000000c0510000, 0x00000000c0510000, 0x00000000c05a0000)
 tenured generation   total 12604K, used 8658K [0x00000000d5550000, 0x00000000d619f000, 0x0000000100000000)
   the space 12604K,  68% used [0x00000000d5550000, 0x00000000d5dc4838, 0x00000000d5dc4a00, 0x00000000d619f000)
 Metaspace       used 40434K, capacity 40652K, committed 41088K, reserved 1085440K
  class space    used 5596K, capacity 5668K, committed 5760K, reserved 1048576K
Event: 9.404 GC heap after
Heap after GC invocations=110 (full 2):
 def new generation   total 5760K, used 305K [0x00000000c0000000, 0x00000000c0630000, 0x00000000d5550000)
  eden space 5184K,   0% used [0x00000000c0000000, 0x00000000c0000000, 0x00000000c0510000)
  from space 576K,  53% used [0x00000000c0510000, 0x00000000c055c778, 0x00000000c05a0000)
  to   space 576K,   0% used [0x00000000c05a0000, 0x00000000c05a0000, 0x00000000c0630000)
 tenured generation   total 12604K, used 8782K [0x00000000d5550000, 0x00000000d619f000, 0x0000000100000000)
   the space 12604K,  69% used [0x00000000d5550000, 0x00000000d5de3a98, 0x00000000d5de3c00, 0x00000000d619f000)
 Metaspace       used 40434K, capacity 40652K, committed 41088K, reserved 1085440K
  class space    used 5596K, capacity 5668K, committed 5760K, reserved 1048576K
}
Event: 9.562 GC heap before
{Heap before GC invocations=110 (full 2):
 def new generation   total 5760K, used 5489K [0x00000000c0000000, 0x00000000c0630000, 0x00000000d5550000)
  eden space 5184K, 100% used [0x00000000c0000000, 0x00000000c0510000, 0x00000000c0510000)
  from space 576K,  53% used [0x00000000c0510000, 0x00000000c055c778, 0x00000000c05a0000)
  to   space 576K,   0% used [0x00000000c05a0000, 0x00000000c05a0000, 0x00000000c0630000)
 tenured generation   total 12604K, used 8782K [0x00000000d5550000, 0x00000000d619f000, 0x0000000100000000)
   the space 12604K,  69% used [0x00000000d5550000, 0x00000000d5de3a98, 0x00000000d5de3c00, 0x00000000d619f000)
 Metaspace       used 40777K, capacity 41010K, committed 41600K, reserved 1085440K
  class space    used 5632K, capacity 5701K, committed 5760K, reserved 1048576K
Event: 9.565 GC heap after
Heap after GC invocations=111 (full 2):
 def new generation   total 5760K, used 571K [0x00000000c0000000, 0x00000000c0630000, 0x00000000d5550000)
  eden space 5184K,   0% used [0x00000000c0000000, 0x00000000c0000000, 0x00000000c0510000)
  from space 576K,  99% used [0x00000000c05a0000, 0x00000000c062ef60, 0x00000000c0630000)
  to   space 576K,   0% used [0x00000000c0510000, 0x00000000c0510000, 0x00000000c05a0000)
 tenured generation   total 12604K, used 8875K [0x00000000d5550000, 0x00000000d619f000, 0x0000000100000000)
   the space 12604K,  70% used [0x00000000d5550000, 0x00000000d5dfad78, 0x00000000d5dfae00, 0x00000000d619f000)
 Metaspace       used 40777K, capacity 41010K, committed 41600K, reserved 1085440K
  class space    used 5632K, capacity 5701K, committed 5760K, reserved 1048576K
}
Event: 9.652 GC heap before
{Heap before GC invocations=111 (full 2):
 def new generation   total 5760K, used 5755K [0x00000000c0000000, 0x00000000c0630000, 0x00000000d5550000)
  eden space 5184K, 100% used [0x00000000c0000000, 0x00000000c0510000, 0x00000000c0510000)
  from space 576K,  99% used [0x00000000c05a0000, 0x00000000c062ef60, 0x00000000c0630000)
  to   space 576K,   0% used [0x00000000c0510000, 0x00000000c0510000, 0x00000000c05a0000)
 tenured generation   total 12604K, used 8875K [0x00000000d5550000, 0x00000000d619f000, 0x0000000100000000)
   the space 12604K,  70% used [0x00000000d5550000, 0x00000000d5dfad78, 0x00000000d5dfae00, 0x00000000d619f000)
 Metaspace       used 41012K, capacity 41234K, committed 41600K, reserved 1085440K
  class space    used 5668K, capacity 5733K, committed 5760K, reserved 1048576K
Event: 9.656 GC heap after
Heap after GC invocations=112 (full 2):
 def new generation   total 5760K, used 260K [0x00000000c0000000, 0x00000000c0630000, 0x00000000d5550000)
  eden space 5184K,   0% used [0x00000000c0000000, 0x00000000c0000000, 0x00000000c0510000)
  from space 576K,  45% used [0x00000000c0510000, 0x00000000c0551230, 0x00000000c05a0000)
  to   space 576K,   0% used [0x00000000c05a0000, 0x00000000c05a0000, 0x00000000c0630000)
 tenured generation   total 12604K, used 9227K [0x00000000d5550000, 0x00000000d619f000, 0x0000000100000000)
   the space 12604K,  73% used [0x00000000d5550000, 0x00000000d5e52d78, 0x00000000d5e52e00, 0x00000000d619f000)
 Metaspace       used 41012K, capacity 41234K, committed 41600K, reserved 1085440K
  class space    used 5668K, capacity 5733K, committed 5760K, reserved 1048576K
}
Event: 9.756 GC heap before
{Heap before GC invocations=112 (full 2):
 def new generation   total 5760K, used 5444K [0x00000000c0000000, 0x00000000c0630000, 0x00000000d5550000)
  eden space 5184K, 100% used [0x00000000c0000000, 0x00000000c0510000, 0x00000000c0510000)
  from space 576K,  45% used [0x00000000c0510000, 0x00000000c0551230, 0x00000000c05a0000)
  to   space 576K,   0% used [0x00000000c05a0000, 0x00000000c05a0000, 0x00000000c0630000)
 tenured generation   total 12604K, used 9227K [0x00000000d5550000, 0x00000000d619f000, 0x0000000100000000)
   the space 12604K,  73% used [0x00000000d5550000, 0x00000000d5e52d78, 0x00000000d5e52e00, 0x00000000d619f000)
 Metaspace       used 41236K, capacity 41608K, committed 41984K, reserved 1085440K
  class space    used 5702K, capacity 5854K, committed 5888K, reserved 1048576K
Event: 9.759 GC heap after
Heap after GC invocations=113 (full 2):
 def new generation   total 5760K, used 565K [0x00000000c0000000, 0x00000000c0630000, 0x00000000d5550000)
  eden space 5184K,   0% used [0x00000000c0000000, 0x00000000c0000000, 0x00000000c0510000)
  from space 576K,  98% used [0x00000000c05a0000, 0x00000000c062d4a0, 0x00000000c0630000)
  to   space 576K,   0% used [0x00000000c0510000, 0x00000000c0510000, 0x00000000c05a0000)
 tenured generation   total 12604K, used 9227K [0x00000000d5550000, 0x00000000d619f000, 0x0000000100000000)
   the space 12604K,  73% used [0x00000000d5550000, 0x00000000d5e52d78, 0x00000000d5e52e00, 0x00000000d619f000)
 Metaspace       used 41236K, capacity 41608K, committed 41984K, reserved 1085440K
  class space    used 5702K, capacity 5854K, committed 5888K, reserved 1048576K
}
Event: 9.825 GC heap before
{Heap before GC invocations=113 (full 2):
 def new generation   total 5760K, used 5749K [0x00000000c0000000, 0x00000000c0630000, 0x00000000d5550000)
  eden space 5184K, 100% used [0x00000000c0000000, 0x00000000c0510000, 0x00000000c0510000)
  from space 576K,  98% used [0x00000000c05a0000, 0x00000000c062d4a0, 0x00000000c0630000)
  to   space 576K,   0% used [0x00000000c0510000, 0x00000000c0510000, 0x00000000c05a0000)
 tenured generation   total 12604K, used 9227K [0x00000000d5550000, 0x00000000d619f000, 0x0000000100000000)
   the space 12604K,  73% used [0x00000000d5550000, 0x00000000d5e52d78, 0x00000000d5e52e00, 0x00000000d619f000)
 Metaspace       used 41509K, capacity 41898K, committed 42368K, reserved 1085440K
  class space    used 5750K, capacity 5897K, committed 6016K, reserved 1048576K
Event: 9.829 GC heap after
Heap after GC invocations=114 (full 2):
 def new generation   total 5760K, used 319K [0x00000000c0000000, 0x00000000c0630000, 0x00000000d5550000)
  eden space 5184K,   0% used [0x00000000c0000000, 0x00000000c0000000, 0x00000000c0510000)
  from space 576K,  55% used [0x00000000c0510000, 0x00000000c055fd18, 0x00000000c05a0000)
  to   space 576K,   0% used [0x00000000c05a0000, 0x00000000c05a0000, 0x00000000c0630000)
 tenured generation   total 12604K, used 9653K [0x00000000d5550000, 0x00000000d619f000, 0x0000000100000000)
   the space 12604K,  76% used [0x00000000d5550000, 0x00000000d5ebd710, 0x00000000d5ebd800, 0x00000000d619f000)
 Metaspace       used 41509K, capacity 41898K, committed 42368K, reserved 1085440K
  class space    used 5750K, capacity 5897K, committed 6016K, reserved 1048576K
}
Event: 9.865 GC heap before
{Heap before GC invocations=114 (full 2):
 def new generation   total 5760K, used 5503K [0x00000000c0000000, 0x00000000c0630000, 0x00000000d5550000)
  eden space 5184K, 100% used [0x00000000c0000000, 0x00000000c0510000, 0x00000000c0510000)
  from space 576K,  55% used [0x00000000c0510000, 0x00000000c055fd18, 0x00000000c05a0000)
  to   space 576K,   0% used [0x00000000c05a0000, 0x00000000c05a0000, 0x00000000c0630000)
 tenured generation   total 12604K, used 9653K [0x00000000d5550000, 0x00000000d619f000, 0x0000000100000000)
   the space 12604K,  76% used [0x00000000d5550000, 0x00000000d5ebd710, 0x00000000d5ebd800, 0x00000000d619f000)
 Metaspace       used 41692K, capacity 42058K, committed 42368K, reserved 1085440K
  class space    used 5790K, capacity 5929K, committed 6016K, reserved 1048576K
Event: 9.868 GC heap after
Heap after GC invocations=115 (full 2):
 def new generation   total 5760K, used 220K [0x00000000c0000000, 0x00000000c0630000, 0x00000000d5550000)
  eden space 5184K,   0% used [0x00000000c0000000, 0x00000000c0000000, 0x00000000c0510000)
  from space 576K,  38% used [0x00000000c05a0000, 0x00000000c05d7240, 0x00000000c0630000)
  to   space 576K,   0% used [0x00000000c0510000, 0x00000000c0510000, 0x00000000c05a0000)
 tenured generation   total 12604K, used 9779K [0x00000000d5550000, 0x00000000d619f000, 0x0000000100000000)
   the space 12604K,  77% used [0x00000000d5550000, 0x00000000d5edcd38, 0x00000000d5edce00, 0x00000000d619f000)
 Metaspace       used 41692K, capacity 42058K, committed 42368K, reserved 1085440K
  class space    used 5790K, capacity 5929K, committed 6016K, reserved 1048576K
}
Event: 9.926 GC heap before
{Heap before GC invocations=115 (full 2):
 def new generation   total 5760K, used 5404K [0x00000000c0000000, 0x00000000c0630000, 0x00000000d5550000)
  eden space 5184K, 100% used [0x00000000c0000000, 0x00000000c0510000, 0x00000000c0510000)
  from space 576K,  38% used [0x00000000c05a0000, 0x00000000c05d7240, 0x00000000c0630000)
  to   space 576K,   0% used [0x00000000c0510000, 0x00000000c0510000, 0x00000000c05a0000)
 tenured generation   total 12604K, used 9779K [0x00000000d5550000, 0x00000000d619f000, 0x0000000100000000)
   the space 12604K,  77% used [0x00000000d5550000, 0x00000000d5edcd38, 0x00000000d5edce00, 0x00000000d619f000)
 Metaspace       used 41997K, capacity 42390K, committed 42624K, reserved 1085440K
  class space    used 5834K, capacity 5995K, committed 6016K, reserved 1048576K
Event: 9.929 GC heap after
Heap after GC invocations=116 (full 2):
 def new generation   total 5760K, used 367K [0x00000000c0000000, 0x00000000c0630000, 0x00000000d5550000)
  eden space 5184K,   0% used [0x00000000c0000000, 0x00000000c0000000, 0x00000000c0510000)
  from space 576K,  63% used [0x00000000c0510000, 0x00000000c056bf40, 0x00000000c05a0000)
  to   space 576K,   0% used [0x00000000c05a0000, 0x00000000c05a0000, 0x00000000c0630000)
 tenured generation   total 12604K, used 9779K [0x00000000d5550000, 0x00000000d619f000, 0x0000000100000000)
   the space 12604K,  77% used [0x00000000d5550000, 0x00000000d5edcd38, 0x00000000d5edce00, 0x00000000d619f000)
 Metaspace       used 41997K, capacity 42390K, committed 42624K, reserved 1085440K
  class space    used 5834K, capacity 5995K, committed 6016K, reserved 1048576K
}
Event: 9.955 GC heap before
{Heap before GC invocations=116 (full 2):
 def new generation   total 5760K, used 5551K [0x00000000c0000000, 0x00000000c0630000, 0x00000000d5550000)
  eden space 5184K, 100% used [0x00000000c0000000, 0x00000000c0510000, 0x00000000c0510000)
  from space 576K,  63% used [0x00000000c0510000, 0x00000000c056bf40, 0x00000000c05a0000)
  to   space 576K,   0% used [0x00000000c05a0000, 0x00000000c05a0000, 0x00000000c0630000)
 tenured generation   total 12604K, used 9779K [0x00000000d5550000, 0x00000000d619f000, 0x0000000100000000)
   the space 12604K,  77% used [0x00000000d5550000, 0x00000000d5edcd38, 0x00000000d5edce00, 0x00000000d619f000)
 Metaspace       used 42205K, capacity 42614K, committed 43008K, reserved 1085440K
  class space    used 5873K, capacity 6027K, committed 6144K, reserved 1048576K
Event: 9.959 GC heap after
Heap after GC invocations=117 (full 2):
 def new generation   total 5760K, used 203K [0x00000000c0000000, 0x00000000c0630000, 0x00000000d5550000)
  eden space 5184K,   0% used [0x00000000c0000000, 0x00000000c0000000, 0x00000000c0510000)
  from space 576K,  35% used [0x00000000c05a0000, 0x00000000c05d2e18, 0x00000000c0630000)
  to   space 576K,   0% used [0x00000000c0510000, 0x00000000c0510000, 0x00000000c05a0000)
 tenured generation   total 12604K, used 10146K [0x00000000d5550000, 0x00000000d619f000, 0x0000000100000000)
   the space 12604K,  80% used [0x00000000d5550000, 0x00000000d5f388f8, 0x00000000d5f38a00, 0x00000000d619f000)
 Metaspace       used 42205K, capacity 42614K, committed 43008K, reserved 1085440K
  class space    used 5873K, capacity 6027K, committed 6144K, reserved 1048576K
}
Event: 10.049 GC heap before
{Heap before GC invocations=117 (full 2):
 def new generation   total 5760K, used 5387K [0x00000000c0000000, 0x00000000c0630000, 0x00000000d5550000)
  eden space 5184K, 100% used [0x00000000c0000000, 0x00000000c0510000, 0x00000000c0510000)
  from space 576K,  35% used [0x00000000c05a0000, 0x00000000c05d2e18, 0x00000000c0630000)
  to   space 576K,   0% used [0x00000000c0510000, 0x00000000c0510000, 0x00000000c05a0000)
 tenured generation   total 12604K, used 10146K [0x00000000d5550000, 0x00000000d619f000, 0x0000000100000000)
   the space 12604K,  80% used [0x00000000d5550000, 0x00000000d5f388f8, 0x00000000d5f38a00, 0x00000000d619f000)
 Metaspace       used 42585K, capacity 42928K, committed 43264K, reserved 1087488K
  class space    used 5939K, capacity 6065K, committed 6144K, reserved 1048576K
Event: 10.052 GC heap after
Heap after GC invocations=118 (full 2):
 def new generation   total 5760K, used 308K [0x00000000c0000000, 0x00000000c0630000, 0x00000000d5550000)
  eden space 5184K,   0% used [0x00000000c0000000, 0x00000000c0000000, 0x00000000c0510000)
  from space 576K,  53% used [0x00000000c0510000, 0x00000000c055d018, 0x00000000c05a0000)
  to   space 576K,   0% used [0x00000000c05a0000, 0x00000000c05a0000, 0x00000000c0630000)
 tenured generation   total 12604K, used 10146K [0x00000000d5550000, 0x00000000d619f000, 0x0000000100000000)
   the space 12604K,  80% used [0x00000000d5550000, 0x00000000d5f388f8, 0x00000000d5f38a00, 0x00000000d619f000)
 Metaspace       used 42585K, capacity 42928K, committed 43264K, reserved 1087488K
  class space    used 5939K, capacity 6065K, committed 6144K, reserved 1048576K
}
Event: 10.072 GC heap before
{Heap before GC invocations=118 (full 2):
 def new generation   total 5760K, used 1714K [0x00000000c0000000, 0x00000000c0630000, 0x00000000d5550000)
  eden space 5184K,  27% used [0x00000000c0000000, 0x00000000c015f8a0, 0x00000000c0510000)
  from space 576K,  53% used [0x00000000c0510000, 0x00000000c055d018, 0x00000000c05a0000)
  to   space 576K,   0% used [0x00000000c05a0000, 0x00000000c05a0000, 0x00000000c0630000)
 tenured generation   total 12604K, used 10146K [0x00000000d5550000, 0x00000000d619f000, 0x0000000100000000)
   the space 12604K,  80% used [0x00000000d5550000, 0x00000000d5f388f8, 0x00000000d5f38a00, 0x00000000d619f000)
 Metaspace       used 42642K, capacity 43056K, committed 43264K, reserved 1087488K
  class space    used 5950K, capacity 6065K, committed 6144K, reserved 1048576K
Event: 10.074 GC heap after
Heap after GC invocations=119 (full 2):
 def new generation   total 5760K, used 401K [0x00000000c0000000, 0x00000000c0630000, 0x00000000d5550000)
  eden space 5184K,   0% used [0x00000000c0000000, 0x00000000c0000000, 0x00000000c0510000)
  from space 576K,  69% used [0x00000000c05a0000, 0x00000000c0604760, 0x00000000c0630000)
  to   space 576K,   0% used [0x00000000c0510000, 0x00000000c0510000, 0x00000000c05a0000)
 tenured generation   total 12604K, used 10167K [0x00000000d5550000, 0x00000000d619f000, 0x0000000100000000)
   the space 12604K,  80% used [0x00000000d5550000, 0x00000000d5f3dd10, 0x00000000d5f3de00, 0x00000000d619f000)
 Metaspace       used 42642K, capacity 43056K, committed 43264K, reserved 1087488K
  class space    used 5950K, capacity 6065K, committed 6144K, reserved 1048576K
}
Event: 10.080 GC heap before
{Heap before GC invocations=119 (full 2):
 def new generation   total 5760K, used 5585K [0x00000000c0000000, 0x00000000c0630000, 0x00000000d5550000)
  eden space 5184K, 100% used [0x00000000c0000000, 0x00000000c0510000, 0x00000000c0510000)
  from space 576K,  69% used [0x00000000c05a0000, 0x00000000c0604760, 0x00000000c0630000)
  to   space 576K,   0% used [0x00000000c0510000, 0x00000000c0510000, 0x00000000c05a0000)
 tenured generation   total 12604K, used 10167K [0x00000000d5550000, 0x00000000d619f000, 0x0000000100000000)
   the space 12604K,  80% used [0x00000000d5550000, 0x00000000d5f3dd10, 0x00000000d5f3de00, 0x00000000d619f000)
 Metaspace       used 42678K, capacity 43088K, committed 43264K, reserved 1087488K
  class space    used 5958K, capacity 6097K, committed 6144K, reserved 1048576K
Event: 10.134 GC heap after
Heap after GC invocations=120 (full 3):
 def new generation   total 10688K, used 0K [0x00000000c0000000, 0x00000000c0b90000, 0x00000000d5550000)
  eden space 9536K,   0% used [0x00000000c0000000, 0x00000000c0000000, 0x00000000c0950000)
  from space 1152K,   0% used [0x00000000c0950000, 0x00000000c0950000, 0x00000000c0a70000)
  to   space 1152K,   0% used [0x00000000c0a70000, 0x00000000c0a70000, 0x00000000c0b90000)
 tenured generation   total 23644K, used 14185K [0x00000000d5550000, 0x00000000d6c67000, 0x0000000100000000)
   the space 23644K,  59% used [0x00000000d5550000, 0x00000000d632a558, 0x00000000d632a600, 0x00000000d6c67000)
 Metaspace       used 42674K, capacity 43082K, committed 43264K, reserved 1087488K
  class space    used 5957K, capacity 6096K, committed 6144K, reserved 1048576K
}
Event: 10.251 GC heap before
{Heap before GC invocations=120 (full 3):
 def new generation   total 10688K, used 9536K [0x00000000c0000000, 0x00000000c0b90000, 0x00000000d5550000)
  eden space 9536K, 100% used [0x00000000c0000000, 0x00000000c0950000, 0x00000000c0950000)
  from space 1152K,   0% used [0x00000000c0950000, 0x00000000c0950000, 0x00000000c0a70000)
  to   space 1152K,   0% used [0x00000000c0a70000, 0x00000000c0a70000, 0x00000000c0b90000)
 tenured generation   total 23644K, used 14185K [0x00000000d5550000, 0x00000000d6c67000, 0x0000000100000000)
   the space 23644K,  59% used [0x00000000d5550000, 0x00000000d632a558, 0x00000000d632a600, 0x00000000d6c67000)
 Metaspace       used 43173K, capacity 43572K, committed 43904K, reserved 1087488K
  class space    used 6048K, capacity 6167K, committed 6272K, reserved 1048576K
Event: 10.255 GC heap after
Heap after GC invocations=121 (full 3):
 def new generation   total 10688K, used 698K [0x00000000c0000000, 0x00000000c0b90000, 0x00000000d5550000)
  eden space 9536K,   0% used [0x00000000c0000000, 0x00000000c0000000, 0x00000000c0950000)
  from space 1152K,  60% used [0x00000000c0a70000, 0x00000000c0b1ea90, 0x00000000c0b90000)
  to   space 1152K,   0% used [0x00000000c0950000, 0x00000000c0950000, 0x00000000c0a70000)
 tenured generation   total 23644K, used 14185K [0x00000000d5550000, 0x00000000d6c67000, 0x0000000100000000)
   the space 23644K,  59% used [0x00000000d5550000, 0x00000000d632a558, 0x00000000d632a600, 0x00000000d6c67000)
 Metaspace       used 43173K, capacity 43572K, committed 43904K, reserved 1087488K
  class space    used 6048K, capacity 6167K, committed 6272K, reserved 1048576K
}
Event: 10.365 GC heap before
{Heap before GC invocations=121 (full 3):
 def new generation   total 10688K, used 10234K [0x00000000c0000000, 0x00000000c0b90000, 0x00000000d5550000)
  eden space 9536K, 100% used [0x00000000c0000000, 0x00000000c0950000, 0x00000000c0950000)
  from space 1152K,  60% used [0x00000000c0a70000, 0x00000000c0b1ea90, 0x00000000c0b90000)
  to   space 1152K,   0% used [0x00000000c0950000, 0x00000000c0950000, 0x00000000c0a70000)
 tenured generation   total 23644K, used 14185K [0x00000000d5550000, 0x00000000d6c67000, 0x0000000100000000)
   the space 23644K,  59% used [0x00000000d5550000, 0x00000000d632a558, 0x00000000d632a600, 0x00000000d6c67000)
 Metaspace       used 43519K, capacity 43952K, committed 44160K, reserved 1087488K
  class space    used 6106K, capacity 6241K, committed 6272K, reserved 1048576K
Event: 10.369 GC heap after
Heap after GC invocations=122 (full 3):
 def new generation   total 10688K, used 538K [0x00000000c0000000, 0x00000000c0b90000, 0x00000000d5550000)
  eden space 9536K,   0% used [0x00000000c0000000, 0x00000000c0000000, 0x00000000c0950000)
  from space 1152K,  46% used [0x00000000c0950000, 0x00000000c09d6a60, 0x00000000c0a70000)
  to   space 1152K,   0% used [0x00000000c0a70000, 0x00000000c0a70000, 0x00000000c0b90000)
 tenured generation   total 23644K, used 14482K [0x00000000d5550000, 0x00000000d6c67000, 0x0000000100000000)
   the space 23644K,  61% used [0x00000000d5550000, 0x00000000d6374978, 0x00000000d6374a00, 0x00000000d6c67000)
 Metaspace       used 43519K, capacity 43952K, committed 44160K, reserved 1087488K
  class space    used 6106K, capacity 6241K, committed 6272K, reserved 1048576K
}
Event: 10.558 GC heap before
{Heap before GC invocations=122 (full 3):
 def new generation   total 10688K, used 10074K [0x00000000c0000000, 0x00000000c0b90000, 0x00000000d5550000)
  eden space 9536K, 100% used [0x00000000c0000000, 0x00000000c0950000, 0x00000000c0950000)
  from space 1152K,  46% used [0x00000000c0950000, 0x00000000c09d6a60, 0x00000000c0a70000)
  to   space 1152K,   0% used [0x00000000c0a70000, 0x00000000c0a70000, 0x00000000c0b90000)
 tenured generation   total 23644K, used 14482K [0x00000000d5550000, 0x00000000d6c67000, 0x0000000100000000)
   the space 23644K,  61% used [0x00000000d5550000, 0x00000000d6374978, 0x00000000d6374a00, 0x00000000d6c67000)
 Metaspace       used 43794K, capacity 44208K, committed 44544K, reserved 1087488K
  class space    used 6147K, capacity 6305K, committed 6400K, reserved 1048576K
Event: 10.562 GC heap after
Heap after GC invocations=123 (full 3):
 def new generation   total 10688K, used 565K [0x00000000c0000000, 0x00000000c0b90000, 0x00000000d5550000)
  eden space 9536K,   0% used [0x00000000c0000000, 0x00000000c0000000, 0x00000000c0950000)
  from space 1152K,  49% used [0x00000000c0a70000, 0x00000000c0afd6b8, 0x00000000c0b90000)
  to   space 1152K,   0% used [0x00000000c0950000, 0x00000000c0950000, 0x00000000c0a70000)
 tenured generation   total 23644K, used 14482K [0x00000000d5550000, 0x00000000d6c67000, 0x0000000100000000)
   the space 23644K,  61% used [0x00000000d5550000, 0x00000000d6374978, 0x00000000d6374a00, 0x00000000d6c67000)
 Metaspace       used 43794K, capacity 44208K, committed 44544K, reserved 1087488K
  class space    used 6147K, capacity 6305K, committed 6400K, reserved 1048576K
}
Event: 10.628 GC heap before
{Heap before GC invocations=123 (full 3):
 def new generation   total 10688K, used 8005K [0x00000000c0000000, 0x00000000c0b90000, 0x00000000d5550000)
  eden space 9536K,  78% used [0x00000000c0000000, 0x00000000c0743eb8, 0x00000000c0950000)
  from space 1152K,  49% used [0x00000000c0a70000, 0x00000000c0afd6b8, 0x00000000c0b90000)
  to   space 1152K,   0% used [0x00000000c0950000, 0x00000000c0950000, 0x00000000c0a70000)
 tenured generation   total 23644K, used 14482K [0x00000000d5550000, 0x00000000d6c67000, 0x0000000100000000)
   the space 23644K,  61% used [0x00000000d5550000, 0x00000000d6374978, 0x00000000d6374a00, 0x00000000d6c67000)
 Metaspace       used 44360K, capacity 44830K, committed 45184K, reserved 1087488K
  class space    used 6243K, capacity 6406K, committed 6528K, reserved 1048576K
Event: 10.681 GC heap after
Heap after GC invocations=124 (full 4):
 def new generation   total 10688K, used 0K [0x00000000c0000000, 0x00000000c0b90000, 0x00000000d5550000)
  eden space 9536K,   0% used [0x00000000c0000000, 0x00000000c0000000, 0x00000000c0950000)
  from space 1152K,   0% used [0x00000000c0950000, 0x00000000c0950000, 0x00000000c0a70000)
  to   space 1152K,   0% used [0x00000000c0a70000, 0x00000000c0a70000, 0x00000000c0b90000)
 tenured generation   total 23644K, used 9825K [0x00000000d5550000, 0x00000000d6c67000, 0x0000000100000000)
   the space 23644K,  41% used [0x00000000d5550000, 0x00000000d5ee87c8, 0x00000000d5ee8800, 0x00000000d6c67000)
 Metaspace       used 44360K, capacity 44830K, committed 45184K, reserved 1087488K
  class space    used 6243K, capacity 6406K, committed 6528K, reserved 1048576K
}
Event: 10.714 GC heap before
{Heap before GC invocations=124 (full 4):
 def new generation   total 10688K, used 2622K [0x00000000c0000000, 0x00000000c0b90000, 0x00000000d5550000)
  eden space 9536K,  27% used [0x00000000c0000000, 0x00000000c028fae0, 0x00000000c0950000)
  from space 1152K,   0% used [0x00000000c0950000, 0x00000000c0950000, 0x00000000c0a70000)
  to   space 1152K,   0% used [0x00000000c0a70000, 0x00000000c0a70000, 0x00000000c0b90000)
 tenured generation   total 40032K, used 26209K [0x00000000d5550000, 0x00000000d7c68000, 0x0000000100000000)
   the space 40032K,  65% used [0x00000000d5550000, 0x00000000d6ee87d8, 0x00000000d6ee8800, 0x00000000d7c68000)
 Metaspace       used 44485K, capacity 44958K, committed 45184K, reserved 1087488K
  class space    used 6260K, capacity 6406K, committed 6528K, reserved 1048576K
Event: 10.766 GC heap after
Heap after GC invocations=125 (full 5):
 def new generation   total 20032K, used 0K [0x00000000c0000000, 0x00000000c15b0000, 0x00000000d5550000)
  eden space 17856K,   0% used [0x00000000c0000000, 0x00000000c0000000, 0x00000000c1170000)
  from space 2176K,   0% used [0x00000000c1170000, 0x00000000c1170000, 0x00000000c1390000)
  to   space 2176K,   0% used [0x00000000c1390000, 0x00000000c1390000, 0x00000000c15b0000)
 tenured generation   total 44288K, used 26571K [0x00000000d5550000, 0x00000000d8090000, 0x0000000100000000)
   the space 44288K,  59% used [0x00000000d5550000, 0x00000000d6f42c60, 0x00000000d6f42e00, 0x00000000d8090000)
 Metaspace       used 44485K, capacity 44958K, committed 45184K, reserved 1087488K
  class space    used 6260K, capacity 6406K, committed 6528K, reserved 1048576K
}
Event: 10.804 GC heap before
{Heap before GC invocations=125 (full 5):
 def new generation   total 20032K, used 17856K [0x00000000c0000000, 0x00000000c15b0000, 0x00000000d5550000)
  eden space 17856K, 100% used [0x00000000c0000000, 0x00000000c1170000, 0x00000000c1170000)
  from space 2176K,   0% used [0x00000000c1170000, 0x00000000c1170000, 0x00000000c1390000)
  to   space 2176K,   0% used [0x00000000c1390000, 0x00000000c1390000, 0x00000000c15b0000)
 tenured generation   total 44288K, used 26571K [0x00000000d5550000, 0x00000000d8090000, 0x0000000100000000)
   the space 44288K,  59% used [0x00000000d5550000, 0x00000000d6f42c60, 0x00000000d6f42e00, 0x00000000d8090000)
 Metaspace       used 44580K, capacity 45072K, committed 45440K, reserved 1087488K
  class space    used 6271K, capacity 6443K, committed 6528K, reserved 1048576K
Event: 10.820 GC heap after
Heap after GC invocations=126 (full 5):
 def new generation   total 20032K, used 82K [0x00000000c0000000, 0x00000000c15b0000, 0x00000000d5550000)
  eden space 17856K,   0% used [0x00000000c0000000, 0x00000000c0000000, 0x00000000c1170000)
  from space 2176K,   3% used [0x00000000c1390000, 0x00000000c13a4b88, 0x00000000c15b0000)
  to   space 2176K,   0% used [0x00000000c1170000, 0x00000000c1170000, 0x00000000c1390000)
 tenured generation   total 44288K, used 42955K [0x00000000d5550000, 0x00000000d8090000, 0x0000000100000000)
   the space 44288K,  96% used [0x00000000d5550000, 0x00000000d7f42c70, 0x00000000d7f42e00, 0x00000000d8090000)
 Metaspace       used 44580K, capacity 45072K, committed 45440K, reserved 1087488K
  class space    used 6271K, capacity 6443K, committed 6528K, reserved 1048576K
}
Event: 11.728 GC heap before
{Heap before GC invocations=126 (full 5):
 def new generation   total 20032K, used 17938K [0x00000000c0000000, 0x00000000c15b0000, 0x00000000d5550000)
  eden space 17856K, 100% used [0x00000000c0000000, 0x00000000c1170000, 0x00000000c1170000)
  from space 2176K,   3% used [0x00000000c1390000, 0x00000000c13a4b88, 0x00000000c15b0000)
  to   space 2176K,   0% used [0x00000000c1170000, 0x00000000c1170000, 0x00000000c1390000)
 tenured generation   total 44288K, used 42955K [0x00000000d5550000, 0x00000000d8090000, 0x0000000100000000)
   the space 44288K,  96% used [0x00000000d5550000, 0x00000000d7f42c70, 0x00000000d7f42e00, 0x00000000d8090000)
 Metaspace       used 45245K, capacity 45750K, committed 46080K, reserved 1089536K
  class space    used 6388K, capacity 6540K, committed 6656K, reserved 1048576K
Event: 11.732 GC heap after
Heap after GC invocations=127 (full 5):
 def new generation   total 20032K, used 891K [0x00000000c0000000, 0x00000000c15b0000, 0x00000000d5550000)
  eden space 17856K,   0% used [0x00000000c0000000, 0x00000000c0000000, 0x00000000c1170000)
  from space 2176K,  40% used [0x00000000c1170000, 0x00000000c124ed18, 0x00000000c1390000)
  to   space 2176K,   0% used [0x00000000c1390000, 0x00000000c1390000, 0x00000000c15b0000)
 tenured generation   total 44288K, used 42955K [0x00000000d5550000, 0x00000000d8090000, 0x0000000100000000)
   the space 44288K,  96% used [0x00000000d5550000, 0x00000000d7f42c70, 0x00000000d7f42e00, 0x00000000d8090000)
 Metaspace       used 45245K, capacity 45750K, committed 46080K, reserved 1089536K
  class space    used 6388K, capacity 6540K, committed 6656K, reserved 1048576K
}
Event: 11.876 GC heap before
{Heap before GC invocations=127 (full 5):
 def new generation   total 20032K, used 18747K [0x00000000c0000000, 0x00000000c15b0000, 0x00000000d5550000)
  eden space 17856K, 100% used [0x00000000c0000000, 0x00000000c1170000, 0x00000000c1170000)
  from space 2176K,  40% used [0x00000000c1170000, 0x00000000c124ed18, 0x00000000c1390000)
  to   space 2176K,   0% used [0x00000000c1390000, 0x00000000c1390000, 0x00000000c15b0000)
 tenured generation   total 44288K, used 42955K [0x00000000d5550000, 0x00000000d8090000, 0x0000000100000000)
   the space 44288K,  96% used [0x00000000d5550000, 0x00000000d7f42c70, 0x00000000d7f42e00, 0x00000000d8090000)
 Metaspace       used 45716K, capacity 46254K, committed 46592K, reserved 1089536K
  class space    used 6474K, capacity 6640K, committed 6656K, reserved 1048576K
Event: 11.880 GC heap after
Heap after GC invocations=128 (full 5):
 def new generation   total 20032K, used 928K [0x00000000c0000000, 0x00000000c15b0000, 0x00000000d5550000)
  eden space 17856K,   0% used [0x00000000c0000000, 0x00000000c0000000, 0x00000000c1170000)
  from space 2176K,  42% used [0x00000000c1390000, 0x00000000c1478340, 0x00000000c15b0000)
  to   space 2176K,   0% used [0x00000000c1170000, 0x00000000c1170000, 0x00000000c1390000)
 tenured generation   total 44288K, used 42955K [0x00000000d5550000, 0x00000000d8090000, 0x0000000100000000)
   the space 44288K,  96% used [0x00000000d5550000, 0x00000000d7f42c70, 0x00000000d7f42e00, 0x00000000d8090000)
 Metaspace       used 45716K, capacity 46254K, committed 46592K, reserved 1089536K
  class space    used 6474K, capacity 6640K, committed 6656K, reserved 1048576K
}
Event: 15.453 GC heap before
{Heap before GC invocations=128 (full 5):
 def new generation   total 20032K, used 18784K [0x00000000c0000000, 0x00000000c15b0000, 0x00000000d5550000)
  eden space 17856K, 100% used [0x00000000c0000000, 0x00000000c1170000, 0x00000000c1170000)
  from space 2176K,  42% used [0x00000000c1390000, 0x00000000c1478340, 0x00000000c15b0000)
  to   space 2176K,   0% used [0x00000000c1170000, 0x00000000c1170000, 0x00000000c1390000)
 tenured generation   total 44288K, used 42955K [0x00000000d5550000, 0x00000000d8090000, 0x0000000100000000)
   the space 44288K,  96% used [0x00000000d5550000, 0x00000000d7f42c70, 0x00000000d7f42e00, 0x00000000d8090000)
 Metaspace       used 45998K, capacity 46486K, committed 46720K, reserved 1089536K
  class space    used 6516K, capacity 6684K, committed 6784K, reserved 1048576K
Event: 15.458 GC heap after
Heap after GC invocations=129 (full 5):
 def new generation   total 20032K, used 1176K [0x00000000c0000000, 0x00000000c15b0000, 0x00000000d5550000)
  eden space 17856K,   0% used [0x00000000c0000000, 0x00000000c0000000, 0x00000000c1170000)
  from space 2176K,  54% used [0x00000000c1170000, 0x00000000c12960e8, 0x00000000c1390000)
  to   space 2176K,   0% used [0x00000000c1390000, 0x00000000c1390000, 0x00000000c15b0000)
 tenured generation   total 44288K, used 42955K [0x00000000d5550000, 0x00000000d8090000, 0x0000000100000000)
   the space 44288K,  96% used [0x00000000d5550000, 0x00000000d7f42c70, 0x00000000d7f42e00, 0x00000000d8090000)
 Metaspace       used 45998K, capacity 46486K, committed 46720K, reserved 1089536K
  class space    used 6516K, capacity 6684K, committed 6784K, reserved 1048576K
}
Event: 17.443 GC heap before
{Heap before GC invocations=129 (full 5):
 def new generation   total 20032K, used 19032K [0x00000000c0000000, 0x00000000c15b0000, 0x00000000d5550000)
  eden space 17856K, 100% used [0x00000000c0000000, 0x00000000c1170000, 0x00000000c1170000)
  from space 2176K,  54% used [0x00000000c1170000, 0x00000000c12960e8, 0x00000000c1390000)
  to   space 2176K,   0% used [0x00000000c1390000, 0x00000000c1390000, 0x00000000c15b0000)
 tenured generation   total 44288K, used 42955K [0x00000000d5550000, 0x00000000d8090000, 0x0000000100000000)
   the space 44288K,  96% used [0x00000000d5550000, 0x00000000d7f42c70, 0x00000000d7f42e00, 0x00000000d8090000)
 Metaspace       used 46235K, capacity 46764K, committed 46976K, reserved 1089536K
  class space    used 6548K, capacity 6725K, committed 6784K, reserved 1048576K
Event: 17.448 GC heap after
Heap after GC invocations=130 (full 5):
 def new generation   total 20032K, used 795K [0x00000000c0000000, 0x00000000c15b0000, 0x00000000d5550000)
  eden space 17856K,   0% used [0x00000000c0000000, 0x00000000c0000000, 0x00000000c1170000)
  from space 2176K,  36% used [0x00000000c1390000, 0x00000000c1456c38, 0x00000000c15b0000)
  to   space 2176K,   0% used [0x00000000c1170000, 0x00000000c1170000, 0x00000000c1390000)
 tenured generation   total 44288K, used 43371K [0x00000000d5550000, 0x00000000d8090000, 0x0000000100000000)
   the space 44288K,  97% used [0x00000000d5550000, 0x00000000d7faaf90, 0x00000000d7fab000, 0x00000000d8090000)
 Metaspace       used 46235K, capacity 46764K, committed 46976K, reserved 1089536K
  class space    used 6548K, capacity 6725K, committed 6784K, reserved 1048576K
}
Event: 18.003 GC heap before
{Heap before GC invocations=130 (full 5):
 def new generation   total 20032K, used 18651K [0x00000000c0000000, 0x00000000c15b0000, 0x00000000d5550000)
  eden space 17856K, 100% used [0x00000000c0000000, 0x00000000c1170000, 0x00000000c1170000)
  from space 2176K,  36% used [0x00000000c1390000, 0x00000000c1456c38, 0x00000000c15b0000)
  to   space 2176K,   0% used [0x00000000c1170000, 0x00000000c1170000, 0x00000000c1390000)
 tenured generation   total 44288K, used 43371K [0x00000000d5550000, 0x00000000d8090000, 0x0000000100000000)
   the space 44288K,  97% used [0x00000000d5550000, 0x00000000d7faaf90, 0x00000000d7fab000, 0x00000000d8090000)
 Metaspace       used 47222K, capacity 47826K, committed 48128K, reserved 1091584K
  class space    used 6673K, capacity 6822K, committed 6912K, reserved 1048576K
Event: 18.009 GC heap after
Heap after GC invocations=131 (full 5):
 def new generation   total 20032K, used 1673K [0x00000000c0000000, 0x00000000c15b0000, 0x00000000d5550000)
  eden space 17856K,   0% used [0x00000000c0000000, 0x00000000c0000000, 0x00000000c1170000)
  from space 2176K,  76% used [0x00000000c1170000, 0x00000000c1312708, 0x00000000c1390000)
  to   space 2176K,   0% used [0x00000000c1390000, 0x00000000c1390000, 0x00000000c15b0000)
 tenured generation   total 44288K, used 43371K [0x00000000d5550000, 0x00000000d8090000, 0x0000000100000000)
   the space 44288K,  97% used [0x00000000d5550000, 0x00000000d7faaf90, 0x00000000d7fab000, 0x00000000d8090000)
 Metaspace       used 47222K, capacity 47826K, committed 48128K, reserved 1091584K
  class space    used 6673K, capacity 6822K, committed 6912K, reserved 1048576K
}
Event: 18.187 GC heap before
{Heap before GC invocations=131 (full 5):
 def new generation   total 20032K, used 19529K [0x00000000c0000000, 0x00000000c15b0000, 0x00000000d5550000)
  eden space 17856K, 100% used [0x00000000c0000000, 0x00000000c1170000, 0x00000000c1170000)
  from space 2176K,  76% used [0x00000000c1170000, 0x00000000c1312708, 0x00000000c1390000)
  to   space 2176K,   0% used [0x00000000c1390000, 0x00000000c1390000, 0x00000000c15b0000)
 tenured generation   total 44288K, used 43371K [0x00000000d5550000, 0x00000000d8090000, 0x0000000100000000)
   the space 44288K,  97% used [0x00000000d5550000, 0x00000000d7faaf90, 0x00000000d7fab000, 0x00000000d8090000)
 Metaspace       used 48502K, capacity 49054K, committed 49280K, reserved 1091584K
  class space    used 6860K, capacity 7016K, committed 7040K, reserved 1048576K
Event: 18.194 GC heap after
Heap after GC invocations=132 (full 5):
 def new generation   total 20032K, used 1870K [0x00000000c0000000, 0x00000000c15b0000, 0x00000000d5550000)
  eden space 17856K,   0% used [0x00000000c0000000, 0x00000000c0000000, 0x00000000c1170000)
  from space 2176K,  85% used [0x00000000c1390000, 0x00000000c15638e8, 0x00000000c15b0000)
  to   space 2176K,   0% used [0x00000000c1170000, 0x00000000c1170000, 0x00000000c1390000)
 tenured generation   total 44288K, used 44209K [0x00000000d5550000, 0x00000000d8090000, 0x0000000100000000)
   the space 44288K,  99% used [0x00000000d5550000, 0x00000000d807c4e0, 0x00000000d807c600, 0x00000000d8090000)
 Metaspace       used 48502K, capacity 49054K, committed 49280K, reserved 1091584K
  class space    used 6860K, capacity 7016K, committed 7040K, reserved 1048576K
}
Event: 18.353 GC heap before
{Heap before GC invocations=132 (full 5):
 def new generation   total 20032K, used 19726K [0x00000000c0000000, 0x00000000c15b0000, 0x00000000d5550000)
  eden space 17856K, 100% used [0x00000000c0000000, 0x00000000c1170000, 0x00000000c1170000)
  from space 2176K,  85% used [0x00000000c1390000, 0x00000000c15638e8, 0x00000000c15b0000)
  to   space 2176K,   0% used [0x00000000c1170000, 0x00000000c1170000, 0x00000000c1390000)
 tenured generation   total 44288K, used 44209K [0x00000000d5550000, 0x00000000d8090000, 0x0000000100000000)
   the space 44288K,  99% used [0x00000000d5550000, 0x00000000d807c4e0, 0x00000000d807c600, 0x00000000d8090000)
 Metaspace       used 49774K, capacity 50302K, committed 50560K, reserved 1093632K
  class space    used 7029K, capacity 7176K, committed 7296K, reserved 1048576K
Event: 18.421 GC heap after
Heap after GC invocations=133 (full 6):
 def new generation   total 33856K, used 1984K [0x00000000c0000000, 0x00000000c24b0000, 0x00000000d5550000)
  eden space 30144K,   6% used [0x00000000c0000000, 0x00000000c01f0260, 0x00000000c1d70000)
  from space 3712K,   0% used [0x00000000c1d70000, 0x00000000c1d70000, 0x00000000c2110000)
  to   space 3712K,   0% used [0x00000000c2110000, 0x00000000c2110000, 0x00000000c24b0000)
 tenured generation   total 75096K, used 45055K [0x00000000d5550000, 0x00000000d9ea6000, 0x0000000100000000)
   the space 75096K,  59% used [0x00000000d5550000, 0x00000000d814ffb0, 0x00000000d8150000, 0x00000000d9ea6000)
 Metaspace       used 49759K, capacity 50278K, committed 50560K, reserved 1093632K
  class space    used 7027K, capacity 7172K, committed 7296K, reserved 1048576K
}
Event: 18.562 GC heap before
{Heap before GC invocations=133 (full 6):
 def new generation   total 33856K, used 30144K [0x00000000c0000000, 0x00000000c24b0000, 0x00000000d5550000)
  eden space 30144K, 100% used [0x00000000c0000000, 0x00000000c1d70000, 0x00000000c1d70000)
  from space 3712K,   0% used [0x00000000c1d70000, 0x00000000c1d70000, 0x00000000c2110000)
  to   space 3712K,   0% used [0x00000000c2110000, 0x00000000c2110000, 0x00000000c24b0000)
 tenured generation   total 75096K, used 45055K [0x00000000d5550000, 0x00000000d9ea6000, 0x0000000100000000)
   the space 75096K,  59% used [0x00000000d5550000, 0x00000000d814ffb0, 0x00000000d8150000, 0x00000000d9ea6000)
 Metaspace       used 50775K, capacity 51334K, committed 51456K, reserved 1093632K
  class space    used 7249K, capacity 7396K, committed 7424K, reserved 1048576K
Event: 18.574 GC heap after
Heap after GC invocations=134 (full 6):
 def new generation   total 33856K, used 1855K [0x00000000c0000000, 0x00000000c24b0000, 0x00000000d5550000)
  eden space 30144K,   0% used [0x00000000c0000000, 0x00000000c0000000, 0x00000000c1d70000)
  from space 3712K,  49% used [0x00000000c2110000, 0x00000000c22dfea0, 0x00000000c24b0000)
  to   space 3712K,   0% used [0x00000000c1d70000, 0x00000000c1d70000, 0x00000000c2110000)
 tenured generation   total 75096K, used 45055K [0x00000000d5550000, 0x00000000d9ea6000, 0x0000000100000000)
   the space 75096K,  59% used [0x00000000d5550000, 0x00000000d814ffb0, 0x00000000d8150000, 0x00000000d9ea6000)
 Metaspace       used 50775K, capacity 51334K, committed 51456K, reserved 1093632K
  class space    used 7249K, capacity 7396K, committed 7424K, reserved 1048576K
}
Event: 18.720 GC heap before
{Heap before GC invocations=134 (full 6):
 def new generation   total 33856K, used 31999K [0x00000000c0000000, 0x00000000c24b0000, 0x00000000d5550000)
  eden space 30144K, 100% used [0x00000000c0000000, 0x00000000c1d70000, 0x00000000c1d70000)
  from space 3712K,  49% used [0x00000000c2110000, 0x00000000c22dfea0, 0x00000000c24b0000)
  to   space 3712K,   0% used [0x00000000c1d70000, 0x00000000c1d70000, 0x00000000c2110000)
 tenured generation   total 75096K, used 45055K [0x00000000d5550000, 0x00000000d9ea6000, 0x0000000100000000)
   the space 75096K,  59% used [0x00000000d5550000, 0x00000000d814ffb0, 0x00000000d8150000, 0x00000000d9ea6000)
 Metaspace       used 52076K, capacity 52644K, committed 52736K, reserved 1093632K
  class space    used 7511K, capacity 7657K, committed 7680K, reserved 1048576K
Event: 18.726 GC heap after
Heap after GC invocations=135 (full 6):
 def new generation   total 33856K, used 2354K [0x00000000c0000000, 0x00000000c24b0000, 0x00000000d5550000)
  eden space 30144K,   0% used [0x00000000c0000000, 0x00000000c0000000, 0x00000000c1d70000)
  from space 3712K,  63% used [0x00000000c1d70000, 0x00000000c1fbc930, 0x00000000c2110000)
  to   space 3712K,   0% used [0x00000000c2110000, 0x00000000c2110000, 0x00000000c24b0000)
 tenured generation   total 75096K, used 45055K [0x00000000d5550000, 0x00000000d9ea6000, 0x0000000100000000)
   the space 75096K,  59% used [0x00000000d5550000, 0x00000000d814ffb0, 0x00000000d8150000, 0x00000000d9ea6000)
 Metaspace       used 52076K, capacity 52644K, committed 52736K, reserved 1093632K
  class space    used 7511K, capacity 7657K, committed 7680K, reserved 1048576K
}
Event: 18.908 GC heap before
{Heap before GC invocations=135 (full 6):
 def new generation   total 33856K, used 32498K [0x00000000c0000000, 0x00000000c24b0000, 0x00000000d5550000)
  eden space 30144K, 100% used [0x00000000c0000000, 0x00000000c1d70000, 0x00000000c1d70000)
  from space 3712K,  63% used [0x00000000c1d70000, 0x00000000c1fbc930, 0x00000000c2110000)
  to   space 3712K,   0% used [0x00000000c2110000, 0x00000000c2110000, 0x00000000c24b0000)
 tenured generation   total 75096K, used 45055K [0x00000000d5550000, 0x00000000d9ea6000, 0x0000000100000000)
   the space 75096K,  59% used [0x00000000d5550000, 0x00000000d814ffb0, 0x00000000d8150000, 0x00000000d9ea6000)
 Metaspace       used 54203K, capacity 54788K, committed 55168K, reserved 1095680K
  class space    used 7786K, capacity 7945K, committed 8064K, reserved 1048576K
Event: 18.914 GC heap after
Heap after GC invocations=136 (full 6):
 def new generation   total 33856K, used 2182K [0x00000000c0000000, 0x00000000c24b0000, 0x00000000d5550000)
  eden space 30144K,   0% used [0x00000000c0000000, 0x00000000c0000000, 0x00000000c1d70000)
  from space 3712K,  58% used [0x00000000c2110000, 0x00000000c2331a78, 0x00000000c24b0000)
  to   space 3712K,   0% used [0x00000000c1d70000, 0x00000000c1d70000, 0x00000000c2110000)
 tenured generation   total 75096K, used 46009K [0x00000000d5550000, 0x00000000d9ea6000, 0x0000000100000000)
   the space 75096K,  61% used [0x00000000d5550000, 0x00000000d823e578, 0x00000000d823e600, 0x00000000d9ea6000)
 Metaspace       used 54203K, capacity 54788K, committed 55168K, reserved 1095680K
  class space    used 7786K, capacity 7945K, committed 8064K, reserved 1048576K
}
Event: 19.074 GC heap before
{Heap before GC invocations=136 (full 6):
 def new generation   total 33856K, used 32326K [0x00000000c0000000, 0x00000000c24b0000, 0x00000000d5550000)
  eden space 30144K, 100% used [0x00000000c0000000, 0x00000000c1d70000, 0x00000000c1d70000)
  from space 3712K,  58% used [0x00000000c2110000, 0x00000000c2331a78, 0x00000000c24b0000)
  to   space 3712K,   0% used [0x00000000c1d70000, 0x00000000c1d70000, 0x00000000c2110000)
 tenured generation   total 75096K, used 46009K [0x00000000d5550000, 0x00000000d9ea6000, 0x0000000100000000)
   the space 75096K,  61% used [0x00000000d5550000, 0x00000000d823e578, 0x00000000d823e600, 0x00000000d9ea6000)
 Metaspace       used 56606K, capacity 57188K, committed 57472K, reserved 1097728K
  class space    used 8149K, capacity 8297K, committed 8320K, reserved 1048576K
Event: 19.080 GC heap after
Heap after GC invocations=137 (full 6):
 def new generation   total 33856K, used 2262K [0x00000000c0000000, 0x00000000c24b0000, 0x00000000d5550000)
  eden space 30144K,   0% used [0x00000000c0000000, 0x00000000c0000000, 0x00000000c1d70000)
  from space 3712K,  60% used [0x00000000c1d70000, 0x00000000c1fa5a38, 0x00000000c2110000)
  to   space 3712K,   0% used [0x00000000c2110000, 0x00000000c2110000, 0x00000000c24b0000)
 tenured generation   total 75096K, used 46335K [0x00000000d5550000, 0x00000000d9ea6000, 0x0000000100000000)
   the space 75096K,  61% used [0x00000000d5550000, 0x00000000d828fe08, 0x00000000d8290000, 0x00000000d9ea6000)
 Metaspace       used 56606K, capacity 57188K, committed 57472K, reserved 1097728K
  class space    used 8149K, capacity 8297K, committed 8320K, reserved 1048576K
}
Event: 19.353 GC heap before
{Heap before GC invocations=137 (full 6):
 def new generation   total 33856K, used 32406K [0x00000000c0000000, 0x00000000c24b0000, 0x00000000d5550000)
  eden space 30144K, 100% used [0x00000000c0000000, 0x00000000c1d70000, 0x00000000c1d70000)
  from space 3712K,  60% used [0x00000000c1d70000, 0x00000000c1fa5a38, 0x00000000c2110000)
  to   space 3712K,   0% used [0x00000000c2110000, 0x00000000c2110000, 0x00000000c24b0000)
 tenured generation   total 75096K, used 46335K [0x00000000d5550000, 0x00000000d9ea6000, 0x0000000100000000)
   the space 75096K,  61% used [0x00000000d5550000, 0x00000000d828fe08, 0x00000000d8290000, 0x00000000d9ea6000)
 Metaspace       used 58326K, capacity 58940K, committed 59136K, reserved 1099776K
  class space    used 8535K, capacity 8685K, committed 8704K, reserved 1048576K
Event: 19.359 GC heap after
Heap after GC invocations=138 (full 6):
 def new generation   total 33856K, used 1432K [0x00000000c0000000, 0x00000000c24b0000, 0x00000000d5550000)
  eden space 30144K,   0% used [0x00000000c0000000, 0x00000000c0000000, 0x00000000c1d70000)
  from space 3712K,  38% used [0x00000000c2110000, 0x00000000c2276020, 0x00000000c24b0000)
  to   space 3712K,   0% used [0x00000000c1d70000, 0x00000000c1d70000, 0x00000000c2110000)
 tenured generation   total 75096K, used 47019K [0x00000000d5550000, 0x00000000d9ea6000, 0x0000000100000000)
   the space 75096K,  62% used [0x00000000d5550000, 0x00000000d833ada8, 0x00000000d833ae00, 0x00000000d9ea6000)
 Metaspace       used 58326K, capacity 58940K, committed 59136K, reserved 1099776K
  class space    used 8535K, capacity 8685K, committed 8704K, reserved 1048576K
}
Event: 19.857 GC heap before
{Heap before GC invocations=138 (full 6):
 def new generation   total 33856K, used 31576K [0x00000000c0000000, 0x00000000c24b0000, 0x00000000d5550000)
  eden space 30144K, 100% used [0x00000000c0000000, 0x00000000c1d70000, 0x00000000c1d70000)
  from space 3712K,  38% used [0x00000000c2110000, 0x00000000c2276020, 0x00000000c24b0000)
  to   space 3712K,   0% used [0x00000000c1d70000, 0x00000000c1d70000, 0x00000000c2110000)
 tenured generation   total 75096K, used 47019K [0x00000000d5550000, 0x00000000d9ea6000, 0x0000000100000000)
   the space 75096K,  62% used [0x00000000d5550000, 0x00000000d833ada8, 0x00000000d833ae00, 0x00000000d9ea6000)
 Metaspace       used 59964K, capacity 60514K, committed 60672K, reserved 1101824K
  class space    used 8768K, capacity 8910K, committed 8960K, reserved 1048576K
Event: 19.865 GC heap after
Heap after GC invocations=139 (full 6):
 def new generation   total 33856K, used 2286K [0x00000000c0000000, 0x00000000c24b0000, 0x00000000d5550000)
  eden space 30144K,   0% used [0x00000000c0000000, 0x00000000c0000000, 0x00000000c1d70000)
  from space 3712K,  61% used [0x00000000c1d70000, 0x00000000c1fab968, 0x00000000c2110000)
  to   space 3712K,   0% used [0x00000000c2110000, 0x00000000c2110000, 0x00000000c24b0000)
 tenured generation   total 75096K, used 47019K [0x00000000d5550000, 0x00000000d9ea6000, 0x0000000100000000)
   the space 75096K,  62% used [0x00000000d5550000, 0x00000000d833ada8, 0x00000000d833ae00, 0x00000000d9ea6000)
 Metaspace       used 59964K, capacity 60514K, committed 60672K, reserved 1101824K
  class space    used 8768K, capacity 8910K, committed 8960K, reserved 1048576K
}
Event: 20.364 GC heap before
{Heap before GC invocations=139 (full 6):
 def new generation   total 33856K, used 32430K [0x00000000c0000000, 0x00000000c24b0000, 0x00000000d5550000)
  eden space 30144K, 100% used [0x00000000c0000000, 0x00000000c1d70000, 0x00000000c1d70000)
  from space 3712K,  61% used [0x00000000c1d70000, 0x00000000c1fab968, 0x00000000c2110000)
  to   space 3712K,   0% used [0x00000000c2110000, 0x00000000c2110000, 0x00000000c24b0000)
 tenured generation   total 75096K, used 47019K [0x00000000d5550000, 0x00000000d9ea6000, 0x0000000100000000)
   the space 75096K,  62% used [0x00000000d5550000, 0x00000000d833ada8, 0x00000000d833ae00, 0x00000000d9ea6000)
 Metaspace       used 60898K, capacity 61474K, committed 61824K, reserved 1101824K
  class space    used 8903K, capacity 9038K, committed 9088K, reserved 1048576K
Event: 20.377 GC heap after
Heap after GC invocations=140 (full 6):
 def new generation   total 33856K, used 2960K [0x00000000c0000000, 0x00000000c24b0000, 0x00000000d5550000)
  eden space 30144K,   0% used [0x00000000c0000000, 0x00000000c0000000, 0x00000000c1d70000)
  from space 3712K,  79% used [0x00000000c2110000, 0x00000000c23f42b0, 0x00000000c24b0000)
  to   space 3712K,   0% used [0x00000000c1d70000, 0x00000000c1d70000, 0x00000000c2110000)
 tenured generation   total 75096K, used 48102K [0x00000000d5550000, 0x00000000d9ea6000, 0x0000000100000000)
   the space 75096K,  64% used [0x00000000d5550000, 0x00000000d8449be8, 0x00000000d8449c00, 0x00000000d9ea6000)
 Metaspace       used 60898K, capacity 61474K, committed 61824K, reserved 1101824K
  class space    used 8903K, capacity 9038K, committed 9088K, reserved 1048576K
}
Event: 21.008 GC heap before
{Heap before GC invocations=140 (full 6):
 def new generation   total 33856K, used 33104K [0x00000000c0000000, 0x00000000c24b0000, 0x00000000d5550000)
  eden space 30144K, 100% used [0x00000000c0000000, 0x00000000c1d70000, 0x00000000c1d70000)
  from space 3712K,  79% used [0x00000000c2110000, 0x00000000c23f42b0, 0x00000000c24b0000)
  to   space 3712K,   0% used [0x00000000c1d70000, 0x00000000c1d70000, 0x00000000c2110000)
 tenured generation   total 75096K, used 48102K [0x00000000d5550000, 0x00000000d9ea6000, 0x0000000100000000)
   the space 75096K,  64% used [0x00000000d5550000, 0x00000000d8449be8, 0x00000000d8449c00, 0x00000000d9ea6000)
 Metaspace       used 62009K, capacity 62568K, committed 62976K, reserved 1103872K
  class space    used 9015K, capacity 9167K, committed 9216K, reserved 1048576K
Event: 21.032 GC heap after
Heap after GC invocations=141 (full 6):
 def new generation   total 33856K, used 2137K [0x00000000c0000000, 0x00000000c24b0000, 0x00000000d5550000)
  eden space 30144K,   0% used [0x00000000c0000000, 0x00000000c0000000, 0x00000000c1d70000)
  from space 3712K,  57% used [0x00000000c1d70000, 0x00000000c1f867b8, 0x00000000c2110000)
  to   space 3712K,   0% used [0x00000000c2110000, 0x00000000c2110000, 0x00000000c24b0000)
 tenured generation   total 75096K, used 50146K [0x00000000d5550000, 0x00000000d9ea6000, 0x0000000100000000)
   the space 75096K,  66% used [0x00000000d5550000, 0x00000000d8648aa8, 0x00000000d8648c00, 0x00000000d9ea6000)
 Metaspace       used 62009K, capacity 62568K, committed 62976K, reserved 1103872K
  class space    used 9015K, capacity 9167K, committed 9216K, reserved 1048576K
}
Event: 21.617 GC heap before
{Heap before GC invocations=141 (full 6):
 def new generation   total 33856K, used 32281K [0x00000000c0000000, 0x00000000c24b0000, 0x00000000d5550000)
  eden space 30144K, 100% used [0x00000000c0000000, 0x00000000c1d70000, 0x00000000c1d70000)
  from space 3712K,  57% used [0x00000000c1d70000, 0x00000000c1f867b8, 0x00000000c2110000)
  to   space 3712K,   0% used [0x00000000c2110000, 0x00000000c2110000, 0x00000000c24b0000)
 tenured generation   total 75096K, used 50146K [0x00000000d5550000, 0x00000000d9ea6000, 0x0000000100000000)
   the space 75096K,  66% used [0x00000000d5550000, 0x00000000d8648aa8, 0x00000000d8648c00, 0x00000000d9ea6000)
 Metaspace       used 63203K, capacity 63784K, committed 64256K, reserved 1103872K
  class space    used 9190K, capacity 9359K, committed 9472K, reserved 1048576K
Event: 21.626 GC heap after
Heap after GC invocations=142 (full 6):
 def new generation   total 33856K, used 1541K [0x00000000c0000000, 0x00000000c24b0000, 0x00000000d5550000)
  eden space 30144K,   0% used [0x00000000c0000000, 0x00000000c0000000, 0x00000000c1d70000)
  from space 3712K,  41% used [0x00000000c2110000, 0x00000000c2291620, 0x00000000c24b0000)
  to   space 3712K,   0% used [0x00000000c1d70000, 0x00000000c1d70000, 0x00000000c2110000)
 tenured generation   total 75096K, used 51565K [0x00000000d5550000, 0x00000000d9ea6000, 0x0000000100000000)
   the space 75096K,  68% used [0x00000000d5550000, 0x00000000d87ab560, 0x00000000d87ab600, 0x00000000d9ea6000)
 Metaspace       used 63203K, capacity 63784K, committed 64256K, reserved 1103872K
  class space    used 9190K, capacity 9359K, committed 9472K, reserved 1048576K
}
Event: 21.824 GC heap before
{Heap before GC invocations=142 (full 6):
 def new generation   total 33856K, used 31685K [0x00000000c0000000, 0x00000000c24b0000, 0x00000000d5550000)
  eden space 30144K, 100% used [0x00000000c0000000, 0x00000000c1d70000, 0x00000000c1d70000)
  from space 3712K,  41% used [0x00000000c2110000, 0x00000000c2291620, 0x00000000c24b0000)
  to   space 3712K,   0% used [0x00000000c1d70000, 0x00000000c1d70000, 0x00000000c2110000)
 tenured generation   total 75096K, used 51565K [0x00000000d5550000, 0x00000000d9ea6000, 0x0000000100000000)
   the space 75096K,  68% used [0x00000000d5550000, 0x00000000d87ab560, 0x00000000d87ab600, 0x00000000d9ea6000)
 Metaspace       used 64621K, capacity 65160K, committed 65408K, reserved 1105920K
  class space    used 9434K, capacity 9583K, committed 9600K, reserved 1048576K
Event: 21.829 GC heap after
Heap after GC invocations=143 (full 6):
 def new generation   total 33856K, used 1789K [0x00000000c0000000, 0x00000000c24b0000, 0x00000000d5550000)
  eden space 30144K,   0% used [0x00000000c0000000, 0x00000000c0000000, 0x00000000c1d70000)
  from space 3712K,  48% used [0x00000000c1d70000, 0x00000000c1f2f758, 0x00000000c2110000)
  to   space 3712K,   0% used [0x00000000c2110000, 0x00000000c2110000, 0x00000000c24b0000)
 tenured generation   total 75096K, used 51565K [0x00000000d5550000, 0x00000000d9ea6000, 0x0000000100000000)
   the space 75096K,  68% used [0x00000000d5550000, 0x00000000d87ab560, 0x00000000d87ab600, 0x00000000d9ea6000)
 Metaspace       used 64621K, capacity 65160K, committed 65408K, reserved 1105920K
  class space    used 9434K, capacity 9583K, committed 9600K, reserved 1048576K
}
Event: 22.026 GC heap before
{Heap before GC invocations=143 (full 6):
 def new generation   total 33856K, used 31933K [0x00000000c0000000, 0x00000000c24b0000, 0x00000000d5550000)
  eden space 30144K, 100% used [0x00000000c0000000, 0x00000000c1d70000, 0x00000000c1d70000)
  from space 3712K,  48% used [0x00000000c1d70000, 0x00000000c1f2f758, 0x00000000c2110000)
  to   space 3712K,   0% used [0x00000000c2110000, 0x00000000c2110000, 0x00000000c24b0000)
 tenured generation   total 75096K, used 51565K [0x00000000d5550000, 0x00000000d9ea6000, 0x0000000100000000)
   the space 75096K,  68% used [0x00000000d5550000, 0x00000000d87ab560, 0x00000000d87ab600, 0x00000000d9ea6000)
 Metaspace       used 65937K, capacity 66536K, committed 66944K, reserved 1105920K
  class space    used 9663K, capacity 9807K, committed 9856K, reserved 1048576K
Event: 22.032 GC heap after
Heap after GC invocations=144 (full 6):
 def new generation   total 33856K, used 1872K [0x00000000c0000000, 0x00000000c24b0000, 0x00000000d5550000)
  eden space 30144K,   0% used [0x00000000c0000000, 0x00000000c0000000, 0x00000000c1d70000)
  from space 3712K,  50% used [0x00000000c2110000, 0x00000000c22e41e8, 0x00000000c24b0000)
  to   space 3712K,   0% used [0x00000000c1d70000, 0x00000000c1d70000, 0x00000000c2110000)
 tenured generation   total 75096K, used 51565K [0x00000000d5550000, 0x00000000d9ea6000, 0x0000000100000000)
   the space 75096K,  68% used [0x00000000d5550000, 0x00000000d87ab560, 0x00000000d87ab600, 0x00000000d9ea6000)
 Metaspace       used 65937K, capacity 66536K, committed 66944K, reserved 1105920K
  class space    used 9663K, capacity 9807K, committed 9856K, reserved 1048576K
}
Event: 22.201 GC heap before
{Heap before GC invocations=144 (full 6):
 def new generation   total 33856K, used 32016K [0x00000000c0000000, 0x00000000c24b0000, 0x00000000d5550000)
  eden space 30144K, 100% used [0x00000000c0000000, 0x00000000c1d70000, 0x00000000c1d70000)
  from space 3712K,  50% used [0x00000000c2110000, 0x00000000c22e41e8, 0x00000000c24b0000)
  to   space 3712K,   0% used [0x00000000c1d70000, 0x00000000c1d70000, 0x00000000c2110000)
 tenured generation   total 75096K, used 51565K [0x00000000d5550000, 0x00000000d9ea6000, 0x0000000100000000)
   the space 75096K,  68% used [0x00000000d5550000, 0x00000000d87ab560, 0x00000000d87ab600, 0x00000000d9ea6000)
 Metaspace       used 67354K, capacity 67944K, committed 68224K, reserved 1107968K
  class space    used 9902K, capacity 10063K, committed 10112K, reserved 1048576K
Event: 22.208 GC heap after
Heap after GC invocations=145 (full 6):
 def new generation   total 33856K, used 1883K [0x00000000c0000000, 0x00000000c24b0000, 0x00000000d5550000)
  eden space 30144K,   0% used [0x00000000c0000000, 0x00000000c0000000, 0x00000000c1d70000)
  from space 3712K,  50% used [0x00000000c1d70000, 0x00000000c1f46eb8, 0x00000000c2110000)
  to   space 3712K,   0% used [0x00000000c2110000, 0x00000000c2110000, 0x00000000c24b0000)
 tenured generation   total 75096K, used 51907K [0x00000000d5550000, 0x00000000d9ea6000, 0x0000000100000000)
   the space 75096K,  69% used [0x00000000d5550000, 0x00000000d8800dc8, 0x00000000d8800e00, 0x00000000d9ea6000)
 Metaspace       used 67354K, capacity 67944K, committed 68224K, reserved 1107968K
  class space    used 9902K, capacity 10063K, committed 10112K, reserved 1048576K
}
Event: 22.947 GC heap before
{Heap before GC invocations=145 (full 6):
 def new generation   total 33856K, used 32027K [0x00000000c0000000, 0x00000000c24b0000, 0x00000000d5550000)
  eden space 30144K, 100% used [0x00000000c0000000, 0x00000000c1d70000, 0x00000000c1d70000)
  from space 3712K,  50% used [0x00000000c1d70000, 0x00000000c1f46eb8, 0x00000000c2110000)
  to   space 3712K,   0% used [0x00000000c2110000, 0x00000000c2110000, 0x00000000c24b0000)
 tenured generation   total 75096K, used 51907K [0x00000000d5550000, 0x00000000d9ea6000, 0x0000000100000000)
   the space 75096K,  69% used [0x00000000d5550000, 0x00000000d8800dc8, 0x00000000d8800e00, 0x00000000d9ea6000)
 Metaspace       used 70164K, capacity 70804K, committed 71168K, reserved 1110016K
  class space    used 10242K, capacity 10418K, committed 10496K, reserved 1048576K
Event: 22.956 GC heap after
Heap after GC invocations=146 (full 6):
 def new generation   total 33856K, used 3043K [0x00000000c0000000, 0x00000000c24b0000, 0x00000000d5550000)
  eden space 30144K,   0% used [0x00000000c0000000, 0x00000000c0000000, 0x00000000c1d70000)
  from space 3712K,  81% used [0x00000000c2110000, 0x00000000c2408e48, 0x00000000c24b0000)
  to   space 3712K,   0% used [0x00000000c1d70000, 0x00000000c1d70000, 0x00000000c2110000)
 tenured generation   total 75096K, used 52037K [0x00000000d5550000, 0x00000000d9ea6000, 0x0000000100000000)
   the space 75096K,  69% used [0x00000000d5550000, 0x00000000d8821420, 0x00000000d8821600, 0x00000000d9ea6000)
 Metaspace       used 70164K, capacity 70804K, committed 71168K, reserved 1110016K
  class space    used 10242K, capacity 10418K, committed 10496K, reserved 1048576K
}
Event: 23.504 GC heap before
{Heap before GC invocations=146 (full 6):
 def new generation   total 33856K, used 33187K [0x00000000c0000000, 0x00000000c24b0000, 0x00000000d5550000)
  eden space 30144K, 100% used [0x00000000c0000000, 0x00000000c1d70000, 0x00000000c1d70000)
  from space 3712K,  81% used [0x00000000c2110000, 0x00000000c2408e48, 0x00000000c24b0000)
  to   space 3712K,   0% used [0x00000000c1d70000, 0x00000000c1d70000, 0x00000000c2110000)
 tenured generation   total 75096K, used 52037K [0x00000000d5550000, 0x00000000d9ea6000, 0x0000000100000000)
   the space 75096K,  69% used [0x00000000d5550000, 0x00000000d8821420, 0x00000000d8821600, 0x00000000d9ea6000)
 Metaspace       used 70981K, capacity 71654K, committed 71808K, reserved 1110016K
  class space    used 10352K, capacity 10527K, committed 10624K, reserved 1048576K
Event: 23.513 GC heap after
Heap after GC invocations=147 (full 6):
 def new generation   total 33856K, used 1223K [0x00000000c0000000, 0x00000000c24b0000, 0x00000000d5550000)
  eden space 30144K,   0% used [0x00000000c0000000, 0x00000000c0000000, 0x00000000c1d70000)
  from space 3712K,  32% used [0x00000000c1d70000, 0x00000000c1ea1fa0, 0x00000000c2110000)
  to   space 3712K,   0% used [0x00000000c2110000, 0x00000000c2110000, 0x00000000c24b0000)
 tenured generation   total 75096K, used 53250K [0x00000000d5550000, 0x00000000d9ea6000, 0x0000000100000000)
   the space 75096K,  70% used [0x00000000d5550000, 0x00000000d8950b90, 0x00000000d8950c00, 0x00000000d9ea6000)
 Metaspace       used 70981K, capacity 71654K, committed 71808K, reserved 1110016K
  class space    used 10352K, capacity 10527K, committed 10624K, reserved 1048576K
}
Event: 24.056 GC heap before
{Heap before GC invocations=147 (full 6):
 def new generation   total 33856K, used 31367K [0x00000000c0000000, 0x00000000c24b0000, 0x00000000d5550000)
  eden space 30144K, 100% used [0x00000000c0000000, 0x00000000c1d70000, 0x00000000c1d70000)
  from space 3712K,  32% used [0x00000000c1d70000, 0x00000000c1ea1fa0, 0x00000000c2110000)
  to   space 3712K,   0% used [0x00000000c2110000, 0x00000000c2110000, 0x00000000c24b0000)
 tenured generation   total 75096K, used 53250K [0x00000000d5550000, 0x00000000d9ea6000, 0x0000000100000000)
   the space 75096K,  70% used [0x00000000d5550000, 0x00000000d8950b90, 0x00000000d8950c00, 0x00000000d9ea6000)
 Metaspace       used 72983K, capacity 73662K, committed 73856K, reserved 1112064K
  class space    used 10611K, capacity 10787K, committed 10880K, reserved 1048576K
Event: 24.067 GC heap after
Heap after GC invocations=148 (full 6):
 def new generation   total 33856K, used 3347K [0x00000000c0000000, 0x00000000c24b0000, 0x00000000d5550000)
  eden space 30144K,   0% used [0x00000000c0000000, 0x00000000c0000000, 0x00000000c1d70000)
  from space 3712K,  90% used [0x00000000c2110000, 0x00000000c2454f68, 0x00000000c24b0000)
  to   space 3712K,   0% used [0x00000000c1d70000, 0x00000000c1d70000, 0x00000000c2110000)
 tenured generation   total 75096K, used 53250K [0x00000000d5550000, 0x00000000d9ea6000, 0x0000000100000000)
   the space 75096K,  70% used [0x00000000d5550000, 0x00000000d8950b90, 0x00000000d8950c00, 0x00000000d9ea6000)
 Metaspace       used 72983K, capacity 73662K, committed 73856K, reserved 1112064K
  class space    used 10611K, capacity 10787K, committed 10880K, reserved 1048576K
}
Event: 24.411 GC heap before
{Heap before GC invocations=148 (full 6):
 def new generation   total 33856K, used 33491K [0x00000000c0000000, 0x00000000c24b0000, 0x00000000d5550000)
  eden space 30144K, 100% used [0x00000000c0000000, 0x00000000c1d70000, 0x00000000c1d70000)
  from space 3712K,  90% used [0x00000000c2110000, 0x00000000c2454f68, 0x00000000c24b0000)
  to   space 3712K,   0% used [0x00000000c1d70000, 0x00000000c1d70000, 0x00000000c2110000)
 tenured generation   total 75096K, used 53250K [0x00000000d5550000, 0x00000000d9ea6000, 0x0000000100000000)
   the space 75096K,  70% used [0x00000000d5550000, 0x00000000d8950b90, 0x00000000d8950c00, 0x00000000d9ea6000)
 Metaspace       used 73763K, capacity 74462K, committed 74752K, reserved 1114112K
  class space    used 10788K, capacity 10947K, committed 11008K, reserved 1048576K
Event: 24.420 GC heap after
Heap after GC invocations=149 (full 6):
 def new generation   total 33856K, used 1014K [0x00000000c0000000, 0x00000000c24b0000, 0x00000000d5550000)
  eden space 30144K,   0% used [0x00000000c0000000, 0x00000000c0000000, 0x00000000c1d70000)
  from space 3712K,  27% used [0x00000000c1d70000, 0x00000000c1e6da78, 0x00000000c2110000)
  to   space 3712K,   0% used [0x00000000c2110000, 0x00000000c2110000, 0x00000000c24b0000)
 tenured generation   total 75096K, used 55122K [0x00000000d5550000, 0x00000000d9ea6000, 0x0000000100000000)
   the space 75096K,  73% used [0x00000000d5550000, 0x00000000d8b248c0, 0x00000000d8b24a00, 0x00000000d9ea6000)
 Metaspace       used 73763K, capacity 74462K, committed 74752K, reserved 1114112K
  class space    used 10788K, capacity 10947K, committed 11008K, reserved 1048576K
}
Event: 24.925 GC heap before
{Heap before GC invocations=149 (full 6):
 def new generation   total 33856K, used 31158K [0x00000000c0000000, 0x00000000c24b0000, 0x00000000d5550000)
  eden space 30144K, 100% used [0x00000000c0000000, 0x00000000c1d70000, 0x00000000c1d70000)
  from space 3712K,  27% used [0x00000000c1d70000, 0x00000000c1e6da78, 0x00000000c2110000)
  to   space 3712K,   0% used [0x00000000c2110000, 0x00000000c2110000, 0x00000000c24b0000)
 tenured generation   total 75096K, used 55122K [0x00000000d5550000, 0x00000000d9ea6000, 0x0000000100000000)
   the space 75096K,  73% used [0x00000000d5550000, 0x00000000d8b248c0, 0x00000000d8b24a00, 0x00000000d9ea6000)
 Metaspace       used 74556K, capacity 75254K, committed 75392K, reserved 1114112K
  class space    used 10921K, capacity 11081K, committed 11136K, reserved 1048576K
Event: 24.931 GC heap after
Heap after GC invocations=150 (full 6):
 def new generation   total 33856K, used 1168K [0x00000000c0000000, 0x00000000c24b0000, 0x00000000d5550000)
  eden space 30144K,   0% used [0x00000000c0000000, 0x00000000c0000000, 0x00000000c1d70000)
  from space 3712K,  31% used [0x00000000c2110000, 0x00000000c22341d8, 0x00000000c24b0000)
  to   space 3712K,   0% used [0x00000000c1d70000, 0x00000000c1d70000, 0x00000000c2110000)
 tenured generation   total 75096K, used 55122K [0x00000000d5550000, 0x00000000d9ea6000, 0x0000000100000000)
   the space 75096K,  73% used [0x00000000d5550000, 0x00000000d8b248c0, 0x00000000d8b24a00, 0x00000000d9ea6000)
 Metaspace       used 74556K, capacity 75254K, committed 75392K, reserved 1114112K
  class space    used 10921K, capacity 11081K, committed 11136K, reserved 1048576K
}
Event: 25.449 GC heap before
{Heap before GC invocations=150 (full 6):
 def new generation   total 33856K, used 31312K [0x00000000c0000000, 0x00000000c24b0000, 0x00000000d5550000)
  eden space 30144K, 100% used [0x00000000c0000000, 0x00000000c1d70000, 0x00000000c1d70000)
  from space 3712K,  31% used [0x00000000c2110000, 0x00000000c22341d8, 0x00000000c24b0000)
  to   space 3712K,   0% used [0x00000000c1d70000, 0x00000000c1d70000, 0x00000000c2110000)
 tenured generation   total 75096K, used 55122K [0x00000000d5550000, 0x00000000d9ea6000, 0x0000000100000000)
   the space 75096K,  73% used [0x00000000d5550000, 0x00000000d8b248c0, 0x00000000d8b24a00, 0x00000000d9ea6000)
 Metaspace       used 75281K, capacity 76052K, committed 76288K, reserved 1114112K
  class space    used 11057K, capacity 11235K, committed 11264K, reserved 1048576K
Event: 25.457 GC heap after
Heap after GC invocations=151 (full 6):
 def new generation   total 33856K, used 1766K [0x00000000c0000000, 0x00000000c24b0000, 0x00000000d5550000)
  eden space 30144K,   0% used [0x00000000c0000000, 0x00000000c0000000, 0x00000000c1d70000)
  from space 3712K,  47% used [0x00000000c1d70000, 0x00000000c1f29a38, 0x00000000c2110000)
  to   space 3712K,   0% used [0x00000000c2110000, 0x00000000c2110000, 0x00000000c24b0000)
 tenured generation   total 75096K, used 55122K [0x00000000d5550000, 0x00000000d9ea6000, 0x0000000100000000)
   the space 75096K,  73% used [0x00000000d5550000, 0x00000000d8b248c0, 0x00000000d8b24a00, 0x00000000d9ea6000)
 Metaspace       used 75281K, capacity 76052K, committed 76288K, reserved 1114112K
  class space    used 11057K, capacity 11235K, committed 11264K, reserved 1048576K
}
Event: 26.025 GC heap before
{Heap before GC invocations=151 (full 6):
 def new generation   total 33856K, used 31910K [0x00000000c0000000, 0x00000000c24b0000, 0x00000000d5550000)
  eden space 30144K, 100% used [0x00000000c0000000, 0x00000000c1d70000, 0x00000000c1d70000)
  from space 3712K,  47% used [0x00000000c1d70000, 0x00000000c1f29a38, 0x00000000c2110000)
  to   space 3712K,   0% used [0x00000000c2110000, 0x00000000c2110000, 0x00000000c24b0000)
 tenured generation   total 75096K, used 55122K [0x00000000d5550000, 0x00000000d9ea6000, 0x0000000100000000)
   the space 75096K,  73% used [0x00000000d5550000, 0x00000000d8b248c0, 0x00000000d8b24a00, 0x00000000d9ea6000)
 Metaspace       used 76236K, capacity 77036K, committed 77312K, reserved 1116160K
  class space    used 11206K, capacity 11405K, committed 11520K, reserved 1048576K
Event: 26.032 GC heap after
Heap after GC invocations=152 (full 6):
 def new generation   total 33856K, used 1889K [0x00000000c0000000, 0x00000000c24b0000, 0x00000000d5550000)
  eden space 30144K,   0% used [0x00000000c0000000, 0x00000000c0000000, 0x00000000c1d70000)
  from space 3712K,  50% used [0x00000000c2110000, 0x00000000c22e8508, 0x00000000c24b0000)
  to   space 3712K,   0% used [0x00000000c1d70000, 0x00000000c1d70000, 0x00000000c2110000)
 tenured generation   total 75096K, used 55122K [0x00000000d5550000, 0x00000000d9ea6000, 0x0000000100000000)
   the space 75096K,  73% used [0x00000000d5550000, 0x00000000d8b248c0, 0x00000000d8b24a00, 0x00000000d9ea6000)
 Metaspace       used 76236K, capacity 77036K, committed 77312K, reserved 1116160K
  class space    used 11206K, capacity 11405K, committed 11520K, reserved 1048576K
}
Event: 26.671 GC heap before
{Heap before GC invocations=152 (full 6):
 def new generation   total 33856K, used 32033K [0x00000000c0000000, 0x00000000c24b0000, 0x00000000d5550000)
  eden space 30144K, 100% used [0x00000000c0000000, 0x00000000c1d70000, 0x00000000c1d70000)
  from space 3712K,  50% used [0x00000000c2110000, 0x00000000c22e8508, 0x00000000c24b0000)
  to   space 3712K,   0% used [0x00000000c1d70000, 0x00000000c1d70000, 0x00000000c2110000)
 tenured generation   total 75096K, used 55122K [0x00000000d5550000, 0x00000000d9ea6000, 0x0000000100000000)
   the space 75096K,  73% used [0x00000000d5550000, 0x00000000d8b248c0, 0x00000000d8b24a00, 0x00000000d9ea6000)
 Metaspace       used 76899K, capacity 77662K, committed 77824K, reserved 1116160K
  class space    used 11313K, capacity 11505K, committed 11520K, reserved 1048576K
Event: 26.693 GC heap after
Heap after GC invocations=153 (full 6):
 def new generation   total 33856K, used 2135K [0x00000000c0000000, 0x00000000c24b0000, 0x00000000d5550000)
  eden space 30144K,   0% used [0x00000000c0000000, 0x00000000c0000000, 0x00000000c1d70000)
  from space 3712K,  57% used [0x00000000c1d70000, 0x00000000c1f85f08, 0x00000000c2110000)
  to   space 3712K,   0% used [0x00000000c2110000, 0x00000000c2110000, 0x00000000c24b0000)
 tenured generation   total 75096K, used 55419K [0x00000000d5550000, 0x00000000d9ea6000, 0x0000000100000000)
   the space 75096K,  73% used [0x00000000d5550000, 0x00000000d8b6ef40, 0x00000000d8b6f000, 0x00000000d9ea6000)
 Metaspace       used 76899K, capacity 77662K, committed 77824K, reserved 1116160K
  class space    used 11313K, capacity 11505K, committed 11520K, reserved 1048576K
}
Event: 27.150 GC heap before
{Heap before GC invocations=153 (full 6):
 def new generation   total 33856K, used 30596K [0x00000000c0000000, 0x00000000c24b0000, 0x00000000d5550000)
  eden space 30144K,  94% used [0x00000000c0000000, 0x00000000c1bcb4a8, 0x00000000c1d70000)
  from space 3712K,  57% used [0x00000000c1d70000, 0x00000000c1f85f08, 0x00000000c2110000)
  to   space 3712K,   0% used [0x00000000c2110000, 0x00000000c2110000, 0x00000000c24b0000)
 tenured generation   total 75096K, used 55419K [0x00000000d5550000, 0x00000000d9ea6000, 0x0000000100000000)
   the space 75096K,  73% used [0x00000000d5550000, 0x00000000d8b6ef40, 0x00000000d8b6f000, 0x00000000d9ea6000)
 Metaspace       used 77324K, capacity 78224K, committed 78464K, reserved 1116160K
  class space    used 11369K, capacity 11572K, committed 11648K, reserved 1048576K
Event: 27.161 GC heap after
Heap after GC invocations=154 (full 6):
 def new generation   total 33856K, used 2489K [0x00000000c0000000, 0x00000000c24b0000, 0x00000000d5550000)
  eden space 30144K,   0% used [0x00000000c0000000, 0x00000000c0000000, 0x00000000c1d70000)
  from space 3712K,  67% used [0x00000000c2110000, 0x00000000c237e538, 0x00000000c24b0000)
  to   space 3712K,   0% used [0x00000000c1d70000, 0x00000000c1d70000, 0x00000000c2110000)
 tenured generation   total 75096K, used 56102K [0x00000000d5550000, 0x00000000d9ea6000, 0x0000000100000000)
   the space 75096K,  74% used [0x00000000d5550000, 0x00000000d8c19af0, 0x00000000d8c19c00, 0x00000000d9ea6000)
 Metaspace       used 77324K, capacity 78224K, committed 78464K, reserved 1116160K
  class space    used 11369K, capacity 11572K, committed 11648K, reserved 1048576K
}
Event: 27.469 GC heap before
{Heap before GC invocations=154 (full 6):
 def new generation   total 33856K, used 30807K [0x00000000c0000000, 0x00000000c24b0000, 0x00000000d5550000)
  eden space 30144K,  93% used [0x00000000c0000000, 0x00000000c1ba77d0, 0x00000000c1d70000)
  from space 3712K,  67% used [0x00000000c2110000, 0x00000000c237e538, 0x00000000c24b0000)
  to   space 3712K,   0% used [0x00000000c1d70000, 0x00000000c1d70000, 0x00000000c2110000)
 tenured generation   total 75096K, used 56102K [0x00000000d5550000, 0x00000000d9ea6000, 0x0000000100000000)
   the space 75096K,  74% used [0x00000000d5550000, 0x00000000d8c19af0, 0x00000000d8c19c00, 0x00000000d9ea6000)
 Metaspace       used 77422K, capacity 78320K, committed 78464K, reserved 1116160K
  class space    used 11381K, capacity 11581K, committed 11648K, reserved 1048576K
Event: 27.478 GC heap after
Heap after GC invocations=155 (full 6):
 def new generation   total 33856K, used 1295K [0x00000000c0000000, 0x00000000c24b0000, 0x00000000d5550000)
  eden space 30144K,   0% used [0x00000000c0000000, 0x00000000c0000000, 0x00000000c1d70000)
  from space 3712K,  34% used [0x00000000c1d70000, 0x00000000c1eb3fd8, 0x00000000c2110000)
  to   space 3712K,   0% used [0x00000000c2110000, 0x00000000c2110000, 0x00000000c24b0000)
 tenured generation   total 75096K, used 57035K [0x00000000d5550000, 0x00000000d9ea6000, 0x0000000100000000)
   the space 75096K,  75% used [0x00000000d5550000, 0x00000000d8d02ce8, 0x00000000d8d02e00, 0x00000000d9ea6000)
 Metaspace       used 77422K, capacity 78320K, committed 78464K, reserved 1116160K
  class space    used 11381K, capacity 11581K, committed 11648K, reserved 1048576K
}
Event: 27.713 GC heap before
{Heap before GC invocations=155 (full 6):
 def new generation   total 33856K, used 20782K [0x00000000c0000000, 0x00000000c24b0000, 0x00000000d5550000)
  eden space 30144K,  64% used [0x00000000c0000000, 0x00000000c1307bd0, 0x00000000c1d70000)
  from space 3712K,  34% used [0x00000000c1d70000, 0x00000000c1eb3fd8, 0x00000000c2110000)
  to   space 3712K,   0% used [0x00000000c2110000, 0x00000000c2110000, 0x00000000c24b0000)
 tenured generation   total 75096K, used 57035K [0x00000000d5550000, 0x00000000d9ea6000, 0x0000000100000000)
   the space 75096K,  75% used [0x00000000d5550000, 0x00000000d8d02ce8, 0x00000000d8d02e00, 0x00000000d9ea6000)
 Metaspace       used 77524K, capacity 78506K, committed 78720K, reserved 1116160K
  class space    used 11393K, capacity 11616K, committed 11648K, reserved 1048576K
Event: 27.720 GC heap after
Heap after GC invocations=156 (full 6):
 def new generation   total 33856K, used 1775K [0x00000000c0000000, 0x00000000c24b0000, 0x00000000d5550000)
  eden space 30144K,   0% used [0x00000000c0000000, 0x00000000c0000000, 0x00000000c1d70000)
  from space 3712K,  47% used [0x00000000c2110000, 0x00000000c22cbf08, 0x00000000c24b0000)
  to   space 3712K,   0% used [0x00000000c1d70000, 0x00000000c1d70000, 0x00000000c2110000)
 tenured generation   total 75096K, used 57035K [0x00000000d5550000, 0x00000000d9ea6000, 0x0000000100000000)
   the space 75096K,  75% used [0x00000000d5550000, 0x00000000d8d02ce8, 0x00000000d8d02e00, 0x00000000d9ea6000)
 Metaspace       used 77524K, capacity 78506K, committed 78720K, reserved 1116160K
  class space    used 11393K, capacity 11616K, committed 11648K, reserved 1048576K
}
Event: 27.876 GC heap before
{Heap before GC invocations=156 (full 6):
 def new generation   total 33856K, used 31912K [0x00000000c0000000, 0x00000000c24b0000, 0x00000000d5550000)
  eden space 30144K,  99% used [0x00000000c0000000, 0x00000000c1d6e168, 0x00000000c1d70000)
  from space 3712K,  47% used [0x00000000c2110000, 0x00000000c22cbf08, 0x00000000c24b0000)
  to   space 3712K,   0% used [0x00000000c1d70000, 0x00000000c1d70000, 0x00000000c2110000)
 tenured generation   total 75096K, used 57035K [0x00000000d5550000, 0x00000000d9ea6000, 0x0000000100000000)
   the space 75096K,  75% used [0x00000000d5550000, 0x00000000d8d02ce8, 0x00000000d8d02e00, 0x00000000d9ea6000)
 Metaspace       used 77634K, capacity 78612K, committed 78720K, reserved 1116160K
  class space    used 11399K, capacity 11623K, committed 11648K, reserved 1048576K
Event: 27.883 GC heap after
Heap after GC invocations=157 (full 6):
 def new generation   total 33856K, used 1322K [0x00000000c0000000, 0x00000000c24b0000, 0x00000000d5550000)
  eden space 30144K,   0% used [0x00000000c0000000, 0x00000000c0000000, 0x00000000c1d70000)
  from space 3712K,  35% used [0x00000000c1d70000, 0x00000000c1eba960, 0x00000000c2110000)
  to   space 3712K,   0% used [0x00000000c2110000, 0x00000000c2110000, 0x00000000c24b0000)
 tenured generation   total 75096K, used 57035K [0x00000000d5550000, 0x00000000d9ea6000, 0x0000000100000000)
   the space 75096K,  75% used [0x00000000d5550000, 0x00000000d8d02ce8, 0x00000000d8d02e00, 0x00000000d9ea6000)
 Metaspace       used 77634K, capacity 78612K, committed 78720K, reserved 1116160K
  class space    used 11399K, capacity 11623K, committed 11648K, reserved 1048576K
}
Event: 28.224 GC heap before
{Heap before GC invocations=157 (full 6):
 def new generation   total 33856K, used 31466K [0x00000000c0000000, 0x00000000c24b0000, 0x00000000d5550000)
  eden space 30144K, 100% used [0x00000000c0000000, 0x00000000c1d70000, 0x00000000c1d70000)
  from space 3712K,  35% used [0x00000000c1d70000, 0x00000000c1eba960, 0x00000000c2110000)
  to   space 3712K,   0% used [0x00000000c2110000, 0x00000000c2110000, 0x00000000c24b0000)
 tenured generation   total 75096K, used 57035K [0x00000000d5550000, 0x00000000d9ea6000, 0x0000000100000000)
   the space 75096K,  75% used [0x00000000d5550000, 0x00000000d8d02ce8, 0x00000000d8d02e00, 0x00000000d9ea6000)
 Metaspace       used 77735K, capacity 78760K, committed 78976K, reserved 1116160K
  class space    used 11406K, capacity 11637K, committed 11648K, reserved 1048576K
Event: 28.232 GC heap after
Heap after GC invocations=158 (full 6):
 def new generation   total 33856K, used 1780K [0x00000000c0000000, 0x00000000c24b0000, 0x00000000d5550000)
  eden space 30144K,   0% used [0x00000000c0000000, 0x00000000c0000000, 0x00000000c1d70000)
  from space 3712K,  47% used [0x00000000c2110000, 0x00000000c22cd3f0, 0x00000000c24b0000)
  to   space 3712K,   0% used [0x00000000c1d70000, 0x00000000c1d70000, 0x00000000c2110000)
 tenured generation   total 75096K, used 57035K [0x00000000d5550000, 0x00000000d9ea6000, 0x0000000100000000)
   the space 75096K,  75% used [0x00000000d5550000, 0x00000000d8d02ce8, 0x00000000d8d02e00, 0x00000000d9ea6000)
 Metaspace       used 77735K, capacity 78760K, committed 78976K, reserved 1116160K
  class space    used 11406K, capacity 11637K, committed 11648K, reserved 1048576K
}
Event: 28.611 GC heap before
{Heap before GC invocations=158 (full 6):
 def new generation   total 33856K, used 31924K [0x00000000c0000000, 0x00000000c24b0000, 0x00000000d5550000)
  eden space 30144K, 100% used [0x00000000c0000000, 0x00000000c1d70000, 0x00000000c1d70000)
  from space 3712K,  47% used [0x00000000c2110000, 0x00000000c22cd3f0, 0x00000000c24b0000)
  to   space 3712K,   0% used [0x00000000c1d70000, 0x00000000c1d70000, 0x00000000c2110000)
 tenured generation   total 75096K, used 57035K [0x00000000d5550000, 0x00000000d9ea6000, 0x0000000100000000)
   the space 75096K,  75% used [0x00000000d5550000, 0x00000000d8d02ce8, 0x00000000d8d02e00, 0x00000000d9ea6000)
 Metaspace       used 77840K, capacity 78892K, committed 78976K, reserved 1116160K
  class space    used 11406K, capacity 11637K, committed 11648K, reserved 1048576K
Event: 28.619 GC heap after
Heap after GC invocations=159 (full 6):
 def new generation   total 33856K, used 1523K [0x00000000c0000000, 0x00000000c24b0000, 0x00000000d5550000)
  eden space 30144K,   0% used [0x00000000c0000000, 0x00000000c0000000, 0x00000000c1d70000)
  from space 3712K,  41% used [0x00000000c1d70000, 0x00000000c1eecd90, 0x00000000c2110000)
  to   space 3712K,   0% used [0x00000000c2110000, 0x00000000c2110000, 0x00000000c24b0000)
 tenured generation   total 75096K, used 57035K [0x00000000d5550000, 0x00000000d9ea6000, 0x0000000100000000)
   the space 75096K,  75% used [0x00000000d5550000, 0x00000000d8d02ce8, 0x00000000d8d02e00, 0x00000000d9ea6000)
 Metaspace       used 77840K, capacity 78892K, committed 78976K, reserved 1116160K
  class space    used 11406K, capacity 11637K, committed 11648K, reserved 1048576K
}
Event: 28.972 GC heap before
{Heap before GC invocations=159 (full 6):
 def new generation   total 33856K, used 31667K [0x00000000c0000000, 0x00000000c24b0000, 0x00000000d5550000)
  eden space 30144K, 100% used [0x00000000c0000000, 0x00000000c1d70000, 0x00000000c1d70000)
  from space 3712K,  41% used [0x00000000c1d70000, 0x00000000c1eecd90, 0x00000000c2110000)
  to   space 3712K,   0% used [0x00000000c2110000, 0x00000000c2110000, 0x00000000c24b0000)
 tenured generation   total 75096K, used 57035K [0x00000000d5550000, 0x00000000d9ea6000, 0x0000000100000000)
   the space 75096K,  75% used [0x00000000d5550000, 0x00000000d8d02ce8, 0x00000000d8d02e00, 0x00000000d9ea6000)
 Metaspace       used 77962K, capacity 79020K, committed 79232K, reserved 1116160K
  class space    used 11406K, capacity 11637K, committed 11648K, reserved 1048576K
Event: 28.980 GC heap after
Heap after GC invocations=160 (full 6):
 def new generation   total 33856K, used 1613K [0x00000000c0000000, 0x00000000c24b0000, 0x00000000d5550000)
  eden space 30144K,   0% used [0x00000000c0000000, 0x00000000c0000000, 0x00000000c1d70000)
  from space 3712K,  43% used [0x00000000c2110000, 0x00000000c22a3638, 0x00000000c24b0000)
  to   space 3712K,   0% used [0x00000000c1d70000, 0x00000000c1d70000, 0x00000000c2110000)
 tenured generation   total 75096K, used 57035K [0x00000000d5550000, 0x00000000d9ea6000, 0x0000000100000000)
   the space 75096K,  75% used [0x00000000d5550000, 0x00000000d8d02ce8, 0x00000000d8d02e00, 0x00000000d9ea6000)
 Metaspace       used 77962K, capacity 79020K, committed 79232K, reserved 1116160K
  class space    used 11406K, capacity 11637K, committed 11648K, reserved 1048576K
}
Event: 29.407 GC heap before
{Heap before GC invocations=160 (full 6):
 def new generation   total 33856K, used 31757K [0x00000000c0000000, 0x00000000c24b0000, 0x00000000d5550000)
  eden space 30144K, 100% used [0x00000000c0000000, 0x00000000c1d70000, 0x00000000c1d70000)
  from space 3712K,  43% used [0x00000000c2110000, 0x00000000c22a3638, 0x00000000c24b0000)
  to   space 3712K,   0% used [0x00000000c1d70000, 0x00000000c1d70000, 0x00000000c2110000)
 tenured generation   total 75096K, used 57035K [0x00000000d5550000, 0x00000000d9ea6000, 0x0000000100000000)
   the space 75096K,  75% used [0x00000000d5550000, 0x00000000d8d02ce8, 0x00000000d8d02e00, 0x00000000d9ea6000)
 Metaspace       used 78056K, capacity 79084K, committed 79232K, reserved 1116160K
  class space    used 11408K, capacity 11637K, committed 11648K, reserved 1048576K
Event: 29.415 GC heap after
Heap after GC invocations=161 (full 6):
 def new generation   total 33856K, used 1623K [0x00000000c0000000, 0x00000000c24b0000, 0x00000000d5550000)
  eden space 30144K,   0% used [0x00000000c0000000, 0x00000000c0000000, 0x00000000c1d70000)
  from space 3712K,  43% used [0x00000000c1d70000, 0x00000000c1f05df8, 0x00000000c2110000)
  to   space 3712K,   0% used [0x00000000c2110000, 0x00000000c2110000, 0x00000000c24b0000)
 tenured generation   total 75096K, used 57035K [0x00000000d5550000, 0x00000000d9ea6000, 0x0000000100000000)
   the space 75096K,  75% used [0x00000000d5550000, 0x00000000d8d02ce8, 0x00000000d8d02e00, 0x00000000d9ea6000)
 Metaspace       used 78056K, capacity 79084K, committed 79232K, reserved 1116160K
  class space    used 11408K, capacity 11637K, committed 11648K, reserved 1048576K
}
Event: 29.764 GC heap before
{Heap before GC invocations=161 (full 6):
 def new generation   total 33856K, used 31767K [0x00000000c0000000, 0x00000000c24b0000, 0x00000000d5550000)
  eden space 30144K, 100% used [0x00000000c0000000, 0x00000000c1d70000, 0x00000000c1d70000)
  from space 3712K,  43% used [0x00000000c1d70000, 0x00000000c1f05df8, 0x00000000c2110000)
  to   space 3712K,   0% used [0x00000000c2110000, 0x00000000c2110000, 0x00000000c24b0000)
 tenured generation   total 75096K, used 57035K [0x00000000d5550000, 0x00000000d9ea6000, 0x0000000100000000)
   the space 75096K,  75% used [0x00000000d5550000, 0x00000000d8d02ce8, 0x00000000d8d02e00, 0x00000000d9ea6000)
 Metaspace       used 78144K, capacity 79148K, committed 79232K, reserved 1116160K
  class space    used 11408K, capacity 11637K, committed 11648K, reserved 1048576K
Event: 29.773 GC heap after
Heap after GC invocations=162 (full 6):
 def new generation   total 33856K, used 1621K [0x00000000c0000000, 0x00000000c24b0000, 0x00000000d5550000)
  eden space 30144K,   0% used [0x00000000c0000000, 0x00000000c0000000, 0x00000000c1d70000)
  from space 3712K,  43% used [0x00000000c2110000, 0x00000000c22a5770, 0x00000000c24b0000)
  to   space 3712K,   0% used [0x00000000c1d70000, 0x00000000c1d70000, 0x00000000c2110000)
 tenured generation   total 75096K, used 57035K [0x00000000d5550000, 0x00000000d9ea6000, 0x0000000100000000)
   the space 75096K,  75% used [0x00000000d5550000, 0x00000000d8d02ce8, 0x00000000d8d02e00, 0x00000000d9ea6000)
 Metaspace       used 78144K, capacity 79148K, committed 79232K, reserved 1116160K
  class space    used 11408K, capacity 11637K, committed 11648K, reserved 1048576K
}
Event: 30.051 GC heap before
{Heap before GC invocations=162 (full 6):
 def new generation   total 33856K, used 27752K [0x00000000c0000000, 0x00000000c24b0000, 0x00000000d5550000)
  eden space 30144K,  86% used [0x00000000c0000000, 0x00000000c19849e0, 0x00000000c1d70000)
  from space 3712K,  43% used [0x00000000c2110000, 0x00000000c22a5770, 0x00000000c24b0000)
  to   space 3712K,   0% used [0x00000000c1d70000, 0x00000000c1d70000, 0x00000000c2110000)
 tenured generation   total 75096K, used 57035K [0x00000000d5550000, 0x00000000d9ea6000, 0x0000000100000000)
   the space 75096K,  75% used [0x00000000d5550000, 0x00000000d8d02ce8, 0x00000000d8d02e00, 0x00000000d9ea6000)
 Metaspace       used 78206K, capacity 79212K, committed 79232K, reserved 1116160K
  class space    used 11408K, capacity 11637K, committed 11648K, reserved 1048576K
Event: 30.058 GC heap after
Heap after GC invocations=163 (full 6):
 def new generation   total 33856K, used 2112K [0x00000000c0000000, 0x00000000c24b0000, 0x00000000d5550000)
  eden space 30144K,   0% used [0x00000000c0000000, 0x00000000c0000000, 0x00000000c1d70000)
  from space 3712K,  56% used [0x00000000c1d70000, 0x00000000c1f80090, 0x00000000c2110000)
  to   space 3712K,   0% used [0x00000000c2110000, 0x00000000c2110000, 0x00000000c24b0000)
 tenured generation   total 75096K, used 57035K [0x00000000d5550000, 0x00000000d9ea6000, 0x0000000100000000)
   the space 75096K,  75% used [0x00000000d5550000, 0x00000000d8d02ce8, 0x00000000d8d02e00, 0x00000000d9ea6000)
 Metaspace       used 78206K, capacity 79212K, committed 79232K, reserved 1116160K
  class space    used 11408K, capacity 11637K, committed 11648K, reserved 1048576K
}
Event: 30.186 GC heap before
{Heap before GC invocations=163 (full 6):
 def new generation   total 33856K, used 32256K [0x00000000c0000000, 0x00000000c24b0000, 0x00000000d5550000)
  eden space 30144K, 100% used [0x00000000c0000000, 0x00000000c1d70000, 0x00000000c1d70000)
  from space 3712K,  56% used [0x00000000c1d70000, 0x00000000c1f80090, 0x00000000c2110000)
  to   space 3712K,   0% used [0x00000000c2110000, 0x00000000c2110000, 0x00000000c24b0000)
 tenured generation   total 75096K, used 57035K [0x00000000d5550000, 0x00000000d9ea6000, 0x0000000100000000)
   the space 75096K,  75% used [0x00000000d5550000, 0x00000000d8d02ce8, 0x00000000d8d02e00, 0x00000000d9ea6000)
 Metaspace       used 78238K, capacity 79212K, committed 79232K, reserved 1116160K
  class space    used 11408K, capacity 11637K, committed 11648K, reserved 1048576K
Event: 30.194 GC heap after
Heap after GC invocations=164 (full 6):
 def new generation   total 33856K, used 1044K [0x00000000c0000000, 0x00000000c24b0000, 0x00000000d5550000)
  eden space 30144K,   0% used [0x00000000c0000000, 0x00000000c0000000, 0x00000000c1d70000)
  from space 3712K,  28% used [0x00000000c2110000, 0x00000000c2215280, 0x00000000c24b0000)
  to   space 3712K,   0% used [0x00000000c1d70000, 0x00000000c1d70000, 0x00000000c2110000)
 tenured generation   total 75096K, used 57931K [0x00000000d5550000, 0x00000000d9ea6000, 0x0000000100000000)
   the space 75096K,  77% used [0x00000000d5550000, 0x00000000d8de2e58, 0x00000000d8de3000, 0x00000000d9ea6000)
 Metaspace       used 78238K, capacity 79212K, committed 79232K, reserved 1116160K
  class space    used 11408K, capacity 11637K, committed 11648K, reserved 1048576K
}
Event: 30.488 GC heap before
{Heap before GC invocations=164 (full 6):
 def new generation   total 33856K, used 31188K [0x00000000c0000000, 0x00000000c24b0000, 0x00000000d5550000)
  eden space 30144K, 100% used [0x00000000c0000000, 0x00000000c1d70000, 0x00000000c1d70000)
  from space 3712K,  28% used [0x00000000c2110000, 0x00000000c2215280, 0x00000000c24b0000)
  to   space 3712K,   0% used [0x00000000c1d70000, 0x00000000c1d70000, 0x00000000c2110000)
 tenured generation   total 75096K, used 57931K [0x00000000d5550000, 0x00000000d9ea6000, 0x0000000100000000)
   the space 75096K,  77% used [0x00000000d5550000, 0x00000000d8de2e58, 0x00000000d8de3000, 0x00000000d9ea6000)
 Metaspace       used 78268K, capacity 79276K, committed 79488K, reserved 1118208K
  class space    used 11408K, capacity 11637K, committed 11648K, reserved 1048576K
Event: 30.495 GC heap after
Heap after GC invocations=165 (full 6):
 def new generation   total 33856K, used 815K [0x00000000c0000000, 0x00000000c24b0000, 0x00000000d5550000)
  eden space 30144K,   0% used [0x00000000c0000000, 0x00000000c0000000, 0x00000000c1d70000)
  from space 3712K,  21% used [0x00000000c1d70000, 0x00000000c1e3be38, 0x00000000c2110000)
  to   space 3712K,   0% used [0x00000000c2110000, 0x00000000c2110000, 0x00000000c24b0000)
 tenured generation   total 75096K, used 57931K [0x00000000d5550000, 0x00000000d9ea6000, 0x0000000100000000)
   the space 75096K,  77% used [0x00000000d5550000, 0x00000000d8de2e58, 0x00000000d8de3000, 0x00000000d9ea6000)
 Metaspace       used 78268K, capacity 79276K, committed 79488K, reserved 1118208K
  class space    used 11408K, capacity 11637K, committed 11648K, reserved 1048576K
}
Event: 30.813 GC heap before
{Heap before GC invocations=165 (full 6):
 def new generation   total 33856K, used 30959K [0x00000000c0000000, 0x00000000c24b0000, 0x00000000d5550000)
  eden space 30144K, 100% used [0x00000000c0000000, 0x00000000c1d70000, 0x00000000c1d70000)
  from space 3712K,  21% used [0x00000000c1d70000, 0x00000000c1e3be38, 0x00000000c2110000)
  to   space 3712K,   0% used [0x00000000c2110000, 0x00000000c2110000, 0x00000000c24b0000)
 tenured generation   total 75096K, used 57931K [0x00000000d5550000, 0x00000000d9ea6000, 0x0000000100000000)
   the space 75096K,  77% used [0x00000000d5550000, 0x00000000d8de2e58, 0x00000000d8de3000, 0x00000000d9ea6000)
 Metaspace       used 78327K, capacity 79340K, committed 79488K, reserved 1118208K
  class space    used 11408K, capacity 11637K, committed 11648K, reserved 1048576K
Event: 30.820 GC heap after
Heap after GC invocations=166 (full 6):
 def new generation   total 33856K, used 911K [0x00000000c0000000, 0x00000000c24b0000, 0x00000000d5550000)
  eden space 30144K,   0% used [0x00000000c0000000, 0x00000000c0000000, 0x00000000c1d70000)
  from space 3712K,  24% used [0x00000000c2110000, 0x00000000c21f3f70, 0x00000000c24b0000)
  to   space 3712K,   0% used [0x00000000c1d70000, 0x00000000c1d70000, 0x00000000c2110000)
 tenured generation   total 75096K, used 57931K [0x00000000d5550000, 0x00000000d9ea6000, 0x0000000100000000)
   the space 75096K,  77% used [0x00000000d5550000, 0x00000000d8de2e58, 0x00000000d8de3000, 0x00000000d9ea6000)
 Metaspace       used 78327K, capacity 79340K, committed 79488K, reserved 1118208K
  class space    used 11408K, capacity 11637K, committed 11648K, reserved 1048576K
}
Event: 31.101 GC heap before
{Heap before GC invocations=166 (full 6):
 def new generation   total 33856K, used 30999K [0x00000000c0000000, 0x00000000c24b0000, 0x00000000d5550000)
  eden space 30144K,  99% used [0x00000000c0000000, 0x00000000c1d62010, 0x00000000c1d70000)
  from space 3712K,  24% used [0x00000000c2110000, 0x00000000c21f3f70, 0x00000000c24b0000)
  to   space 3712K,   0% used [0x00000000c1d70000, 0x00000000c1d70000, 0x00000000c2110000)
 tenured generation   total 75096K, used 57931K [0x00000000d5550000, 0x00000000d9ea6000, 0x0000000100000000)
   the space 75096K,  77% used [0x00000000d5550000, 0x00000000d8de2e58, 0x00000000d8de3000, 0x00000000d9ea6000)
 Metaspace       used 78426K, capacity 79404K, committed 79488K, reserved 1118208K
  class space    used 11408K, capacity 11637K, committed 11648K, reserved 1048576K
Event: 31.108 GC heap after
Heap after GC invocations=167 (full 6):
 def new generation   total 33856K, used 919K [0x00000000c0000000, 0x00000000c24b0000, 0x00000000d5550000)
  eden space 30144K,   0% used [0x00000000c0000000, 0x00000000c0000000, 0x00000000c1d70000)
  from space 3712K,  24% used [0x00000000c1d70000, 0x00000000c1e55d80, 0x00000000c2110000)
  to   space 3712K,   0% used [0x00000000c2110000, 0x00000000c2110000, 0x00000000c24b0000)
 tenured generation   total 75096K, used 57931K [0x00000000d5550000, 0x00000000d9ea6000, 0x0000000100000000)
   the space 75096K,  77% used [0x00000000d5550000, 0x00000000d8de2e58, 0x00000000d8de3000, 0x00000000d9ea6000)
 Metaspace       used 78426K, capacity 79404K, committed 79488K, reserved 1118208K
  class space    used 11408K, capacity 11637K, committed 11648K, reserved 1048576K
}
Event: 31.313 GC heap before
{Heap before GC invocations=167 (full 6):
 def new generation   total 33856K, used 21122K [0x00000000c0000000, 0x00000000c24b0000, 0x00000000d5550000)
  eden space 30144K,  67% used [0x00000000c0000000, 0x00000000c13bae00, 0x00000000c1d70000)
  from space 3712K,  24% used [0x00000000c1d70000, 0x00000000c1e55d80, 0x00000000c2110000)
  to   space 3712K,   0% used [0x00000000c2110000, 0x00000000c2110000, 0x00000000c24b0000)
 tenured generation   total 75096K, used 57931K [0x00000000d5550000, 0x00000000d9ea6000, 0x0000000100000000)
   the space 75096K,  77% used [0x00000000d5550000, 0x00000000d8de2e58, 0x00000000d8de3000, 0x00000000d9ea6000)
 Metaspace       used 78457K, capacity 79468K, committed 79488K, reserved 1118208K
  class space    used 11408K, capacity 11637K, committed 11648K, reserved 1048576K
Event: 31.320 GC heap after
Heap after GC invocations=168 (full 6):
 def new generation   total 33856K, used 1384K [0x00000000c0000000, 0x00000000c24b0000, 0x00000000d5550000)
  eden space 30144K,   0% used [0x00000000c0000000, 0x00000000c0000000, 0x00000000c1d70000)
  from space 3712K,  37% used [0x00000000c2110000, 0x00000000c226a180, 0x00000000c24b0000)
  to   space 3712K,   0% used [0x00000000c1d70000, 0x00000000c1d70000, 0x00000000c2110000)
 tenured generation   total 75096K, used 57931K [0x00000000d5550000, 0x00000000d9ea6000, 0x0000000100000000)
   the space 75096K,  77% used [0x00000000d5550000, 0x00000000d8de2e58, 0x00000000d8de3000, 0x00000000d9ea6000)
 Metaspace       used 78457K, capacity 79468K, committed 79488K, reserved 1118208K
  class space    used 11408K, capacity 11637K, committed 11648K, reserved 1048576K
}
Event: 31.601 GC heap before
{Heap before GC invocations=168 (full 6):
 def new generation   total 33856K, used 31528K [0x00000000c0000000, 0x00000000c24b0000, 0x00000000d5550000)
  eden space 30144K, 100% used [0x00000000c0000000, 0x00000000c1d70000, 0x00000000c1d70000)
  from space 3712K,  37% used [0x00000000c2110000, 0x00000000c226a180, 0x00000000c24b0000)
  to   space 3712K,   0% used [0x00000000c1d70000, 0x00000000c1d70000, 0x00000000c2110000)
 tenured generation   total 75096K, used 57931K [0x00000000d5550000, 0x00000000d9ea6000, 0x0000000100000000)
   the space 75096K,  77% used [0x00000000d5550000, 0x00000000d8de2e58, 0x00000000d8de3000, 0x00000000d9ea6000)
 Metaspace       used 78533K, capacity 79602K, committed 79744K, reserved 1118208K
  class space    used 11414K, capacity 11638K, committed 11648K, reserved 1048576K
Event: 31.609 GC heap after
Heap after GC invocations=169 (full 6):
 def new generation   total 33856K, used 857K [0x00000000c0000000, 0x00000000c24b0000, 0x00000000d5550000)
  eden space 30144K,   0% used [0x00000000c0000000, 0x00000000c0000000, 0x00000000c1d70000)
  from space 3712K,  23% used [0x00000000c1d70000, 0x00000000c1e46478, 0x00000000c2110000)
  to   space 3712K,   0% used [0x00000000c2110000, 0x00000000c2110000, 0x00000000c24b0000)
 tenured generation   total 75096K, used 57931K [0x00000000d5550000, 0x00000000d9ea6000, 0x0000000100000000)
   the space 75096K,  77% used [0x00000000d5550000, 0x00000000d8de2e58, 0x00000000d8de3000, 0x00000000d9ea6000)
 Metaspace       used 78533K, capacity 79602K, committed 79744K, reserved 1118208K
  class space    used 11414K, capacity 11638K, committed 11648K, reserved 1048576K
}
Event: 31.932 GC heap before
{Heap before GC invocations=169 (full 6):
 def new generation   total 33856K, used 31001K [0x00000000c0000000, 0x00000000c24b0000, 0x00000000d5550000)
  eden space 30144K, 100% used [0x00000000c0000000, 0x00000000c1d70000, 0x00000000c1d70000)
  from space 3712K,  23% used [0x00000000c1d70000, 0x00000000c1e46478, 0x00000000c2110000)
  to   space 3712K,   0% used [0x00000000c2110000, 0x00000000c2110000, 0x00000000c24b0000)
 tenured generation   total 75096K, used 57931K [0x00000000d5550000, 0x00000000d9ea6000, 0x0000000100000000)
   the space 75096K,  77% used [0x00000000d5550000, 0x00000000d8de2e58, 0x00000000d8de3000, 0x00000000d9ea6000)
 Metaspace       used 78625K, capacity 79708K, committed 79744K, reserved 1118208K
  class space    used 11419K, capacity 11648K, committed 11648K, reserved 1048576K
Event: 31.939 GC heap after
Heap after GC invocations=170 (full 6):
 def new generation   total 33856K, used 1359K [0x00000000c0000000, 0x00000000c24b0000, 0x00000000d5550000)
  eden space 30144K,   0% used [0x00000000c0000000, 0x00000000c0000000, 0x00000000c1d70000)
  from space 3712K,  36% used [0x00000000c2110000, 0x00000000c2263c60, 0x00000000c24b0000)
  to   space 3712K,   0% used [0x00000000c1d70000, 0x00000000c1d70000, 0x00000000c2110000)
 tenured generation   total 75096K, used 57992K [0x00000000d5550000, 0x00000000d9ea6000, 0x0000000100000000)
   the space 75096K,  77% used [0x00000000d5550000, 0x00000000d8df2290, 0x00000000d8df2400, 0x00000000d9ea6000)
 Metaspace       used 78625K, capacity 79708K, committed 79744K, reserved 1118208K
  class space    used 11419K, capacity 11648K, committed 11648K, reserved 1048576K
}
Event: 32.093 GC heap before
{Heap before GC invocations=170 (full 6):
 def new generation   total 33856K, used 31334K [0x00000000c0000000, 0x00000000c24b0000, 0x00000000d5550000)
  eden space 30144K,  99% used [0x00000000c0000000, 0x00000000c1d45e70, 0x00000000c1d70000)
  from space 3712K,  36% used [0x00000000c2110000, 0x00000000c2263c60, 0x00000000c24b0000)
  to   space 3712K,   0% used [0x00000000c1d70000, 0x00000000c1d70000, 0x00000000c2110000)
 tenured generation   total 75096K, used 57992K [0x00000000d5550000, 0x00000000d9ea6000, 0x0000000100000000)
   the space 75096K,  77% used [0x00000000d5550000, 0x00000000d8df2290, 0x00000000d8df2400, 0x00000000d9ea6000)
 Metaspace       used 78708K, capacity 79810K, committed 80128K, reserved 1118208K
  class space    used 11424K, capacity 11653K, committed 11776K, reserved 1048576K
Event: 32.100 GC heap after
Heap after GC invocations=171 (full 6):
 def new generation   total 33856K, used 1198K [0x00000000c0000000, 0x00000000c24b0000, 0x00000000d5550000)
  eden space 30144K,   0% used [0x00000000c0000000, 0x00000000c0000000, 0x00000000c1d70000)
  from space 3712K,  32% used [0x00000000c1d70000, 0x00000000c1e9b830, 0x00000000c2110000)
  to   space 3712K,   0% used [0x00000000c2110000, 0x00000000c2110000, 0x00000000c24b0000)
 tenured generation   total 75096K, used 58026K [0x00000000d5550000, 0x00000000d9ea6000, 0x0000000100000000)
   the space 75096K,  77% used [0x00000000d5550000, 0x00000000d8dfab00, 0x00000000d8dfac00, 0x00000000d9ea6000)
 Metaspace       used 78708K, capacity 79810K, committed 80128K, reserved 1118208K
  class space    used 11424K, capacity 11653K, committed 11776K, reserved 1048576K
}
Event: 32.190 GC heap before
{Heap before GC invocations=171 (full 6):
 def new generation   total 33856K, used 31342K [0x00000000c0000000, 0x00000000c24b0000, 0x00000000d5550000)
  eden space 30144K, 100% used [0x00000000c0000000, 0x00000000c1d70000, 0x00000000c1d70000)
  from space 3712K,  32% used [0x00000000c1d70000, 0x00000000c1e9b830, 0x00000000c2110000)
  to   space 3712K,   0% used [0x00000000c2110000, 0x00000000c2110000, 0x00000000c24b0000)
 tenured generation   total 75096K, used 58026K [0x00000000d5550000, 0x00000000d9ea6000, 0x0000000100000000)
   the space 75096K,  77% used [0x00000000d5550000, 0x00000000d8dfab00, 0x00000000d8dfac00, 0x00000000d9ea6000)
 Metaspace       used 78729K, capacity 79810K, committed 80128K, reserved 1118208K
  class space    used 11424K, capacity 11653K, committed 11776K, reserved 1048576K
Event: 32.197 GC heap after
Heap after GC invocations=172 (full 6):
 def new generation   total 33856K, used 1078K [0x00000000c0000000, 0x00000000c24b0000, 0x00000000d5550000)
  eden space 30144K,   0% used [0x00000000c0000000, 0x00000000c0000000, 0x00000000c1d70000)
  from space 3712K,  29% used [0x00000000c2110000, 0x00000000c221daf0, 0x00000000c24b0000)
  to   space 3712K,   0% used [0x00000000c1d70000, 0x00000000c1d70000, 0x00000000c2110000)
 tenured generation   total 75096K, used 58066K [0x00000000d5550000, 0x00000000d9ea6000, 0x0000000100000000)
   the space 75096K,  77% used [0x00000000d5550000, 0x00000000d8e04b80, 0x00000000d8e04c00, 0x00000000d9ea6000)
 Metaspace       used 78729K, capacity 79810K, committed 80128K, reserved 1118208K
  class space    used 11424K, capacity 11653K, committed 11776K, reserved 1048576K
}
Event: 32.449 GC heap before
{Heap before GC invocations=172 (full 6):
 def new generation   total 33856K, used 31222K [0x00000000c0000000, 0x00000000c24b0000, 0x00000000d5550000)
  eden space 30144K, 100% used [0x00000000c0000000, 0x00000000c1d70000, 0x00000000c1d70000)
  from space 3712K,  29% used [0x00000000c2110000, 0x00000000c221daf0, 0x00000000c24b0000)
  to   space 3712K,   0% used [0x00000000c1d70000, 0x00000000c1d70000, 0x00000000c2110000)
 tenured generation   total 75096K, used 58066K [0x00000000d5550000, 0x00000000d9ea6000, 0x0000000100000000)
   the space 75096K,  77% used [0x00000000d5550000, 0x00000000d8e04b80, 0x00000000d8e04c00, 0x00000000d9ea6000)
 Metaspace       used 78791K, capacity 79874K, committed 80128K, reserved 1118208K
  class space    used 11425K, capacity 11653K, committed 11776K, reserved 1048576K
Event: 32.457 GC heap after
Heap after GC invocations=173 (full 6):
 def new generation   total 33856K, used 1145K [0x00000000c0000000, 0x00000000c24b0000, 0x00000000d5550000)
  eden space 30144K,   0% used [0x00000000c0000000, 0x00000000c0000000, 0x00000000c1d70000)
  from space 3712K,  30% used [0x00000000c1d70000, 0x00000000c1e8e518, 0x00000000c2110000)
  to   space 3712K,   0% used [0x00000000c2110000, 0x00000000c2110000, 0x00000000c24b0000)
 tenured generation   total 75096K, used 58131K [0x00000000d5550000, 0x00000000d9ea6000, 0x0000000100000000)
   the space 75096K,  77% used [0x00000000d5550000, 0x00000000d8e14c98, 0x00000000d8e14e00, 0x00000000d9ea6000)
 Metaspace       used 78791K, capacity 79874K, committed 80128K, reserved 1118208K
  class space    used 11425K, capacity 11653K, committed 11776K, reserved 1048576K
}
Event: 32.699 GC heap before
{Heap before GC invocations=173 (full 6):
 def new generation   total 33856K, used 31289K [0x00000000c0000000, 0x00000000c24b0000, 0x00000000d5550000)
  eden space 30144K, 100% used [0x00000000c0000000, 0x00000000c1d70000, 0x00000000c1d70000)
  from space 3712K,  30% used [0x00000000c1d70000, 0x00000000c1e8e518, 0x00000000c2110000)
  to   space 3712K,   0% used [0x00000000c2110000, 0x00000000c2110000, 0x00000000c24b0000)
 tenured generation   total 75096K, used 58131K [0x00000000d5550000, 0x00000000d9ea6000, 0x0000000100000000)
   the space 75096K,  77% used [0x00000000d5550000, 0x00000000d8e14c98, 0x00000000d8e14e00, 0x00000000d9ea6000)
 Metaspace       used 78850K, capacity 79938K, committed 80128K, reserved 1118208K
  class space    used 11425K, capacity 11653K, committed 11776K, reserved 1048576K
Event: 32.706 GC heap after
Heap after GC invocations=174 (full 6):
 def new generation   total 33856K, used 1249K [0x00000000c0000000, 0x00000000c24b0000, 0x00000000d5550000)
  eden space 30144K,   0% used [0x00000000c0000000, 0x00000000c0000000, 0x00000000c1d70000)
  from space 3712K,  33% used [0x00000000c2110000, 0x00000000c2248598, 0x00000000c24b0000)
  to   space 3712K,   0% used [0x00000000c1d70000, 0x00000000c1d70000, 0x00000000c2110000)
 tenured generation   total 75096K, used 58179K [0x00000000d5550000, 0x00000000d9ea6000, 0x0000000100000000)
   the space 75096K,  77% used [0x00000000d5550000, 0x00000000d8e20fb8, 0x00000000d8e21000, 0x00000000d9ea6000)
 Metaspace       used 78850K, capacity 79938K, committed 80128K, reserved 1118208K
  class space    used 11425K, capacity 11653K, committed 11776K, reserved 1048576K
}
Event: 33.023 GC heap before
{Heap before GC invocations=174 (full 6):
 def new generation   total 33856K, used 31393K [0x00000000c0000000, 0x00000000c24b0000, 0x00000000d5550000)
  eden space 30144K, 100% used [0x00000000c0000000, 0x00000000c1d70000, 0x00000000c1d70000)
  from space 3712K,  33% used [0x00000000c2110000, 0x00000000c2248598, 0x00000000c24b0000)
  to   space 3712K,   0% used [0x00000000c1d70000, 0x00000000c1d70000, 0x00000000c2110000)
 tenured generation   total 75096K, used 58179K [0x00000000d5550000, 0x00000000d9ea6000, 0x0000000100000000)
   the space 75096K,  77% used [0x00000000d5550000, 0x00000000d8e20fb8, 0x00000000d8e21000, 0x00000000d9ea6000)
 Metaspace       used 78982K, capacity 80066K, committed 80384K, reserved 1118208K
  class space    used 11425K, capacity 11653K, committed 11776K, reserved 1048576K
Event: 33.030 GC heap after
Heap after GC invocations=175 (full 6):
 def new generation   total 33856K, used 1126K [0x00000000c0000000, 0x00000000c24b0000, 0x00000000d5550000)
  eden space 30144K,   0% used [0x00000000c0000000, 0x00000000c0000000, 0x00000000c1d70000)
  from space 3712K,  30% used [0x00000000c1d70000, 0x00000000c1e89b48, 0x00000000c2110000)
  to   space 3712K,   0% used [0x00000000c2110000, 0x00000000c2110000, 0x00000000c24b0000)
 tenured generation   total 75096K, used 58226K [0x00000000d5550000, 0x00000000d9ea6000, 0x0000000100000000)
   the space 75096K,  77% used [0x00000000d5550000, 0x00000000d8e2c930, 0x00000000d8e2ca00, 0x00000000d9ea6000)
 Metaspace       used 78982K, capacity 80066K, committed 80384K, reserved 1118208K
  class space    used 11425K, capacity 11653K, committed 11776K, reserved 1048576K
}
Event: 33.264 GC heap before
{Heap before GC invocations=175 (full 6):
 def new generation   total 33856K, used 31270K [0x00000000c0000000, 0x00000000c24b0000, 0x00000000d5550000)
  eden space 30144K, 100% used [0x00000000c0000000, 0x00000000c1d70000, 0x00000000c1d70000)
  from space 3712K,  30% used [0x00000000c1d70000, 0x00000000c1e89b48, 0x00000000c2110000)
  to   space 3712K,   0% used [0x00000000c2110000, 0x00000000c2110000, 0x00000000c24b0000)
 tenured generation   total 75096K, used 58226K [0x00000000d5550000, 0x00000000d9ea6000, 0x0000000100000000)
   the space 75096K,  77% used [0x00000000d5550000, 0x00000000d8e2c930, 0x00000000d8e2ca00, 0x00000000d9ea6000)
 Metaspace       used 79018K, capacity 80130K, committed 80384K, reserved 1118208K
  class space    used 11425K, capacity 11653K, committed 11776K, reserved 1048576K
Event: 33.271 GC heap after
Heap after GC invocations=176 (full 6):
 def new generation   total 33856K, used 1251K [0x00000000c0000000, 0x00000000c24b0000, 0x00000000d5550000)
  eden space 30144K,   0% used [0x00000000c0000000, 0x00000000c0000000, 0x00000000c1d70000)
  from space 3712K,  33% used [0x00000000c2110000, 0x00000000c2248d90, 0x00000000c24b0000)
  to   space 3712K,   0% used [0x00000000c1d70000, 0x00000000c1d70000, 0x00000000c2110000)
 tenured generation   total 75096K, used 58277K [0x00000000d5550000, 0x00000000d9ea6000, 0x0000000100000000)
   the space 75096K,  77% used [0x00000000d5550000, 0x00000000d8e39670, 0x00000000d8e39800, 0x00000000d9ea6000)
 Metaspace       used 79018K, capacity 80130K, committed 80384K, reserved 1118208K
  class space    used 11425K, capacity 11653K, committed 11776K, reserved 1048576K
}
Event: 33.515 GC heap before
{Heap before GC invocations=176 (full 6):
 def new generation   total 33856K, used 31395K [0x00000000c0000000, 0x00000000c24b0000, 0x00000000d5550000)
  eden space 30144K, 100% used [0x00000000c0000000, 0x00000000c1d70000, 0x00000000c1d70000)
  from space 3712K,  33% used [0x00000000c2110000, 0x00000000c2248d90, 0x00000000c24b0000)
  to   space 3712K,   0% used [0x00000000c1d70000, 0x00000000c1d70000, 0x00000000c2110000)
 tenured generation   total 75096K, used 58277K [0x00000000d5550000, 0x00000000d9ea6000, 0x0000000100000000)
   the space 75096K,  77% used [0x00000000d5550000, 0x00000000d8e39670, 0x00000000d8e39800, 0x00000000d9ea6000)
 Metaspace       used 79038K, capacity 80130K, committed 80384K, reserved 1118208K
  class space    used 11425K, capacity 11653K, committed 11776K, reserved 1048576K
Event: 33.523 GC heap after
Heap after GC invocations=177 (full 6):
 def new generation   total 33856K, used 1174K [0x00000000c0000000, 0x00000000c24b0000, 0x00000000d5550000)
  eden space 30144K,   0% used [0x00000000c0000000, 0x00000000c0000000, 0x00000000c1d70000)
  from space 3712K,  31% used [0x00000000c1d70000, 0x00000000c1e95b50, 0x00000000c2110000)
  to   space 3712K,   0% used [0x00000000c2110000, 0x00000000c2110000, 0x00000000c24b0000)
 tenured generation   total 75096K, used 58327K [0x00000000d5550000, 0x00000000d9ea6000, 0x0000000100000000)
   the space 75096K,  77% used [0x00000000d5550000, 0x00000000d8e45f00, 0x00000000d8e46000, 0x00000000d9ea6000)
 Metaspace       used 79038K, capacity 80130K, committed 80384K, reserved 1118208K
  class space    used 11425K, capacity 11653K, committed 11776K, reserved 1048576K
}
Event: 33.758 GC heap before
{Heap before GC invocations=177 (full 6):
 def new generation   total 33856K, used 31318K [0x00000000c0000000, 0x00000000c24b0000, 0x00000000d5550000)
  eden space 30144K, 100% used [0x00000000c0000000, 0x00000000c1d70000, 0x00000000c1d70000)
  from space 3712K,  31% used [0x00000000c1d70000, 0x00000000c1e95b50, 0x00000000c2110000)
  to   space 3712K,   0% used [0x00000000c2110000, 0x00000000c2110000, 0x00000000c24b0000)
 tenured generation   total 75096K, used 58327K [0x00000000d5550000, 0x00000000d9ea6000, 0x0000000100000000)
   the space 75096K,  77% used [0x00000000d5550000, 0x00000000d8e45f00, 0x00000000d8e46000, 0x00000000d9ea6000)
 Metaspace       used 79091K, capacity 80130K, committed 80384K, reserved 1118208K
  class space    used 11425K, capacity 11653K, committed 11776K, reserved 1048576K
Event: 33.766 GC heap after
Heap after GC invocations=178 (full 6):
 def new generation   total 33856K, used 1329K [0x00000000c0000000, 0x00000000c24b0000, 0x00000000d5550000)
  eden space 30144K,   0% used [0x00000000c0000000, 0x00000000c0000000, 0x00000000c1d70000)
  from space 3712K,  35% used [0x00000000c2110000, 0x00000000c225c550, 0x00000000c24b0000)
  to   space 3712K,   0% used [0x00000000c1d70000, 0x00000000c1d70000, 0x00000000c2110000)
 tenured generation   total 75096K, used 58366K [0x00000000d5550000, 0x00000000d9ea6000, 0x0000000100000000)
   the space 75096K,  77% used [0x00000000d5550000, 0x00000000d8e4fa00, 0x00000000d8e4fa00, 0x00000000d9ea6000)
 Metaspace       used 79091K, capacity 80130K, committed 80384K, reserved 1118208K
  class space    used 11425K, capacity 11653K, committed 11776K, reserved 1048576K
}
Event: 33.900 GC heap before
{Heap before GC invocations=178 (full 6):
 def new generation   total 33856K, used 22172K [0x00000000c0000000, 0x00000000c24b0000, 0x00000000d5550000)
  eden space 30144K,  69% used [0x00000000c0000000, 0x00000000c145ace8, 0x00000000c1d70000)
  from space 3712K,  35% used [0x00000000c2110000, 0x00000000c225c550, 0x00000000c24b0000)
  to   space 3712K,   0% used [0x00000000c1d70000, 0x00000000c1d70000, 0x00000000c2110000)
 tenured generation   total 75096K, used 58366K [0x00000000d5550000, 0x00000000d9ea6000, 0x0000000100000000)
   the space 75096K,  77% used [0x00000000d5550000, 0x00000000d8e4fa00, 0x00000000d8e4fa00, 0x00000000d9ea6000)
 Metaspace       used 79104K, capacity 80194K, committed 80384K, reserved 1118208K
  class space    used 11425K, capacity 11653K, committed 11776K, reserved 1048576K
Event: 33.908 GC heap after
Heap after GC invocations=179 (full 6):
 def new generation   total 33856K, used 1684K [0x00000000c0000000, 0x00000000c24b0000, 0x00000000d5550000)
  eden space 30144K,   0% used [0x00000000c0000000, 0x00000000c0000000, 0x00000000c1d70000)
  from space 3712K,  45% used [0x00000000c1d70000, 0x00000000c1f15000, 0x00000000c2110000)
  to   space 3712K,   0% used [0x00000000c2110000, 0x00000000c2110000, 0x00000000c24b0000)
 tenured generation   total 75096K, used 58391K [0x00000000d5550000, 0x00000000d9ea6000, 0x0000000100000000)
   the space 75096K,  77% used [0x00000000d5550000, 0x00000000d8e55f30, 0x00000000d8e56000, 0x00000000d9ea6000)
 Metaspace       used 79104K, capacity 80194K, committed 80384K, reserved 1118208K
  class space    used 11425K, capacity 11653K, committed 11776K, reserved 1048576K
}
Event: 34.003 GC heap before
{Heap before GC invocations=179 (full 6):
 def new generation   total 33856K, used 31828K [0x00000000c0000000, 0x00000000c24b0000, 0x00000000d5550000)
  eden space 30144K, 100% used [0x00000000c0000000, 0x00000000c1d70000, 0x00000000c1d70000)
  from space 3712K,  45% used [0x00000000c1d70000, 0x00000000c1f15000, 0x00000000c2110000)
  to   space 3712K,   0% used [0x00000000c2110000, 0x00000000c2110000, 0x00000000c24b0000)
 tenured generation   total 75096K, used 58391K [0x00000000d5550000, 0x00000000d9ea6000, 0x0000000100000000)
   the space 75096K,  77% used [0x00000000d5550000, 0x00000000d8e55f30, 0x00000000d8e56000, 0x00000000d9ea6000)
 Metaspace       used 79116K, capacity 80194K, committed 80384K, reserved 1118208K
  class space    used 11425K, capacity 11653K, committed 11776K, reserved 1048576K
Event: 34.010 GC heap after
Heap after GC invocations=180 (full 6):
 def new generation   total 33856K, used 1131K [0x00000000c0000000, 0x00000000c24b0000, 0x00000000d5550000)
  eden space 30144K,   0% used [0x00000000c0000000, 0x00000000c0000000, 0x00000000c1d70000)
  from space 3712K,  30% used [0x00000000c2110000, 0x00000000c222ac08, 0x00000000c24b0000)
  to   space 3712K,   0% used [0x00000000c1d70000, 0x00000000c1d70000, 0x00000000c2110000)
 tenured generation   total 75096K, used 58439K [0x00000000d5550000, 0x00000000d9ea6000, 0x0000000100000000)
   the space 75096K,  77% used [0x00000000d5550000, 0x00000000d8e61f00, 0x00000000d8e62000, 0x00000000d9ea6000)
 Metaspace       used 79116K, capacity 80194K, committed 80384K, reserved 1118208K
  class space    used 11425K, capacity 11653K, committed 11776K, reserved 1048576K
}
Event: 34.205 GC heap before
{Heap before GC invocations=180 (full 6):
 def new generation   total 33856K, used 31275K [0x00000000c0000000, 0x00000000c24b0000, 0x00000000d5550000)
  eden space 30144K, 100% used [0x00000000c0000000, 0x00000000c1d70000, 0x00000000c1d70000)
  from space 3712K,  30% used [0x00000000c2110000, 0x00000000c222ac08, 0x00000000c24b0000)
  to   space 3712K,   0% used [0x00000000c1d70000, 0x00000000c1d70000, 0x00000000c2110000)
 tenured generation   total 75096K, used 58439K [0x00000000d5550000, 0x00000000d9ea6000, 0x0000000100000000)
   the space 75096K,  77% used [0x00000000d5550000, 0x00000000d8e61f00, 0x00000000d8e62000, 0x00000000d9ea6000)
 Metaspace       used 79138K, capacity 80194K, committed 80384K, reserved 1118208K
  class space    used 11425K, capacity 11653K, committed 11776K, reserved 1048576K
Event: 34.212 GC heap after
Heap after GC invocations=181 (full 6):
 def new generation   total 33856K, used 1000K [0x00000000c0000000, 0x00000000c24b0000, 0x00000000d5550000)
  eden space 30144K,   0% used [0x00000000c0000000, 0x00000000c0000000, 0x00000000c1d70000)
  from space 3712K,  26% used [0x00000000c1d70000, 0x00000000c1e6a210, 0x00000000c2110000)
  to   space 3712K,   0% used [0x00000000c2110000, 0x00000000c2110000, 0x00000000c24b0000)
 tenured generation   total 75096K, used 58486K [0x00000000d5550000, 0x00000000d9ea6000, 0x0000000100000000)
   the space 75096K,  77% used [0x00000000d5550000, 0x00000000d8e6db38, 0x00000000d8e6dc00, 0x00000000d9ea6000)
 Metaspace       used 79138K, capacity 80194K, committed 80384K, reserved 1118208K
  class space    used 11425K, capacity 11653K, committed 11776K, reserved 1048576K
}
Event: 34.432 GC heap before
{Heap before GC invocations=181 (full 6):
 def new generation   total 33856K, used 31144K [0x00000000c0000000, 0x00000000c24b0000, 0x00000000d5550000)
  eden space 30144K, 100% used [0x00000000c0000000, 0x00000000c1d70000, 0x00000000c1d70000)
  from space 3712K,  26% used [0x00000000c1d70000, 0x00000000c1e6a210, 0x00000000c2110000)
  to   space 3712K,   0% used [0x00000000c2110000, 0x00000000c2110000, 0x00000000c24b0000)
 tenured generation   total 75096K, used 58486K [0x00000000d5550000, 0x00000000d9ea6000, 0x0000000100000000)
   the space 75096K,  77% used [0x00000000d5550000, 0x00000000d8e6db38, 0x00000000d8e6dc00, 0x00000000d9ea6000)
 Metaspace       used 79175K, capacity 80266K, committed 80640K, reserved 1118208K
  class space    used 11425K, capacity 11653K, committed 11776K, reserved 1048576K
Event: 34.439 GC heap after
Heap after GC invocations=182 (full 6):
 def new generation   total 33856K, used 1141K [0x00000000c0000000, 0x00000000c24b0000, 0x00000000d5550000)
  eden space 30144K,   0% used [0x00000000c0000000, 0x00000000c0000000, 0x00000000c1d70000)
  from space 3712K,  30% used [0x00000000c2110000, 0x00000000c222d690, 0x00000000c24b0000)
  to   space 3712K,   0% used [0x00000000c1d70000, 0x00000000c1d70000, 0x00000000c2110000)
 tenured generation   total 75096K, used 58534K [0x00000000d5550000, 0x00000000d9ea6000, 0x0000000100000000)
   the space 75096K,  77% used [0x00000000d5550000, 0x00000000d8e79b48, 0x00000000d8e79c00, 0x00000000d9ea6000)
 Metaspace       used 79175K, capacity 80266K, committed 80640K, reserved 1118208K
  class space    used 11425K, capacity 11653K, committed 11776K, reserved 1048576K
}
Event: 34.657 GC heap before
{Heap before GC invocations=182 (full 6):
 def new generation   total 33856K, used 31285K [0x00000000c0000000, 0x00000000c24b0000, 0x00000000d5550000)
  eden space 30144K, 100% used [0x00000000c0000000, 0x00000000c1d70000, 0x00000000c1d70000)
  from space 3712K,  30% used [0x00000000c2110000, 0x00000000c222d690, 0x00000000c24b0000)
  to   space 3712K,   0% used [0x00000000c1d70000, 0x00000000c1d70000, 0x00000000c2110000)
 tenured generation   total 75096K, used 58534K [0x00000000d5550000, 0x00000000d9ea6000, 0x0000000100000000)
   the space 75096K,  77% used [0x00000000d5550000, 0x00000000d8e79b48, 0x00000000d8e79c00, 0x00000000d9ea6000)
 Metaspace       used 79237K, capacity 80330K, committed 80640K, reserved 1118208K
  class space    used 11425K, capacity 11653K, committed 11776K, reserved 1048576K
Event: 34.664 GC heap after
Heap after GC invocations=183 (full 6):
 def new generation   total 33856K, used 1087K [0x00000000c0000000, 0x00000000c24b0000, 0x00000000d5550000)
  eden space 30144K,   0% used [0x00000000c0000000, 0x00000000c0000000, 0x00000000c1d70000)
  from space 3712K,  29% used [0x00000000c1d70000, 0x00000000c1e7fd50, 0x00000000c2110000)
  to   space 3712K,   0% used [0x00000000c2110000, 0x00000000c2110000, 0x00000000c24b0000)
 tenured generation   total 75096K, used 58563K [0x00000000d5550000, 0x00000000d9ea6000, 0x0000000100000000)
   the space 75096K,  77% used [0x00000000d5550000, 0x00000000d8e80ff0, 0x00000000d8e81000, 0x00000000d9ea6000)
 Metaspace       used 79237K, capacity 80330K, committed 80640K, reserved 1118208K
  class space    used 11425K, capacity 11653K, committed 11776K, reserved 1048576K
}
Event: 34.854 GC heap before
{Heap before GC invocations=183 (full 6):
 def new generation   total 33856K, used 29020K [0x00000000c0000000, 0x00000000c24b0000, 0x00000000d5550000)
  eden space 30144K,  92% used [0x00000000c0000000, 0x00000000c1b47430, 0x00000000c1d70000)
  from space 3712K,  29% used [0x00000000c1d70000, 0x00000000c1e7fd50, 0x00000000c2110000)
  to   space 3712K,   0% used [0x00000000c2110000, 0x00000000c2110000, 0x00000000c24b0000)
 tenured generation   total 75096K, used 58563K [0x00000000d5550000, 0x00000000d9ea6000, 0x0000000100000000)
   the space 75096K,  77% used [0x00000000d5550000, 0x00000000d8e80ff0, 0x00000000d8e81000, 0x00000000d9ea6000)
 Metaspace       used 79263K, capacity 80330K, committed 80640K, reserved 1118208K
  class space    used 11425K, capacity 11653K, committed 11776K, reserved 1048576K
Event: 34.861 GC heap after
Heap after GC invocations=184 (full 6):
 def new generation   total 33856K, used 1488K [0x00000000c0000000, 0x00000000c24b0000, 0x00000000d5550000)
  eden space 30144K,   0% used [0x00000000c0000000, 0x00000000c0000000, 0x00000000c1d70000)
  from space 3712K,  40% used [0x00000000c2110000, 0x00000000c2284190, 0x00000000c24b0000)
  to   space 3712K,   0% used [0x00000000c1d70000, 0x00000000c1d70000, 0x00000000c2110000)
 tenured generation   total 75096K, used 58666K [0x00000000d5550000, 0x00000000d9ea6000, 0x0000000100000000)
   the space 75096K,  78% used [0x00000000d5550000, 0x00000000d8e9aa48, 0x00000000d8e9ac00, 0x00000000d9ea6000)
 Metaspace       used 79263K, capacity 80330K, committed 80640K, reserved 1118208K
  class space    used 11425K, capacity 11653K, committed 11776K, reserved 1048576K
}
Event: 35.175 GC heap before
{Heap before GC invocations=184 (full 6):
 def new generation   total 33856K, used 31632K [0x00000000c0000000, 0x00000000c24b0000, 0x00000000d5550000)
  eden space 30144K, 100% used [0x00000000c0000000, 0x00000000c1d70000, 0x00000000c1d70000)
  from space 3712K,  40% used [0x00000000c2110000, 0x00000000c2284190, 0x00000000c24b0000)
  to   space 3712K,   0% used [0x00000000c1d70000, 0x00000000c1d70000, 0x00000000c2110000)
 tenured generation   total 75096K, used 58666K [0x00000000d5550000, 0x00000000d9ea6000, 0x0000000100000000)
   the space 75096K,  78% used [0x00000000d5550000, 0x00000000d8e9aa48, 0x00000000d8e9ac00, 0x00000000d9ea6000)
 Metaspace       used 79434K, capacity 80508K, committed 80640K, reserved 1118208K
  class space    used 11461K, capacity 11688K, committed 11776K, reserved 1048576K
Event: 35.183 GC heap after
Heap after GC invocations=185 (full 6):
 def new generation   total 33856K, used 900K [0x00000000c0000000, 0x00000000c24b0000, 0x00000000d5550000)
  eden space 30144K,   0% used [0x00000000c0000000, 0x00000000c0000000, 0x00000000c1d70000)
  from space 3712K,  24% used [0x00000000c1d70000, 0x00000000c1e51258, 0x00000000c2110000)
  to   space 3712K,   0% used [0x00000000c2110000, 0x00000000c2110000, 0x00000000c24b0000)
 tenured generation   total 75096K, used 58806K [0x00000000d5550000, 0x00000000d9ea6000, 0x0000000100000000)
   the space 75096K,  78% used [0x00000000d5550000, 0x00000000d8ebda90, 0x00000000d8ebdc00, 0x00000000d9ea6000)
 Metaspace       used 79434K, capacity 80508K, committed 80640K, reserved 1118208K
  class space    used 11461K, capacity 11688K, committed 11776K, reserved 1048576K
}
Event: 35.646 GC heap before
{Heap before GC invocations=185 (full 6):
 def new generation   total 33856K, used 31044K [0x00000000c0000000, 0x00000000c24b0000, 0x00000000d5550000)
  eden space 30144K, 100% used [0x00000000c0000000, 0x00000000c1d70000, 0x00000000c1d70000)
  from space 3712K,  24% used [0x00000000c1d70000, 0x00000000c1e51258, 0x00000000c2110000)
  to   space 3712K,   0% used [0x00000000c2110000, 0x00000000c2110000, 0x00000000c24b0000)
 tenured generation   total 75096K, used 58806K [0x00000000d5550000, 0x00000000d9ea6000, 0x0000000100000000)
   the space 75096K,  78% used [0x00000000d5550000, 0x00000000d8ebda90, 0x00000000d8ebdc00, 0x00000000d9ea6000)
 Metaspace       used 79677K, capacity 80772K, committed 80896K, reserved 1118208K
  class space    used 11486K, capacity 11727K, committed 11776K, reserved 1048576K
Event: 35.656 GC heap after
Heap after GC invocations=186 (full 6):
 def new generation   total 33856K, used 1369K [0x00000000c0000000, 0x00000000c24b0000, 0x00000000d5550000)
  eden space 30144K,   0% used [0x00000000c0000000, 0x00000000c0000000, 0x00000000c1d70000)
  from space 3712K,  36% used [0x00000000c2110000, 0x00000000c2266450, 0x00000000c24b0000)
  to   space 3712K,   0% used [0x00000000c1d70000, 0x00000000c1d70000, 0x00000000c2110000)
 tenured generation   total 75096K, used 58836K [0x00000000d5550000, 0x00000000d9ea6000, 0x0000000100000000)
   the space 75096K,  78% used [0x00000000d5550000, 0x00000000d8ec5008, 0x00000000d8ec5200, 0x00000000d9ea6000)
 Metaspace       used 79677K, capacity 80772K, committed 80896K, reserved 1118208K
  class space    used 11486K, capacity 11727K, committed 11776K, reserved 1048576K
}
Event: 35.885 GC heap before
{Heap before GC invocations=186 (full 6):
 def new generation   total 33856K, used 24889K [0x00000000c0000000, 0x00000000c24b0000, 0x00000000d5550000)
  eden space 30144K,  78% used [0x00000000c0000000, 0x00000000c16f8000, 0x00000000c1d70000)
  from space 3712K,  36% used [0x00000000c2110000, 0x00000000c2266450, 0x00000000c24b0000)
  to   space 3712K,   0% used [0x00000000c1d70000, 0x00000000c1d70000, 0x00000000c2110000)
 tenured generation   total 75096K, used 58836K [0x00000000d5550000, 0x00000000d9ea6000, 0x0000000100000000)
   the space 75096K,  78% used [0x00000000d5550000, 0x00000000d8ec5008, 0x00000000d8ec5200, 0x00000000d9ea6000)
 Metaspace       used 79749K, capacity 80924K, committed 81152K, reserved 1118208K
  class space    used 11488K, capacity 11731K, committed 11776K, reserved 1048576K
Event: 35.893 GC heap after
Heap after GC invocations=187 (full 6):
 def new generation   total 33856K, used 1462K [0x00000000c0000000, 0x00000000c24b0000, 0x00000000d5550000)
  eden space 30144K,   0% used [0x00000000c0000000, 0x00000000c0000000, 0x00000000c1d70000)
  from space 3712K,  39% used [0x00000000c1d70000, 0x00000000c1edda18, 0x00000000c2110000)
  to   space 3712K,   0% used [0x00000000c2110000, 0x00000000c2110000, 0x00000000c24b0000)
 tenured generation   total 75096K, used 58866K [0x00000000d5550000, 0x00000000d9ea6000, 0x0000000100000000)
   the space 75096K,  78% used [0x00000000d5550000, 0x00000000d8ecc820, 0x00000000d8ecca00, 0x00000000d9ea6000)
 Metaspace       used 79749K, capacity 80924K, committed 81152K, reserved 1118208K
  class space    used 11488K, capacity 11731K, committed 11776K, reserved 1048576K
}
Event: 35.986 GC heap before
{Heap before GC invocations=187 (full 6):
 def new generation   total 33856K, used 30132K [0x00000000c0000000, 0x00000000c24b0000, 0x00000000d5550000)
  eden space 30144K,  95% used [0x00000000c0000000, 0x00000000c1bff6d0, 0x00000000c1d70000)
  from space 3712K,  39% used [0x00000000c1d70000, 0x00000000c1edda18, 0x00000000c2110000)
  to   space 3712K,   0% used [0x00000000c2110000, 0x00000000c2110000, 0x00000000c24b0000)
 tenured generation   total 75096K, used 58866K [0x00000000d5550000, 0x00000000d9ea6000, 0x0000000100000000)
   the space 75096K,  78% used [0x00000000d5550000, 0x00000000d8ecc820, 0x00000000d8ecca00, 0x00000000d9ea6000)
 Metaspace       used 79775K, capacity 80932K, committed 81152K, reserved 1118208K
  class space    used 11489K, capacity 11731K, committed 11776K, reserved 1048576K
Event: 35.994 GC heap after
Heap after GC invocations=188 (full 6):
 def new generation   total 33856K, used 1281K [0x00000000c0000000, 0x00000000c24b0000, 0x00000000d5550000)
  eden space 30144K,   0% used [0x00000000c0000000, 0x00000000c0000000, 0x00000000c1d70000)
  from space 3712K,  34% used [0x00000000c2110000, 0x00000000c22506c8, 0x00000000c24b0000)
  to   space 3712K,   0% used [0x00000000c1d70000, 0x00000000c1d70000, 0x00000000c2110000)
 tenured generation   total 75096K, used 58912K [0x00000000d5550000, 0x00000000d9ea6000, 0x0000000100000000)
   the space 75096K,  78% used [0x00000000d5550000, 0x00000000d8ed8100, 0x00000000d8ed8200, 0x00000000d9ea6000)
 Metaspace       used 79775K, capacity 80932K, committed 81152K, reserved 1118208K
  class space    used 11489K, capacity 11731K, committed 11776K, reserved 1048576K
}
Event: 36.048 GC heap before
{Heap before GC invocations=188 (full 6):
 def new generation   total 33856K, used 29436K [0x00000000c0000000, 0x00000000c24b0000, 0x00000000d5550000)
  eden space 30144K,  93% used [0x00000000c0000000, 0x00000000c1b7ea48, 0x00000000c1d70000)
  from space 3712K,  34% used [0x00000000c2110000, 0x00000000c22506c8, 0x00000000c24b0000)
  to   space 3712K,   0% used [0x00000000c1d70000, 0x00000000c1d70000, 0x00000000c2110000)
 tenured generation   total 75096K, used 58912K [0x00000000d5550000, 0x00000000d9ea6000, 0x0000000100000000)
   the space 75096K,  78% used [0x00000000d5550000, 0x00000000d8ed8100, 0x00000000d8ed8200, 0x00000000d9ea6000)
 Metaspace       used 79778K, capacity 80932K, committed 81152K, reserved 1118208K
  class space    used 11489K, capacity 11731K, committed 11776K, reserved 1048576K
Event: 36.056 GC heap after
Heap after GC invocations=189 (full 6):
 def new generation   total 33856K, used 1182K [0x00000000c0000000, 0x00000000c24b0000, 0x00000000d5550000)
  eden space 30144K,   0% used [0x00000000c0000000, 0x00000000c0000000, 0x00000000c1d70000)
  from space 3712K,  31% used [0x00000000c1d70000, 0x00000000c1e97b28, 0x00000000c2110000)
  to   space 3712K,   0% used [0x00000000c2110000, 0x00000000c2110000, 0x00000000c24b0000)
 tenured generation   total 75096K, used 58962K [0x00000000d5550000, 0x00000000d9ea6000, 0x0000000100000000)
   the space 75096K,  78% used [0x00000000d5550000, 0x00000000d8ee4a40, 0x00000000d8ee4c00, 0x00000000d9ea6000)
 Metaspace       used 79778K, capacity 80932K, committed 81152K, reserved 1118208K
  class space    used 11489K, capacity 11731K, committed 11776K, reserved 1048576K
}
Event: 36.207 GC heap before
{Heap before GC invocations=189 (full 6):
 def new generation   total 33856K, used 31326K [0x00000000c0000000, 0x00000000c24b0000, 0x00000000d5550000)
  eden space 30144K, 100% used [0x00000000c0000000, 0x00000000c1d70000, 0x00000000c1d70000)
  from space 3712K,  31% used [0x00000000c1d70000, 0x00000000c1e97b28, 0x00000000c2110000)
  to   space 3712K,   0% used [0x00000000c2110000, 0x00000000c2110000, 0x00000000c24b0000)
 tenured generation   total 75096K, used 58962K [0x00000000d5550000, 0x00000000d9ea6000, 0x0000000100000000)
   the space 75096K,  78% used [0x00000000d5550000, 0x00000000d8ee4a40, 0x00000000d8ee4c00, 0x00000000d9ea6000)
 Metaspace       used 79785K, capacity 80932K, committed 81152K, reserved 1118208K
  class space    used 11489K, capacity 11731K, committed 11776K, reserved 1048576K
Event: 36.215 GC heap after
Heap after GC invocations=190 (full 6):
 def new generation   total 33856K, used 1239K [0x00000000c0000000, 0x00000000c24b0000, 0x00000000d5550000)
  eden space 30144K,   0% used [0x00000000c0000000, 0x00000000c0000000, 0x00000000c1d70000)
  from space 3712K,  33% used [0x00000000c2110000, 0x00000000c2245e30, 0x00000000c24b0000)
  to   space 3712K,   0% used [0x00000000c1d70000, 0x00000000c1d70000, 0x00000000c2110000)
 tenured generation   total 75096K, used 59006K [0x00000000d5550000, 0x00000000d9ea6000, 0x0000000100000000)
   the space 75096K,  78% used [0x00000000d5550000, 0x00000000d8eefb50, 0x00000000d8eefc00, 0x00000000d9ea6000)
 Metaspace       used 79785K, capacity 80932K, committed 81152K, reserved 1118208K
  class space    used 11489K, capacity 11731K, committed 11776K, reserved 1048576K
}
Event: 36.371 GC heap before
{Heap before GC invocations=190 (full 6):
 def new generation   total 33856K, used 31383K [0x00000000c0000000, 0x00000000c24b0000, 0x00000000d5550000)
  eden space 30144K, 100% used [0x00000000c0000000, 0x00000000c1d70000, 0x00000000c1d70000)
  from space 3712K,  33% used [0x00000000c2110000, 0x00000000c2245e30, 0x00000000c24b0000)
  to   space 3712K,   0% used [0x00000000c1d70000, 0x00000000c1d70000, 0x00000000c2110000)
 tenured generation   total 75096K, used 59006K [0x00000000d5550000, 0x00000000d9ea6000, 0x0000000100000000)
   the space 75096K,  78% used [0x00000000d5550000, 0x00000000d8eefb50, 0x00000000d8eefc00, 0x00000000d9ea6000)
 Metaspace       used 79800K, capacity 80932K, committed 81152K, reserved 1118208K
  class space    used 11489K, capacity 11731K, committed 11776K, reserved 1048576K
Event: 36.379 GC heap after
Heap after GC invocations=191 (full 6):
 def new generation   total 33856K, used 1354K [0x00000000c0000000, 0x00000000c24b0000, 0x00000000d5550000)
  eden space 30144K,   0% used [0x00000000c0000000, 0x00000000c0000000, 0x00000000c1d70000)
  from space 3712K,  36% used [0x00000000c1d70000, 0x00000000c1ec29a0, 0x00000000c2110000)
  to   space 3712K,   0% used [0x00000000c2110000, 0x00000000c2110000, 0x00000000c24b0000)
 tenured generation   total 75096K, used 59050K [0x00000000d5550000, 0x00000000d9ea6000, 0x0000000100000000)
   the space 75096K,  78% used [0x00000000d5550000, 0x00000000d8efab30, 0x00000000d8efac00, 0x00000000d9ea6000)
 Metaspace       used 79800K, capacity 80932K, committed 81152K, reserved 1118208K
  class space    used 11489K, capacity 11731K, committed 11776K, reserved 1048576K
}
Event: 36.551 GC heap before
{Heap before GC invocations=191 (full 6):
 def new generation   total 33856K, used 31498K [0x00000000c0000000, 0x00000000c24b0000, 0x00000000d5550000)
  eden space 30144K, 100% used [0x00000000c0000000, 0x00000000c1d70000, 0x00000000c1d70000)
  from space 3712K,  36% used [0x00000000c1d70000, 0x00000000c1ec29a0, 0x00000000c2110000)
  to   space 3712K,   0% used [0x00000000c2110000, 0x00000000c2110000, 0x00000000c24b0000)
 tenured generation   total 75096K, used 59050K [0x00000000d5550000, 0x00000000d9ea6000, 0x0000000100000000)
   the space 75096K,  78% used [0x00000000d5550000, 0x00000000d8efab30, 0x00000000d8efac00, 0x00000000d9ea6000)
 Metaspace       used 79802K, capacity 80932K, committed 81152K, reserved 1118208K
  class space    used 11489K, capacity 11731K, committed 11776K, reserved 1048576K
Event: 36.560 GC heap after
Heap after GC invocations=192 (full 6):
 def new generation   total 33856K, used 1329K [0x00000000c0000000, 0x00000000c24b0000, 0x00000000d5550000)
  eden space 30144K,   0% used [0x00000000c0000000, 0x00000000c0000000, 0x00000000c1d70000)
  from space 3712K,  35% used [0x00000000c2110000, 0x00000000c225c768, 0x00000000c24b0000)
  to   space 3712K,   0% used [0x00000000c1d70000, 0x00000000c1d70000, 0x00000000c2110000)
 tenured generation   total 75096K, used 59100K [0x00000000d5550000, 0x00000000d9ea6000, 0x0000000100000000)
   the space 75096K,  78% used [0x00000000d5550000, 0x00000000d8f073c8, 0x00000000d8f07400, 0x00000000d9ea6000)
 Metaspace       used 79802K, capacity 80932K, committed 81152K, reserved 1118208K
  class space    used 11489K, capacity 11731K, committed 11776K, reserved 1048576K
}
Event: 36.720 GC heap before
{Heap before GC invocations=192 (full 6):
 def new generation   total 33856K, used 31473K [0x00000000c0000000, 0x00000000c24b0000, 0x00000000d5550000)
  eden space 30144K, 100% used [0x00000000c0000000, 0x00000000c1d70000, 0x00000000c1d70000)
  from space 3712K,  35% used [0x00000000c2110000, 0x00000000c225c768, 0x00000000c24b0000)
  to   space 3712K,   0% used [0x00000000c1d70000, 0x00000000c1d70000, 0x00000000c2110000)
 tenured generation   total 75096K, used 59100K [0x00000000d5550000, 0x00000000d9ea6000, 0x0000000100000000)
   the space 75096K,  78% used [0x00000000d5550000, 0x00000000d8f073c8, 0x00000000d8f07400, 0x00000000d9ea6000)
 Metaspace       used 79809K, capacity 80996K, committed 81152K, reserved 1118208K
  class space    used 11489K, capacity 11731K, committed 11776K, reserved 1048576K
Event: 36.728 GC heap after
Heap after GC invocations=193 (full 6):
 def new generation   total 33856K, used 1380K [0x00000000c0000000, 0x00000000c24b0000, 0x00000000d5550000)
  eden space 30144K,   0% used [0x00000000c0000000, 0x00000000c0000000, 0x00000000c1d70000)
  from space 3712K,  37% used [0x00000000c1d70000, 0x00000000c1ec9268, 0x00000000c2110000)
  to   space 3712K,   0% used [0x00000000c2110000, 0x00000000c2110000, 0x00000000c24b0000)
 tenured generation   total 75096K, used 59145K [0x00000000d5550000, 0x00000000d9ea6000, 0x0000000100000000)
   the space 75096K,  78% used [0x00000000d5550000, 0x00000000d8f12418, 0x00000000d8f12600, 0x00000000d9ea6000)
 Metaspace       used 79809K, capacity 80996K, committed 81152K, reserved 1118208K
  class space    used 11489K, capacity 11731K, committed 11776K, reserved 1048576K
}
Event: 36.913 GC heap before
{Heap before GC invocations=193 (full 6):
 def new generation   total 33856K, used 31524K [0x00000000c0000000, 0x00000000c24b0000, 0x00000000d5550000)
  eden space 30144K, 100% used [0x00000000c0000000, 0x00000000c1d70000, 0x00000000c1d70000)
  from space 3712K,  37% used [0x00000000c1d70000, 0x00000000c1ec9268, 0x00000000c2110000)
  to   space 3712K,   0% used [0x00000000c2110000, 0x00000000c2110000, 0x00000000c24b0000)
 tenured generation   total 75096K, used 59145K [0x00000000d5550000, 0x00000000d9ea6000, 0x0000000100000000)
   the space 75096K,  78% used [0x00000000d5550000, 0x00000000d8f12418, 0x00000000d8f12600, 0x00000000d9ea6000)
 Metaspace       used 79824K, capacity 80996K, committed 81152K, reserved 1118208K
  class space    used 11489K, capacity 11731K, committed 11776K, reserved 1048576K
Event: 36.921 GC heap after
Heap after GC invocations=194 (full 6):
 def new generation   total 33856K, used 1452K [0x00000000c0000000, 0x00000000c24b0000, 0x00000000d5550000)
  eden space 30144K,   0% used [0x00000000c0000000, 0x00000000c0000000, 0x00000000c1d70000)
  from space 3712K,  39% used [0x00000000c2110000, 0x00000000c227b0a8, 0x00000000c24b0000)
  to   space 3712K,   0% used [0x00000000c1d70000, 0x00000000c1d70000, 0x00000000c2110000)
 tenured generation   total 75096K, used 59172K [0x00000000d5550000, 0x00000000d9ea6000, 0x0000000100000000)
   the space 75096K,  78% used [0x00000000d5550000, 0x00000000d8f19240, 0x00000000d8f19400, 0x00000000d9ea6000)
 Metaspace       used 79824K, capacity 80996K, committed 81152K, reserved 1118208K
  class space    used 11489K, capacity 11731K, committed 11776K, reserved 1048576K
}
Event: 37.102 GC heap before
{Heap before GC invocations=194 (full 6):
 def new generation   total 33856K, used 31568K [0x00000000c0000000, 0x00000000c24b0000, 0x00000000d5550000)
  eden space 30144K,  99% used [0x00000000c0000000, 0x00000000c1d68f68, 0x00000000c1d70000)
  from space 3712K,  39% used [0x00000000c2110000, 0x00000000c227b0a8, 0x00000000c24b0000)
  to   space 3712K,   0% used [0x00000000c1d70000, 0x00000000c1d70000, 0x00000000c2110000)
 tenured generation   total 75096K, used 59172K [0x00000000d5550000, 0x00000000d9ea6000, 0x0000000100000000)
   the space 75096K,  78% used [0x00000000d5550000, 0x00000000d8f19240, 0x00000000d8f19400, 0x00000000d9ea6000)
 Metaspace       used 79862K, capacity 80996K, committed 81152K, reserved 1118208K
  class space    used 11489K, capacity 11731K, committed 11776K, reserved 1048576K
Event: 37.110 GC heap after
Heap after GC invocations=195 (full 6):
 def new generation   total 33856K, used 1526K [0x00000000c0000000, 0x00000000c24b0000, 0x00000000d5550000)
  eden space 30144K,   0% used [0x00000000c0000000, 0x00000000c0000000, 0x00000000c1d70000)
  from space 3712K,  41% used [0x00000000c1d70000, 0x00000000c1eed8c0, 0x00000000c2110000)
  to   space 3712K,   0% used [0x00000000c2110000, 0x00000000c2110000, 0x00000000c24b0000)
 tenured generation   total 75096K, used 59195K [0x00000000d5550000, 0x00000000d9ea6000, 0x0000000100000000)
   the space 75096K,  78% used [0x00000000d5550000, 0x00000000d8f1eee0, 0x00000000d8f1f000, 0x00000000d9ea6000)
 Metaspace       used 79862K, capacity 80996K, committed 81152K, reserved 1118208K
  class space    used 11489K, capacity 11731K, committed 11776K, reserved 1048576K
}
Event: 37.196 GC heap before
{Heap before GC invocations=195 (full 6):
 def new generation   total 33856K, used 29723K [0x00000000c0000000, 0x00000000c24b0000, 0x00000000d5550000)
  eden space 30144K,  93% used [0x00000000c0000000, 0x00000000c1b893b0, 0x00000000c1d70000)
  from space 3712K,  41% used [0x00000000c1d70000, 0x00000000c1eed8c0, 0x00000000c2110000)
  to   space 3712K,   0% used [0x00000000c2110000, 0x00000000c2110000, 0x00000000c24b0000)
 tenured generation   total 75096K, used 59195K [0x00000000d5550000, 0x00000000d9ea6000, 0x0000000100000000)
   the space 75096K,  78% used [0x00000000d5550000, 0x00000000d8f1eee0, 0x00000000d8f1f000, 0x00000000d9ea6000)
 Metaspace       used 79868K, capacity 80996K, committed 81152K, reserved 1118208K
  class space    used 11489K, capacity 11731K, committed 11776K, reserved 1048576K
Event: 37.203 GC heap after
Heap after GC invocations=196 (full 6):
 def new generation   total 33856K, used 1300K [0x00000000c0000000, 0x00000000c24b0000, 0x00000000d5550000)
  eden space 30144K,   0% used [0x00000000c0000000, 0x00000000c0000000, 0x00000000c1d70000)
  from space 3712K,  35% used [0x00000000c2110000, 0x00000000c22551f8, 0x00000000c24b0000)
  to   space 3712K,   0% used [0x00000000c1d70000, 0x00000000c1d70000, 0x00000000c2110000)
 tenured generation   total 75096K, used 59238K [0x00000000d5550000, 0x00000000d9ea6000, 0x0000000100000000)
   the space 75096K,  78% used [0x00000000d5550000, 0x00000000d8f29af8, 0x00000000d8f29c00, 0x00000000d9ea6000)
 Metaspace       used 79868K, capacity 80996K, committed 81152K, reserved 1118208K
  class space    used 11489K, capacity 11731K, committed 11776K, reserved 1048576K
}
Event: 37.371 GC heap before
{Heap before GC invocations=196 (full 6):
 def new generation   total 33856K, used 31444K [0x00000000c0000000, 0x00000000c24b0000, 0x00000000d5550000)
  eden space 30144K, 100% used [0x00000000c0000000, 0x00000000c1d70000, 0x00000000c1d70000)
  from space 3712K,  35% used [0x00000000c2110000, 0x00000000c22551f8, 0x00000000c24b0000)
  to   space 3712K,   0% used [0x00000000c1d70000, 0x00000000c1d70000, 0x00000000c2110000)
 tenured generation   total 75096K, used 59238K [0x00000000d5550000, 0x00000000d9ea6000, 0x0000000100000000)
   the space 75096K,  78% used [0x00000000d5550000, 0x00000000d8f29af8, 0x00000000d8f29c00, 0x00000000d9ea6000)
 Metaspace       used 79869K, capacity 80996K, committed 81152K, reserved 1118208K
  class space    used 11489K, capacity 11731K, committed 11776K, reserved 1048576K
Event: 37.379 GC heap after
Heap after GC invocations=197 (full 6):
 def new generation   total 33856K, used 1375K [0x00000000c0000000, 0x00000000c24b0000, 0x00000000d5550000)
  eden space 30144K,   0% used [0x00000000c0000000, 0x00000000c0000000, 0x00000000c1d70000)
  from space 3712K,  37% used [0x00000000c1d70000, 0x00000000c1ec7ca0, 0x00000000c2110000)
  to   space 3712K,   0% used [0x00000000c2110000, 0x00000000c2110000, 0x00000000c24b0000)
 tenured generation   total 75096K, used 59280K [0x00000000d5550000, 0x00000000d9ea6000, 0x0000000100000000)
   the space 75096K,  78% used [0x00000000d5550000, 0x00000000d8f34280, 0x00000000d8f34400, 0x00000000d9ea6000)
 Metaspace       used 79869K, capacity 80996K, committed 81152K, reserved 1118208K
  class space    used 11489K, capacity 11731K, committed 11776K, reserved 1048576K
}
Event: 37.527 GC heap before
{Heap before GC invocations=197 (full 6):
 def new generation   total 33856K, used 31519K [0x00000000c0000000, 0x00000000c24b0000, 0x00000000d5550000)
  eden space 30144K, 100% used [0x00000000c0000000, 0x00000000c1d70000, 0x00000000c1d70000)
  from space 3712K,  37% used [0x00000000c1d70000, 0x00000000c1ec7ca0, 0x00000000c2110000)
  to   space 3712K,   0% used [0x00000000c2110000, 0x00000000c2110000, 0x00000000c24b0000)
 tenured generation   total 75096K, used 59280K [0x00000000d5550000, 0x00000000d9ea6000, 0x0000000100000000)
   the space 75096K,  78% used [0x00000000d5550000, 0x00000000d8f34280, 0x00000000d8f34400, 0x00000000d9ea6000)
 Metaspace       used 79870K, capacity 80996K, committed 81152K, reserved 1118208K
  class space    used 11489K, capacity 11731K, committed 11776K, reserved 1048576K
Event: 37.536 GC heap after
Heap after GC invocations=198 (full 6):
 def new generation   total 33856K, used 1347K [0x00000000c0000000, 0x00000000c24b0000, 0x00000000d5550000)
  eden space 30144K,   0% used [0x00000000c0000000, 0x00000000c0000000, 0x00000000c1d70000)
  from space 3712K,  36% used [0x00000000c2110000, 0x00000000c2260e78, 0x00000000c24b0000)
  to   space 3712K,   0% used [0x00000000c1d70000, 0x00000000c1d70000, 0x00000000c2110000)
 tenured generation   total 75096K, used 59325K [0x00000000d5550000, 0x00000000d9ea6000, 0x0000000100000000)
   the space 75096K,  78% used [0x00000000d5550000, 0x00000000d8f3f468, 0x00000000d8f3f600, 0x00000000d9ea6000)
 Metaspace       used 79870K, capacity 80996K, committed 81152K, reserved 1118208K
  class space    used 11489K, capacity 11731K, committed 11776K, reserved 1048576K
}
Event: 37.704 GC heap before
{Heap before GC invocations=198 (full 6):
 def new generation   total 33856K, used 31491K [0x00000000c0000000, 0x00000000c24b0000, 0x00000000d5550000)
  eden space 30144K, 100% used [0x00000000c0000000, 0x00000000c1d70000, 0x00000000c1d70000)
  from space 3712K,  36% used [0x00000000c2110000, 0x00000000c2260e78, 0x00000000c24b0000)
  to   space 3712K,   0% used [0x00000000c1d70000, 0x00000000c1d70000, 0x00000000c2110000)
 tenured generation   total 75096K, used 59325K [0x00000000d5550000, 0x00000000d9ea6000, 0x0000000100000000)
   the space 75096K,  78% used [0x00000000d5550000, 0x00000000d8f3f468, 0x00000000d8f3f600, 0x00000000d9ea6000)
 Metaspace       used 79872K, capacity 81004K, committed 81152K, reserved 1118208K
  class space    used 11489K, capacity 11731K, committed 11776K, reserved 1048576K
Event: 37.712 GC heap after
Heap after GC invocations=199 (full 6):
 def new generation   total 33856K, used 1421K [0x00000000c0000000, 0x00000000c24b0000, 0x00000000d5550000)
  eden space 30144K,   0% used [0x00000000c0000000, 0x00000000c0000000, 0x00000000c1d70000)
  from space 3712K,  38% used [0x00000000c1d70000, 0x00000000c1ed37d8, 0x00000000c2110000)
  to   space 3712K,   0% used [0x00000000c2110000, 0x00000000c2110000, 0x00000000c24b0000)
 tenured generation   total 75096K, used 59362K [0x00000000d5550000, 0x00000000d9ea6000, 0x0000000100000000)
   the space 75096K,  79% used [0x00000000d5550000, 0x00000000d8f48a10, 0x00000000d8f48c00, 0x00000000d9ea6000)
 Metaspace       used 79872K, capacity 81004K, committed 81152K, reserved 1118208K
  class space    used 11489K, capacity 11731K, committed 11776K, reserved 1048576K
}
Event: 37.849 GC heap before
{Heap before GC invocations=199 (full 6):
 def new generation   total 33856K, used 26622K [0x00000000c0000000, 0x00000000c24b0000, 0x00000000d5550000)
  eden space 30144K,  83% used [0x00000000c0000000, 0x00000000c189c380, 0x00000000c1d70000)
  from space 3712K,  38% used [0x00000000c1d70000, 0x00000000c1ed37d8, 0x00000000c2110000)
  to   space 3712K,   0% used [0x00000000c2110000, 0x00000000c2110000, 0x00000000c24b0000)
 tenured generation   total 75096K, used 59362K [0x00000000d5550000, 0x00000000d9ea6000, 0x0000000100000000)
   the space 75096K,  79% used [0x00000000d5550000, 0x00000000d8f48a10, 0x00000000d8f48c00, 0x00000000d9ea6000)
 Metaspace       used 79872K, capacity 81004K, committed 81152K, reserved 1118208K
  class space    used 11489K, capacity 11731K, committed 11776K, reserved 1048576K
Event: 37.858 GC heap after
Heap after GC invocations=200 (full 6):
 def new generation   total 33856K, used 1680K [0x00000000c0000000, 0x00000000c24b0000, 0x00000000d5550000)
  eden space 30144K,   0% used [0x00000000c0000000, 0x00000000c0000000, 0x00000000c1d70000)
  from space 3712K,  45% used [0x00000000c2110000, 0x00000000c22b4160, 0x00000000c24b0000)
  to   space 3712K,   0% used [0x00000000c1d70000, 0x00000000c1d70000, 0x00000000c2110000)
 tenured generation   total 75096K, used 59470K [0x00000000d5550000, 0x00000000d9ea6000, 0x0000000100000000)
   the space 75096K,  79% used [0x00000000d5550000, 0x00000000d8f63b08, 0x00000000d8f63c00, 0x00000000d9ea6000)
 Metaspace       used 79872K, capacity 81004K, committed 81152K, reserved 1118208K
  class space    used 11489K, capacity 11731K, committed 11776K, reserved 1048576K
}
Event: 38.088 GC heap before
{Heap before GC invocations=200 (full 6):
 def new generation   total 33856K, used 31824K [0x00000000c0000000, 0x00000000c24b0000, 0x00000000d5550000)
  eden space 30144K, 100% used [0x00000000c0000000, 0x00000000c1d70000, 0x00000000c1d70000)
  from space 3712K,  45% used [0x00000000c2110000, 0x00000000c22b4160, 0x00000000c24b0000)
  to   space 3712K,   0% used [0x00000000c1d70000, 0x00000000c1d70000, 0x00000000c2110000)
 tenured generation   total 75096K, used 59470K [0x00000000d5550000, 0x00000000d9ea6000, 0x0000000100000000)
   the space 75096K,  79% used [0x00000000d5550000, 0x00000000d8f63b08, 0x00000000d8f63c00, 0x00000000d9ea6000)
 Metaspace       used 80023K, capacity 81196K, committed 81408K, reserved 1118208K
  class space    used 11490K, capacity 11731K, committed 11776K, reserved 1048576K
Event: 38.096 GC heap after
Heap after GC invocations=201 (full 6):
 def new generation   total 33856K, used 1047K [0x00000000c0000000, 0x00000000c24b0000, 0x00000000d5550000)
  eden space 30144K,   0% used [0x00000000c0000000, 0x00000000c0000000, 0x00000000c1d70000)
  from space 3712K,  28% used [0x00000000c1d70000, 0x00000000c1e75e58, 0x00000000c2110000)
  to   space 3712K,   0% used [0x00000000c2110000, 0x00000000c2110000, 0x00000000c24b0000)
 tenured generation   total 75096K, used 59602K [0x00000000d5550000, 0x00000000d9ea6000, 0x0000000100000000)
   the space 75096K,  79% used [0x00000000d5550000, 0x00000000d8f84a30, 0x00000000d8f84c00, 0x00000000d9ea6000)
 Metaspace       used 80023K, capacity 81196K, committed 81408K, reserved 1118208K
  class space    used 11490K, capacity 11731K, committed 11776K, reserved 1048576K
}
Event: 38.321 GC heap before
{Heap before GC invocations=201 (full 6):
 def new generation   total 33856K, used 27704K [0x00000000c0000000, 0x00000000c24b0000, 0x00000000d5550000)
  eden space 30144K,  88% used [0x00000000c0000000, 0x00000000c1a081d0, 0x00000000c1d70000)
  from space 3712K,  28% used [0x00000000c1d70000, 0x00000000c1e75e58, 0x00000000c2110000)
  to   space 3712K,   0% used [0x00000000c2110000, 0x00000000c2110000, 0x00000000c24b0000)
 tenured generation   total 75096K, used 59602K [0x00000000d5550000, 0x00000000d9ea6000, 0x0000000100000000)
   the space 75096K,  79% used [0x00000000d5550000, 0x00000000d8f84a30, 0x00000000d8f84c00, 0x00000000d9ea6000)
 Metaspace       used 80088K, capacity 81220K, committed 81408K, reserved 1118208K
  class space    used 11493K, capacity 11738K, committed 11776K, reserved 1048576K
Event: 38.329 GC heap after
Heap after GC invocations=202 (full 6):
 def new generation   total 33856K, used 1165K [0x00000000c0000000, 0x00000000c24b0000, 0x00000000d5550000)
  eden space 30144K,   0% used [0x00000000c0000000, 0x00000000c0000000, 0x00000000c1d70000)
  from space 3712K,  31% used [0x00000000c2110000, 0x00000000c22336e0, 0x00000000c24b0000)
  to   space 3712K,   0% used [0x00000000c1d70000, 0x00000000c1d70000, 0x00000000c2110000)
 tenured generation   total 75096K, used 59681K [0x00000000d5550000, 0x00000000d9ea6000, 0x0000000100000000)
   the space 75096K,  79% used [0x00000000d5550000, 0x00000000d8f985b0, 0x00000000d8f98600, 0x00000000d9ea6000)
 Metaspace       used 80088K, capacity 81220K, committed 81408K, reserved 1118208K
  class space    used 11493K, capacity 11738K, committed 11776K, reserved 1048576K
}
Event: 38.466 GC heap before
{Heap before GC invocations=202 (full 6):
 def new generation   total 33856K, used 31284K [0x00000000c0000000, 0x00000000c24b0000, 0x00000000d5550000)
  eden space 30144K,  99% used [0x00000000c0000000, 0x00000000c1d69978, 0x00000000c1d70000)
  from space 3712K,  31% used [0x00000000c2110000, 0x00000000c22336e0, 0x00000000c24b0000)
  to   space 3712K,   0% used [0x00000000c1d70000, 0x00000000c1d70000, 0x00000000c2110000)
 tenured generation   total 75096K, used 59681K [0x00000000d5550000, 0x00000000d9ea6000, 0x0000000100000000)
   the space 75096K,  79% used [0x00000000d5550000, 0x00000000d8f985b0, 0x00000000d8f98600, 0x00000000d9ea6000)
 Metaspace       used 80139K, capacity 81372K, committed 81408K, reserved 1118208K
  class space    used 11497K, capacity 11742K, committed 11776K, reserved 1048576K

