# JRE version: OpenJDK Runtime Environment (8.0_201-b09) (build 1.8.0_201-b09)
# Java VM: OpenJDK 64-Bit Server VM (25.201-b09 mixed mode linux-amd64 compressed oops)
Heap:
 def new generation   total 33728K, used 0K [0x00000000c0000000, 0x00000000c2490000, 0x00000000d5550000)
  eden space 30016K,   0% used [0x00000000c0000000, 0x00000000c0000000, 0x00000000c1d50000)
  from space 3712K,   0% used [0x00000000c20f0000, 0x00000000c20f0000, 0x00000000c2490000)
  to   space 3712K,   0% used [0x00000000c1d50000, 0x00000000c1d50000, 0x00000000c20f0000)
 tenured generation   total 91208K, used 79478K [0x00000000d5550000, 0x00000000dae62000, 0x0000000100000000)
   the space 91208K,  87% used [0x00000000d5550000, 0x00000000da2eda70, 0x00000000da2edc00, 0x00000000dae62000)
 Metaspace       used 80457K, capacity 81846K, committed 81920K, reserved 1120256K
  class space    used 11498K, capacity 11755K, committed 11776K, reserved 1048576K
GC Heap History (250 events):
Event: 6.297 GC heap after
Heap after GC invocations=94 (full 2):
 def new generation   total 5760K, used 334K [0x00000000c0000000, 0x00000000c0640000, 0x00000000d5550000)
  eden space 5120K,   0% used [0x00000000c0000000, 0x00000000c0000000, 0x00000000c0500000)
  from space 640K,  52% used [0x00000000c0500000, 0x00000000c05539a8, 0x00000000c05a0000)
  to   space 640K,   0% used [0x00000000c05a0000, 0x00000000c05a0000, 0x00000000c0640000)
 tenured generation   total 12724K, used 7919K [0x00000000d5550000, 0x00000000d61bd000, 0x0000000100000000)
   the space 12724K,  62% used [0x00000000d5550000, 0x00000000d5d0bd48, 0x00000000d5d0be00, 0x00000000d61bd000)
 Metaspace       used 36290K, capacity 36616K, committed 36992K, reserved 1081344K
  class space    used 4891K, capacity 4988K, committed 4992K, reserved 1048576K
}
Event: 6.403 GC heap before
{Heap before GC invocations=94 (full 2):
 def new generation   total 5760K, used 5454K [0x00000000c0000000, 0x00000000c0640000, 0x00000000d5550000)
  eden space 5120K, 100% used [0x00000000c0000000, 0x00000000c0500000, 0x00000000c0500000)
  from space 640K,  52% used [0x00000000c0500000, 0x00000000c05539a8, 0x00000000c05a0000)
  to   space 640K,   0% used [0x00000000c05a0000, 0x00000000c05a0000, 0x00000000c0640000)
 tenured generation   total 12724K, used 7919K [0x00000000d5550000, 0x00000000d61bd000, 0x0000000100000000)
   the space 12724K,  62% used [0x00000000d5550000, 0x00000000d5d0bd48, 0x00000000d5d0be00, 0x00000000d61bd000)
 Metaspace       used 36663K, capacity 36842K, committed 37376K, reserved 1081344K
  class space    used 4947K, capacity 5021K, committed 5120K, reserved 1048576K
Event: 6.406 GC heap after
Heap after GC invocations=95 (full 2):
 def new generation   total 5760K, used 242K [0x00000000c0000000, 0x00000000c0640000, 0x00000000d5550000)
  eden space 5120K,   0% used [0x00000000c0000000, 0x00000000c0000000, 0x00000000c0500000)
  from space 640K,  37% used [0x00000000c05a0000, 0x00000000c05dc940, 0x00000000c0640000)
  to   space 640K,   0% used [0x00000000c0500000, 0x00000000c0500000, 0x00000000c05a0000)
 tenured generation   total 12724K, used 7964K [0x00000000d5550000, 0x00000000d61bd000, 0x0000000100000000)
   the space 12724K,  62% used [0x00000000d5550000, 0x00000000d5d170e8, 0x00000000d5d17200, 0x00000000d61bd000)
 Metaspace       used 36663K, capacity 36842K, committed 37376K, reserved 1081344K
  class space    used 4947K, capacity 5021K, committed 5120K, reserved 1048576K
}
Event: 6.479 GC heap before
{Heap before GC invocations=95 (full 2):
 def new generation   total 5760K, used 5362K [0x00000000c0000000, 0x00000000c0640000, 0x00000000d5550000)
  eden space 5120K, 100% used [0x00000000c0000000, 0x00000000c0500000, 0x00000000c0500000)
  from space 640K,  37% used [0x00000000c05a0000, 0x00000000c05dc940, 0x00000000c0640000)
  to   space 640K,   0% used [0x00000000c0500000, 0x00000000c0500000, 0x00000000c05a0000)
 tenured generation   total 12724K, used 7964K [0x00000000d5550000, 0x00000000d61bd000, 0x0000000100000000)
   the space 12724K,  62% used [0x00000000d5550000, 0x00000000d5d170e8, 0x00000000d5d17200, 0x00000000d61bd000)
 Metaspace       used 36830K, capacity 37098K, committed 37376K, reserved 1081344K
  class space    used 4994K, capacity 5085K, committed 5120K, reserved 1048576K
Event: 6.482 GC heap after
Heap after GC invocations=96 (full 2):
 def new generation   total 5760K, used 207K [0x00000000c0000000, 0x00000000c0640000, 0x00000000d5550000)
  eden space 5120K,   0% used [0x00000000c0000000, 0x00000000c0000000, 0x00000000c0500000)
  from space 640K,  32% used [0x00000000c0500000, 0x00000000c0533d10, 0x00000000c05a0000)
  to   space 640K,   0% used [0x00000000c05a0000, 0x00000000c05a0000, 0x00000000c0640000)
 tenured generation   total 12724K, used 7964K [0x00000000d5550000, 0x00000000d61bd000, 0x0000000100000000)
   the space 12724K,  62% used [0x00000000d5550000, 0x00000000d5d170e8, 0x00000000d5d17200, 0x00000000d61bd000)
 Metaspace       used 36830K, capacity 37098K, committed 37376K, reserved 1081344K
  class space    used 4994K, capacity 5085K, committed 5120K, reserved 1048576K
}
Event: 6.568 GC heap before
{Heap before GC invocations=96 (full 2):
 def new generation   total 5760K, used 5327K [0x00000000c0000000, 0x00000000c0640000, 0x00000000d5550000)
  eden space 5120K, 100% used [0x00000000c0000000, 0x00000000c0500000, 0x00000000c0500000)
  from space 640K,  32% used [0x00000000c0500000, 0x00000000c0533d10, 0x00000000c05a0000)
  to   space 640K,   0% used [0x00000000c05a0000, 0x00000000c05a0000, 0x00000000c0640000)
 tenured generation   total 12724K, used 7964K [0x00000000d5550000, 0x00000000d61bd000, 0x0000000100000000)
   the space 12724K,  62% used [0x00000000d5550000, 0x00000000d5d170e8, 0x00000000d5d17200, 0x00000000d61bd000)
 Metaspace       used 37065K, capacity 37322K, committed 37632K, reserved 1081344K
  class space    used 5035K, capacity 5117K, committed 5120K, reserved 1048576K
Event: 6.571 GC heap after
Heap after GC invocations=97 (full 2):
 def new generation   total 5760K, used 299K [0x00000000c0000000, 0x00000000c0640000, 0x00000000d5550000)
  eden space 5120K,   0% used [0x00000000c0000000, 0x00000000c0000000, 0x00000000c0500000)
  from space 640K,  46% used [0x00000000c05a0000, 0x00000000c05eaef8, 0x00000000c0640000)
  to   space 640K,   0% used [0x00000000c0500000, 0x00000000c0500000, 0x00000000c05a0000)
 tenured generation   total 12724K, used 7964K [0x00000000d5550000, 0x00000000d61bd000, 0x0000000100000000)
   the space 12724K,  62% used [0x00000000d5550000, 0x00000000d5d170e8, 0x00000000d5d17200, 0x00000000d61bd000)
 Metaspace       used 37065K, capacity 37322K, committed 37632K, reserved 1081344K
  class space    used 5035K, capacity 5117K, committed 5120K, reserved 1048576K
}
Event: 6.635 GC heap before
{Heap before GC invocations=97 (full 2):
 def new generation   total 5760K, used 5419K [0x00000000c0000000, 0x00000000c0640000, 0x00000000d5550000)
  eden space 5120K, 100% used [0x00000000c0000000, 0x00000000c0500000, 0x00000000c0500000)
  from space 640K,  46% used [0x00000000c05a0000, 0x00000000c05eaef8, 0x00000000c0640000)
  to   space 640K,   0% used [0x00000000c0500000, 0x00000000c0500000, 0x00000000c05a0000)
 tenured generation   total 12724K, used 7964K [0x00000000d5550000, 0x00000000d61bd000, 0x0000000100000000)
   the space 12724K,  62% used [0x00000000d5550000, 0x00000000d5d170e8, 0x00000000d5d17200, 0x00000000d61bd000)
 Metaspace       used 37371K, capacity 37648K, committed 38016K, reserved 1081344K
  class space    used 5076K, capacity 5182K, committed 5248K, reserved 1048576K
Event: 6.638 GC heap after
Heap after GC invocations=98 (full 2):
 def new generation   total 5760K, used 308K [0x00000000c0000000, 0x00000000c0640000, 0x00000000d5550000)
  eden space 5120K,   0% used [0x00000000c0000000, 0x00000000c0000000, 0x00000000c0500000)
  from space 640K,  48% used [0x00000000c0500000, 0x00000000c054d0c0, 0x00000000c05a0000)
  to   space 640K,   0% used [0x00000000c05a0000, 0x00000000c05a0000, 0x00000000c0640000)
 tenured generation   total 12724K, used 7964K [0x00000000d5550000, 0x00000000d61bd000, 0x0000000100000000)
   the space 12724K,  62% used [0x00000000d5550000, 0x00000000d5d170e8, 0x00000000d5d17200, 0x00000000d61bd000)
 Metaspace       used 37371K, capacity 37648K, committed 38016K, reserved 1081344K
  class space    used 5076K, capacity 5182K, committed 5248K, reserved 1048576K
}
Event: 6.670 GC heap before
{Heap before GC invocations=98 (full 2):
 def new generation   total 5760K, used 5428K [0x00000000c0000000, 0x00000000c0640000, 0x00000000d5550000)
  eden space 5120K, 100% used [0x00000000c0000000, 0x00000000c0500000, 0x00000000c0500000)
  from space 640K,  48% used [0x00000000c0500000, 0x00000000c054d0c0, 0x00000000c05a0000)
  to   space 640K,   0% used [0x00000000c05a0000, 0x00000000c05a0000, 0x00000000c0640000)
 tenured generation   total 12724K, used 7964K [0x00000000d5550000, 0x00000000d61bd000, 0x0000000100000000)
   the space 12724K,  62% used [0x00000000d5550000, 0x00000000d5d170e8, 0x00000000d5d17200, 0x00000000d61bd000)
 Metaspace       used 37507K, capacity 37840K, committed 38272K, reserved 1083392K
  class space    used 5121K, capacity 5246K, committed 5248K, reserved 1048576K
Event: 6.672 GC heap after
Heap after GC invocations=99 (full 2):
 def new generation   total 5760K, used 382K [0x00000000c0000000, 0x00000000c0640000, 0x00000000d5550000)
  eden space 5120K,   0% used [0x00000000c0000000, 0x00000000c0000000, 0x00000000c0500000)
  from space 640K,  59% used [0x00000000c05a0000, 0x00000000c05ffa90, 0x00000000c0640000)
  to   space 640K,   0% used [0x00000000c0500000, 0x00000000c0500000, 0x00000000c05a0000)
 tenured generation   total 12724K, used 7964K [0x00000000d5550000, 0x00000000d61bd000, 0x0000000100000000)
   the space 12724K,  62% used [0x00000000d5550000, 0x00000000d5d170e8, 0x00000000d5d17200, 0x00000000d61bd000)
 Metaspace       used 37507K, capacity 37840K, committed 38272K, reserved 1083392K
  class space    used 5121K, capacity 5246K, committed 5248K, reserved 1048576K
}
Event: 6.733 GC heap before
{Heap before GC invocations=99 (full 2):
 def new generation   total 5760K, used 5502K [0x00000000c0000000, 0x00000000c0640000, 0x00000000d5550000)
  eden space 5120K, 100% used [0x00000000c0000000, 0x00000000c0500000, 0x00000000c0500000)
  from space 640K,  59% used [0x00000000c05a0000, 0x00000000c05ffa90, 0x00000000c0640000)
  to   space 640K,   0% used [0x00000000c0500000, 0x00000000c0500000, 0x00000000c05a0000)
 tenured generation   total 12724K, used 7964K [0x00000000d5550000, 0x00000000d61bd000, 0x0000000100000000)
   the space 12724K,  62% used [0x00000000d5550000, 0x00000000d5d170e8, 0x00000000d5d17200, 0x00000000d61bd000)
 Metaspace       used 37738K, capacity 38064K, committed 38400K, reserved 1083392K
  class space    used 5167K, capacity 5278K, committed 5376K, reserved 1048576K
Event: 6.736 GC heap after
Heap after GC invocations=100 (full 2):
 def new generation   total 5760K, used 460K [0x00000000c0000000, 0x00000000c0640000, 0x00000000d5550000)
  eden space 5120K,   0% used [0x00000000c0000000, 0x00000000c0000000, 0x00000000c0500000)
  from space 640K,  71% used [0x00000000c0500000, 0x00000000c0573180, 0x00000000c05a0000)
  to   space 640K,   0% used [0x00000000c05a0000, 0x00000000c05a0000, 0x00000000c0640000)
 tenured generation   total 12724K, used 8035K [0x00000000d5550000, 0x00000000d61bd000, 0x0000000100000000)
   the space 12724K,  63% used [0x00000000d5550000, 0x00000000d5d28e10, 0x00000000d5d29000, 0x00000000d61bd000)
 Metaspace       used 37738K, capacity 38064K, committed 38400K, reserved 1083392K
  class space    used 5167K, capacity 5278K, committed 5376K, reserved 1048576K
}
Event: 6.822 GC heap before
{Heap before GC invocations=100 (full 2):
 def new generation   total 5760K, used 5580K [0x00000000c0000000, 0x00000000c0640000, 0x00000000d5550000)
  eden space 5120K, 100% used [0x00000000c0000000, 0x00000000c0500000, 0x00000000c0500000)
  from space 640K,  71% used [0x00000000c0500000, 0x00000000c0573180, 0x00000000c05a0000)
  to   space 640K,   0% used [0x00000000c05a0000, 0x00000000c05a0000, 0x00000000c0640000)
 tenured generation   total 12724K, used 8035K [0x00000000d5550000, 0x00000000d61bd000, 0x0000000100000000)
   the space 12724K,  63% used [0x00000000d5550000, 0x00000000d5d28e10, 0x00000000d5d29000, 0x00000000d61bd000)
 Metaspace       used 38056K, capacity 38358K, committed 38656K, reserved 1083392K
  class space    used 5214K, capacity 5311K, committed 5376K, reserved 1048576K
Event: 6.825 GC heap after
Heap after GC invocations=101 (full 2):
 def new generation   total 5760K, used 345K [0x00000000c0000000, 0x00000000c0640000, 0x00000000d5550000)
  eden space 5120K,   0% used [0x00000000c0000000, 0x00000000c0000000, 0x00000000c0500000)
  from space 640K,  53% used [0x00000000c05a0000, 0x00000000c05f6438, 0x00000000c0640000)
  to   space 640K,   0% used [0x00000000c0500000, 0x00000000c0500000, 0x00000000c05a0000)
 tenured generation   total 12724K, used 8202K [0x00000000d5550000, 0x00000000d61bd000, 0x0000000100000000)
   the space 12724K,  64% used [0x00000000d5550000, 0x00000000d5d528e8, 0x00000000d5d52a00, 0x00000000d61bd000)
 Metaspace       used 38056K, capacity 38358K, committed 38656K, reserved 1083392K
  class space    used 5214K, capacity 5311K, committed 5376K, reserved 1048576K
}
Event: 6.898 GC heap before
{Heap before GC invocations=101 (full 2):
 def new generation   total 5760K, used 5465K [0x00000000c0000000, 0x00000000c0640000, 0x00000000d5550000)
  eden space 5120K, 100% used [0x00000000c0000000, 0x00000000c0500000, 0x00000000c0500000)
  from space 640K,  53% used [0x00000000c05a0000, 0x00000000c05f6438, 0x00000000c0640000)
  to   space 640K,   0% used [0x00000000c0500000, 0x00000000c0500000, 0x00000000c05a0000)
 tenured generation   total 12724K, used 8202K [0x00000000d5550000, 0x00000000d61bd000, 0x0000000100000000)
   the space 12724K,  64% used [0x00000000d5550000, 0x00000000d5d528e8, 0x00000000d5d52a00, 0x00000000d61bd000)
 Metaspace       used 38296K, capacity 38614K, committed 38912K, reserved 1083392K
  class space    used 5262K, capacity 5375K, committed 5376K, reserved 1048576K
Event: 6.901 GC heap after
Heap after GC invocations=102 (full 2):
 def new generation   total 5760K, used 266K [0x00000000c0000000, 0x00000000c0640000, 0x00000000d5550000)
  eden space 5120K,   0% used [0x00000000c0000000, 0x00000000c0000000, 0x00000000c0500000)
  from space 640K,  41% used [0x00000000c0500000, 0x00000000c0542850, 0x00000000c05a0000)
  to   space 640K,   0% used [0x00000000c05a0000, 0x00000000c05a0000, 0x00000000c0640000)
 tenured generation   total 12724K, used 8287K [0x00000000d5550000, 0x00000000d61bd000, 0x0000000100000000)
   the space 12724K,  65% used [0x00000000d5550000, 0x00000000d5d67e60, 0x00000000d5d68000, 0x00000000d61bd000)
 Metaspace       used 38296K, capacity 38614K, committed 38912K, reserved 1083392K
  class space    used 5262K, capacity 5375K, committed 5376K, reserved 1048576K
}
Event: 6.967 GC heap before
{Heap before GC invocations=102 (full 2):
 def new generation   total 5760K, used 5386K [0x00000000c0000000, 0x00000000c0640000, 0x00000000d5550000)
  eden space 5120K, 100% used [0x00000000c0000000, 0x00000000c0500000, 0x00000000c0500000)
  from space 640K,  41% used [0x00000000c0500000, 0x00000000c0542850, 0x00000000c05a0000)
  to   space 640K,   0% used [0x00000000c05a0000, 0x00000000c05a0000, 0x00000000c0640000)
 tenured generation   total 12724K, used 8287K [0x00000000d5550000, 0x00000000d61bd000, 0x0000000100000000)
   the space 12724K,  65% used [0x00000000d5550000, 0x00000000d5d67e60, 0x00000000d5d68000, 0x00000000d61bd000)
 Metaspace       used 38603K, capacity 38966K, committed 39296K, reserved 1083392K
  class space    used 5307K, capacity 5407K, committed 5504K, reserved 1048576K
Event: 6.969 GC heap after
Heap after GC invocations=103 (full 2):
 def new generation   total 5760K, used 435K [0x00000000c0000000, 0x00000000c0640000, 0x00000000d5550000)
  eden space 5120K,   0% used [0x00000000c0000000, 0x00000000c0000000, 0x00000000c0500000)
  from space 640K,  67% used [0x00000000c05a0000, 0x00000000c060cc58, 0x00000000c0640000)
  to   space 640K,   0% used [0x00000000c0500000, 0x00000000c0500000, 0x00000000c05a0000)
 tenured generation   total 12724K, used 8287K [0x00000000d5550000, 0x00000000d61bd000, 0x0000000100000000)
   the space 12724K,  65% used [0x00000000d5550000, 0x00000000d5d67e60, 0x00000000d5d68000, 0x00000000d61bd000)
 Metaspace       used 38603K, capacity 38966K, committed 39296K, reserved 1083392K
  class space    used 5307K, capacity 5407K, committed 5504K, reserved 1048576K
}
Event: 7.050 GC heap before
{Heap before GC invocations=103 (full 2):
 def new generation   total 5760K, used 5555K [0x00000000c0000000, 0x00000000c0640000, 0x00000000d5550000)
  eden space 5120K, 100% used [0x00000000c0000000, 0x00000000c0500000, 0x00000000c0500000)
  from space 640K,  67% used [0x00000000c05a0000, 0x00000000c060cc58, 0x00000000c0640000)
  to   space 640K,   0% used [0x00000000c0500000, 0x00000000c0500000, 0x00000000c05a0000)
 tenured generation   total 12724K, used 8287K [0x00000000d5550000, 0x00000000d61bd000, 0x0000000100000000)
   the space 12724K,  65% used [0x00000000d5550000, 0x00000000d5d67e60, 0x00000000d5d68000, 0x00000000d61bd000)
 Metaspace       used 38813K, capacity 39126K, committed 39552K, reserved 1083392K
  class space    used 5340K, capacity 5439K, committed 5504K, reserved 1048576K
Event: 7.053 GC heap after
Heap after GC invocations=104 (full 2):
 def new generation   total 5760K, used 275K [0x00000000c0000000, 0x00000000c0640000, 0x00000000d5550000)
  eden space 5120K,   0% used [0x00000000c0000000, 0x00000000c0000000, 0x00000000c0500000)
  from space 640K,  43% used [0x00000000c0500000, 0x00000000c0544f30, 0x00000000c05a0000)
  to   space 640K,   0% used [0x00000000c05a0000, 0x00000000c05a0000, 0x00000000c0640000)
 tenured generation   total 12724K, used 8355K [0x00000000d5550000, 0x00000000d61bd000, 0x0000000100000000)
   the space 12724K,  65% used [0x00000000d5550000, 0x00000000d5d78cc0, 0x00000000d5d78e00, 0x00000000d61bd000)
 Metaspace       used 38813K, capacity 39126K, committed 39552K, reserved 1083392K
  class space    used 5340K, capacity 5439K, committed 5504K, reserved 1048576K
}
Event: 7.174 GC heap before
{Heap before GC invocations=104 (full 2):
 def new generation   total 5760K, used 5395K [0x00000000c0000000, 0x00000000c0640000, 0x00000000d5550000)
  eden space 5120K, 100% used [0x00000000c0000000, 0x00000000c0500000, 0x00000000c0500000)
  from space 640K,  43% used [0x00000000c0500000, 0x00000000c0544f30, 0x00000000c05a0000)
  to   space 640K,   0% used [0x00000000c05a0000, 0x00000000c05a0000, 0x00000000c0640000)
 tenured generation   total 12724K, used 8355K [0x00000000d5550000, 0x00000000d61bd000, 0x0000000100000000)
   the space 12724K,  65% used [0x00000000d5550000, 0x00000000d5d78cc0, 0x00000000d5d78e00, 0x00000000d61bd000)
 Metaspace       used 39006K, capacity 39308K, committed 39808K, reserved 1083392K
  class space    used 5375K, capacity 5476K, committed 5504K, reserved 1048576K
Event: 7.177 GC heap after
Heap after GC invocations=105 (full 2):
 def new generation   total 5760K, used 272K [0x00000000c0000000, 0x00000000c0640000, 0x00000000d5550000)
  eden space 5120K,   0% used [0x00000000c0000000, 0x00000000c0000000, 0x00000000c0500000)
  from space 640K,  42% used [0x00000000c05a0000, 0x00000000c05e4310, 0x00000000c0640000)
  to   space 640K,   0% used [0x00000000c0500000, 0x00000000c0500000, 0x00000000c05a0000)
 tenured generation   total 12724K, used 8355K [0x00000000d5550000, 0x00000000d61bd000, 0x0000000100000000)
   the space 12724K,  65% used [0x00000000d5550000, 0x00000000d5d78cc0, 0x00000000d5d78e00, 0x00000000d61bd000)
 Metaspace       used 39006K, capacity 39308K, committed 39808K, reserved 1083392K
  class space    used 5375K, capacity 5476K, committed 5504K, reserved 1048576K
}
Event: 7.213 GC heap before
{Heap before GC invocations=105 (full 2):
 def new generation   total 5760K, used 5391K [0x00000000c0000000, 0x00000000c0640000, 0x00000000d5550000)
  eden space 5120K,  99% used [0x00000000c0000000, 0x00000000c04ffc00, 0x00000000c0500000)
  from space 640K,  42% used [0x00000000c05a0000, 0x00000000c05e4310, 0x00000000c0640000)
  to   space 640K,   0% used [0x00000000c0500000, 0x00000000c0500000, 0x00000000c05a0000)
 tenured generation   total 12724K, used 8355K [0x00000000d5550000, 0x00000000d61bd000, 0x0000000100000000)
   the space 12724K,  65% used [0x00000000d5550000, 0x00000000d5d78cc0, 0x00000000d5d78e00, 0x00000000d61bd000)
 Metaspace       used 39174K, capacity 39468K, committed 39936K, reserved 1083392K
  class space    used 5414K, capacity 5508K, committed 5632K, reserved 1048576K
Event: 7.216 GC heap after
Heap after GC invocations=106 (full 2):
 def new generation   total 5760K, used 462K [0x00000000c0000000, 0x00000000c0640000, 0x00000000d5550000)
  eden space 5120K,   0% used [0x00000000c0000000, 0x00000000c0000000, 0x00000000c0500000)
  from space 640K,  72% used [0x00000000c0500000, 0x00000000c05739a0, 0x00000000c05a0000)
  to   space 640K,   0% used [0x00000000c05a0000, 0x00000000c05a0000, 0x00000000c0640000)
 tenured generation   total 12724K, used 8355K [0x00000000d5550000, 0x00000000d61bd000, 0x0000000100000000)
   the space 12724K,  65% used [0x00000000d5550000, 0x00000000d5d78cc0, 0x00000000d5d78e00, 0x00000000d61bd000)
 Metaspace       used 39174K, capacity 39468K, committed 39936K, reserved 1083392K
  class space    used 5414K, capacity 5508K, committed 5632K, reserved 1048576K
}
Event: 7.268 GC heap before
{Heap before GC invocations=106 (full 2):
 def new generation   total 5760K, used 5582K [0x00000000c0000000, 0x00000000c0640000, 0x00000000d5550000)
  eden space 5120K, 100% used [0x00000000c0000000, 0x00000000c0500000, 0x00000000c0500000)
  from space 640K,  72% used [0x00000000c0500000, 0x00000000c05739a0, 0x00000000c05a0000)
  to   space 640K,   0% used [0x00000000c05a0000, 0x00000000c05a0000, 0x00000000c0640000)
 tenured generation   total 12724K, used 8355K [0x00000000d5550000, 0x00000000d61bd000, 0x0000000100000000)
   the space 12724K,  65% used [0x00000000d5550000, 0x00000000d5d78cc0, 0x00000000d5d78e00, 0x00000000d61bd000)
 Metaspace       used 39446K, capacity 39756K, committed 40192K, reserved 1083392K
  class space    used 5449K, capacity 5540K, committed 5632K, reserved 1048576K
Event: 7.270 GC heap after
Heap after GC invocations=107 (full 2):
 def new generation   total 5760K, used 386K [0x00000000c0000000, 0x00000000c0640000, 0x00000000d5550000)
  eden space 5120K,   0% used [0x00000000c0000000, 0x00000000c0000000, 0x00000000c0500000)
  from space 640K,  60% used [0x00000000c05a0000, 0x00000000c0600a40, 0x00000000c0640000)
  to   space 640K,   0% used [0x00000000c0500000, 0x00000000c0500000, 0x00000000c05a0000)
 tenured generation   total 12724K, used 8527K [0x00000000d5550000, 0x00000000d61bd000, 0x0000000100000000)
   the space 12724K,  67% used [0x00000000d5550000, 0x00000000d5da3d98, 0x00000000d5da3e00, 0x00000000d61bd000)
 Metaspace       used 39446K, capacity 39756K, committed 40192K, reserved 1083392K
  class space    used 5449K, capacity 5540K, committed 5632K, reserved 1048576K
}
Event: 7.364 GC heap before
{Heap before GC invocations=107 (full 2):
 def new generation   total 5760K, used 5506K [0x00000000c0000000, 0x00000000c0640000, 0x00000000d5550000)
  eden space 5120K, 100% used [0x00000000c0000000, 0x00000000c0500000, 0x00000000c0500000)
  from space 640K,  60% used [0x00000000c05a0000, 0x00000000c0600a40, 0x00000000c0640000)
  to   space 640K,   0% used [0x00000000c0500000, 0x00000000c0500000, 0x00000000c05a0000)
 tenured generation   total 12724K, used 8527K [0x00000000d5550000, 0x00000000d61bd000, 0x0000000100000000)
   the space 12724K,  67% used [0x00000000d5550000, 0x00000000d5da3d98, 0x00000000d5da3e00, 0x00000000d61bd000)
 Metaspace       used 39845K, capacity 40204K, committed 40704K, reserved 1085440K
  class space    used 5504K, capacity 5604K, committed 5632K, reserved 1048576K
Event: 7.367 GC heap after
Heap after GC invocations=108 (full 2):
 def new generation   total 5760K, used 521K [0x00000000c0000000, 0x00000000c0640000, 0x00000000d5550000)
  eden space 5120K,   0% used [0x00000000c0000000, 0x00000000c0000000, 0x00000000c0500000)
  from space 640K,  81% used [0x00000000c0500000, 0x00000000c05824c8, 0x00000000c05a0000)
  to   space 640K,   0% used [0x00000000c05a0000, 0x00000000c05a0000, 0x00000000c0640000)
 tenured generation   total 12724K, used 8551K [0x00000000d5550000, 0x00000000d61bd000, 0x0000000100000000)
   the space 12724K,  67% used [0x00000000d5550000, 0x00000000d5da9f58, 0x00000000d5daa000, 0x00000000d61bd000)
 Metaspace       used 39845K, capacity 40204K, committed 40704K, reserved 1085440K
  class space    used 5504K, capacity 5604K, committed 5632K, reserved 1048576K
}
Event: 7.404 GC heap before
{Heap before GC invocations=108 (full 2):
 def new generation   total 5760K, used 5641K [0x00000000c0000000, 0x00000000c0640000, 0x00000000d5550000)
  eden space 5120K, 100% used [0x00000000c0000000, 0x00000000c0500000, 0x00000000c0500000)
  from space 640K,  81% used [0x00000000c0500000, 0x00000000c05824c8, 0x00000000c05a0000)
  to   space 640K,   0% used [0x00000000c05a0000, 0x00000000c05a0000, 0x00000000c0640000)
 tenured generation   total 12724K, used 8551K [0x00000000d5550000, 0x00000000d61bd000, 0x0000000100000000)
   the space 12724K,  67% used [0x00000000d5550000, 0x00000000d5da9f58, 0x00000000d5daa000, 0x00000000d61bd000)
 Metaspace       used 40007K, capacity 40364K, committed 40832K, reserved 1085440K
  class space    used 5530K, capacity 5636K, committed 5760K, reserved 1048576K
Event: 7.407 GC heap after
Heap after GC invocations=109 (full 2):
 def new generation   total 5760K, used 257K [0x00000000c0000000, 0x00000000c0640000, 0x00000000d5550000)
  eden space 5120K,   0% used [0x00000000c0000000, 0x00000000c0000000, 0x00000000c0500000)
  from space 640K,  40% used [0x00000000c05a0000, 0x00000000c05e05b0, 0x00000000c0640000)
  to   space 640K,   0% used [0x00000000c0500000, 0x00000000c0500000, 0x00000000c05a0000)
 tenured generation   total 12724K, used 8677K [0x00000000d5550000, 0x00000000d61bd000, 0x0000000100000000)
   the space 12724K,  68% used [0x00000000d5550000, 0x00000000d5dc9418, 0x00000000d5dc9600, 0x00000000d61bd000)
 Metaspace       used 40007K, capacity 40364K, committed 40832K, reserved 1085440K
  class space    used 5530K, capacity 5636K, committed 5760K, reserved 1048576K
}
Event: 7.526 GC heap before
{Heap before GC invocations=109 (full 2):
 def new generation   total 5760K, used 5377K [0x00000000c0000000, 0x00000000c0640000, 0x00000000d5550000)
  eden space 5120K, 100% used [0x00000000c0000000, 0x00000000c0500000, 0x00000000c0500000)
  from space 640K,  40% used [0x00000000c05a0000, 0x00000000c05e05b0, 0x00000000c0640000)
  to   space 640K,   0% used [0x00000000c0500000, 0x00000000c0500000, 0x00000000c05a0000)
 tenured generation   total 12724K, used 8677K [0x00000000d5550000, 0x00000000d61bd000, 0x0000000100000000)
   the space 12724K,  68% used [0x00000000d5550000, 0x00000000d5dc9418, 0x00000000d5dc9600, 0x00000000d61bd000)
 Metaspace       used 40323K, capacity 40588K, committed 41088K, reserved 1085440K
  class space    used 5581K, capacity 5668K, committed 5760K, reserved 1048576K
Event: 7.529 GC heap after
Heap after GC invocations=110 (full 2):
 def new generation   total 5760K, used 425K [0x00000000c0000000, 0x00000000c0640000, 0x00000000d5550000)
  eden space 5120K,   0% used [0x00000000c0000000, 0x00000000c0000000, 0x00000000c0500000)
  from space 640K,  66% used [0x00000000c0500000, 0x00000000c056a6b8, 0x00000000c05a0000)
  to   space 640K,   0% used [0x00000000c05a0000, 0x00000000c05a0000, 0x00000000c0640000)
 tenured generation   total 12724K, used 8677K [0x00000000d5550000, 0x00000000d61bd000, 0x0000000100000000)
   the space 12724K,  68% used [0x00000000d5550000, 0x00000000d5dc9418, 0x00000000d5dc9600, 0x00000000d61bd000)
 Metaspace       used 40323K, capacity 40588K, committed 41088K, reserved 1085440K
  class space    used 5581K, capacity 5668K, committed 5760K, reserved 1048576K
}
Event: 7.646 GC heap before
{Heap before GC invocations=110 (full 2):
 def new generation   total 5760K, used 5538K [0x00000000c0000000, 0x00000000c0640000, 0x00000000d5550000)
  eden space 5120K,  99% used [0x00000000c0000000, 0x00000000c04fe4d0, 0x00000000c0500000)
  from space 640K,  66% used [0x00000000c0500000, 0x00000000c056a6b8, 0x00000000c05a0000)
  to   space 640K,   0% used [0x00000000c05a0000, 0x00000000c05a0000, 0x00000000c0640000)
 tenured generation   total 12724K, used 8677K [0x00000000d5550000, 0x00000000d61bd000, 0x0000000100000000)
   the space 12724K,  68% used [0x00000000d5550000, 0x00000000d5dc9418, 0x00000000d5dc9600, 0x00000000d61bd000)
 Metaspace       used 40673K, capacity 40940K, committed 41344K, reserved 1085440K
  class space    used 5625K, capacity 5700K, committed 5760K, reserved 1048576K
Event: 7.650 GC heap after
Heap after GC invocations=111 (full 2):
 def new generation   total 5760K, used 571K [0x00000000c0000000, 0x00000000c0640000, 0x00000000d5550000)
  eden space 5120K,   0% used [0x00000000c0000000, 0x00000000c0000000, 0x00000000c0500000)
  from space 640K,  89% used [0x00000000c05a0000, 0x00000000c062ec58, 0x00000000c0640000)
  to   space 640K,   0% used [0x00000000c0500000, 0x00000000c0500000, 0x00000000c05a0000)
 tenured generation   total 12724K, used 8841K [0x00000000d5550000, 0x00000000d61bd000, 0x0000000100000000)
   the space 12724K,  69% used [0x00000000d5550000, 0x00000000d5df2578, 0x00000000d5df2600, 0x00000000d61bd000)
 Metaspace       used 40673K, capacity 40940K, committed 41344K, reserved 1085440K
  class space    used 5625K, capacity 5700K, committed 5760K, reserved 1048576K
}
Event: 7.741 GC heap before
{Heap before GC invocations=111 (full 2):
 def new generation   total 5760K, used 5691K [0x00000000c0000000, 0x00000000c0640000, 0x00000000d5550000)
  eden space 5120K, 100% used [0x00000000c0000000, 0x00000000c0500000, 0x00000000c0500000)
  from space 640K,  89% used [0x00000000c05a0000, 0x00000000c062ec58, 0x00000000c0640000)
  to   space 640K,   0% used [0x00000000c0500000, 0x00000000c0500000, 0x00000000c05a0000)
 tenured generation   total 12724K, used 8841K [0x00000000d5550000, 0x00000000d61bd000, 0x0000000100000000)
   the space 12724K,  69% used [0x00000000d5550000, 0x00000000d5df2578, 0x00000000d5df2600, 0x00000000d61bd000)
 Metaspace       used 40912K, capacity 41170K, committed 41600K, reserved 1085440K
  class space    used 5652K, capacity 5733K, committed 5760K, reserved 1048576K
Event: 7.744 GC heap after
Heap after GC invocations=112 (full 2):
 def new generation   total 5760K, used 316K [0x00000000c0000000, 0x00000000c0640000, 0x00000000d5550000)
  eden space 5120K,   0% used [0x00000000c0000000, 0x00000000c0000000, 0x00000000c0500000)
  from space 640K,  49% used [0x00000000c0500000, 0x00000000c054f368, 0x00000000c05a0000)
  to   space 640K,   0% used [0x00000000c05a0000, 0x00000000c05a0000, 0x00000000c0640000)
 tenured generation   total 12724K, used 9152K [0x00000000d5550000, 0x00000000d61bd000, 0x0000000100000000)
   the space 12724K,  71% used [0x00000000d5550000, 0x00000000d5e40150, 0x00000000d5e40200, 0x00000000d61bd000)
 Metaspace       used 40912K, capacity 41170K, committed 41600K, reserved 1085440K
  class space    used 5652K, capacity 5733K, committed 5760K, reserved 1048576K
}
Event: 7.834 GC heap before
{Heap before GC invocations=112 (full 2):
 def new generation   total 5760K, used 5436K [0x00000000c0000000, 0x00000000c0640000, 0x00000000d5550000)
  eden space 5120K, 100% used [0x00000000c0000000, 0x00000000c0500000, 0x00000000c0500000)
  from space 640K,  49% used [0x00000000c0500000, 0x00000000c054f368, 0x00000000c05a0000)
  to   space 640K,   0% used [0x00000000c05a0000, 0x00000000c05a0000, 0x00000000c0640000)
 tenured generation   total 12724K, used 9152K [0x00000000d5550000, 0x00000000d61bd000, 0x0000000100000000)
   the space 12724K,  71% used [0x00000000d5550000, 0x00000000d5e40150, 0x00000000d5e40200, 0x00000000d61bd000)
 Metaspace       used 41091K, capacity 41378K, committed 41984K, reserved 1085440K
  class space    used 5685K, capacity 5773K, committed 5888K, reserved 1048576K
Event: 7.837 GC heap after
Heap after GC invocations=113 (full 2):
 def new generation   total 5760K, used 412K [0x00000000c0000000, 0x00000000c0640000, 0x00000000d5550000)
  eden space 5120K,   0% used [0x00000000c0000000, 0x00000000c0000000, 0x00000000c0500000)
  from space 640K,  64% used [0x00000000c05a0000, 0x00000000c0607220, 0x00000000c0640000)
  to   space 640K,   0% used [0x00000000c0500000, 0x00000000c0500000, 0x00000000c05a0000)
 tenured generation   total 12724K, used 9152K [0x00000000d5550000, 0x00000000d61bd000, 0x0000000100000000)
   the space 12724K,  71% used [0x00000000d5550000, 0x00000000d5e40150, 0x00000000d5e40200, 0x00000000d61bd000)
 Metaspace       used 41091K, capacity 41378K, committed 41984K, reserved 1085440K
  class space    used 5685K, capacity 5773K, committed 5888K, reserved 1048576K
}
Event: 7.956 GC heap before
{Heap before GC invocations=113 (full 2):
 def new generation   total 5760K, used 5532K [0x00000000c0000000, 0x00000000c0640000, 0x00000000d5550000)
  eden space 5120K, 100% used [0x00000000c0000000, 0x00000000c0500000, 0x00000000c0500000)
  from space 640K,  64% used [0x00000000c05a0000, 0x00000000c0607220, 0x00000000c0640000)
  to   space 640K,   0% used [0x00000000c0500000, 0x00000000c0500000, 0x00000000c05a0000)
 tenured generation   total 12724K, used 9152K [0x00000000d5550000, 0x00000000d61bd000, 0x0000000100000000)
   the space 12724K,  71% used [0x00000000d5550000, 0x00000000d5e40150, 0x00000000d5e40200, 0x00000000d61bd000)
 Metaspace       used 41382K, capacity 41738K, committed 41984K, reserved 1085440K
  class space    used 5733K, capacity 5865K, committed 5888K, reserved 1048576K
Event: 7.960 GC heap after
Heap after GC invocations=114 (full 2):
 def new generation   total 5760K, used 639K [0x00000000c0000000, 0x00000000c0640000, 0x00000000d5550000)
  eden space 5120K,   0% used [0x00000000c0000000, 0x00000000c0000000, 0x00000000c0500000)
  from space 640K,  99% used [0x00000000c0500000, 0x00000000c059fff8, 0x00000000c05a0000)
  to   space 640K,   0% used [0x00000000c05a0000, 0x00000000c05a0000, 0x00000000c0640000)
 tenured generation   total 12724K, used 9260K [0x00000000d5550000, 0x00000000d61bd000, 0x0000000100000000)
   the space 12724K,  72% used [0x00000000d5550000, 0x00000000d5e5b2c0, 0x00000000d5e5b400, 0x00000000d61bd000)
 Metaspace       used 41382K, capacity 41738K, committed 41984K, reserved 1085440K
  class space    used 5733K, capacity 5865K, committed 5888K, reserved 1048576K
}
Event: 8.022 GC heap before
{Heap before GC invocations=114 (full 2):
 def new generation   total 5760K, used 5759K [0x00000000c0000000, 0x00000000c0640000, 0x00000000d5550000)
  eden space 5120K, 100% used [0x00000000c0000000, 0x00000000c0500000, 0x00000000c0500000)
  from space 640K,  99% used [0x00000000c0500000, 0x00000000c059fff8, 0x00000000c05a0000)
  to   space 640K,   0% used [0x00000000c05a0000, 0x00000000c05a0000, 0x00000000c0640000)
 tenured generation   total 12724K, used 9260K [0x00000000d5550000, 0x00000000d61bd000, 0x0000000100000000)
   the space 12724K,  72% used [0x00000000d5550000, 0x00000000d5e5b2c0, 0x00000000d5e5b400, 0x00000000d61bd000)
 Metaspace       used 41616K, capacity 41994K, committed 42368K, reserved 1085440K
  class space    used 5772K, capacity 5929K, committed 6016K, reserved 1048576K
Event: 8.025 GC heap after
Heap after GC invocations=115 (full 2):
 def new generation   total 5760K, used 259K [0x00000000c0000000, 0x00000000c0640000, 0x00000000d5550000)
  eden space 5120K,   0% used [0x00000000c0000000, 0x00000000c0000000, 0x00000000c0500000)
  from space 640K,  40% used [0x00000000c05a0000, 0x00000000c05e0ed0, 0x00000000c0640000)
  to   space 640K,   0% used [0x00000000c0500000, 0x00000000c0500000, 0x00000000c05a0000)
 tenured generation   total 12724K, used 9759K [0x00000000d5550000, 0x00000000d61bd000, 0x0000000100000000)
   the space 12724K,  76% used [0x00000000d5550000, 0x00000000d5ed7e78, 0x00000000d5ed8000, 0x00000000d61bd000)
 Metaspace       used 41616K, capacity 41994K, committed 42368K, reserved 1085440K
  class space    used 5772K, capacity 5929K, committed 6016K, reserved 1048576K
}
Event: 8.098 GC heap before
{Heap before GC invocations=115 (full 2):
 def new generation   total 5760K, used 5379K [0x00000000c0000000, 0x00000000c0640000, 0x00000000d5550000)
  eden space 5120K, 100% used [0x00000000c0000000, 0x00000000c0500000, 0x00000000c0500000)
  from space 640K,  40% used [0x00000000c05a0000, 0x00000000c05e0ed0, 0x00000000c0640000)
  to   space 640K,   0% used [0x00000000c0500000, 0x00000000c0500000, 0x00000000c05a0000)
 tenured generation   total 12724K, used 9759K [0x00000000d5550000, 0x00000000d61bd000, 0x0000000100000000)
   the space 12724K,  76% used [0x00000000d5550000, 0x00000000d5ed7e78, 0x00000000d5ed8000, 0x00000000d61bd000)
 Metaspace       used 41892K, capacity 42294K, committed 42624K, reserved 1085440K
  class space    used 5819K, capacity 5963K, committed 6016K, reserved 1048576K
Event: 8.101 GC heap after
Heap after GC invocations=116 (full 2):
 def new generation   total 5760K, used 332K [0x00000000c0000000, 0x00000000c0640000, 0x00000000d5550000)
  eden space 5120K,   0% used [0x00000000c0000000, 0x00000000c0000000, 0x00000000c0500000)
  from space 640K,  51% used [0x00000000c0500000, 0x00000000c05531f0, 0x00000000c05a0000)
  to   space 640K,   0% used [0x00000000c05a0000, 0x00000000c05a0000, 0x00000000c0640000)
 tenured generation   total 12724K, used 9759K [0x00000000d5550000, 0x00000000d61bd000, 0x0000000100000000)
   the space 12724K,  76% used [0x00000000d5550000, 0x00000000d5ed7e78, 0x00000000d5ed8000, 0x00000000d61bd000)
 Metaspace       used 41892K, capacity 42294K, committed 42624K, reserved 1085440K
  class space    used 5819K, capacity 5963K, committed 6016K, reserved 1048576K
}
Event: 8.141 GC heap before
{Heap before GC invocations=116 (full 2):
 def new generation   total 5760K, used 5452K [0x00000000c0000000, 0x00000000c0640000, 0x00000000d5550000)
  eden space 5120K, 100% used [0x00000000c0000000, 0x00000000c0500000, 0x00000000c0500000)
  from space 640K,  51% used [0x00000000c0500000, 0x00000000c05531f0, 0x00000000c05a0000)
  to   space 640K,   0% used [0x00000000c05a0000, 0x00000000c05a0000, 0x00000000c0640000)
 tenured generation   total 12724K, used 9759K [0x00000000d5550000, 0x00000000d61bd000, 0x0000000100000000)
   the space 12724K,  76% used [0x00000000d5550000, 0x00000000d5ed7e78, 0x00000000d5ed8000, 0x00000000d61bd000)
 Metaspace       used 42119K, capacity 42518K, committed 42880K, reserved 1085440K
  class space    used 5855K, capacity 5995K, committed 6016K, reserved 1048576K
Event: 8.144 GC heap after
Heap after GC invocations=117 (full 2):
 def new generation   total 5760K, used 286K [0x00000000c0000000, 0x00000000c0640000, 0x00000000d5550000)
  eden space 5120K,   0% used [0x00000000c0000000, 0x00000000c0000000, 0x00000000c0500000)
  from space 640K,  44% used [0x00000000c05a0000, 0x00000000c05e7b10, 0x00000000c0640000)
  to   space 640K,   0% used [0x00000000c0500000, 0x00000000c0500000, 0x00000000c05a0000)
 tenured generation   total 12724K, used 9822K [0x00000000d5550000, 0x00000000d61bd000, 0x0000000100000000)
   the space 12724K,  77% used [0x00000000d5550000, 0x00000000d5ee7a00, 0x00000000d5ee7a00, 0x00000000d61bd000)
 Metaspace       used 42119K, capacity 42518K, committed 42880K, reserved 1085440K
  class space    used 5855K, capacity 5995K, committed 6016K, reserved 1048576K
}
Event: 8.251 GC heap before
{Heap before GC invocations=117 (full 2):
 def new generation   total 5760K, used 5406K [0x00000000c0000000, 0x00000000c0640000, 0x00000000d5550000)
  eden space 5120K, 100% used [0x00000000c0000000, 0x00000000c0500000, 0x00000000c0500000)
  from space 640K,  44% used [0x00000000c05a0000, 0x00000000c05e7b10, 0x00000000c0640000)
  to   space 640K,   0% used [0x00000000c0500000, 0x00000000c0500000, 0x00000000c05a0000)
 tenured generation   total 12724K, used 9822K [0x00000000d5550000, 0x00000000d61bd000, 0x0000000100000000)
   the space 12724K,  77% used [0x00000000d5550000, 0x00000000d5ee7a00, 0x00000000d5ee7a00, 0x00000000d61bd000)
 Metaspace       used 42450K, capacity 42826K, committed 43264K, reserved 1087488K
  class space    used 5917K, capacity 6032K, committed 6144K, reserved 1048576K
Event: 8.255 GC heap after
Heap after GC invocations=118 (full 2):
 def new generation   total 5760K, used 291K [0x00000000c0000000, 0x00000000c0640000, 0x00000000d5550000)
  eden space 5120K,   0% used [0x00000000c0000000, 0x00000000c0000000, 0x00000000c0500000)
  from space 640K,  45% used [0x00000000c0500000, 0x00000000c0548ee8, 0x00000000c05a0000)
  to   space 640K,   0% used [0x00000000c05a0000, 0x00000000c05a0000, 0x00000000c0640000)
 tenured generation   total 12724K, used 9822K [0x00000000d5550000, 0x00000000d61bd000, 0x0000000100000000)
   the space 12724K,  77% used [0x00000000d5550000, 0x00000000d5ee7a00, 0x00000000d5ee7a00, 0x00000000d61bd000)
 Metaspace       used 42450K, capacity 42826K, committed 43264K, reserved 1087488K
  class space    used 5917K, capacity 6032K, committed 6144K, reserved 1048576K
}
Event: 8.304 GC heap before
{Heap before GC invocations=118 (full 2):
 def new generation   total 5760K, used 3879K [0x00000000c0000000, 0x00000000c0640000, 0x00000000d5550000)
  eden space 5120K,  70% used [0x00000000c0000000, 0x00000000c0380db8, 0x00000000c0500000)
  from space 640K,  45% used [0x00000000c0500000, 0x00000000c0548ee8, 0x00000000c05a0000)
  to   space 640K,   0% used [0x00000000c05a0000, 0x00000000c05a0000, 0x00000000c0640000)
 tenured generation   total 12724K, used 9822K [0x00000000d5550000, 0x00000000d61bd000, 0x0000000100000000)
   the space 12724K,  77% used [0x00000000d5550000, 0x00000000d5ee7a00, 0x00000000d5ee7a00, 0x00000000d61bd000)
 Metaspace       used 42634K, capacity 43056K, committed 43264K, reserved 1087488K
  class space    used 5950K, capacity 6065K, committed 6144K, reserved 1048576K
Event: 8.308 GC heap after
Heap after GC invocations=119 (full 2):
 def new generation   total 5760K, used 418K [0x00000000c0000000, 0x00000000c0640000, 0x00000000d5550000)
  eden space 5120K,   0% used [0x00000000c0000000, 0x00000000c0000000, 0x00000000c0500000)
  from space 640K,  65% used [0x00000000c05a0000, 0x00000000c0608af0, 0x00000000c0640000)
  to   space 640K,   0% used [0x00000000c0500000, 0x00000000c0500000, 0x00000000c05a0000)
 tenured generation   total 12724K, used 9822K [0x00000000d5550000, 0x00000000d61bd000, 0x0000000100000000)
   the space 12724K,  77% used [0x00000000d5550000, 0x00000000d5ee7a00, 0x00000000d5ee7a00, 0x00000000d61bd000)
 Metaspace       used 42634K, capacity 43056K, committed 43264K, reserved 1087488K
  class space    used 5950K, capacity 6065K, committed 6144K, reserved 1048576K
}
Event: 8.325 GC heap before
{Heap before GC invocations=119 (full 2):
 def new generation   total 5760K, used 5538K [0x00000000c0000000, 0x00000000c0640000, 0x00000000d5550000)
  eden space 5120K, 100% used [0x00000000c0000000, 0x00000000c0500000, 0x00000000c0500000)
  from space 640K,  65% used [0x00000000c05a0000, 0x00000000c0608af0, 0x00000000c0640000)
  to   space 640K,   0% used [0x00000000c0500000, 0x00000000c0500000, 0x00000000c05a0000)
 tenured generation   total 12724K, used 9822K [0x00000000d5550000, 0x00000000d61bd000, 0x0000000100000000)
   the space 12724K,  77% used [0x00000000d5550000, 0x00000000d5ee7a00, 0x00000000d5ee7a00, 0x00000000d61bd000)
 Metaspace       used 42668K, capacity 43088K, committed 43264K, reserved 1087488K
  class space    used 5957K, capacity 6097K, committed 6144K, reserved 1048576K
Event: 8.380 GC heap after
Heap after GC invocations=120 (full 3):
 def new generation   total 10624K, used 0K [0x00000000c0000000, 0x00000000c0b80000, 0x00000000d5550000)
  eden space 9472K,   0% used [0x00000000c0000000, 0x00000000c0000000, 0x00000000c0940000)
  from space 1152K,   0% used [0x00000000c0940000, 0x00000000c0940000, 0x00000000c0a60000)
  to   space 1152K,   0% used [0x00000000c0a60000, 0x00000000c0a60000, 0x00000000c0b80000)
 tenured generation   total 23480K, used 14086K [0x00000000d5550000, 0x00000000d6c3e000, 0x0000000100000000)
   the space 23480K,  59% used [0x00000000d5550000, 0x00000000d6311af0, 0x00000000d6311c00, 0x00000000d6c3e000)
 Metaspace       used 42664K, capacity 43082K, committed 43264K, reserved 1087488K
  class space    used 5956K, capacity 6096K, committed 6144K, reserved 1048576K
}
Event: 8.490 GC heap before
{Heap before GC invocations=120 (full 3):
 def new generation   total 10624K, used 9472K [0x00000000c0000000, 0x00000000c0b80000, 0x00000000d5550000)
  eden space 9472K, 100% used [0x00000000c0000000, 0x00000000c0940000, 0x00000000c0940000)
  from space 1152K,   0% used [0x00000000c0940000, 0x00000000c0940000, 0x00000000c0a60000)
  to   space 1152K,   0% used [0x00000000c0a60000, 0x00000000c0a60000, 0x00000000c0b80000)
 tenured generation   total 23480K, used 14086K [0x00000000d5550000, 0x00000000d6c3e000, 0x0000000100000000)
   the space 23480K,  59% used [0x00000000d5550000, 0x00000000d6311af0, 0x00000000d6311c00, 0x00000000d6c3e000)
 Metaspace       used 43153K, capacity 43572K, committed 43904K, reserved 1087488K
  class space    used 6045K, capacity 6167K, committed 6272K, reserved 1048576K
Event: 8.494 GC heap after
Heap after GC invocations=121 (full 3):
 def new generation   total 10624K, used 691K [0x00000000c0000000, 0x00000000c0b80000, 0x00000000d5550000)
  eden space 9472K,   0% used [0x00000000c0000000, 0x00000000c0000000, 0x00000000c0940000)
  from space 1152K,  60% used [0x00000000c0a60000, 0x00000000c0b0cfa8, 0x00000000c0b80000)
  to   space 1152K,   0% used [0x00000000c0940000, 0x00000000c0940000, 0x00000000c0a60000)
 tenured generation   total 23480K, used 14086K [0x00000000d5550000, 0x00000000d6c3e000, 0x0000000100000000)
   the space 23480K,  59% used [0x00000000d5550000, 0x00000000d6311af0, 0x00000000d6311c00, 0x00000000d6c3e000)
 Metaspace       used 43153K, capacity 43572K, committed 43904K, reserved 1087488K
  class space    used 6045K, capacity 6167K, committed 6272K, reserved 1048576K
}
Event: 8.596 GC heap before
{Heap before GC invocations=121 (full 3):
 def new generation   total 10624K, used 10163K [0x00000000c0000000, 0x00000000c0b80000, 0x00000000d5550000)
  eden space 9472K, 100% used [0x00000000c0000000, 0x00000000c0940000, 0x00000000c0940000)
  from space 1152K,  60% used [0x00000000c0a60000, 0x00000000c0b0cfa8, 0x00000000c0b80000)
  to   space 1152K,   0% used [0x00000000c0940000, 0x00000000c0940000, 0x00000000c0a60000)
 tenured generation   total 23480K, used 14086K [0x00000000d5550000, 0x00000000d6c3e000, 0x0000000100000000)
   the space 23480K,  59% used [0x00000000d5550000, 0x00000000d6311af0, 0x00000000d6311c00, 0x00000000d6c3e000)
 Metaspace       used 43506K, capacity 43952K, committed 44160K, reserved 1087488K
  class space    used 6106K, capacity 6241K, committed 6272K, reserved 1048576K
Event: 8.601 GC heap after
Heap after GC invocations=122 (full 3):
 def new generation   total 10624K, used 555K [0x00000000c0000000, 0x00000000c0b80000, 0x00000000d5550000)
  eden space 9472K,   0% used [0x00000000c0000000, 0x00000000c0000000, 0x00000000c0940000)
  from space 1152K,  48% used [0x00000000c0940000, 0x00000000c09caf50, 0x00000000c0a60000)
  to   space 1152K,   0% used [0x00000000c0a60000, 0x00000000c0a60000, 0x00000000c0b80000)
 tenured generation   total 23480K, used 14383K [0x00000000d5550000, 0x00000000d6c3e000, 0x0000000100000000)
   the space 23480K,  61% used [0x00000000d5550000, 0x00000000d635bd88, 0x00000000d635be00, 0x00000000d6c3e000)
 Metaspace       used 43506K, capacity 43952K, committed 44160K, reserved 1087488K
  class space    used 6106K, capacity 6241K, committed 6272K, reserved 1048576K
}
Event: 8.748 GC heap before
{Heap before GC invocations=122 (full 3):
 def new generation   total 10624K, used 10027K [0x00000000c0000000, 0x00000000c0b80000, 0x00000000d5550000)
  eden space 9472K, 100% used [0x00000000c0000000, 0x00000000c0940000, 0x00000000c0940000)
  from space 1152K,  48% used [0x00000000c0940000, 0x00000000c09caf50, 0x00000000c0a60000)
  to   space 1152K,   0% used [0x00000000c0a60000, 0x00000000c0a60000, 0x00000000c0b80000)
 tenured generation   total 23480K, used 14383K [0x00000000d5550000, 0x00000000d6c3e000, 0x0000000100000000)
   the space 23480K,  61% used [0x00000000d5550000, 0x00000000d635bd88, 0x00000000d635be00, 0x00000000d6c3e000)
 Metaspace       used 43761K, capacity 44208K, committed 44544K, reserved 1087488K
  class space    used 6144K, capacity 6305K, committed 6400K, reserved 1048576K
Event: 8.751 GC heap after
Heap after GC invocations=123 (full 3):
 def new generation   total 10624K, used 560K [0x00000000c0000000, 0x00000000c0b80000, 0x00000000d5550000)
  eden space 9472K,   0% used [0x00000000c0000000, 0x00000000c0000000, 0x00000000c0940000)
  from space 1152K,  48% used [0x00000000c0a60000, 0x00000000c0aec2d0, 0x00000000c0b80000)
  to   space 1152K,   0% used [0x00000000c0940000, 0x00000000c0940000, 0x00000000c0a60000)
 tenured generation   total 23480K, used 14383K [0x00000000d5550000, 0x00000000d6c3e000, 0x0000000100000000)
   the space 23480K,  61% used [0x00000000d5550000, 0x00000000d635bd88, 0x00000000d635be00, 0x00000000d6c3e000)
 Metaspace       used 43761K, capacity 44208K, committed 44544K, reserved 1087488K
  class space    used 6144K, capacity 6305K, committed 6400K, reserved 1048576K
}
Event: 8.829 GC heap before
{Heap before GC invocations=123 (full 3):
 def new generation   total 10624K, used 8378K [0x00000000c0000000, 0x00000000c0b80000, 0x00000000d5550000)
  eden space 9472K,  82% used [0x00000000c0000000, 0x00000000c07a2760, 0x00000000c0940000)
  from space 1152K,  48% used [0x00000000c0a60000, 0x00000000c0aec2d0, 0x00000000c0b80000)
  to   space 1152K,   0% used [0x00000000c0940000, 0x00000000c0940000, 0x00000000c0a60000)
 tenured generation   total 23480K, used 14383K [0x00000000d5550000, 0x00000000d6c3e000, 0x0000000100000000)
   the space 23480K,  61% used [0x00000000d5550000, 0x00000000d635bd88, 0x00000000d635be00, 0x00000000d6c3e000)
 Metaspace       used 44352K, capacity 44830K, committed 45184K, reserved 1087488K
  class space    used 6243K, capacity 6406K, committed 6528K, reserved 1048576K
Event: 8.881 GC heap after
Heap after GC invocations=124 (full 4):
 def new generation   total 10624K, used 0K [0x00000000c0000000, 0x00000000c0b80000, 0x00000000d5550000)
  eden space 9472K,   0% used [0x00000000c0000000, 0x00000000c0000000, 0x00000000c0940000)
  from space 1152K,   0% used [0x00000000c0940000, 0x00000000c0940000, 0x00000000c0a60000)
  to   space 1152K,   0% used [0x00000000c0a60000, 0x00000000c0a60000, 0x00000000c0b80000)
 tenured generation   total 23480K, used 9843K [0x00000000d5550000, 0x00000000d6c3e000, 0x0000000100000000)
   the space 23480K,  41% used [0x00000000d5550000, 0x00000000d5eecd10, 0x00000000d5eece00, 0x00000000d6c3e000)
 Metaspace       used 44352K, capacity 44830K, committed 45184K, reserved 1087488K
  class space    used 6243K, capacity 6406K, committed 6528K, reserved 1048576K
}
Event: 8.913 GC heap before
{Heap before GC invocations=124 (full 4):
 def new generation   total 10624K, used 2585K [0x00000000c0000000, 0x00000000c0b80000, 0x00000000d5550000)
  eden space 9472K,  27% used [0x00000000c0000000, 0x00000000c02867f0, 0x00000000c0940000)
  from space 1152K,   0% used [0x00000000c0940000, 0x00000000c0940000, 0x00000000c0a60000)
  to   space 1152K,   0% used [0x00000000c0a60000, 0x00000000c0a60000, 0x00000000c0b80000)
 tenured generation   total 39868K, used 26227K [0x00000000d5550000, 0x00000000d7c3f000, 0x0000000100000000)
   the space 39868K,  65% used [0x00000000d5550000, 0x00000000d6eecd20, 0x00000000d6eece00, 0x00000000d7c3f000)
 Metaspace       used 44477K, capacity 44958K, committed 45184K, reserved 1087488K
  class space    used 6260K, capacity 6406K, committed 6528K, reserved 1048576K
Event: 8.962 GC heap after
Heap after GC invocations=125 (full 5):
 def new generation   total 20032K, used 0K [0x00000000c0000000, 0x00000000c15b0000, 0x00000000d5550000)
  eden space 17856K,   0% used [0x00000000c0000000, 0x00000000c0000000, 0x00000000c1170000)
  from space 2176K,   0% used [0x00000000c1170000, 0x00000000c1170000, 0x00000000c1390000)
  to   space 2176K,   0% used [0x00000000c1390000, 0x00000000c1390000, 0x00000000c15b0000)
 tenured generation   total 44316K, used 26588K [0x00000000d5550000, 0x00000000d8097000, 0x0000000100000000)
   the space 44316K,  59% used [0x00000000d5550000, 0x00000000d6f471a8, 0x00000000d6f47200, 0x00000000d8097000)
 Metaspace       used 44477K, capacity 44958K, committed 45184K, reserved 1087488K
  class space    used 6260K, capacity 6406K, committed 6528K, reserved 1048576K
}
Event: 9.055 GC heap before
{Heap before GC invocations=125 (full 5):
 def new generation   total 20032K, used 17856K [0x00000000c0000000, 0x00000000c15b0000, 0x00000000d5550000)
  eden space 17856K, 100% used [0x00000000c0000000, 0x00000000c1170000, 0x00000000c1170000)
  from space 2176K,   0% used [0x00000000c1170000, 0x00000000c1170000, 0x00000000c1390000)
  to   space 2176K,   0% used [0x00000000c1390000, 0x00000000c1390000, 0x00000000c15b0000)
 tenured generation   total 44316K, used 26588K [0x00000000d5550000, 0x00000000d8097000, 0x0000000100000000)
   the space 44316K,  59% used [0x00000000d5550000, 0x00000000d6f471a8, 0x00000000d6f47200, 0x00000000d8097000)
 Metaspace       used 44624K, capacity 45136K, committed 45440K, reserved 1087488K
  class space    used 6271K, capacity 6443K, committed 6528K, reserved 1048576K
Event: 9.071 GC heap after
Heap after GC invocations=126 (full 5):
 def new generation   total 20032K, used 158K [0x00000000c0000000, 0x00000000c15b0000, 0x00000000d5550000)
  eden space 17856K,   0% used [0x00000000c0000000, 0x00000000c0000000, 0x00000000c1170000)
  from space 2176K,   7% used [0x00000000c1390000, 0x00000000c13b7af0, 0x00000000c15b0000)
  to   space 2176K,   0% used [0x00000000c1170000, 0x00000000c1170000, 0x00000000c1390000)
 tenured generation   total 44316K, used 42972K [0x00000000d5550000, 0x00000000d8097000, 0x0000000100000000)
   the space 44316K,  96% used [0x00000000d5550000, 0x00000000d7f471b8, 0x00000000d7f47200, 0x00000000d8097000)
 Metaspace       used 44624K, capacity 45136K, committed 45440K, reserved 1087488K
  class space    used 6271K, capacity 6443K, committed 6528K, reserved 1048576K
}
Event: 9.873 GC heap before
{Heap before GC invocations=126 (full 5):
 def new generation   total 20032K, used 18014K [0x00000000c0000000, 0x00000000c15b0000, 0x00000000d5550000)
  eden space 17856K, 100% used [0x00000000c0000000, 0x00000000c1170000, 0x00000000c1170000)
  from space 2176K,   7% used [0x00000000c1390000, 0x00000000c13b7af0, 0x00000000c15b0000)
  to   space 2176K,   0% used [0x00000000c1170000, 0x00000000c1170000, 0x00000000c1390000)
 tenured generation   total 44316K, used 42972K [0x00000000d5550000, 0x00000000d8097000, 0x0000000100000000)
   the space 44316K,  96% used [0x00000000d5550000, 0x00000000d7f471b8, 0x00000000d7f47200, 0x00000000d8097000)
 Metaspace       used 45270K, capacity 45750K, committed 46080K, reserved 1089536K
  class space    used 6394K, capacity 6540K, committed 6656K, reserved 1048576K
Event: 9.877 GC heap after
Heap after GC invocations=127 (full 5):
 def new generation   total 20032K, used 871K [0x00000000c0000000, 0x00000000c15b0000, 0x00000000d5550000)
  eden space 17856K,   0% used [0x00000000c0000000, 0x00000000c0000000, 0x00000000c1170000)
  from space 2176K,  40% used [0x00000000c1170000, 0x00000000c1249da8, 0x00000000c1390000)
  to   space 2176K,   0% used [0x00000000c1390000, 0x00000000c1390000, 0x00000000c15b0000)
 tenured generation   total 44316K, used 42972K [0x00000000d5550000, 0x00000000d8097000, 0x0000000100000000)
   the space 44316K,  96% used [0x00000000d5550000, 0x00000000d7f471b8, 0x00000000d7f47200, 0x00000000d8097000)
 Metaspace       used 45270K, capacity 45750K, committed 46080K, reserved 1089536K
  class space    used 6394K, capacity 6540K, committed 6656K, reserved 1048576K
}
Event: 10.103 GC heap before
{Heap before GC invocations=127 (full 5):
 def new generation   total 20032K, used 18727K [0x00000000c0000000, 0x00000000c15b0000, 0x00000000d5550000)
  eden space 17856K, 100% used [0x00000000c0000000, 0x00000000c1170000, 0x00000000c1170000)
  from space 2176K,  40% used [0x00000000c1170000, 0x00000000c1249da8, 0x00000000c1390000)
  to   space 2176K,   0% used [0x00000000c1390000, 0x00000000c1390000, 0x00000000c15b0000)
 tenured generation   total 44316K, used 42972K [0x00000000d5550000, 0x00000000d8097000, 0x0000000100000000)
   the space 44316K,  96% used [0x00000000d5550000, 0x00000000d7f471b8, 0x00000000d7f47200, 0x00000000d8097000)
 Metaspace       used 45735K, capacity 46278K, committed 46592K, reserved 1089536K
  class space    used 6476K, capacity 6644K, committed 6656K, reserved 1048576K
Event: 10.107 GC heap after
Heap after GC invocations=128 (full 5):
 def new generation   total 20032K, used 1013K [0x00000000c0000000, 0x00000000c15b0000, 0x00000000d5550000)
  eden space 17856K,   0% used [0x00000000c0000000, 0x00000000c0000000, 0x00000000c1170000)
  from space 2176K,  46% used [0x00000000c1390000, 0x00000000c148d568, 0x00000000c15b0000)
  to   space 2176K,   0% used [0x00000000c1170000, 0x00000000c1170000, 0x00000000c1390000)
 tenured generation   total 44316K, used 42972K [0x00000000d5550000, 0x00000000d8097000, 0x0000000100000000)
   the space 44316K,  96% used [0x00000000d5550000, 0x00000000d7f471b8, 0x00000000d7f47200, 0x00000000d8097000)
 Metaspace       used 45735K, capacity 46278K, committed 46592K, reserved 1089536K
  class space    used 6476K, capacity 6644K, committed 6656K, reserved 1048576K
}
Event: 13.424 GC heap before
{Heap before GC invocations=128 (full 5):
 def new generation   total 20032K, used 18869K [0x00000000c0000000, 0x00000000c15b0000, 0x00000000d5550000)
  eden space 17856K, 100% used [0x00000000c0000000, 0x00000000c1170000, 0x00000000c1170000)
  from space 2176K,  46% used [0x00000000c1390000, 0x00000000c148d568, 0x00000000c15b0000)
  to   space 2176K,   0% used [0x00000000c1170000, 0x00000000c1170000, 0x00000000c1390000)
 tenured generation   total 44316K, used 42972K [0x00000000d5550000, 0x00000000d8097000, 0x0000000100000000)
   the space 44316K,  96% used [0x00000000d5550000, 0x00000000d7f471b8, 0x00000000d7f47200, 0x00000000d8097000)
 Metaspace       used 46074K, capacity 46558K, committed 46720K, reserved 1089536K
  class space    used 6539K, capacity 6712K, committed 6784K, reserved 1048576K
Event: 13.428 GC heap after
Heap after GC invocations=129 (full 5):
 def new generation   total 20032K, used 1181K [0x00000000c0000000, 0x00000000c15b0000, 0x00000000d5550000)
  eden space 17856K,   0% used [0x00000000c0000000, 0x00000000c0000000, 0x00000000c1170000)
  from space 2176K,  54% used [0x00000000c1170000, 0x00000000c12975e0, 0x00000000c1390000)
  to   space 2176K,   0% used [0x00000000c1390000, 0x00000000c1390000, 0x00000000c15b0000)
 tenured generation   total 44316K, used 42972K [0x00000000d5550000, 0x00000000d8097000, 0x0000000100000000)
   the space 44316K,  96% used [0x00000000d5550000, 0x00000000d7f471b8, 0x00000000d7f47200, 0x00000000d8097000)
 Metaspace       used 46074K, capacity 46558K, committed 46720K, reserved 1089536K
  class space    used 6539K, capacity 6712K, committed 6784K, reserved 1048576K
}
Event: 15.527 GC heap before
{Heap before GC invocations=129 (full 5):
 def new generation   total 20032K, used 19003K [0x00000000c0000000, 0x00000000c15b0000, 0x00000000d5550000)
  eden space 17856K,  99% used [0x00000000c0000000, 0x00000000c11677c0, 0x00000000c1170000)
  from space 2176K,  54% used [0x00000000c1170000, 0x00000000c12975e0, 0x00000000c1390000)
  to   space 2176K,   0% used [0x00000000c1390000, 0x00000000c1390000, 0x00000000c15b0000)
 tenured generation   total 44316K, used 42972K [0x00000000d5550000, 0x00000000d8097000, 0x0000000100000000)
   the space 44316K,  96% used [0x00000000d5550000, 0x00000000d7f471b8, 0x00000000d7f47200, 0x00000000d8097000)
 Metaspace       used 46193K, capacity 46764K, committed 46976K, reserved 1089536K
  class space    used 6548K, capacity 6725K, committed 6784K, reserved 1048576K
Event: 15.532 GC heap after
Heap after GC invocations=130 (full 5):
 def new generation   total 20032K, used 975K [0x00000000c0000000, 0x00000000c15b0000, 0x00000000d5550000)
  eden space 17856K,   0% used [0x00000000c0000000, 0x00000000c0000000, 0x00000000c1170000)
  from space 2176K,  44% used [0x00000000c1390000, 0x00000000c1483d18, 0x00000000c15b0000)
  to   space 2176K,   0% used [0x00000000c1170000, 0x00000000c1170000, 0x00000000c1390000)
 tenured generation   total 44316K, used 43339K [0x00000000d5550000, 0x00000000d8097000, 0x0000000100000000)
   the space 44316K,  97% used [0x00000000d5550000, 0x00000000d7fa2ee0, 0x00000000d7fa3000, 0x00000000d8097000)
 Metaspace       used 46193K, capacity 46764K, committed 46976K, reserved 1089536K
  class space    used 6548K, capacity 6725K, committed 6784K, reserved 1048576K
}
Event: 19.524 GC heap before
{Heap before GC invocations=130 (full 5):
 def new generation   total 20032K, used 18831K [0x00000000c0000000, 0x00000000c15b0000, 0x00000000d5550000)
  eden space 17856K, 100% used [0x00000000c0000000, 0x00000000c1170000, 0x00000000c1170000)
  from space 2176K,  44% used [0x00000000c1390000, 0x00000000c1483d18, 0x00000000c15b0000)
  to   space 2176K,   0% used [0x00000000c1170000, 0x00000000c1170000, 0x00000000c1390000)
 tenured generation   total 44316K, used 43339K [0x00000000d5550000, 0x00000000d8097000, 0x0000000100000000)
   the space 44316K,  97% used [0x00000000d5550000, 0x00000000d7fa2ee0, 0x00000000d7fa3000, 0x00000000d8097000)
 Metaspace       used 46377K, capacity 46970K, committed 47232K, reserved 1089536K
  class space    used 6555K, capacity 6738K, committed 6784K, reserved 1048576K
Event: 19.528 GC heap after
Heap after GC invocations=131 (full 5):
 def new generation   total 20032K, used 794K [0x00000000c0000000, 0x00000000c15b0000, 0x00000000d5550000)
  eden space 17856K,   0% used [0x00000000c0000000, 0x00000000c0000000, 0x00000000c1170000)
  from space 2176K,  36% used [0x00000000c1170000, 0x00000000c12369c8, 0x00000000c1390000)
  to   space 2176K,   0% used [0x00000000c1390000, 0x00000000c1390000, 0x00000000c15b0000)
 tenured generation   total 44316K, used 43339K [0x00000000d5550000, 0x00000000d8097000, 0x0000000100000000)
   the space 44316K,  97% used [0x00000000d5550000, 0x00000000d7fa2ee0, 0x00000000d7fa3000, 0x00000000d8097000)
 Metaspace       used 46377K, capacity 46970K, committed 47232K, reserved 1089536K
  class space    used 6555K, capacity 6738K, committed 6784K, reserved 1048576K
}
Event: 20.041 GC heap before
{Heap before GC invocations=131 (full 5):
 def new generation   total 20032K, used 18650K [0x00000000c0000000, 0x00000000c15b0000, 0x00000000d5550000)
  eden space 17856K, 100% used [0x00000000c0000000, 0x00000000c1170000, 0x00000000c1170000)
  from space 2176K,  36% used [0x00000000c1170000, 0x00000000c12369c8, 0x00000000c1390000)
  to   space 2176K,   0% used [0x00000000c1390000, 0x00000000c1390000, 0x00000000c15b0000)
 tenured generation   total 44316K, used 43339K [0x00000000d5550000, 0x00000000d8097000, 0x0000000100000000)
   the space 44316K,  97% used [0x00000000d5550000, 0x00000000d7fa2ee0, 0x00000000d7fa3000, 0x00000000d8097000)
 Metaspace       used 47365K, capacity 47962K, committed 48128K, reserved 1091584K
  class space    used 6680K, capacity 6834K, committed 6912K, reserved 1048576K
Event: 20.047 GC heap after
Heap after GC invocations=132 (full 5):
 def new generation   total 20032K, used 1727K [0x00000000c0000000, 0x00000000c15b0000, 0x00000000d5550000)
  eden space 17856K,   0% used [0x00000000c0000000, 0x00000000c0000000, 0x00000000c1170000)
  from space 2176K,  79% used [0x00000000c1390000, 0x00000000c153ffc0, 0x00000000c15b0000)
  to   space 2176K,   0% used [0x00000000c1170000, 0x00000000c1170000, 0x00000000c1390000)
 tenured generation   total 44316K, used 43339K [0x00000000d5550000, 0x00000000d8097000, 0x0000000100000000)
   the space 44316K,  97% used [0x00000000d5550000, 0x00000000d7fa2ee0, 0x00000000d7fa3000, 0x00000000d8097000)
 Metaspace       used 47365K, capacity 47962K, committed 48128K, reserved 1091584K
  class space    used 6680K, capacity 6834K, committed 6912K, reserved 1048576K
}
Event: 20.288 GC heap before
{Heap before GC invocations=132 (full 5):
 def new generation   total 20032K, used 19583K [0x00000000c0000000, 0x00000000c15b0000, 0x00000000d5550000)
  eden space 17856K, 100% used [0x00000000c0000000, 0x00000000c1170000, 0x00000000c1170000)
  from space 2176K,  79% used [0x00000000c1390000, 0x00000000c153ffc0, 0x00000000c15b0000)
  to   space 2176K,   0% used [0x00000000c1170000, 0x00000000c1170000, 0x00000000c1390000)
 tenured generation   total 44316K, used 43339K [0x00000000d5550000, 0x00000000d8097000, 0x0000000100000000)
   the space 44316K,  97% used [0x00000000d5550000, 0x00000000d7fa2ee0, 0x00000000d7fa3000, 0x00000000d8097000)
 Metaspace       used 48657K, capacity 49254K, committed 49536K, reserved 1091584K
  class space    used 6867K, capacity 7028K, committed 7040K, reserved 1048576K
Event: 20.295 GC heap after
Heap after GC invocations=133 (full 5):
 def new generation   total 20032K, used 1869K [0x00000000c0000000, 0x00000000c15b0000, 0x00000000d5550000)
  eden space 17856K,   0% used [0x00000000c0000000, 0x00000000c0000000, 0x00000000c1170000)
  from space 2176K,  85% used [0x00000000c1170000, 0x00000000c1343610, 0x00000000c1390000)
  to   space 2176K,   0% used [0x00000000c1390000, 0x00000000c1390000, 0x00000000c15b0000)
 tenured generation   total 44316K, used 44230K [0x00000000d5550000, 0x00000000d8097000, 0x0000000100000000)
   the space 44316K,  99% used [0x00000000d5550000, 0x00000000d80819e0, 0x00000000d8081a00, 0x00000000d8097000)
 Metaspace       used 48657K, capacity 49254K, committed 49536K, reserved 1091584K
  class space    used 6867K, capacity 7028K, committed 7040K, reserved 1048576K
}
Event: 20.450 GC heap before
{Heap before GC invocations=133 (full 5):
 def new generation   total 20032K, used 19725K [0x00000000c0000000, 0x00000000c15b0000, 0x00000000d5550000)
  eden space 17856K, 100% used [0x00000000c0000000, 0x00000000c1170000, 0x00000000c1170000)
  from space 2176K,  85% used [0x00000000c1170000, 0x00000000c1343610, 0x00000000c1390000)
  to   space 2176K,   0% used [0x00000000c1390000, 0x00000000c1390000, 0x00000000c15b0000)
 tenured generation   total 44316K, used 44230K [0x00000000d5550000, 0x00000000d8097000, 0x0000000100000000)
   the space 44316K,  99% used [0x00000000d5550000, 0x00000000d80819e0, 0x00000000d8081a00, 0x00000000d8097000)
 Metaspace       used 49934K, capacity 50502K, committed 50816K, reserved 1093632K
  class space    used 7038K, capacity 7188K, committed 7296K, reserved 1048576K
Event: 20.510 GC heap after
Heap after GC invocations=134 (full 6):
 def new generation   total 33728K, used 2160K [0x00000000c0000000, 0x00000000c2490000, 0x00000000d5550000)
  eden space 30016K,   7% used [0x00000000c0000000, 0x00000000c021c0b0, 0x00000000c1d50000)
  from space 3712K,   0% used [0x00000000c1d50000, 0x00000000c1d50000, 0x00000000c20f0000)
  to   space 3712K,   0% used [0x00000000c20f0000, 0x00000000c20f0000, 0x00000000c2490000)
 tenured generation   total 74820K, used 44891K [0x00000000d5550000, 0x00000000d9e61000, 0x0000000100000000)
   the space 74820K,  59% used [0x00000000d5550000, 0x00000000d8126fa0, 0x00000000d8127000, 0x00000000d9e61000)
 Metaspace       used 49912K, capacity 50466K, committed 50816K, reserved 1093632K
  class space    used 7035K, capacity 7182K, committed 7296K, reserved 1048576K
}
Event: 20.639 GC heap before
{Heap before GC invocations=134 (full 6):
 def new generation   total 33728K, used 30016K [0x00000000c0000000, 0x00000000c2490000, 0x00000000d5550000)
  eden space 30016K, 100% used [0x00000000c0000000, 0x00000000c1d50000, 0x00000000c1d50000)
  from space 3712K,   0% used [0x00000000c1d50000, 0x00000000c1d50000, 0x00000000c20f0000)
  to   space 3712K,   0% used [0x00000000c20f0000, 0x00000000c20f0000, 0x00000000c2490000)
 tenured generation   total 74820K, used 44891K [0x00000000d5550000, 0x00000000d9e61000, 0x0000000100000000)
   the space 74820K,  59% used [0x00000000d5550000, 0x00000000d8126fa0, 0x00000000d8127000, 0x00000000d9e61000)
 Metaspace       used 50914K, capacity 51522K, committed 51712K, reserved 1093632K
  class space    used 7254K, capacity 7406K, committed 7424K, reserved 1048576K
Event: 20.651 GC heap after
Heap after GC invocations=135 (full 6):
 def new generation   total 33728K, used 1973K [0x00000000c0000000, 0x00000000c2490000, 0x00000000d5550000)
  eden space 30016K,   0% used [0x00000000c0000000, 0x00000000c0000000, 0x00000000c1d50000)
  from space 3712K,  53% used [0x00000000c20f0000, 0x00000000c22dd478, 0x00000000c2490000)
  to   space 3712K,   0% used [0x00000000c1d50000, 0x00000000c1d50000, 0x00000000c20f0000)
 tenured generation   total 74820K, used 44891K [0x00000000d5550000, 0x00000000d9e61000, 0x0000000100000000)
   the space 74820K,  59% used [0x00000000d5550000, 0x00000000d8126fc0, 0x00000000d8127000, 0x00000000d9e61000)
 Metaspace       used 50914K, capacity 51522K, committed 51712K, reserved 1093632K
  class space    used 7254K, capacity 7406K, committed 7424K, reserved 1048576K
}
Event: 20.805 GC heap before
{Heap before GC invocations=135 (full 6):
 def new generation   total 33728K, used 31989K [0x00000000c0000000, 0x00000000c2490000, 0x00000000d5550000)
  eden space 30016K, 100% used [0x00000000c0000000, 0x00000000c1d50000, 0x00000000c1d50000)
  from space 3712K,  53% used [0x00000000c20f0000, 0x00000000c22dd478, 0x00000000c2490000)
  to   space 3712K,   0% used [0x00000000c1d50000, 0x00000000c1d50000, 0x00000000c20f0000)
 tenured generation   total 74820K, used 44891K [0x00000000d5550000, 0x00000000d9e61000, 0x0000000100000000)
   the space 74820K,  59% used [0x00000000d5550000, 0x00000000d8126fc0, 0x00000000d8127000, 0x00000000d9e61000)
 Metaspace       used 52207K, capacity 52814K, committed 52992K, reserved 1095680K
  class space    used 7513K, capacity 7664K, committed 7680K, reserved 1048576K
Event: 20.811 GC heap after
Heap after GC invocations=136 (full 6):
 def new generation   total 33728K, used 1414K [0x00000000c0000000, 0x00000000c2490000, 0x00000000d5550000)
  eden space 30016K,   0% used [0x00000000c0000000, 0x00000000c0000000, 0x00000000c1d50000)
  from space 3712K,  38% used [0x00000000c1d50000, 0x00000000c1eb1998, 0x00000000c20f0000)
  to   space 3712K,   0% used [0x00000000c20f0000, 0x00000000c20f0000, 0x00000000c2490000)
 tenured generation   total 74820K, used 45988K [0x00000000d5550000, 0x00000000d9e61000, 0x0000000100000000)
   the space 74820K,  61% used [0x00000000d5550000, 0x00000000d8239028, 0x00000000d8239200, 0x00000000d9e61000)
 Metaspace       used 52207K, capacity 52814K, committed 52992K, reserved 1095680K
  class space    used 7513K, capacity 7664K, committed 7680K, reserved 1048576K
}
Event: 20.987 GC heap before
{Heap before GC invocations=136 (full 6):
 def new generation   total 33728K, used 31414K [0x00000000c0000000, 0x00000000c2490000, 0x00000000d5550000)
  eden space 30016K,  99% used [0x00000000c0000000, 0x00000000c1d4c0d8, 0x00000000c1d50000)
  from space 3712K,  38% used [0x00000000c1d50000, 0x00000000c1eb1998, 0x00000000c20f0000)
  to   space 3712K,   0% used [0x00000000c20f0000, 0x00000000c20f0000, 0x00000000c2490000)
 tenured generation   total 74820K, used 45988K [0x00000000d5550000, 0x00000000d9e61000, 0x0000000100000000)
   the space 74820K,  61% used [0x00000000d5550000, 0x00000000d8239028, 0x00000000d8239200, 0x00000000d9e61000)
 Metaspace       used 54299K, capacity 54862K, committed 55040K, reserved 1095680K
  class space    used 7778K, capacity 7920K, committed 7936K, reserved 1048576K
Event: 20.992 GC heap after
Heap after GC invocations=137 (full 6):
 def new generation   total 33728K, used 2184K [0x00000000c0000000, 0x00000000c2490000, 0x00000000d5550000)
  eden space 30016K,   0% used [0x00000000c0000000, 0x00000000c0000000, 0x00000000c1d50000)
  from space 3712K,  58% used [0x00000000c20f0000, 0x00000000c2312080, 0x00000000c2490000)
  to   space 3712K,   0% used [0x00000000c1d50000, 0x00000000c1d50000, 0x00000000c20f0000)
 tenured generation   total 74820K, used 45988K [0x00000000d5550000, 0x00000000d9e61000, 0x0000000100000000)
   the space 74820K,  61% used [0x00000000d5550000, 0x00000000d8239028, 0x00000000d8239200, 0x00000000d9e61000)
 Metaspace       used 54299K, capacity 54862K, committed 55040K, reserved 1095680K
  class space    used 7778K, capacity 7920K, committed 7936K, reserved 1048576K
}
Event: 21.170 GC heap before
{Heap before GC invocations=137 (full 6):
 def new generation   total 33728K, used 32200K [0x00000000c0000000, 0x00000000c2490000, 0x00000000d5550000)
  eden space 30016K, 100% used [0x00000000c0000000, 0x00000000c1d50000, 0x00000000c1d50000)
  from space 3712K,  58% used [0x00000000c20f0000, 0x00000000c2312080, 0x00000000c2490000)
  to   space 3712K,   0% used [0x00000000c1d50000, 0x00000000c1d50000, 0x00000000c20f0000)
 tenured generation   total 74820K, used 45988K [0x00000000d5550000, 0x00000000d9e61000, 0x0000000100000000)
   the space 74820K,  61% used [0x00000000d5550000, 0x00000000d8239028, 0x00000000d8239200, 0x00000000d9e61000)
 Metaspace       used 56473K, capacity 57070K, committed 57216K, reserved 1097728K
  class space    used 8135K, capacity 8272K, committed 8320K, reserved 1048576K
Event: 21.176 GC heap after
Heap after GC invocations=138 (full 6):
 def new generation   total 33728K, used 2279K [0x00000000c0000000, 0x00000000c2490000, 0x00000000d5550000)
  eden space 30016K,   0% used [0x00000000c0000000, 0x00000000c0000000, 0x00000000c1d50000)
  from space 3712K,  61% used [0x00000000c1d50000, 0x00000000c1f89e78, 0x00000000c20f0000)
  to   space 3712K,   0% used [0x00000000c20f0000, 0x00000000c20f0000, 0x00000000c2490000)
 tenured generation   total 74820K, used 46323K [0x00000000d5550000, 0x00000000d9e61000, 0x0000000100000000)
   the space 74820K,  61% used [0x00000000d5550000, 0x00000000d828cd68, 0x00000000d828ce00, 0x00000000d9e61000)
 Metaspace       used 56473K, capacity 57070K, committed 57216K, reserved 1097728K
  class space    used 8135K, capacity 8272K, committed 8320K, reserved 1048576K
}
Event: 21.442 GC heap before
{Heap before GC invocations=138 (full 6):
 def new generation   total 33728K, used 32295K [0x00000000c0000000, 0x00000000c2490000, 0x00000000d5550000)
  eden space 30016K, 100% used [0x00000000c0000000, 0x00000000c1d50000, 0x00000000c1d50000)
  from space 3712K,  61% used [0x00000000c1d50000, 0x00000000c1f89e78, 0x00000000c20f0000)
  to   space 3712K,   0% used [0x00000000c20f0000, 0x00000000c20f0000, 0x00000000c2490000)
 tenured generation   total 74820K, used 46323K [0x00000000d5550000, 0x00000000d9e61000, 0x0000000100000000)
   the space 74820K,  61% used [0x00000000d5550000, 0x00000000d828cd68, 0x00000000d828ce00, 0x00000000d9e61000)
 Metaspace       used 58427K, capacity 59022K, committed 59136K, reserved 1099776K
  class space    used 8529K, capacity 8688K, committed 8704K, reserved 1048576K
Event: 21.448 GC heap after
Heap after GC invocations=139 (full 6):
 def new generation   total 33728K, used 1413K [0x00000000c0000000, 0x00000000c2490000, 0x00000000d5550000)
  eden space 30016K,   0% used [0x00000000c0000000, 0x00000000c0000000, 0x00000000c1d50000)
  from space 3712K,  38% used [0x00000000c20f0000, 0x00000000c2251540, 0x00000000c2490000)
  to   space 3712K,   0% used [0x00000000c1d50000, 0x00000000c1d50000, 0x00000000c20f0000)
 tenured generation   total 74820K, used 47027K [0x00000000d5550000, 0x00000000d9e61000, 0x0000000100000000)
   the space 74820K,  62% used [0x00000000d5550000, 0x00000000d833cc88, 0x00000000d833ce00, 0x00000000d9e61000)
 Metaspace       used 58427K, capacity 59022K, committed 59136K, reserved 1099776K
  class space    used 8529K, capacity 8688K, committed 8704K, reserved 1048576K
}
Event: 21.925 GC heap before
{Heap before GC invocations=139 (full 6):
 def new generation   total 33728K, used 31429K [0x00000000c0000000, 0x00000000c2490000, 0x00000000d5550000)
  eden space 30016K, 100% used [0x00000000c0000000, 0x00000000c1d50000, 0x00000000c1d50000)
  from space 3712K,  38% used [0x00000000c20f0000, 0x00000000c2251540, 0x00000000c2490000)
  to   space 3712K,   0% used [0x00000000c1d50000, 0x00000000c1d50000, 0x00000000c20f0000)
 tenured generation   total 74820K, used 47027K [0x00000000d5550000, 0x00000000d9e61000, 0x0000000100000000)
   the space 74820K,  62% used [0x00000000d5550000, 0x00000000d833cc88, 0x00000000d833ce00, 0x00000000d9e61000)
 Metaspace       used 60053K, capacity 60660K, committed 60928K, reserved 1101824K
  class space    used 8763K, capacity 8913K, committed 8960K, reserved 1048576K
Event: 21.933 GC heap after
Heap after GC invocations=140 (full 6):
 def new generation   total 33728K, used 2253K [0x00000000c0000000, 0x00000000c2490000, 0x00000000d5550000)
  eden space 30016K,   0% used [0x00000000c0000000, 0x00000000c0000000, 0x00000000c1d50000)
  from space 3712K,  60% used [0x00000000c1d50000, 0x00000000c1f83788, 0x00000000c20f0000)
  to   space 3712K,   0% used [0x00000000c20f0000, 0x00000000c20f0000, 0x00000000c2490000)
 tenured generation   total 74820K, used 47027K [0x00000000d5550000, 0x00000000d9e61000, 0x0000000100000000)
   the space 74820K,  62% used [0x00000000d5550000, 0x00000000d833cc88, 0x00000000d833ce00, 0x00000000d9e61000)
 Metaspace       used 60053K, capacity 60660K, committed 60928K, reserved 1101824K
  class space    used 8763K, capacity 8913K, committed 8960K, reserved 1048576K
}
Event: 22.422 GC heap before
{Heap before GC invocations=140 (full 6):
 def new generation   total 33728K, used 32269K [0x00000000c0000000, 0x00000000c2490000, 0x00000000d5550000)
  eden space 30016K, 100% used [0x00000000c0000000, 0x00000000c1d50000, 0x00000000c1d50000)
  from space 3712K,  60% used [0x00000000c1d50000, 0x00000000c1f83788, 0x00000000c20f0000)
  to   space 3712K,   0% used [0x00000000c20f0000, 0x00000000c20f0000, 0x00000000c2490000)
 tenured generation   total 74820K, used 47027K [0x00000000d5550000, 0x00000000d9e61000, 0x0000000100000000)
   the space 74820K,  62% used [0x00000000d5550000, 0x00000000d833cc88, 0x00000000d833ce00, 0x00000000d9e61000)
 Metaspace       used 61019K, capacity 61620K, committed 61824K, reserved 1101824K
  class space    used 8903K, capacity 9041K, committed 9088K, reserved 1048576K
Event: 22.435 GC heap after
Heap after GC invocations=141 (full 6):
 def new generation   total 33728K, used 2993K [0x00000000c0000000, 0x00000000c2490000, 0x00000000d5550000)
  eden space 30016K,   0% used [0x00000000c0000000, 0x00000000c0000000, 0x00000000c1d50000)
  from space 3712K,  80% used [0x00000000c20f0000, 0x00000000c23dc440, 0x00000000c2490000)
  to   space 3712K,   0% used [0x00000000c1d50000, 0x00000000c1d50000, 0x00000000c20f0000)
 tenured generation   total 74820K, used 48090K [0x00000000d5550000, 0x00000000d9e61000, 0x0000000100000000)
   the space 74820K,  64% used [0x00000000d5550000, 0x00000000d8446930, 0x00000000d8446a00, 0x00000000d9e61000)
 Metaspace       used 61019K, capacity 61620K, committed 61824K, reserved 1101824K
  class space    used 8903K, capacity 9041K, committed 9088K, reserved 1048576K
}
Event: 22.993 GC heap before
{Heap before GC invocations=141 (full 6):
 def new generation   total 33728K, used 33009K [0x00000000c0000000, 0x00000000c2490000, 0x00000000d5550000)
  eden space 30016K, 100% used [0x00000000c0000000, 0x00000000c1d50000, 0x00000000c1d50000)
  from space 3712K,  80% used [0x00000000c20f0000, 0x00000000c23dc440, 0x00000000c2490000)
  to   space 3712K,   0% used [0x00000000c1d50000, 0x00000000c1d50000, 0x00000000c20f0000)
 tenured generation   total 74820K, used 48090K [0x00000000d5550000, 0x00000000d9e61000, 0x0000000100000000)
   the space 74820K,  64% used [0x00000000d5550000, 0x00000000d8446930, 0x00000000d8446a00, 0x00000000d9e61000)
 Metaspace       used 61856K, capacity 62420K, committed 62720K, reserved 1103872K
  class space    used 9001K, capacity 9137K, committed 9216K, reserved 1048576K
Event: 23.010 GC heap after
Heap after GC invocations=142 (full 6):
 def new generation   total 33728K, used 1938K [0x00000000c0000000, 0x00000000c2490000, 0x00000000d5550000)
  eden space 30016K,   0% used [0x00000000c0000000, 0x00000000c0000000, 0x00000000c1d50000)
  from space 3712K,  52% used [0x00000000c1d50000, 0x00000000c1f34bd8, 0x00000000c20f0000)
  to   space 3712K,   0% used [0x00000000c20f0000, 0x00000000c20f0000, 0x00000000c2490000)
 tenured generation   total 74820K, used 50141K [0x00000000d5550000, 0x00000000d9e61000, 0x0000000100000000)
   the space 74820K,  67% used [0x00000000d5550000, 0x00000000d86475b8, 0x00000000d8647600, 0x00000000d9e61000)
 Metaspace       used 61856K, capacity 62420K, committed 62720K, reserved 1103872K
  class space    used 9001K, capacity 9137K, committed 9216K, reserved 1048576K
}
Event: 23.710 GC heap before
{Heap before GC invocations=142 (full 6):
 def new generation   total 33728K, used 31954K [0x00000000c0000000, 0x00000000c2490000, 0x00000000d5550000)
  eden space 30016K, 100% used [0x00000000c0000000, 0x00000000c1d50000, 0x00000000c1d50000)
  from space 3712K,  52% used [0x00000000c1d50000, 0x00000000c1f34bd8, 0x00000000c20f0000)
  to   space 3712K,   0% used [0x00000000c20f0000, 0x00000000c20f0000, 0x00000000c2490000)
 tenured generation   total 74820K, used 50141K [0x00000000d5550000, 0x00000000d9e61000, 0x0000000100000000)
   the space 74820K,  67% used [0x00000000d5550000, 0x00000000d86475b8, 0x00000000d8647600, 0x00000000d9e61000)
 Metaspace       used 63251K, capacity 63834K, committed 64128K, reserved 1103872K
  class space    used 9179K, capacity 9330K, committed 9344K, reserved 1048576K
Event: 23.720 GC heap after
Heap after GC invocations=143 (full 6):
 def new generation   total 33728K, used 1701K [0x00000000c0000000, 0x00000000c2490000, 0x00000000d5550000)
  eden space 30016K,   0% used [0x00000000c0000000, 0x00000000c0000000, 0x00000000c1d50000)
  from space 3712K,  45% used [0x00000000c20f0000, 0x00000000c2299630, 0x00000000c2490000)
  to   space 3712K,   0% used [0x00000000c1d50000, 0x00000000c1d50000, 0x00000000c20f0000)
 tenured generation   total 74820K, used 51349K [0x00000000d5550000, 0x00000000d9e61000, 0x0000000100000000)
   the space 74820K,  68% used [0x00000000d5550000, 0x00000000d87757e0, 0x00000000d8775800, 0x00000000d9e61000)
 Metaspace       used 63251K, capacity 63834K, committed 64128K, reserved 1103872K
  class space    used 9179K, capacity 9330K, committed 9344K, reserved 1048576K
}
Event: 23.883 GC heap before
{Heap before GC invocations=143 (full 6):
 def new generation   total 33728K, used 31717K [0x00000000c0000000, 0x00000000c2490000, 0x00000000d5550000)
  eden space 30016K, 100% used [0x00000000c0000000, 0x00000000c1d50000, 0x00000000c1d50000)
  from space 3712K,  45% used [0x00000000c20f0000, 0x00000000c2299630, 0x00000000c2490000)
  to   space 3712K,   0% used [0x00000000c1d50000, 0x00000000c1d50000, 0x00000000c20f0000)
 tenured generation   total 74820K, used 51349K [0x00000000d5550000, 0x00000000d9e61000, 0x0000000100000000)
   the space 74820K,  68% used [0x00000000d5550000, 0x00000000d87757e0, 0x00000000d8775800, 0x00000000d9e61000)
 Metaspace       used 64692K, capacity 65306K, committed 65408K, reserved 1105920K
  class space    used 9422K, capacity 9586K, committed 9600K, reserved 1048576K
Event: 23.889 GC heap after
Heap after GC invocations=144 (full 6):
 def new generation   total 33728K, used 2016K [0x00000000c0000000, 0x00000000c2490000, 0x00000000d5550000)
  eden space 30016K,   0% used [0x00000000c0000000, 0x00000000c0000000, 0x00000000c1d50000)
  from space 3712K,  54% used [0x00000000c1d50000, 0x00000000c1f48048, 0x00000000c20f0000)
  to   space 3712K,   0% used [0x00000000c20f0000, 0x00000000c20f0000, 0x00000000c2490000)
 tenured generation   total 74820K, used 51349K [0x00000000d5550000, 0x00000000d9e61000, 0x0000000100000000)
   the space 74820K,  68% used [0x00000000d5550000, 0x00000000d87757e0, 0x00000000d8775800, 0x00000000d9e61000)
 Metaspace       used 64692K, capacity 65306K, committed 65408K, reserved 1105920K
  class space    used 9422K, capacity 9586K, committed 9600K, reserved 1048576K
}
Event: 24.064 GC heap before
{Heap before GC invocations=144 (full 6):
 def new generation   total 33728K, used 32032K [0x00000000c0000000, 0x00000000c2490000, 0x00000000d5550000)
  eden space 30016K, 100% used [0x00000000c0000000, 0x00000000c1d50000, 0x00000000c1d50000)
  from space 3712K,  54% used [0x00000000c1d50000, 0x00000000c1f48048, 0x00000000c20f0000)
  to   space 3712K,   0% used [0x00000000c20f0000, 0x00000000c20f0000, 0x00000000c2490000)
 tenured generation   total 74820K, used 51349K [0x00000000d5550000, 0x00000000d9e61000, 0x0000000100000000)
   the space 74820K,  68% used [0x00000000d5550000, 0x00000000d87757e0, 0x00000000d8775800, 0x00000000d9e61000)
 Metaspace       used 65960K, capacity 66554K, committed 66688K, reserved 1105920K
  class space    used 9650K, capacity 9810K, committed 9856K, reserved 1048576K
Event: 24.071 GC heap after
Heap after GC invocations=145 (full 6):
 def new generation   total 33728K, used 1494K [0x00000000c0000000, 0x00000000c2490000, 0x00000000d5550000)
  eden space 30016K,   0% used [0x00000000c0000000, 0x00000000c0000000, 0x00000000c1d50000)
  from space 3712K,  40% used [0x00000000c20f0000, 0x00000000c2265960, 0x00000000c2490000)
  to   space 3712K,   0% used [0x00000000c1d50000, 0x00000000c1d50000, 0x00000000c20f0000)
 tenured generation   total 74820K, used 51898K [0x00000000d5550000, 0x00000000d9e61000, 0x0000000100000000)
   the space 74820K,  69% used [0x00000000d5550000, 0x00000000d87fe868, 0x00000000d87fea00, 0x00000000d9e61000)
 Metaspace       used 65960K, capacity 66554K, committed 66688K, reserved 1105920K
  class space    used 9650K, capacity 9810K, committed 9856K, reserved 1048576K
}
Event: 24.243 GC heap before
{Heap before GC invocations=145 (full 6):
 def new generation   total 33728K, used 31510K [0x00000000c0000000, 0x00000000c2490000, 0x00000000d5550000)
  eden space 30016K, 100% used [0x00000000c0000000, 0x00000000c1d50000, 0x00000000c1d50000)
  from space 3712K,  40% used [0x00000000c20f0000, 0x00000000c2265960, 0x00000000c2490000)
  to   space 3712K,   0% used [0x00000000c1d50000, 0x00000000c1d50000, 0x00000000c20f0000)
 tenured generation   total 74820K, used 51898K [0x00000000d5550000, 0x00000000d9e61000, 0x0000000100000000)
   the space 74820K,  69% used [0x00000000d5550000, 0x00000000d87fe868, 0x00000000d87fea00, 0x00000000d9e61000)
 Metaspace       used 67385K, capacity 67930K, committed 68224K, reserved 1107968K
  class space    used 9891K, capacity 10034K, committed 10112K, reserved 1048576K
Event: 24.249 GC heap after
Heap after GC invocations=146 (full 6):
 def new generation   total 33728K, used 1916K [0x00000000c0000000, 0x00000000c2490000, 0x00000000d5550000)
  eden space 30016K,   0% used [0x00000000c0000000, 0x00000000c0000000, 0x00000000c1d50000)
  from space 3712K,  51% used [0x00000000c1d50000, 0x00000000c1f2f0c0, 0x00000000c20f0000)
  to   space 3712K,   0% used [0x00000000c20f0000, 0x00000000c20f0000, 0x00000000c2490000)
 tenured generation   total 74820K, used 51898K [0x00000000d5550000, 0x00000000d9e61000, 0x0000000100000000)
   the space 74820K,  69% used [0x00000000d5550000, 0x00000000d87fe868, 0x00000000d87fea00, 0x00000000d9e61000)
 Metaspace       used 67385K, capacity 67930K, committed 68224K, reserved 1107968K
  class space    used 9891K, capacity 10034K, committed 10112K, reserved 1048576K
}
Event: 24.907 GC heap before
{Heap before GC invocations=146 (full 6):
 def new generation   total 33728K, used 31932K [0x00000000c0000000, 0x00000000c2490000, 0x00000000d5550000)
  eden space 30016K, 100% used [0x00000000c0000000, 0x00000000c1d50000, 0x00000000c1d50000)
  from space 3712K,  51% used [0x00000000c1d50000, 0x00000000c1f2f0c0, 0x00000000c20f0000)
  to   space 3712K,   0% used [0x00000000c20f0000, 0x00000000c20f0000, 0x00000000c2490000)
 tenured generation   total 74820K, used 51898K [0x00000000d5550000, 0x00000000d9e61000, 0x0000000100000000)
   the space 74820K,  69% used [0x00000000d5550000, 0x00000000d87fe868, 0x00000000d87fea00, 0x00000000d9e61000)
 Metaspace       used 70190K, capacity 70848K, committed 71168K, reserved 1110016K
  class space    used 10232K, capacity 10387K, committed 10496K, reserved 1048576K
Event: 24.917 GC heap after
Heap after GC invocations=147 (full 6):
 def new generation   total 33728K, used 2816K [0x00000000c0000000, 0x00000000c2490000, 0x00000000d5550000)
  eden space 30016K,   0% used [0x00000000c0000000, 0x00000000c0000000, 0x00000000c1d50000)
  from space 3712K,  75% used [0x00000000c20f0000, 0x00000000c23b0028, 0x00000000c2490000)
  to   space 3712K,   0% used [0x00000000c1d50000, 0x00000000c1d50000, 0x00000000c20f0000)
 tenured generation   total 74820K, used 52030K [0x00000000d5550000, 0x00000000d9e61000, 0x0000000100000000)
   the space 74820K,  69% used [0x00000000d5550000, 0x00000000d881fb18, 0x00000000d881fc00, 0x00000000d9e61000)
 Metaspace       used 70190K, capacity 70848K, committed 71168K, reserved 1110016K
  class space    used 10232K, capacity 10387K, committed 10496K, reserved 1048576K
}
Event: 25.380 GC heap before
{Heap before GC invocations=147 (full 6):
 def new generation   total 33728K, used 32832K [0x00000000c0000000, 0x00000000c2490000, 0x00000000d5550000)
  eden space 30016K, 100% used [0x00000000c0000000, 0x00000000c1d50000, 0x00000000c1d50000)
  from space 3712K,  75% used [0x00000000c20f0000, 0x00000000c23b0028, 0x00000000c2490000)
  to   space 3712K,   0% used [0x00000000c1d50000, 0x00000000c1d50000, 0x00000000c20f0000)
 tenured generation   total 74820K, used 52030K [0x00000000d5550000, 0x00000000d9e61000, 0x0000000100000000)
   the space 74820K,  69% used [0x00000000d5550000, 0x00000000d881fb18, 0x00000000d881fc00, 0x00000000d9e61000)
 Metaspace       used 70969K, capacity 71630K, committed 71808K, reserved 1110016K
  class space    used 10345K, capacity 10523K, committed 10624K, reserved 1048576K
Event: 25.389 GC heap after
Heap after GC invocations=148 (full 6):
 def new generation   total 33728K, used 1731K [0x00000000c0000000, 0x00000000c2490000, 0x00000000d5550000)
  eden space 30016K,   0% used [0x00000000c0000000, 0x00000000c0000000, 0x00000000c1d50000)
  from space 3712K,  46% used [0x00000000c1d50000, 0x00000000c1f00ff8, 0x00000000c20f0000)
  to   space 3712K,   0% used [0x00000000c20f0000, 0x00000000c20f0000, 0x00000000c2490000)
 tenured generation   total 74820K, used 53058K [0x00000000d5550000, 0x00000000d9e61000, 0x0000000100000000)
   the space 74820K,  70% used [0x00000000d5550000, 0x00000000d8920b28, 0x00000000d8920c00, 0x00000000d9e61000)
 Metaspace       used 70969K, capacity 71630K, committed 71808K, reserved 1110016K
  class space    used 10345K, capacity 10523K, committed 10624K, reserved 1048576K
}
Event: 25.985 GC heap before
{Heap before GC invocations=148 (full 6):
 def new generation   total 33728K, used 31747K [0x00000000c0000000, 0x00000000c2490000, 0x00000000d5550000)
  eden space 30016K, 100% used [0x00000000c0000000, 0x00000000c1d50000, 0x00000000c1d50000)
  from space 3712K,  46% used [0x00000000c1d50000, 0x00000000c1f00ff8, 0x00000000c20f0000)
  to   space 3712K,   0% used [0x00000000c20f0000, 0x00000000c20f0000, 0x00000000c2490000)
 tenured generation   total 74820K, used 53058K [0x00000000d5550000, 0x00000000d9e61000, 0x0000000100000000)
   the space 74820K,  70% used [0x00000000d5550000, 0x00000000d8920b28, 0x00000000d8920c00, 0x00000000d9e61000)
 Metaspace       used 72966K, capacity 73750K, committed 73856K, reserved 1112064K
  class space    used 10603K, capacity 10791K, committed 10880K, reserved 1048576K
Event: 25.994 GC heap after
Heap after GC invocations=149 (full 6):
 def new generation   total 33728K, used 3308K [0x00000000c0000000, 0x00000000c2490000, 0x00000000d5550000)
  eden space 30016K,   0% used [0x00000000c0000000, 0x00000000c0000000, 0x00000000c1d50000)
  from space 3712K,  89% used [0x00000000c20f0000, 0x00000000c242b180, 0x00000000c2490000)
  to   space 3712K,   0% used [0x00000000c1d50000, 0x00000000c1d50000, 0x00000000c20f0000)
 tenured generation   total 74820K, used 53058K [0x00000000d5550000, 0x00000000d9e61000, 0x0000000100000000)
   the space 74820K,  70% used [0x00000000d5550000, 0x00000000d8920b28, 0x00000000d8920c00, 0x00000000d9e61000)
 Metaspace       used 72966K, capacity 73750K, committed 73856K, reserved 1112064K
  class space    used 10603K, capacity 10791K, committed 10880K, reserved 1048576K
}
Event: 26.637 GC heap before
{Heap before GC invocations=149 (full 6):
 def new generation   total 33728K, used 33324K [0x00000000c0000000, 0x00000000c2490000, 0x00000000d5550000)
  eden space 30016K, 100% used [0x00000000c0000000, 0x00000000c1d50000, 0x00000000c1d50000)
  from space 3712K,  89% used [0x00000000c20f0000, 0x00000000c242b180, 0x00000000c2490000)
  to   space 3712K,   0% used [0x00000000c1d50000, 0x00000000c1d50000, 0x00000000c20f0000)
 tenured generation   total 74820K, used 53058K [0x00000000d5550000, 0x00000000d9e61000, 0x0000000100000000)
   the space 74820K,  70% used [0x00000000d5550000, 0x00000000d8920b28, 0x00000000d8920c00, 0x00000000d9e61000)
 Metaspace       used 73819K, capacity 74550K, committed 74752K, reserved 1114112K
  class space    used 10782K, capacity 10951K, committed 11008K, reserved 1048576K
Event: 26.647 GC heap after
Heap after GC invocations=150 (full 6):
 def new generation   total 33728K, used 1156K [0x00000000c0000000, 0x00000000c2490000, 0x00000000d5550000)
  eden space 30016K,   0% used [0x00000000c0000000, 0x00000000c0000000, 0x00000000c1d50000)
  from space 3712K,  31% used [0x00000000c1d50000, 0x00000000c1e71198, 0x00000000c20f0000)
  to   space 3712K,   0% used [0x00000000c20f0000, 0x00000000c20f0000, 0x00000000c2490000)
 tenured generation   total 74820K, used 54980K [0x00000000d5550000, 0x00000000d9e61000, 0x0000000100000000)
   the space 74820K,  73% used [0x00000000d5550000, 0x00000000d8b01180, 0x00000000d8b01200, 0x00000000d9e61000)
 Metaspace       used 73819K, capacity 74550K, committed 74752K, reserved 1114112K
  class space    used 10782K, capacity 10951K, committed 11008K, reserved 1048576K
}
Event: 27.207 GC heap before
{Heap before GC invocations=150 (full 6):
 def new generation   total 33728K, used 31172K [0x00000000c0000000, 0x00000000c2490000, 0x00000000d5550000)
  eden space 30016K, 100% used [0x00000000c0000000, 0x00000000c1d50000, 0x00000000c1d50000)
  from space 3712K,  31% used [0x00000000c1d50000, 0x00000000c1e71198, 0x00000000c20f0000)
  to   space 3712K,   0% used [0x00000000c20f0000, 0x00000000c20f0000, 0x00000000c2490000)
 tenured generation   total 74820K, used 54980K [0x00000000d5550000, 0x00000000d9e61000, 0x0000000100000000)
   the space 74820K,  73% used [0x00000000d5550000, 0x00000000d8b01180, 0x00000000d8b01200, 0x00000000d9e61000)
 Metaspace       used 74592K, capacity 75304K, committed 75392K, reserved 1114112K
  class space    used 10932K, capacity 11115K, committed 11136K, reserved 1048576K
Event: 27.213 GC heap after
Heap after GC invocations=151 (full 6):
 def new generation   total 33728K, used 1294K [0x00000000c0000000, 0x00000000c2490000, 0x00000000d5550000)
  eden space 30016K,   0% used [0x00000000c0000000, 0x00000000c0000000, 0x00000000c1d50000)
  from space 3712K,  34% used [0x00000000c20f0000, 0x00000000c22338d8, 0x00000000c2490000)
  to   space 3712K,   0% used [0x00000000c1d50000, 0x00000000c1d50000, 0x00000000c20f0000)
 tenured generation   total 74820K, used 54980K [0x00000000d5550000, 0x00000000d9e61000, 0x0000000100000000)
   the space 74820K,  73% used [0x00000000d5550000, 0x00000000d8b01180, 0x00000000d8b01200, 0x00000000d9e61000)
 Metaspace       used 74592K, capacity 75304K, committed 75392K, reserved 1114112K
  class space    used 10932K, capacity 11115K, committed 11136K, reserved 1048576K
}
Event: 27.768 GC heap before
{Heap before GC invocations=151 (full 6):
 def new generation   total 33728K, used 31310K [0x00000000c0000000, 0x00000000c2490000, 0x00000000d5550000)
  eden space 30016K, 100% used [0x00000000c0000000, 0x00000000c1d50000, 0x00000000c1d50000)
  from space 3712K,  34% used [0x00000000c20f0000, 0x00000000c22338d8, 0x00000000c2490000)
  to   space 3712K,   0% used [0x00000000c1d50000, 0x00000000c1d50000, 0x00000000c20f0000)
 tenured generation   total 74820K, used 54980K [0x00000000d5550000, 0x00000000d9e61000, 0x0000000100000000)
   the space 74820K,  73% used [0x00000000d5550000, 0x00000000d8b01180, 0x00000000d8b01200, 0x00000000d9e61000)
 Metaspace       used 75118K, capacity 75902K, committed 76032K, reserved 1114112K
  class space    used 11014K, capacity 11205K, committed 11264K, reserved 1048576K
Event: 27.776 GC heap after
Heap after GC invocations=152 (full 6):
 def new generation   total 33728K, used 1923K [0x00000000c0000000, 0x00000000c2490000, 0x00000000d5550000)
  eden space 30016K,   0% used [0x00000000c0000000, 0x00000000c0000000, 0x00000000c1d50000)
  from space 3712K,  51% used [0x00000000c1d50000, 0x00000000c1f30f50, 0x00000000c20f0000)
  to   space 3712K,   0% used [0x00000000c20f0000, 0x00000000c20f0000, 0x00000000c2490000)
 tenured generation   total 74820K, used 54980K [0x00000000d5550000, 0x00000000d9e61000, 0x0000000100000000)
   the space 74820K,  73% used [0x00000000d5550000, 0x00000000d8b01180, 0x00000000d8b01200, 0x00000000d9e61000)
 Metaspace       used 75118K, capacity 75902K, committed 76032K, reserved 1114112K
  class space    used 11014K, capacity 11205K, committed 11264K, reserved 1048576K
}
Event: 28.754 GC heap before
{Heap before GC invocations=152 (full 6):
 def new generation   total 33728K, used 31939K [0x00000000c0000000, 0x00000000c2490000, 0x00000000d5550000)
  eden space 30016K, 100% used [0x00000000c0000000, 0x00000000c1d50000, 0x00000000c1d50000)
  from space 3712K,  51% used [0x00000000c1d50000, 0x00000000c1f30f50, 0x00000000c20f0000)
  to   space 3712K,   0% used [0x00000000c20f0000, 0x00000000c20f0000, 0x00000000c2490000)
 tenured generation   total 74820K, used 54980K [0x00000000d5550000, 0x00000000d9e61000, 0x0000000100000000)
   the space 74820K,  73% used [0x00000000d5550000, 0x00000000d8b01180, 0x00000000d8b01200, 0x00000000d9e61000)
 Metaspace       used 76097K, capacity 76876K, committed 76928K, reserved 1114112K
  class space    used 11185K, capacity 11373K, committed 11392K, reserved 1048576K
Event: 28.761 GC heap after
Heap after GC invocations=153 (full 6):
 def new generation   total 33728K, used 1524K [0x00000000c0000000, 0x00000000c2490000, 0x00000000d5550000)
  eden space 30016K,   0% used [0x00000000c0000000, 0x00000000c0000000, 0x00000000c1d50000)
  from space 3712K,  41% used [0x00000000c20f0000, 0x00000000c226d380, 0x00000000c2490000)
  to   space 3712K,   0% used [0x00000000c1d50000, 0x00000000c1d50000, 0x00000000c20f0000)
 tenured generation   total 74820K, used 55353K [0x00000000d5550000, 0x00000000d9e61000, 0x0000000100000000)
   the space 74820K,  73% used [0x00000000d5550000, 0x00000000d8b5e710, 0x00000000d8b5e800, 0x00000000d9e61000)
 Metaspace       used 76097K, capacity 76876K, committed 76928K, reserved 1114112K
  class space    used 11185K, capacity 11373K, committed 11392K, reserved 1048576K
}
Event: 29.338 GC heap before
{Heap before GC invocations=153 (full 6):
 def new generation   total 33728K, used 31540K [0x00000000c0000000, 0x00000000c2490000, 0x00000000d5550000)
  eden space 30016K, 100% used [0x00000000c0000000, 0x00000000c1d50000, 0x00000000c1d50000)
  from space 3712K,  41% used [0x00000000c20f0000, 0x00000000c226d380, 0x00000000c2490000)
  to   space 3712K,   0% used [0x00000000c1d50000, 0x00000000c1d50000, 0x00000000c20f0000)
 tenured generation   total 74820K, used 55353K [0x00000000d5550000, 0x00000000d9e61000, 0x0000000100000000)
   the space 74820K,  73% used [0x00000000d5550000, 0x00000000d8b5e710, 0x00000000d8b5e800, 0x00000000d9e61000)
 Metaspace       used 76848K, capacity 77694K, committed 77824K, reserved 1116160K
  class space    used 11288K, capacity 11473K, committed 11520K, reserved 1048576K
Event: 29.348 GC heap after
Heap after GC invocations=154 (full 6):
 def new generation   total 33728K, used 2124K [0x00000000c0000000, 0x00000000c2490000, 0x00000000d5550000)
  eden space 30016K,   0% used [0x00000000c0000000, 0x00000000c0000000, 0x00000000c1d50000)
  from space 3712K,  57% used [0x00000000c1d50000, 0x00000000c1f63290, 0x00000000c20f0000)
  to   space 3712K,   0% used [0x00000000c20f0000, 0x00000000c20f0000, 0x00000000c2490000)
 tenured generation   total 74820K, used 55353K [0x00000000d5550000, 0x00000000d9e61000, 0x0000000100000000)
   the space 74820K,  73% used [0x00000000d5550000, 0x00000000d8b5e710, 0x00000000d8b5e800, 0x00000000d9e61000)
 Metaspace       used 76848K, capacity 77694K, committed 77824K, reserved 1116160K
  class space    used 11288K, capacity 11473K, committed 11520K, reserved 1048576K
}
Event: 29.728 GC heap before
{Heap before GC invocations=154 (full 6):
 def new generation   total 33728K, used 32140K [0x00000000c0000000, 0x00000000c2490000, 0x00000000d5550000)
  eden space 30016K, 100% used [0x00000000c0000000, 0x00000000c1d50000, 0x00000000c1d50000)
  from space 3712K,  57% used [0x00000000c1d50000, 0x00000000c1f63290, 0x00000000c20f0000)
  to   space 3712K,   0% used [0x00000000c20f0000, 0x00000000c20f0000, 0x00000000c2490000)
 tenured generation   total 74820K, used 55353K [0x00000000d5550000, 0x00000000d9e61000, 0x0000000100000000)
   the space 74820K,  73% used [0x00000000d5550000, 0x00000000d8b5e710, 0x00000000d8b5e800, 0x00000000d9e61000)
 Metaspace       used 77253K, capacity 78110K, committed 78464K, reserved 1116160K
  class space    used 11352K, capacity 11538K, committed 11648K, reserved 1048576K
Event: 29.739 GC heap after
Heap after GC invocations=155 (full 6):
 def new generation   total 33728K, used 2550K [0x00000000c0000000, 0x00000000c2490000, 0x00000000d5550000)
  eden space 30016K,   0% used [0x00000000c0000000, 0x00000000c0000000, 0x00000000c1d50000)
  from space 3712K,  68% used [0x00000000c20f0000, 0x00000000c236da40, 0x00000000c2490000)
  to   space 3712K,   0% used [0x00000000c1d50000, 0x00000000c1d50000, 0x00000000c20f0000)
 tenured generation   total 74820K, used 56008K [0x00000000d5550000, 0x00000000d9e61000, 0x0000000100000000)
   the space 74820K,  74% used [0x00000000d5550000, 0x00000000d8c02048, 0x00000000d8c02200, 0x00000000d9e61000)
 Metaspace       used 77253K, capacity 78110K, committed 78464K, reserved 1116160K
  class space    used 11352K, capacity 11538K, committed 11648K, reserved 1048576K
}
Event: 30.064 GC heap before
{Heap before GC invocations=155 (full 6):
 def new generation   total 33728K, used 32380K [0x00000000c0000000, 0x00000000c2490000, 0x00000000d5550000)
  eden space 30016K,  99% used [0x00000000c0000000, 0x00000000c1d216a8, 0x00000000c1d50000)
  from space 3712K,  68% used [0x00000000c20f0000, 0x00000000c236da40, 0x00000000c2490000)
  to   space 3712K,   0% used [0x00000000c1d50000, 0x00000000c1d50000, 0x00000000c20f0000)
 tenured generation   total 74820K, used 56008K [0x00000000d5550000, 0x00000000d9e61000, 0x0000000100000000)
   the space 74820K,  74% used [0x00000000d5550000, 0x00000000d8c02048, 0x00000000d8c02200, 0x00000000d9e61000)
 Metaspace       used 77429K, capacity 78384K, committed 78464K, reserved 1116160K
  class space    used 11374K, capacity 11581K, committed 11648K, reserved 1048576K
Event: 30.073 GC heap after
Heap after GC invocations=156 (full 6):
 def new generation   total 33728K, used 1330K [0x00000000c0000000, 0x00000000c2490000, 0x00000000d5550000)
  eden space 30016K,   0% used [0x00000000c0000000, 0x00000000c0000000, 0x00000000c1d50000)
  from space 3712K,  35% used [0x00000000c1d50000, 0x00000000c1e9cba0, 0x00000000c20f0000)
  to   space 3712K,   0% used [0x00000000c20f0000, 0x00000000c20f0000, 0x00000000c2490000)
 tenured generation   total 74820K, used 56937K [0x00000000d5550000, 0x00000000d9e61000, 0x0000000100000000)
   the space 74820K,  76% used [0x00000000d5550000, 0x00000000d8cea680, 0x00000000d8cea800, 0x00000000d9e61000)
 Metaspace       used 77429K, capacity 78384K, committed 78464K, reserved 1116160K
  class space    used 11374K, capacity 11581K, committed 11648K, reserved 1048576K
}
Event: 30.221 GC heap before
{Heap before GC invocations=156 (full 6):
 def new generation   total 33728K, used 20270K [0x00000000c0000000, 0x00000000c2490000, 0x00000000d5550000)
  eden space 30016K,  63% used [0x00000000c0000000, 0x00000000c127edb8, 0x00000000c1d50000)
  from space 3712K,  35% used [0x00000000c1d50000, 0x00000000c1e9cba0, 0x00000000c20f0000)
  to   space 3712K,   0% used [0x00000000c20f0000, 0x00000000c20f0000, 0x00000000c2490000)
 tenured generation   total 74820K, used 56937K [0x00000000d5550000, 0x00000000d9e61000, 0x0000000100000000)
   the space 74820K,  76% used [0x00000000d5550000, 0x00000000d8cea680, 0x00000000d8cea800, 0x00000000d9e61000)
 Metaspace       used 77560K, capacity 78534K, committed 78720K, reserved 1116160K
  class space    used 11389K, capacity 11620K, committed 11648K, reserved 1048576K
Event: 30.228 GC heap after
Heap after GC invocations=157 (full 6):
 def new generation   total 33728K, used 1799K [0x00000000c0000000, 0x00000000c2490000, 0x00000000d5550000)
  eden space 30016K,   0% used [0x00000000c0000000, 0x00000000c0000000, 0x00000000c1d50000)
  from space 3712K,  48% used [0x00000000c20f0000, 0x00000000c22b1cc8, 0x00000000c2490000)
  to   space 3712K,   0% used [0x00000000c1d50000, 0x00000000c1d50000, 0x00000000c20f0000)
 tenured generation   total 74820K, used 56937K [0x00000000d5550000, 0x00000000d9e61000, 0x0000000100000000)
   the space 74820K,  76% used [0x00000000d5550000, 0x00000000d8cea680, 0x00000000d8cea800, 0x00000000d9e61000)
 Metaspace       used 77560K, capacity 78534K, committed 78720K, reserved 1116160K
  class space    used 11389K, capacity 11620K, committed 11648K, reserved 1048576K
}
Event: 30.369 GC heap before
{Heap before GC invocations=157 (full 6):
 def new generation   total 33728K, used 31815K [0x00000000c0000000, 0x00000000c2490000, 0x00000000d5550000)
  eden space 30016K, 100% used [0x00000000c0000000, 0x00000000c1d50000, 0x00000000c1d50000)
  from space 3712K,  48% used [0x00000000c20f0000, 0x00000000c22b1cc8, 0x00000000c2490000)
  to   space 3712K,   0% used [0x00000000c1d50000, 0x00000000c1d50000, 0x00000000c20f0000)
 tenured generation   total 74820K, used 56937K [0x00000000d5550000, 0x00000000d9e61000, 0x0000000100000000)
   the space 74820K,  76% used [0x00000000d5550000, 0x00000000d8cea680, 0x00000000d8cea800, 0x00000000d9e61000)
 Metaspace       used 77634K, capacity 78622K, committed 78720K, reserved 1116160K
  class space    used 11393K, capacity 11624K, committed 11648K, reserved 1048576K
Event: 30.376 GC heap after
Heap after GC invocations=158 (full 6):
 def new generation   total 33728K, used 1381K [0x00000000c0000000, 0x00000000c2490000, 0x00000000d5550000)
  eden space 30016K,   0% used [0x00000000c0000000, 0x00000000c0000000, 0x00000000c1d50000)
  from space 3712K,  37% used [0x00000000c1d50000, 0x00000000c1ea96e0, 0x00000000c20f0000)
  to   space 3712K,   0% used [0x00000000c20f0000, 0x00000000c20f0000, 0x00000000c2490000)
 tenured generation   total 74820K, used 56937K [0x00000000d5550000, 0x00000000d9e61000, 0x0000000100000000)
   the space 74820K,  76% used [0x00000000d5550000, 0x00000000d8cea680, 0x00000000d8cea800, 0x00000000d9e61000)
 Metaspace       used 77634K, capacity 78622K, committed 78720K, reserved 1116160K
  class space    used 11393K, capacity 11624K, committed 11648K, reserved 1048576K
}
Event: 30.704 GC heap before
{Heap before GC invocations=158 (full 6):
 def new generation   total 33728K, used 31397K [0x00000000c0000000, 0x00000000c2490000, 0x00000000d5550000)
  eden space 30016K, 100% used [0x00000000c0000000, 0x00000000c1d50000, 0x00000000c1d50000)
  from space 3712K,  37% used [0x00000000c1d50000, 0x00000000c1ea96e0, 0x00000000c20f0000)
  to   space 3712K,   0% used [0x00000000c20f0000, 0x00000000c20f0000, 0x00000000c2490000)
 tenured generation   total 74820K, used 56937K [0x00000000d5550000, 0x00000000d9e61000, 0x0000000100000000)
   the space 74820K,  76% used [0x00000000d5550000, 0x00000000d8cea680, 0x00000000d8cea800, 0x00000000d9e61000)
 Metaspace       used 77734K, capacity 78764K, committed 78976K, reserved 1116160K
  class space    used 11400K, capacity 11637K, committed 11648K, reserved 1048576K
Event: 30.711 GC heap after
Heap after GC invocations=159 (full 6):
 def new generation   total 33728K, used 1410K [0x00000000c0000000, 0x00000000c2490000, 0x00000000d5550000)
  eden space 30016K,   0% used [0x00000000c0000000, 0x00000000c0000000, 0x00000000c1d50000)
  from space 3712K,  38% used [0x00000000c20f0000, 0x00000000c2250b28, 0x00000000c2490000)
  to   space 3712K,   0% used [0x00000000c1d50000, 0x00000000c1d50000, 0x00000000c20f0000)
 tenured generation   total 74820K, used 56937K [0x00000000d5550000, 0x00000000d9e61000, 0x0000000100000000)
   the space 74820K,  76% used [0x00000000d5550000, 0x00000000d8cea680, 0x00000000d8cea800, 0x00000000d9e61000)
 Metaspace       used 77734K, capacity 78764K, committed 78976K, reserved 1116160K
  class space    used 11400K, capacity 11637K, committed 11648K, reserved 1048576K
}
Event: 31.080 GC heap before
{Heap before GC invocations=159 (full 6):
 def new generation   total 33728K, used 31426K [0x00000000c0000000, 0x00000000c2490000, 0x00000000d5550000)
  eden space 30016K, 100% used [0x00000000c0000000, 0x00000000c1d50000, 0x00000000c1d50000)
  from space 3712K,  38% used [0x00000000c20f0000, 0x00000000c2250b28, 0x00000000c2490000)
  to   space 3712K,   0% used [0x00000000c1d50000, 0x00000000c1d50000, 0x00000000c20f0000)
 tenured generation   total 74820K, used 56937K [0x00000000d5550000, 0x00000000d9e61000, 0x0000000100000000)
   the space 74820K,  76% used [0x00000000d5550000, 0x00000000d8cea680, 0x00000000d8cea800, 0x00000000d9e61000)
 Metaspace       used 77824K, capacity 78892K, committed 78976K, reserved 1116160K
  class space    used 11400K, capacity 11637K, committed 11648K, reserved 1048576K
Event: 31.087 GC heap after
Heap after GC invocations=160 (full 6):
 def new generation   total 33728K, used 1535K [0x00000000c0000000, 0x00000000c2490000, 0x00000000d5550000)
  eden space 30016K,   0% used [0x00000000c0000000, 0x00000000c0000000, 0x00000000c1d50000)
  from space 3712K,  41% used [0x00000000c1d50000, 0x00000000c1ecfea0, 0x00000000c20f0000)
  to   space 3712K,   0% used [0x00000000c20f0000, 0x00000000c20f0000, 0x00000000c2490000)
 tenured generation   total 74820K, used 56937K [0x00000000d5550000, 0x00000000d9e61000, 0x0000000100000000)
   the space 74820K,  76% used [0x00000000d5550000, 0x00000000d8cea680, 0x00000000d8cea800, 0x00000000d9e61000)
 Metaspace       used 77824K, capacity 78892K, committed 78976K, reserved 1116160K
  class space    used 11400K, capacity 11637K, committed 11648K, reserved 1048576K
}
Event: 31.444 GC heap before
{Heap before GC invocations=160 (full 6):
 def new generation   total 33728K, used 31551K [0x00000000c0000000, 0x00000000c2490000, 0x00000000d5550000)
  eden space 30016K, 100% used [0x00000000c0000000, 0x00000000c1d50000, 0x00000000c1d50000)
  from space 3712K,  41% used [0x00000000c1d50000, 0x00000000c1ecfea0, 0x00000000c20f0000)
  to   space 3712K,   0% used [0x00000000c20f0000, 0x00000000c20f0000, 0x00000000c2490000)
 tenured generation   total 74820K, used 56937K [0x00000000d5550000, 0x00000000d9e61000, 0x0000000100000000)
   the space 74820K,  76% used [0x00000000d5550000, 0x00000000d8cea680, 0x00000000d8cea800, 0x00000000d9e61000)
 Metaspace       used 77947K, capacity 78956K, committed 78976K, reserved 1116160K
  class space    used 11400K, capacity 11637K, committed 11648K, reserved 1048576K
Event: 31.452 GC heap after
Heap after GC invocations=161 (full 6):
 def new generation   total 33728K, used 1652K [0x00000000c0000000, 0x00000000c2490000, 0x00000000d5550000)
  eden space 30016K,   0% used [0x00000000c0000000, 0x00000000c0000000, 0x00000000c1d50000)
  from space 3712K,  44% used [0x00000000c20f0000, 0x00000000c228d278, 0x00000000c2490000)
  to   space 3712K,   0% used [0x00000000c1d50000, 0x00000000c1d50000, 0x00000000c20f0000)
 tenured generation   total 74820K, used 56937K [0x00000000d5550000, 0x00000000d9e61000, 0x0000000100000000)
   the space 74820K,  76% used [0x00000000d5550000, 0x00000000d8cea680, 0x00000000d8cea800, 0x00000000d9e61000)
 Metaspace       used 77947K, capacity 78956K, committed 78976K, reserved 1116160K
  class space    used 11400K, capacity 11637K, committed 11648K, reserved 1048576K
}
Event: 31.822 GC heap before
{Heap before GC invocations=161 (full 6):
 def new generation   total 33728K, used 31668K [0x00000000c0000000, 0x00000000c2490000, 0x00000000d5550000)
  eden space 30016K, 100% used [0x00000000c0000000, 0x00000000c1d50000, 0x00000000c1d50000)
  from space 3712K,  44% used [0x00000000c20f0000, 0x00000000c228d278, 0x00000000c2490000)
  to   space 3712K,   0% used [0x00000000c1d50000, 0x00000000c1d50000, 0x00000000c20f0000)
 tenured generation   total 74820K, used 56937K [0x00000000d5550000, 0x00000000d9e61000, 0x0000000100000000)
   the space 74820K,  76% used [0x00000000d5550000, 0x00000000d8cea680, 0x00000000d8cea800, 0x00000000d9e61000)
 Metaspace       used 78023K, capacity 79084K, committed 79232K, reserved 1116160K
  class space    used 11401K, capacity 11637K, committed 11648K, reserved 1048576K
Event: 31.829 GC heap after
Heap after GC invocations=162 (full 6):
 def new generation   total 33728K, used 1564K [0x00000000c0000000, 0x00000000c2490000, 0x00000000d5550000)
  eden space 30016K,   0% used [0x00000000c0000000, 0x00000000c0000000, 0x00000000c1d50000)
  from space 3712K,  42% used [0x00000000c1d50000, 0x00000000c1ed73b0, 0x00000000c20f0000)
  to   space 3712K,   0% used [0x00000000c20f0000, 0x00000000c20f0000, 0x00000000c2490000)
 tenured generation   total 74820K, used 56937K [0x00000000d5550000, 0x00000000d9e61000, 0x0000000100000000)
   the space 74820K,  76% used [0x00000000d5550000, 0x00000000d8cea680, 0x00000000d8cea800, 0x00000000d9e61000)
 Metaspace       used 78023K, capacity 79084K, committed 79232K, reserved 1116160K
  class space    used 11401K, capacity 11637K, committed 11648K, reserved 1048576K
}
Event: 32.135 GC heap before
{Heap before GC invocations=162 (full 6):
 def new generation   total 33728K, used 31380K [0x00000000c0000000, 0x00000000c2490000, 0x00000000d5550000)
  eden space 30016K,  99% used [0x00000000c0000000, 0x00000000c1d1dc88, 0x00000000c1d50000)
  from space 3712K,  42% used [0x00000000c1d50000, 0x00000000c1ed73b0, 0x00000000c20f0000)
  to   space 3712K,   0% used [0x00000000c20f0000, 0x00000000c20f0000, 0x00000000c2490000)
 tenured generation   total 74820K, used 56937K [0x00000000d5550000, 0x00000000d9e61000, 0x0000000100000000)
   the space 74820K,  76% used [0x00000000d5550000, 0x00000000d8cea680, 0x00000000d8cea800, 0x00000000d9e61000)
 Metaspace       used 78118K, capacity 79148K, committed 79232K, reserved 1116160K
  class space    used 11401K, capacity 11637K, committed 11648K, reserved 1048576K
Event: 32.143 GC heap after
Heap after GC invocations=163 (full 6):
 def new generation   total 33728K, used 1726K [0x00000000c0000000, 0x00000000c2490000, 0x00000000d5550000)
  eden space 30016K,   0% used [0x00000000c0000000, 0x00000000c0000000, 0x00000000c1d50000)
  from space 3712K,  46% used [0x00000000c20f0000, 0x00000000c229fad0, 0x00000000c2490000)
  to   space 3712K,   0% used [0x00000000c1d50000, 0x00000000c1d50000, 0x00000000c20f0000)
 tenured generation   total 74820K, used 56937K [0x00000000d5550000, 0x00000000d9e61000, 0x0000000100000000)
   the space 74820K,  76% used [0x00000000d5550000, 0x00000000d8cea680, 0x00000000d8cea800, 0x00000000d9e61000)
 Metaspace       used 78118K, capacity 79148K, committed 79232K, reserved 1116160K
  class space    used 11401K, capacity 11637K, committed 11648K, reserved 1048576K
}
Event: 32.399 GC heap before
{Heap before GC invocations=163 (full 6):
 def new generation   total 33728K, used 28247K [0x00000000c0000000, 0x00000000c2490000, 0x00000000d5550000)
  eden space 30016K,  88% used [0x00000000c0000000, 0x00000000c19e6330, 0x00000000c1d50000)
  from space 3712K,  46% used [0x00000000c20f0000, 0x00000000c229fad0, 0x00000000c2490000)
  to   space 3712K,   0% used [0x00000000c1d50000, 0x00000000c1d50000, 0x00000000c20f0000)
 tenured generation   total 74820K, used 56937K [0x00000000d5550000, 0x00000000d9e61000, 0x0000000100000000)
   the space 74820K,  76% used [0x00000000d5550000, 0x00000000d8cea680, 0x00000000d8cea800, 0x00000000d9e61000)
 Metaspace       used 78181K, capacity 79212K, committed 79232K, reserved 1116160K
  class space    used 11401K, capacity 11637K, committed 11648K, reserved 1048576K
Event: 32.407 GC heap after
Heap after GC invocations=164 (full 6):
 def new generation   total 33728K, used 2134K [0x00000000c0000000, 0x00000000c2490000, 0x00000000d5550000)
  eden space 30016K,   0% used [0x00000000c0000000, 0x00000000c0000000, 0x00000000c1d50000)
  from space 3712K,  57% used [0x00000000c1d50000, 0x00000000c1f659c0, 0x00000000c20f0000)
  to   space 3712K,   0% used [0x00000000c20f0000, 0x00000000c20f0000, 0x00000000c2490000)
 tenured generation   total 74820K, used 56937K [0x00000000d5550000, 0x00000000d9e61000, 0x0000000100000000)
   the space 74820K,  76% used [0x00000000d5550000, 0x00000000d8cea680, 0x00000000d8cea800, 0x00000000d9e61000)
 Metaspace       used 78181K, capacity 79212K, committed 79232K, reserved 1116160K
  class space    used 11401K, capacity 11637K, committed 11648K, reserved 1048576K
}
Event: 32.524 GC heap before
{Heap before GC invocations=164 (full 6):
 def new generation   total 33728K, used 31929K [0x00000000c0000000, 0x00000000c2490000, 0x00000000d5550000)
  eden space 30016K,  99% used [0x00000000c0000000, 0x00000000c1d18e38, 0x00000000c1d50000)
  from space 3712K,  57% used [0x00000000c1d50000, 0x00000000c1f659c0, 0x00000000c20f0000)
  to   space 3712K,   0% used [0x00000000c20f0000, 0x00000000c20f0000, 0x00000000c2490000)
 tenured generation   total 74820K, used 56937K [0x00000000d5550000, 0x00000000d9e61000, 0x0000000100000000)
   the space 74820K,  76% used [0x00000000d5550000, 0x00000000d8cea680, 0x00000000d8cea800, 0x00000000d9e61000)
 Metaspace       used 78224K, capacity 79276K, committed 79488K, reserved 1118208K
  class space    used 11402K, capacity 11637K, committed 11648K, reserved 1048576K
Event: 32.532 GC heap after
Heap after GC invocations=165 (full 6):
 def new generation   total 33728K, used 797K [0x00000000c0000000, 0x00000000c2490000, 0x00000000d5550000)
  eden space 30016K,   0% used [0x00000000c0000000, 0x00000000c0000000, 0x00000000c1d50000)
  from space 3712K,  21% used [0x00000000c20f0000, 0x00000000c21b74f8, 0x00000000c2490000)
  to   space 3712K,   0% used [0x00000000c1d50000, 0x00000000c1d50000, 0x00000000c20f0000)
 tenured generation   total 74820K, used 57847K [0x00000000d5550000, 0x00000000d9e61000, 0x0000000100000000)
   the space 74820K,  77% used [0x00000000d5550000, 0x00000000d8dcddc0, 0x00000000d8dcde00, 0x00000000d9e61000)
 Metaspace       used 78224K, capacity 79276K, committed 79488K, reserved 1118208K
  class space    used 11402K, capacity 11637K, committed 11648K, reserved 1048576K
}
Event: 32.798 GC heap before
{Heap before GC invocations=165 (full 6):
 def new generation   total 33728K, used 30813K [0x00000000c0000000, 0x00000000c2490000, 0x00000000d5550000)
  eden space 30016K, 100% used [0x00000000c0000000, 0x00000000c1d50000, 0x00000000c1d50000)
  from space 3712K,  21% used [0x00000000c20f0000, 0x00000000c21b74f8, 0x00000000c2490000)
  to   space 3712K,   0% used [0x00000000c1d50000, 0x00000000c1d50000, 0x00000000c20f0000)
 tenured generation   total 74820K, used 57847K [0x00000000d5550000, 0x00000000d9e61000, 0x0000000100000000)
   the space 74820K,  77% used [0x00000000d5550000, 0x00000000d8dcddc0, 0x00000000d8dcde00, 0x00000000d9e61000)
 Metaspace       used 78256K, capacity 79276K, committed 79488K, reserved 1118208K
  class space    used 11402K, capacity 11637K, committed 11648K, reserved 1048576K
Event: 32.804 GC heap after
Heap after GC invocations=166 (full 6):
 def new generation   total 33728K, used 860K [0x00000000c0000000, 0x00000000c2490000, 0x00000000d5550000)
  eden space 30016K,   0% used [0x00000000c0000000, 0x00000000c0000000, 0x00000000c1d50000)
  from space 3712K,  23% used [0x00000000c1d50000, 0x00000000c1e270d8, 0x00000000c20f0000)
  to   space 3712K,   0% used [0x00000000c20f0000, 0x00000000c20f0000, 0x00000000c2490000)
 tenured generation   total 74820K, used 57847K [0x00000000d5550000, 0x00000000d9e61000, 0x0000000100000000)
   the space 74820K,  77% used [0x00000000d5550000, 0x00000000d8dcddc0, 0x00000000d8dcde00, 0x00000000d9e61000)
 Metaspace       used 78256K, capacity 79276K, committed 79488K, reserved 1118208K
  class space    used 11402K, capacity 11637K, committed 11648K, reserved 1048576K
}
Event: 33.051 GC heap before
{Heap before GC invocations=166 (full 6):
 def new generation   total 33728K, used 30876K [0x00000000c0000000, 0x00000000c2490000, 0x00000000d5550000)
  eden space 30016K, 100% used [0x00000000c0000000, 0x00000000c1d50000, 0x00000000c1d50000)
  from space 3712K,  23% used [0x00000000c1d50000, 0x00000000c1e270d8, 0x00000000c20f0000)
  to   space 3712K,   0% used [0x00000000c20f0000, 0x00000000c20f0000, 0x00000000c2490000)
 tenured generation   total 74820K, used 57847K [0x00000000d5550000, 0x00000000d9e61000, 0x0000000100000000)
   the space 74820K,  77% used [0x00000000d5550000, 0x00000000d8dcddc0, 0x00000000d8dcde00, 0x00000000d9e61000)
 Metaspace       used 78301K, capacity 79340K, committed 79488K, reserved 1118208K
  class space    used 11402K, capacity 11637K, committed 11648K, reserved 1048576K
Event: 33.058 GC heap after
Heap after GC invocations=167 (full 6):
 def new generation   total 33728K, used 826K [0x00000000c0000000, 0x00000000c2490000, 0x00000000d5550000)
  eden space 30016K,   0% used [0x00000000c0000000, 0x00000000c0000000, 0x00000000c1d50000)
  from space 3712K,  22% used [0x00000000c20f0000, 0x00000000c21beaa0, 0x00000000c2490000)
  to   space 3712K,   0% used [0x00000000c1d50000, 0x00000000c1d50000, 0x00000000c20f0000)
 tenured generation   total 74820K, used 57847K [0x00000000d5550000, 0x00000000d9e61000, 0x0000000100000000)
   the space 74820K,  77% used [0x00000000d5550000, 0x00000000d8dcddc0, 0x00000000d8dcde00, 0x00000000d9e61000)
 Metaspace       used 78301K, capacity 79340K, committed 79488K, reserved 1118208K
  class space    used 11402K, capacity 11637K, committed 11648K, reserved 1048576K
}
Event: 33.319 GC heap before
{Heap before GC invocations=167 (full 6):
 def new generation   total 33728K, used 30701K [0x00000000c0000000, 0x00000000c2490000, 0x00000000d5550000)
  eden space 30016K,  99% used [0x00000000c0000000, 0x00000000c1d2cd58, 0x00000000c1d50000)
  from space 3712K,  22% used [0x00000000c20f0000, 0x00000000c21beaa0, 0x00000000c2490000)
  to   space 3712K,   0% used [0x00000000c1d50000, 0x00000000c1d50000, 0x00000000c20f0000)
 tenured generation   total 74820K, used 57847K [0x00000000d5550000, 0x00000000d9e61000, 0x0000000100000000)
   the space 74820K,  77% used [0x00000000d5550000, 0x00000000d8dcddc0, 0x00000000d8dcde00, 0x00000000d9e61000)
 Metaspace       used 78397K, capacity 79404K, committed 79488K, reserved 1118208K
  class space    used 11402K, capacity 11637K, committed 11648K, reserved 1048576K
Event: 33.325 GC heap after
Heap after GC invocations=168 (full 6):
 def new generation   total 33728K, used 1010K [0x00000000c0000000, 0x00000000c2490000, 0x00000000d5550000)
  eden space 30016K,   0% used [0x00000000c0000000, 0x00000000c0000000, 0x00000000c1d50000)
  from space 3712K,  27% used [0x00000000c1d50000, 0x00000000c1e4ca80, 0x00000000c20f0000)
  to   space 3712K,   0% used [0x00000000c20f0000, 0x00000000c20f0000, 0x00000000c2490000)
 tenured generation   total 74820K, used 57847K [0x00000000d5550000, 0x00000000d9e61000, 0x0000000100000000)
   the space 74820K,  77% used [0x00000000d5550000, 0x00000000d8dcddc0, 0x00000000d8dcde00, 0x00000000d9e61000)
 Metaspace       used 78397K, capacity 79404K, committed 79488K, reserved 1118208K
  class space    used 11402K, capacity 11637K, committed 11648K, reserved 1048576K
}
Event: 33.523 GC heap before
{Heap before GC invocations=168 (full 6):
 def new generation   total 33728K, used 23243K [0x00000000c0000000, 0x00000000c2490000, 0x00000000d5550000)
  eden space 30016K,  74% used [0x00000000c0000000, 0x00000000c15b6470, 0x00000000c1d50000)
  from space 3712K,  27% used [0x00000000c1d50000, 0x00000000c1e4ca80, 0x00000000c20f0000)
  to   space 3712K,   0% used [0x00000000c20f0000, 0x00000000c20f0000, 0x00000000c2490000)
 tenured generation   total 74820K, used 57847K [0x00000000d5550000, 0x00000000d9e61000, 0x0000000100000000)
   the space 74820K,  77% used [0x00000000d5550000, 0x00000000d8dcddc0, 0x00000000d8dcde00, 0x00000000d9e61000)
 Metaspace       used 78426K, capacity 79404K, committed 79488K, reserved 1118208K
  class space    used 11402K, capacity 11637K, committed 11648K, reserved 1048576K
Event: 33.530 GC heap after
Heap after GC invocations=169 (full 6):
 def new generation   total 33728K, used 1402K [0x00000000c0000000, 0x00000000c2490000, 0x00000000d5550000)
  eden space 30016K,   0% used [0x00000000c0000000, 0x00000000c0000000, 0x00000000c1d50000)
  from space 3712K,  37% used [0x00000000c20f0000, 0x00000000c224eb00, 0x00000000c2490000)
  to   space 3712K,   0% used [0x00000000c1d50000, 0x00000000c1d50000, 0x00000000c20f0000)
 tenured generation   total 74820K, used 57847K [0x00000000d5550000, 0x00000000d9e61000, 0x0000000100000000)
   the space 74820K,  77% used [0x00000000d5550000, 0x00000000d8dcddc0, 0x00000000d8dcde00, 0x00000000d9e61000)
 Metaspace       used 78426K, capacity 79404K, committed 79488K, reserved 1118208K
  class space    used 11402K, capacity 11637K, committed 11648K, reserved 1048576K
}
Event: 33.793 GC heap before
{Heap before GC invocations=169 (full 6):
 def new generation   total 33728K, used 31418K [0x00000000c0000000, 0x00000000c2490000, 0x00000000d5550000)
  eden space 30016K, 100% used [0x00000000c0000000, 0x00000000c1d50000, 0x00000000c1d50000)
  from space 3712K,  37% used [0x00000000c20f0000, 0x00000000c224eb00, 0x00000000c2490000)
  to   space 3712K,   0% used [0x00000000c1d50000, 0x00000000c1d50000, 0x00000000c20f0000)
 tenured generation   total 74820K, used 57847K [0x00000000d5550000, 0x00000000d9e61000, 0x0000000100000000)
   the space 74820K,  77% used [0x00000000d5550000, 0x00000000d8dcddc0, 0x00000000d8dcde00, 0x00000000d9e61000)
 Metaspace       used 78529K, capacity 79608K, committed 79744K, reserved 1118208K
  class space    used 11410K, capacity 11640K, committed 11648K, reserved 1048576K
Event: 33.800 GC heap after
Heap after GC invocations=170 (full 6):
 def new generation   total 33728K, used 851K [0x00000000c0000000, 0x00000000c2490000, 0x00000000d5550000)
  eden space 30016K,   0% used [0x00000000c0000000, 0x00000000c0000000, 0x00000000c1d50000)
  from space 3712K,  22% used [0x00000000c1d50000, 0x00000000c1e24f08, 0x00000000c20f0000)
  to   space 3712K,   0% used [0x00000000c20f0000, 0x00000000c20f0000, 0x00000000c2490000)
 tenured generation   total 74820K, used 57847K [0x00000000d5550000, 0x00000000d9e61000, 0x0000000100000000)
   the space 74820K,  77% used [0x00000000d5550000, 0x00000000d8dcddc0, 0x00000000d8dcde00, 0x00000000d9e61000)
 Metaspace       used 78529K, capacity 79608K, committed 79744K, reserved 1118208K
  class space    used 11410K, capacity 11640K, committed 11648K, reserved 1048576K
}
Event: 34.113 GC heap before
{Heap before GC invocations=170 (full 6):
 def new generation   total 33728K, used 30867K [0x00000000c0000000, 0x00000000c2490000, 0x00000000d5550000)
  eden space 30016K, 100% used [0x00000000c0000000, 0x00000000c1d50000, 0x00000000c1d50000)
  from space 3712K,  22% used [0x00000000c1d50000, 0x00000000c1e24f08, 0x00000000c20f0000)
  to   space 3712K,   0% used [0x00000000c20f0000, 0x00000000c20f0000, 0x00000000c2490000)
 tenured generation   total 74820K, used 57847K [0x00000000d5550000, 0x00000000d9e61000, 0x0000000100000000)
   the space 74820K,  77% used [0x00000000d5550000, 0x00000000d8dcddc0, 0x00000000d8dcde00, 0x00000000d9e61000)
 Metaspace       used 78642K, capacity 79784K, committed 80000K, reserved 1118208K
  class space    used 11415K, capacity 11648K, committed 11648K, reserved 1048576K
Event: 34.121 GC heap after
Heap after GC invocations=171 (full 6):
 def new generation   total 33728K, used 1494K [0x00000000c0000000, 0x00000000c2490000, 0x00000000d5550000)
  eden space 30016K,   0% used [0x00000000c0000000, 0x00000000c0000000, 0x00000000c1d50000)
  from space 3712K,  40% used [0x00000000c20f0000, 0x00000000c2265ae0, 0x00000000c2490000)
  to   space 3712K,   0% used [0x00000000c1d50000, 0x00000000c1d50000, 0x00000000c20f0000)
 tenured generation   total 74820K, used 57913K [0x00000000d5550000, 0x00000000d9e61000, 0x0000000100000000)
   the space 74820K,  77% used [0x00000000d5550000, 0x00000000d8dde7c0, 0x00000000d8dde800, 0x00000000d9e61000)
 Metaspace       used 78642K, capacity 79784K, committed 80000K, reserved 1118208K
  class space    used 11415K, capacity 11648K, committed 11648K, reserved 1048576K
}
Event: 34.247 GC heap before
{Heap before GC invocations=171 (full 6):
 def new generation   total 33728K, used 31510K [0x00000000c0000000, 0x00000000c2490000, 0x00000000d5550000)
  eden space 30016K, 100% used [0x00000000c0000000, 0x00000000c1d50000, 0x00000000c1d50000)
  from space 3712K,  40% used [0x00000000c20f0000, 0x00000000c2265ae0, 0x00000000c2490000)
  to   space 3712K,   0% used [0x00000000c1d50000, 0x00000000c1d50000, 0x00000000c20f0000)
 tenured generation   total 74820K, used 57913K [0x00000000d5550000, 0x00000000d9e61000, 0x0000000100000000)
   the space 74820K,  77% used [0x00000000d5550000, 0x00000000d8dde7c0, 0x00000000d8dde800, 0x00000000d9e61000)
 Metaspace       used 78689K, capacity 79810K, committed 80128K, reserved 1118208K
  class space    used 11419K, capacity 11653K, committed 11776K, reserved 1048576K
Event: 34.254 GC heap after
Heap after GC invocations=172 (full 6):
 def new generation   total 33728K, used 1068K [0x00000000c0000000, 0x00000000c2490000, 0x00000000d5550000)
  eden space 30016K,   0% used [0x00000000c0000000, 0x00000000c0000000, 0x00000000c1d50000)
  from space 3712K,  28% used [0x00000000c1d50000, 0x00000000c1e5b0e0, 0x00000000c20f0000)
  to   space 3712K,   0% used [0x00000000c20f0000, 0x00000000c20f0000, 0x00000000c2490000)
 tenured generation   total 74820K, used 57952K [0x00000000d5550000, 0x00000000d9e61000, 0x0000000100000000)
   the space 74820K,  77% used [0x00000000d5550000, 0x00000000d8de80e0, 0x00000000d8de8200, 0x00000000d9e61000)
 Metaspace       used 78689K, capacity 79810K, committed 80128K, reserved 1118208K
  class space    used 11419K, capacity 11653K, committed 11776K, reserved 1048576K
}
Event: 34.337 GC heap before
{Heap before GC invocations=172 (full 6):
 def new generation   total 33728K, used 30794K [0x00000000c0000000, 0x00000000c2490000, 0x00000000d5550000)
  eden space 30016K,  99% used [0x00000000c0000000, 0x00000000c1d077a8, 0x00000000c1d50000)
  from space 3712K,  28% used [0x00000000c1d50000, 0x00000000c1e5b0e0, 0x00000000c20f0000)
  to   space 3712K,   0% used [0x00000000c20f0000, 0x00000000c20f0000, 0x00000000c2490000)
 tenured generation   total 74820K, used 57952K [0x00000000d5550000, 0x00000000d9e61000, 0x0000000100000000)
   the space 74820K,  77% used [0x00000000d5550000, 0x00000000d8de80e0, 0x00000000d8de8200, 0x00000000d9e61000)
 Metaspace       used 78703K, capacity 79810K, committed 80128K, reserved 1118208K
  class space    used 11419K, capacity 11653K, committed 11776K, reserved 1048576K
Event: 34.344 GC heap after
Heap after GC invocations=173 (full 6):
 def new generation   total 33728K, used 1124K [0x00000000c0000000, 0x00000000c2490000, 0x00000000d5550000)
  eden space 30016K,   0% used [0x00000000c0000000, 0x00000000c0000000, 0x00000000c1d50000)
  from space 3712K,  30% used [0x00000000c20f0000, 0x00000000c2209198, 0x00000000c2490000)
  to   space 3712K,   0% used [0x00000000c1d50000, 0x00000000c1d50000, 0x00000000c20f0000)
 tenured generation   total 74820K, used 57989K [0x00000000d5550000, 0x00000000d9e61000, 0x0000000100000000)
   the space 74820K,  77% used [0x00000000d5550000, 0x00000000d8df1458, 0x00000000d8df1600, 0x00000000d9e61000)
 Metaspace       used 78703K, capacity 79810K, committed 80128K, reserved 1118208K
  class space    used 11419K, capacity 11653K, committed 11776K, reserved 1048576K
}
Event: 34.596 GC heap before
{Heap before GC invocations=173 (full 6):
 def new generation   total 33728K, used 31140K [0x00000000c0000000, 0x00000000c2490000, 0x00000000d5550000)
  eden space 30016K, 100% used [0x00000000c0000000, 0x00000000c1d50000, 0x00000000c1d50000)
  from space 3712K,  30% used [0x00000000c20f0000, 0x00000000c2209198, 0x00000000c2490000)
  to   space 3712K,   0% used [0x00000000c1d50000, 0x00000000c1d50000, 0x00000000c20f0000)
 tenured generation   total 74820K, used 57989K [0x00000000d5550000, 0x00000000d9e61000, 0x0000000100000000)
   the space 74820K,  77% used [0x00000000d5550000, 0x00000000d8df1458, 0x00000000d8df1600, 0x00000000d9e61000)
 Metaspace       used 78762K, capacity 79874K, committed 80128K, reserved 1118208K
  class space    used 11419K, capacity 11653K, committed 11776K, reserved 1048576K
Event: 34.603 GC heap after
Heap after GC invocations=174 (full 6):
 def new generation   total 33728K, used 1143K [0x00000000c0000000, 0x00000000c2490000, 0x00000000d5550000)
  eden space 30016K,   0% used [0x00000000c0000000, 0x00000000c0000000, 0x00000000c1d50000)
  from space 3712K,  30% used [0x00000000c1d50000, 0x00000000c1e6dea8, 0x00000000c20f0000)
  to   space 3712K,   0% used [0x00000000c20f0000, 0x00000000c20f0000, 0x00000000c2490000)
 tenured generation   total 74820K, used 58053K [0x00000000d5550000, 0x00000000d9e61000, 0x0000000100000000)
   the space 74820K,  77% used [0x00000000d5550000, 0x00000000d8e015e8, 0x00000000d8e01600, 0x00000000d9e61000)
 Metaspace       used 78762K, capacity 79874K, committed 80128K, reserved 1118208K
  class space    used 11419K, capacity 11653K, committed 11776K, reserved 1048576K
}
Event: 34.803 GC heap before
{Heap before GC invocations=174 (full 6):
 def new generation   total 33728K, used 31159K [0x00000000c0000000, 0x00000000c2490000, 0x00000000d5550000)
  eden space 30016K, 100% used [0x00000000c0000000, 0x00000000c1d50000, 0x00000000c1d50000)
  from space 3712K,  30% used [0x00000000c1d50000, 0x00000000c1e6dea8, 0x00000000c20f0000)
  to   space 3712K,   0% used [0x00000000c20f0000, 0x00000000c20f0000, 0x00000000c2490000)
 tenured generation   total 74820K, used 58053K [0x00000000d5550000, 0x00000000d9e61000, 0x0000000100000000)
   the space 74820K,  77% used [0x00000000d5550000, 0x00000000d8e015e8, 0x00000000d8e01600, 0x00000000d9e61000)
 Metaspace       used 78821K, capacity 79938K, committed 80128K, reserved 1118208K
  class space    used 11419K, capacity 11653K, committed 11776K, reserved 1048576K
Event: 34.810 GC heap after
Heap after GC invocations=175 (full 6):
 def new generation   total 33728K, used 1259K [0x00000000c0000000, 0x00000000c2490000, 0x00000000d5550000)
  eden space 30016K,   0% used [0x00000000c0000000, 0x00000000c0000000, 0x00000000c1d50000)
  from space 3712K,  33% used [0x00000000c20f0000, 0x00000000c222acd8, 0x00000000c2490000)
  to   space 3712K,   0% used [0x00000000c1d50000, 0x00000000c1d50000, 0x00000000c20f0000)
 tenured generation   total 74820K, used 58100K [0x00000000d5550000, 0x00000000d9e61000, 0x0000000100000000)
   the space 74820K,  77% used [0x00000000d5550000, 0x00000000d8e0d368, 0x00000000d8e0d400, 0x00000000d9e61000)
 Metaspace       used 78821K, capacity 79938K, committed 80128K, reserved 1118208K
  class space    used 11419K, capacity 11653K, committed 11776K, reserved 1048576K
}
Event: 35.088 GC heap before
{Heap before GC invocations=175 (full 6):
 def new generation   total 33728K, used 31275K [0x00000000c0000000, 0x00000000c2490000, 0x00000000d5550000)
  eden space 30016K, 100% used [0x00000000c0000000, 0x00000000c1d50000, 0x00000000c1d50000)
  from space 3712K,  33% used [0x00000000c20f0000, 0x00000000c222acd8, 0x00000000c2490000)
  to   space 3712K,   0% used [0x00000000c1d50000, 0x00000000c1d50000, 0x00000000c20f0000)
 tenured generation   total 74820K, used 58100K [0x00000000d5550000, 0x00000000d9e61000, 0x0000000100000000)
   the space 74820K,  77% used [0x00000000d5550000, 0x00000000d8e0d368, 0x00000000d8e0d400, 0x00000000d9e61000)
 Metaspace       used 78968K, capacity 80066K, committed 80384K, reserved 1118208K
  class space    used 11419K, capacity 11653K, committed 11776K, reserved 1048576K
Event: 35.096 GC heap after
Heap after GC invocations=176 (full 6):
 def new generation   total 33728K, used 1108K [0x00000000c0000000, 0x00000000c2490000, 0x00000000d5550000)
  eden space 30016K,   0% used [0x00000000c0000000, 0x00000000c0000000, 0x00000000c1d50000)
  from space 3712K,  29% used [0x00000000c1d50000, 0x00000000c1e65158, 0x00000000c20f0000)
  to   space 3712K,   0% used [0x00000000c20f0000, 0x00000000c20f0000, 0x00000000c2490000)
 tenured generation   total 74820K, used 58147K [0x00000000d5550000, 0x00000000d9e61000, 0x0000000100000000)
   the space 74820K,  77% used [0x00000000d5550000, 0x00000000d8e18d00, 0x00000000d8e18e00, 0x00000000d9e61000)
 Metaspace       used 78968K, capacity 80066K, committed 80384K, reserved 1118208K
  class space    used 11419K, capacity 11653K, committed 11776K, reserved 1048576K
}
Event: 35.303 GC heap before
{Heap before GC invocations=176 (full 6):
 def new generation   total 33728K, used 31124K [0x00000000c0000000, 0x00000000c2490000, 0x00000000d5550000)
  eden space 30016K, 100% used [0x00000000c0000000, 0x00000000c1d50000, 0x00000000c1d50000)
  from space 3712K,  29% used [0x00000000c1d50000, 0x00000000c1e65158, 0x00000000c20f0000)
  to   space 3712K,   0% used [0x00000000c20f0000, 0x00000000c20f0000, 0x00000000c2490000)
 tenured generation   total 74820K, used 58147K [0x00000000d5550000, 0x00000000d9e61000, 0x0000000100000000)
   the space 74820K,  77% used [0x00000000d5550000, 0x00000000d8e18d00, 0x00000000d8e18e00, 0x00000000d9e61000)
 Metaspace       used 79023K, capacity 80130K, committed 80384K, reserved 1118208K
  class space    used 11419K, capacity 11653K, committed 11776K, reserved 1048576K
Event: 35.311 GC heap after
Heap after GC invocations=177 (full 6):
 def new generation   total 33728K, used 1249K [0x00000000c0000000, 0x00000000c2490000, 0x00000000d5550000)
  eden space 30016K,   0% used [0x00000000c0000000, 0x00000000c0000000, 0x00000000c1d50000)
  from space 3712K,  33% used [0x00000000c20f0000, 0x00000000c2228618, 0x00000000c2490000)
  to   space 3712K,   0% used [0x00000000c1d50000, 0x00000000c1d50000, 0x00000000c20f0000)
 tenured generation   total 74820K, used 58201K [0x00000000d5550000, 0x00000000d9e61000, 0x0000000100000000)
   the space 74820K,  77% used [0x00000000d5550000, 0x00000000d8e264a0, 0x00000000d8e26600, 0x00000000d9e61000)
 Metaspace       used 79023K, capacity 80130K, committed 80384K, reserved 1118208K
  class space    used 11419K, capacity 11653K, committed 11776K, reserved 1048576K
}
Event: 35.546 GC heap before
{Heap before GC invocations=177 (full 6):
 def new generation   total 33728K, used 31265K [0x00000000c0000000, 0x00000000c2490000, 0x00000000d5550000)
  eden space 30016K, 100% used [0x00000000c0000000, 0x00000000c1d50000, 0x00000000c1d50000)
  from space 3712K,  33% used [0x00000000c20f0000, 0x00000000c2228618, 0x00000000c2490000)
  to   space 3712K,   0% used [0x00000000c1d50000, 0x00000000c1d50000, 0x00000000c20f0000)
 tenured generation   total 74820K, used 58201K [0x00000000d5550000, 0x00000000d9e61000, 0x0000000100000000)
   the space 74820K,  77% used [0x00000000d5550000, 0x00000000d8e264a0, 0x00000000d8e26600, 0x00000000d9e61000)
 Metaspace       used 79049K, capacity 80130K, committed 80384K, reserved 1118208K
  class space    used 11419K, capacity 11653K, committed 11776K, reserved 1048576K
Event: 35.554 GC heap after
Heap after GC invocations=178 (full 6):
 def new generation   total 33728K, used 1181K [0x00000000c0000000, 0x00000000c2490000, 0x00000000d5550000)
  eden space 30016K,   0% used [0x00000000c0000000, 0x00000000c0000000, 0x00000000c1d50000)
  from space 3712K,  31% used [0x00000000c1d50000, 0x00000000c1e77500, 0x00000000c20f0000)
  to   space 3712K,   0% used [0x00000000c20f0000, 0x00000000c20f0000, 0x00000000c2490000)
 tenured generation   total 74820K, used 58248K [0x00000000d5550000, 0x00000000d9e61000, 0x0000000100000000)
   the space 74820K,  77% used [0x00000000d5550000, 0x00000000d8e320c8, 0x00000000d8e32200, 0x00000000d9e61000)
 Metaspace       used 79049K, capacity 80130K, committed 80384K, reserved 1118208K
  class space    used 11419K, capacity 11653K, committed 11776K, reserved 1048576K
}
Event: 35.779 GC heap before
{Heap before GC invocations=178 (full 6):
 def new generation   total 33728K, used 31197K [0x00000000c0000000, 0x00000000c2490000, 0x00000000d5550000)
  eden space 30016K, 100% used [0x00000000c0000000, 0x00000000c1d50000, 0x00000000c1d50000)
  from space 3712K,  31% used [0x00000000c1d50000, 0x00000000c1e77500, 0x00000000c20f0000)
  to   space 3712K,   0% used [0x00000000c20f0000, 0x00000000c20f0000, 0x00000000c2490000)
 tenured generation   total 74820K, used 58248K [0x00000000d5550000, 0x00000000d9e61000, 0x0000000100000000)
   the space 74820K,  77% used [0x00000000d5550000, 0x00000000d8e320c8, 0x00000000d8e32200, 0x00000000d9e61000)
 Metaspace       used 79118K, capacity 80258K, committed 80384K, reserved 1118208K
  class space    used 11419K, capacity 11653K, committed 11776K, reserved 1048576K
Event: 35.787 GC heap after
Heap after GC invocations=179 (full 6):
 def new generation   total 33728K, used 1364K [0x00000000c0000000, 0x00000000c2490000, 0x00000000d5550000)
  eden space 30016K,   0% used [0x00000000c0000000, 0x00000000c0000000, 0x00000000c1d50000)
  from space 3712K,  36% used [0x00000000c20f0000, 0x00000000c22452a8, 0x00000000c2490000)
  to   space 3712K,   0% used [0x00000000c1d50000, 0x00000000c1d50000, 0x00000000c20f0000)
 tenured generation   total 74820K, used 58287K [0x00000000d5550000, 0x00000000d9e61000, 0x0000000100000000)
   the space 74820K,  77% used [0x00000000d5550000, 0x00000000d8e3bcf8, 0x00000000d8e3be00, 0x00000000d9e61000)
 Metaspace       used 79118K, capacity 80258K, committed 80384K, reserved 1118208K
  class space    used 11419K, capacity 11653K, committed 11776K, reserved 1048576K
}
Event: 35.915 GC heap before
{Heap before GC invocations=179 (full 6):
 def new generation   total 33728K, used 21967K [0x00000000c0000000, 0x00000000c2490000, 0x00000000d5550000)
  eden space 30016K,  68% used [0x00000000c0000000, 0x00000000c141e9a8, 0x00000000c1d50000)
  from space 3712K,  36% used [0x00000000c20f0000, 0x00000000c22452a8, 0x00000000c2490000)
  to   space 3712K,   0% used [0x00000000c1d50000, 0x00000000c1d50000, 0x00000000c20f0000)
 tenured generation   total 74820K, used 58287K [0x00000000d5550000, 0x00000000d9e61000, 0x0000000100000000)
   the space 74820K,  77% used [0x00000000d5550000, 0x00000000d8e3bcf8, 0x00000000d8e3be00, 0x00000000d9e61000)
 Metaspace       used 79121K, capacity 80258K, committed 80384K, reserved 1118208K
  class space    used 11419K, capacity 11653K, committed 11776K, reserved 1048576K
Event: 35.922 GC heap after
Heap after GC invocations=180 (full 6):
 def new generation   total 33728K, used 1679K [0x00000000c0000000, 0x00000000c2490000, 0x00000000d5550000)
  eden space 30016K,   0% used [0x00000000c0000000, 0x00000000c0000000, 0x00000000c1d50000)
  from space 3712K,  45% used [0x00000000c1d50000, 0x00000000c1ef3f50, 0x00000000c20f0000)
  to   space 3712K,   0% used [0x00000000c20f0000, 0x00000000c20f0000, 0x00000000c2490000)
 tenured generation   total 74820K, used 58312K [0x00000000d5550000, 0x00000000d9e61000, 0x0000000100000000)
   the space 74820K,  77% used [0x00000000d5550000, 0x00000000d8e42278, 0x00000000d8e42400, 0x00000000d9e61000)
 Metaspace       used 79121K, capacity 80258K, committed 80384K, reserved 1118208K
  class space    used 11419K, capacity 11653K, committed 11776K, reserved 1048576K
}
Event: 36.007 GC heap before
{Heap before GC invocations=180 (full 6):
 def new generation   total 33728K, used 31695K [0x00000000c0000000, 0x00000000c2490000, 0x00000000d5550000)
  eden space 30016K, 100% used [0x00000000c0000000, 0x00000000c1d50000, 0x00000000c1d50000)
  from space 3712K,  45% used [0x00000000c1d50000, 0x00000000c1ef3f50, 0x00000000c20f0000)
  to   space 3712K,   0% used [0x00000000c20f0000, 0x00000000c20f0000, 0x00000000c2490000)
 tenured generation   total 74820K, used 58312K [0x00000000d5550000, 0x00000000d9e61000, 0x0000000100000000)
   the space 74820K,  77% used [0x00000000d5550000, 0x00000000d8e42278, 0x00000000d8e42400, 0x00000000d9e61000)
 Metaspace       used 79141K, capacity 80258K, committed 80384K, reserved 1118208K
  class space    used 11419K, capacity 11653K, committed 11776K, reserved 1048576K
Event: 36.013 GC heap after
Heap after GC invocations=181 (full 6):
 def new generation   total 33728K, used 1223K [0x00000000c0000000, 0x00000000c2490000, 0x00000000d5550000)
  eden space 30016K,   0% used [0x00000000c0000000, 0x00000000c0000000, 0x00000000c1d50000)
  from space 3712K,  32% used [0x00000000c20f0000, 0x00000000c2221d88, 0x00000000c2490000)
  to   space 3712K,   0% used [0x00000000c1d50000, 0x00000000c1d50000, 0x00000000c20f0000)
 tenured generation   total 74820K, used 58360K [0x00000000d5550000, 0x00000000d9e61000, 0x0000000100000000)
   the space 74820K,  78% used [0x00000000d5550000, 0x00000000d8e4e180, 0x00000000d8e4e200, 0x00000000d9e61000)
 Metaspace       used 79141K, capacity 80258K, committed 80384K, reserved 1118208K
  class space    used 11419K, capacity 11653K, committed 11776K, reserved 1048576K
}
Event: 36.204 GC heap before
{Heap before GC invocations=181 (full 6):
 def new generation   total 33728K, used 31239K [0x00000000c0000000, 0x00000000c2490000, 0x00000000d5550000)
  eden space 30016K, 100% used [0x00000000c0000000, 0x00000000c1d50000, 0x00000000c1d50000)
  from space 3712K,  32% used [0x00000000c20f0000, 0x00000000c2221d88, 0x00000000c2490000)
  to   space 3712K,   0% used [0x00000000c1d50000, 0x00000000c1d50000, 0x00000000c20f0000)
 tenured generation   total 74820K, used 58360K [0x00000000d5550000, 0x00000000d9e61000, 0x0000000100000000)
   the space 74820K,  78% used [0x00000000d5550000, 0x00000000d8e4e180, 0x00000000d8e4e200, 0x00000000d9e61000)
 Metaspace       used 79153K, capacity 80258K, committed 80384K, reserved 1118208K
  class space    used 11419K, capacity 11653K, committed 11776K, reserved 1048576K
Event: 36.211 GC heap after
Heap after GC invocations=182 (full 6):
 def new generation   total 33728K, used 982K [0x00000000c0000000, 0x00000000c2490000, 0x00000000d5550000)
  eden space 30016K,   0% used [0x00000000c0000000, 0x00000000c0000000, 0x00000000c1d50000)
  from space 3712K,  26% used [0x00000000c1d50000, 0x00000000c1e458b8, 0x00000000c20f0000)
  to   space 3712K,   0% used [0x00000000c20f0000, 0x00000000c20f0000, 0x00000000c2490000)
 tenured generation   total 74820K, used 58406K [0x00000000d5550000, 0x00000000d9e61000, 0x0000000100000000)
   the space 74820K,  78% used [0x00000000d5550000, 0x00000000d8e59970, 0x00000000d8e59a00, 0x00000000d9e61000)
 Metaspace       used 79153K, capacity 80258K, committed 80384K, reserved 1118208K
  class space    used 11419K, capacity 11653K, committed 11776K, reserved 1048576K
}
Event: 36.416 GC heap before
{Heap before GC invocations=182 (full 6):
 def new generation   total 33728K, used 30998K [0x00000000c0000000, 0x00000000c2490000, 0x00000000d5550000)
  eden space 30016K, 100% used [0x00000000c0000000, 0x00000000c1d50000, 0x00000000c1d50000)
  from space 3712K,  26% used [0x00000000c1d50000, 0x00000000c1e458b8, 0x00000000c20f0000)
  to   space 3712K,   0% used [0x00000000c20f0000, 0x00000000c20f0000, 0x00000000c2490000)
 tenured generation   total 74820K, used 58406K [0x00000000d5550000, 0x00000000d9e61000, 0x0000000100000000)
   the space 74820K,  78% used [0x00000000d5550000, 0x00000000d8e59970, 0x00000000d8e59a00, 0x00000000d9e61000)
 Metaspace       used 79175K, capacity 80258K, committed 80384K, reserved 1118208K
  class space    used 11419K, capacity 11653K, committed 11776K, reserved 1048576K
Event: 36.423 GC heap after
Heap after GC invocations=183 (full 6):
 def new generation   total 33728K, used 1133K [0x00000000c0000000, 0x00000000c2490000, 0x00000000d5550000)
  eden space 30016K,   0% used [0x00000000c0000000, 0x00000000c0000000, 0x00000000c1d50000)
  from space 3712K,  30% used [0x00000000c20f0000, 0x00000000c220b418, 0x00000000c2490000)
  to   space 3712K,   0% used [0x00000000c1d50000, 0x00000000c1d50000, 0x00000000c20f0000)
 tenured generation   total 74820K, used 58454K [0x00000000d5550000, 0x00000000d9e61000, 0x0000000100000000)
   the space 74820K,  78% used [0x00000000d5550000, 0x00000000d8e65bf0, 0x00000000d8e65c00, 0x00000000d9e61000)
 Metaspace       used 79175K, capacity 80258K, committed 80384K, reserved 1118208K
  class space    used 11419K, capacity 11653K, committed 11776K, reserved 1048576K
}
Event: 36.645 GC heap before
{Heap before GC invocations=183 (full 6):
 def new generation   total 33728K, used 31149K [0x00000000c0000000, 0x00000000c2490000, 0x00000000d5550000)
  eden space 30016K, 100% used [0x00000000c0000000, 0x00000000c1d50000, 0x00000000c1d50000)
  from space 3712K,  30% used [0x00000000c20f0000, 0x00000000c220b418, 0x00000000c2490000)
  to   space 3712K,   0% used [0x00000000c1d50000, 0x00000000c1d50000, 0x00000000c20f0000)
 tenured generation   total 74820K, used 58454K [0x00000000d5550000, 0x00000000d9e61000, 0x0000000100000000)
   the space 74820K,  78% used [0x00000000d5550000, 0x00000000d8e65bf0, 0x00000000d8e65c00, 0x00000000d9e61000)
 Metaspace       used 79233K, capacity 80322K, committed 80640K, reserved 1118208K
  class space    used 11419K, capacity 11653K, committed 11776K, reserved 1048576K
Event: 36.653 GC heap after
Heap after GC invocations=184 (full 6):
 def new generation   total 33728K, used 1072K [0x00000000c0000000, 0x00000000c2490000, 0x00000000d5550000)
  eden space 30016K,   0% used [0x00000000c0000000, 0x00000000c0000000, 0x00000000c1d50000)
  from space 3712K,  28% used [0x00000000c1d50000, 0x00000000c1e5c3a0, 0x00000000c20f0000)
  to   space 3712K,   0% used [0x00000000c20f0000, 0x00000000c20f0000, 0x00000000c2490000)
 tenured generation   total 74820K, used 58495K [0x00000000d5550000, 0x00000000d9e61000, 0x0000000100000000)
   the space 74820K,  78% used [0x00000000d5550000, 0x00000000d8e6ff60, 0x00000000d8e70000, 0x00000000d9e61000)
 Metaspace       used 79233K, capacity 80322K, committed 80640K, reserved 1118208K
  class space    used 11419K, capacity 11653K, committed 11776K, reserved 1048576K
}
Event: 36.839 GC heap before
{Heap before GC invocations=184 (full 6):
 def new generation   total 33728K, used 28909K [0x00000000c0000000, 0x00000000c2490000, 0x00000000d5550000)
  eden space 30016K,  92% used [0x00000000c0000000, 0x00000000c1b2f450, 0x00000000c1d50000)
  from space 3712K,  28% used [0x00000000c1d50000, 0x00000000c1e5c3a0, 0x00000000c20f0000)
  to   space 3712K,   0% used [0x00000000c20f0000, 0x00000000c20f0000, 0x00000000c2490000)
 tenured generation   total 74820K, used 58495K [0x00000000d5550000, 0x00000000d9e61000, 0x0000000100000000)
   the space 74820K,  78% used [0x00000000d5550000, 0x00000000d8e6ff60, 0x00000000d8e70000, 0x00000000d9e61000)
 Metaspace       used 79270K, capacity 80322K, committed 80640K, reserved 1118208K
  class space    used 11419K, capacity 11653K, committed 11776K, reserved 1048576K
Event: 36.847 GC heap after
Heap after GC invocations=185 (full 6):
 def new generation   total 33728K, used 1475K [0x00000000c0000000, 0x00000000c2490000, 0x00000000d5550000)
  eden space 30016K,   0% used [0x00000000c0000000, 0x00000000c0000000, 0x00000000c1d50000)
  from space 3712K,  39% used [0x00000000c20f0000, 0x00000000c2260e08, 0x00000000c2490000)
  to   space 3712K,   0% used [0x00000000c1d50000, 0x00000000c1d50000, 0x00000000c20f0000)
 tenured generation   total 74820K, used 58595K [0x00000000d5550000, 0x00000000d9e61000, 0x0000000100000000)
   the space 74820K,  78% used [0x00000000d5550000, 0x00000000d8e88d00, 0x00000000d8e88e00, 0x00000000d9e61000)
 Metaspace       used 79270K, capacity 80322K, committed 80640K, reserved 1118208K
  class space    used 11419K, capacity 11653K, committed 11776K, reserved 1048576K
}
Event: 37.030 GC heap before
{Heap before GC invocations=185 (full 6):
 def new generation   total 33728K, used 31491K [0x00000000c0000000, 0x00000000c2490000, 0x00000000d5550000)
  eden space 30016K, 100% used [0x00000000c0000000, 0x00000000c1d50000, 0x00000000c1d50000)
  from space 3712K,  39% used [0x00000000c20f0000, 0x00000000c2260e08, 0x00000000c2490000)
  to   space 3712K,   0% used [0x00000000c1d50000, 0x00000000c1d50000, 0x00000000c20f0000)
 tenured generation   total 74820K, used 58595K [0x00000000d5550000, 0x00000000d9e61000, 0x0000000100000000)
   the space 74820K,  78% used [0x00000000d5550000, 0x00000000d8e88d00, 0x00000000d8e88e00, 0x00000000d9e61000)
 Metaspace       used 79440K, capacity 80500K, committed 80640K, reserved 1118208K
  class space    used 11455K, capacity 11688K, committed 11776K, reserved 1048576K
Event: 37.037 GC heap after
Heap after GC invocations=186 (full 6):
 def new generation   total 33728K, used 887K [0x00000000c0000000, 0x00000000c2490000, 0x00000000d5550000)
  eden space 30016K,   0% used [0x00000000c0000000, 0x00000000c0000000, 0x00000000c1d50000)
  from space 3712K,  23% used [0x00000000c1d50000, 0x00000000c1e2de78, 0x00000000c20f0000)
  to   space 3712K,   0% used [0x00000000c20f0000, 0x00000000c20f0000, 0x00000000c2490000)
 tenured generation   total 74820K, used 58735K [0x00000000d5550000, 0x00000000d9e61000, 0x0000000100000000)
   the space 74820K,  78% used [0x00000000d5550000, 0x00000000d8eabda8, 0x00000000d8eabe00, 0x00000000d9e61000)
 Metaspace       used 79440K, capacity 80500K, committed 80640K, reserved 1118208K
  class space    used 11455K, capacity 11688K, committed 11776K, reserved 1048576K
}
Event: 37.446 GC heap before
{Heap before GC invocations=186 (full 6):
 def new generation   total 33728K, used 30903K [0x00000000c0000000, 0x00000000c2490000, 0x00000000d5550000)
  eden space 30016K, 100% used [0x00000000c0000000, 0x00000000c1d50000, 0x00000000c1d50000)
  from space 3712K,  23% used [0x00000000c1d50000, 0x00000000c1e2de78, 0x00000000c20f0000)
  to   space 3712K,   0% used [0x00000000c20f0000, 0x00000000c20f0000, 0x00000000c2490000)
 tenured generation   total 74820K, used 58735K [0x00000000d5550000, 0x00000000d9e61000, 0x0000000100000000)
   the space 74820K,  78% used [0x00000000d5550000, 0x00000000d8eabda8, 0x00000000d8eabe00, 0x00000000d9e61000)
 Metaspace       used 79670K, capacity 80764K, committed 80896K, reserved 1118208K
  class space    used 11480K, capacity 11727K, committed 11776K, reserved 1048576K
Event: 37.455 GC heap after
Heap after GC invocations=187 (full 6):
 def new generation   total 33728K, used 1373K [0x00000000c0000000, 0x00000000c2490000, 0x00000000d5550000)
  eden space 30016K,   0% used [0x00000000c0000000, 0x00000000c0000000, 0x00000000c1d50000)
  from space 3712K,  36% used [0x00000000c20f0000, 0x00000000c22474f0, 0x00000000c2490000)
  to   space 3712K,   0% used [0x00000000c1d50000, 0x00000000c1d50000, 0x00000000c20f0000)
 tenured generation   total 74820K, used 58764K [0x00000000d5550000, 0x00000000d9e61000, 0x0000000100000000)
   the space 74820K,  78% used [0x00000000d5550000, 0x00000000d8eb3238, 0x00000000d8eb3400, 0x00000000d9e61000)
 Metaspace       used 79670K, capacity 80764K, committed 80896K, reserved 1118208K
  class space    used 11480K, capacity 11727K, committed 11776K, reserved 1048576K
}
Event: 37.660 GC heap before
{Heap before GC invocations=187 (full 6):
 def new generation   total 33728K, used 24912K [0x00000000c0000000, 0x00000000c2490000, 0x00000000d5550000)
  eden space 30016K,  78% used [0x00000000c0000000, 0x00000000c16fcd90, 0x00000000c1d50000)
  from space 3712K,  36% used [0x00000000c20f0000, 0x00000000c22474f0, 0x00000000c2490000)
  to   space 3712K,   0% used [0x00000000c1d50000, 0x00000000c1d50000, 0x00000000c20f0000)
 tenured generation   total 74820K, used 58764K [0x00000000d5550000, 0x00000000d9e61000, 0x0000000100000000)
   the space 74820K,  78% used [0x00000000d5550000, 0x00000000d8eb3238, 0x00000000d8eb3400, 0x00000000d9e61000)
 Metaspace       used 79723K, capacity 80916K, committed 81152K, reserved 1118208K
  class space    used 11482K, capacity 11731K, committed 11776K, reserved 1048576K
Event: 37.667 GC heap after
Heap after GC invocations=188 (full 6):
 def new generation   total 33728K, used 1476K [0x00000000c0000000, 0x00000000c2490000, 0x00000000d5550000)
  eden space 30016K,   0% used [0x00000000c0000000, 0x00000000c0000000, 0x00000000c1d50000)
  from space 3712K,  39% used [0x00000000c1d50000, 0x00000000c1ec12a8, 0x00000000c20f0000)
  to   space 3712K,   0% used [0x00000000c20f0000, 0x00000000c20f0000, 0x00000000c2490000)
 tenured generation   total 74820K, used 58791K [0x00000000d5550000, 0x00000000d9e61000, 0x0000000100000000)
   the space 74820K,  78% used [0x00000000d5550000, 0x00000000d8eb9d78, 0x00000000d8eb9e00, 0x00000000d9e61000)
 Metaspace       used 79723K, capacity 80916K, committed 81152K, reserved 1118208K
  class space    used 11482K, capacity 11731K, committed 11776K, reserved 1048576K
}
Event: 37.762 GC heap before
{Heap before GC invocations=188 (full 6):
 def new generation   total 33728K, used 30311K [0x00000000c0000000, 0x00000000c2490000, 0x00000000d5550000)
  eden space 30016K,  96% used [0x00000000c0000000, 0x00000000c1c28d00, 0x00000000c1d50000)
  from space 3712K,  39% used [0x00000000c1d50000, 0x00000000c1ec12a8, 0x00000000c20f0000)
  to   space 3712K,   0% used [0x00000000c20f0000, 0x00000000c20f0000, 0x00000000c2490000)
 tenured generation   total 74820K, used 58791K [0x00000000d5550000, 0x00000000d9e61000, 0x0000000100000000)
   the space 74820K,  78% used [0x00000000d5550000, 0x00000000d8eb9d78, 0x00000000d8eb9e00, 0x00000000d9e61000)
 Metaspace       used 79750K, capacity 80924K, committed 81152K, reserved 1118208K
  class space    used 11482K, capacity 11731K, committed 11776K, reserved 1048576K
Event: 37.769 GC heap after
Heap after GC invocations=189 (full 6):
 def new generation   total 33728K, used 1288K [0x00000000c0000000, 0x00000000c2490000, 0x00000000d5550000)
  eden space 30016K,   0% used [0x00000000c0000000, 0x00000000c0000000, 0x00000000c1d50000)
  from space 3712K,  34% used [0x00000000c20f0000, 0x00000000c22320d0, 0x00000000c2490000)
  to   space 3712K,   0% used [0x00000000c1d50000, 0x00000000c1d50000, 0x00000000c20f0000)
 tenured generation   total 74820K, used 58835K [0x00000000d5550000, 0x00000000d9e61000, 0x0000000100000000)
   the space 74820K,  78% used [0x00000000d5550000, 0x00000000d8ec4ff8, 0x00000000d8ec5000, 0x00000000d9e61000)
 Metaspace       used 79750K, capacity 80924K, committed 81152K, reserved 1118208K
  class space    used 11482K, capacity 11731K, committed 11776K, reserved 1048576K
}
Event: 37.823 GC heap before
{Heap before GC invocations=189 (full 6):
 def new generation   total 33728K, used 29482K [0x00000000c0000000, 0x00000000c2490000, 0x00000000d5550000)
  eden space 30016K,  93% used [0x00000000c0000000, 0x00000000c1b888f0, 0x00000000c1d50000)
  from space 3712K,  34% used [0x00000000c20f0000, 0x00000000c22320d0, 0x00000000c2490000)
  to   space 3712K,   0% used [0x00000000c1d50000, 0x00000000c1d50000, 0x00000000c20f0000)
 tenured generation   total 74820K, used 58835K [0x00000000d5550000, 0x00000000d9e61000, 0x0000000100000000)
   the space 74820K,  78% used [0x00000000d5550000, 0x00000000d8ec4ff8, 0x00000000d8ec5000, 0x00000000d9e61000)
 Metaspace       used 79752K, capacity 80924K, committed 81152K, reserved 1118208K
  class space    used 11482K, capacity 11731K, committed 11776K, reserved 1048576K
Event: 37.831 GC heap after
Heap after GC invocations=190 (full 6):
 def new generation   total 33728K, used 1204K [0x00000000c0000000, 0x00000000c2490000, 0x00000000d5550000)
  eden space 30016K,   0% used [0x00000000c0000000, 0x00000000c0000000, 0x00000000c1d50000)
  from space 3712K,  32% used [0x00000000c1d50000, 0x00000000c1e7d1f0, 0x00000000c20f0000)
  to   space 3712K,   0% used [0x00000000c20f0000, 0x00000000c20f0000, 0x00000000c2490000)
 tenured generation   total 74820K, used 58883K [0x00000000d5550000, 0x00000000d9e61000, 0x0000000100000000)
   the space 74820K,  78% used [0x00000000d5550000, 0x00000000d8ed0ee8, 0x00000000d8ed1000, 0x00000000d9e61000)
 Metaspace       used 79752K, capacity 80924K, committed 81152K, reserved 1118208K
  class space    used 11482K, capacity 11731K, committed 11776K, reserved 1048576K
}
Event: 37.981 GC heap before
{Heap before GC invocations=190 (full 6):
 def new generation   total 33728K, used 31220K [0x00000000c0000000, 0x00000000c2490000, 0x00000000d5550000)
  eden space 30016K, 100% used [0x00000000c0000000, 0x00000000c1d50000, 0x00000000c1d50000)
  from space 3712K,  32% used [0x00000000c1d50000, 0x00000000c1e7d1f0, 0x00000000c20f0000)
  to   space 3712K,   0% used [0x00000000c20f0000, 0x00000000c20f0000, 0x00000000c2490000)
 tenured generation   total 74820K, used 58883K [0x00000000d5550000, 0x00000000d9e61000, 0x0000000100000000)
   the space 74820K,  78% used [0x00000000d5550000, 0x00000000d8ed0ee8, 0x00000000d8ed1000, 0x00000000d9e61000)
 Metaspace       used 79758K, capacity 80924K, committed 81152K, reserved 1118208K
  class space    used 11482K, capacity 11731K, committed 11776K, reserved 1048576K
Event: 37.989 GC heap after
Heap after GC invocations=191 (full 6):
 def new generation   total 33728K, used 1227K [0x00000000c0000000, 0x00000000c2490000, 0x00000000d5550000)
  eden space 30016K,   0% used [0x00000000c0000000, 0x00000000c0000000, 0x00000000c1d50000)
  from space 3712K,  33% used [0x00000000c20f0000, 0x00000000c2222f58, 0x00000000c2490000)
  to   space 3712K,   0% used [0x00000000c1d50000, 0x00000000c1d50000, 0x00000000c20f0000)
 tenured generation   total 74820K, used 58928K [0x00000000d5550000, 0x00000000d9e61000, 0x0000000100000000)
   the space 74820K,  78% used [0x00000000d5550000, 0x00000000d8edc180, 0x00000000d8edc200, 0x00000000d9e61000)
 Metaspace       used 79758K, capacity 80924K, committed 81152K, reserved 1118208K
  class space    used 11482K, capacity 11731K, committed 11776K, reserved 1048576K
}
Event: 38.130 GC heap before
{Heap before GC invocations=191 (full 6):
 def new generation   total 33728K, used 31243K [0x00000000c0000000, 0x00000000c2490000, 0x00000000d5550000)
  eden space 30016K, 100% used [0x00000000c0000000, 0x00000000c1d50000, 0x00000000c1d50000)
  from space 3712K,  33% used [0x00000000c20f0000, 0x00000000c2222f58, 0x00000000c2490000)
  to   space 3712K,   0% used [0x00000000c1d50000, 0x00000000c1d50000, 0x00000000c20f0000)
 tenured generation   total 74820K, used 58928K [0x00000000d5550000, 0x00000000d9e61000, 0x0000000100000000)
   the space 74820K,  78% used [0x00000000d5550000, 0x00000000d8edc180, 0x00000000d8edc200, 0x00000000d9e61000)
 Metaspace       used 79772K, capacity 80924K, committed 81152K, reserved 1118208K
  class space    used 11482K, capacity 11731K, committed 11776K, reserved 1048576K
Event: 38.138 GC heap after
Heap after GC invocations=192 (full 6):
 def new generation   total 33728K, used 1377K [0x00000000c0000000, 0x00000000c2490000, 0x00000000d5550000)
  eden space 30016K,   0% used [0x00000000c0000000, 0x00000000c0000000, 0x00000000c1d50000)
  from space 3712K,  37% used [0x00000000c1d50000, 0x00000000c1ea87c8, 0x00000000c20f0000)
  to   space 3712K,   0% used [0x00000000c20f0000, 0x00000000c20f0000, 0x00000000c2490000)
 tenured generation   total 74820K, used 58972K [0x00000000d5550000, 0x00000000d9e61000, 0x0000000100000000)
   the space 74820K,  78% used [0x00000000d5550000, 0x00000000d8ee7058, 0x00000000d8ee7200, 0x00000000d9e61000)
 Metaspace       used 79772K, capacity 80924K, committed 81152K, reserved 1118208K
  class space    used 11482K, capacity 11731K, committed 11776K, reserved 1048576K
}
Event: 38.290 GC heap before
{Heap before GC invocations=192 (full 6):
 def new generation   total 33728K, used 31393K [0x00000000c0000000, 0x00000000c2490000, 0x00000000d5550000)
  eden space 30016K, 100% used [0x00000000c0000000, 0x00000000c1d50000, 0x00000000c1d50000)
  from space 3712K,  37% used [0x00000000c1d50000, 0x00000000c1ea87c8, 0x00000000c20f0000)
  to   space 3712K,   0% used [0x00000000c20f0000, 0x00000000c20f0000, 0x00000000c2490000)
 tenured generation   total 74820K, used 58972K [0x00000000d5550000, 0x00000000d9e61000, 0x0000000100000000)
   the space 74820K,  78% used [0x00000000d5550000, 0x00000000d8ee7058, 0x00000000d8ee7200, 0x00000000d9e61000)
 Metaspace       used 79775K, capacity 80924K, committed 81152K, reserved 1118208K
  class space    used 11482K, capacity 11731K, committed 11776K, reserved 1048576K
Event: 38.298 GC heap after
Heap after GC invocations=193 (full 6):
 def new generation   total 33728K, used 1356K [0x00000000c0000000, 0x00000000c2490000, 0x00000000d5550000)
  eden space 30016K,   0% used [0x00000000c0000000, 0x00000000c0000000, 0x00000000c1d50000)
  from space 3712K,  36% used [0x00000000c20f0000, 0x00000000c22433d0, 0x00000000c2490000)
  to   space 3712K,   0% used [0x00000000c1d50000, 0x00000000c1d50000, 0x00000000c20f0000)
 tenured generation   total 74820K, used 59022K [0x00000000d5550000, 0x00000000d9e61000, 0x0000000100000000)
   the space 74820K,  78% used [0x00000000d5550000, 0x00000000d8ef3990, 0x00000000d8ef3a00, 0x00000000d9e61000)
 Metaspace       used 79775K, capacity 80924K, committed 81152K, reserved 1118208K
  class space    used 11482K, capacity 11731K, committed 11776K, reserved 1048576K
}
Event: 38.450 GC heap before
{Heap before GC invocations=193 (full 6):
 def new generation   total 33728K, used 31372K [0x00000000c0000000, 0x00000000c2490000, 0x00000000d5550000)
  eden space 30016K, 100% used [0x00000000c0000000, 0x00000000c1d50000, 0x00000000c1d50000)
  from space 3712K,  36% used [0x00000000c20f0000, 0x00000000c22433d0, 0x00000000c2490000)
  to   space 3712K,   0% used [0x00000000c1d50000, 0x00000000c1d50000, 0x00000000c20f0000)
 tenured generation   total 74820K, used 59022K [0x00000000d5550000, 0x00000000d9e61000, 0x0000000100000000)
   the space 74820K,  78% used [0x00000000d5550000, 0x00000000d8ef3990, 0x00000000d8ef3a00, 0x00000000d9e61000)
 Metaspace       used 79780K, capacity 80924K, committed 81152K, reserved 1118208K
  class space    used 11482K, capacity 11731K, committed 11776K, reserved 1048576K
Event: 38.458 GC heap after
Heap after GC invocations=194 (full 6):
 def new generation   total 33728K, used 1323K [0x00000000c0000000, 0x00000000c2490000, 0x00000000d5550000)
  eden space 30016K,   0% used [0x00000000c0000000, 0x00000000c0000000, 0x00000000c1d50000)
  from space 3712K,  35% used [0x00000000c1d50000, 0x00000000c1e9ad88, 0x00000000c20f0000)
  to   space 3712K,   0% used [0x00000000c20f0000, 0x00000000c20f0000, 0x00000000c2490000)
 tenured generation   total 74820K, used 59067K [0x00000000d5550000, 0x00000000d9e61000, 0x0000000100000000)
   the space 74820K,  78% used [0x00000000d5550000, 0x00000000d8efed58, 0x00000000d8efee00, 0x00000000d9e61000)
 Metaspace       used 79780K, capacity 80924K, committed 81152K, reserved 1118208K
  class space    used 11482K, capacity 11731K, committed 11776K, reserved 1048576K
}
Event: 38.623 GC heap before
{Heap before GC invocations=194 (full 6):
 def new generation   total 33728K, used 31339K [0x00000000c0000000, 0x00000000c2490000, 0x00000000d5550000)
  eden space 30016K, 100% used [0x00000000c0000000, 0x00000000c1d50000, 0x00000000c1d50000)
  from space 3712K,  35% used [0x00000000c1d50000, 0x00000000c1e9ad88, 0x00000000c20f0000)
  to   space 3712K,   0% used [0x00000000c20f0000, 0x00000000c20f0000, 0x00000000c2490000)
 tenured generation   total 74820K, used 59067K [0x00000000d5550000, 0x00000000d9e61000, 0x0000000100000000)
   the space 74820K,  78% used [0x00000000d5550000, 0x00000000d8efed58, 0x00000000d8efee00, 0x00000000d9e61000)
 Metaspace       used 79806K, capacity 80932K, committed 81152K, reserved 1118208K
  class space    used 11482K, capacity 11731K, committed 11776K, reserved 1048576K
Event: 38.632 GC heap after
Heap after GC invocations=195 (full 6):
 def new generation   total 33728K, used 1370K [0x00000000c0000000, 0x00000000c2490000, 0x00000000d5550000)
  eden space 30016K,   0% used [0x00000000c0000000, 0x00000000c0000000, 0x00000000c1d50000)
  from space 3712K,  36% used [0x00000000c20f0000, 0x00000000c2246a48, 0x00000000c2490000)
  to   space 3712K,   0% used [0x00000000c1d50000, 0x00000000c1d50000, 0x00000000c20f0000)
 tenured generation   total 74820K, used 59094K [0x00000000d5550000, 0x00000000d9e61000, 0x0000000100000000)
   the space 74820K,  78% used [0x00000000d5550000, 0x00000000d8f05808, 0x00000000d8f05a00, 0x00000000d9e61000)
 Metaspace       used 79806K, capacity 80932K, committed 81152K, reserved 1118208K
  class space    used 11482K, capacity 11731K, committed 11776K, reserved 1048576K
}
Event: 38.805 GC heap before
{Heap before GC invocations=195 (full 6):
 def new generation   total 33728K, used 31386K [0x00000000c0000000, 0x00000000c2490000, 0x00000000d5550000)
  eden space 30016K, 100% used [0x00000000c0000000, 0x00000000c1d50000, 0x00000000c1d50000)
  from space 3712K,  36% used [0x00000000c20f0000, 0x00000000c2246a48, 0x00000000c2490000)
  to   space 3712K,   0% used [0x00000000c1d50000, 0x00000000c1d50000, 0x00000000c20f0000)
 tenured generation   total 74820K, used 59094K [0x00000000d5550000, 0x00000000d9e61000, 0x0000000100000000)
   the space 74820K,  78% used [0x00000000d5550000, 0x00000000d8f05808, 0x00000000d8f05a00, 0x00000000d9e61000)
 Metaspace       used 79860K, capacity 80996K, committed 81152K, reserved 1118208K
  class space    used 11482K, capacity 11731K, committed 11776K, reserved 1048576K
Event: 38.813 GC heap after
Heap after GC invocations=196 (full 6):
 def new generation   total 33728K, used 1500K [0x00000000c0000000, 0x00000000c2490000, 0x00000000d5550000)
  eden space 30016K,   0% used [0x00000000c0000000, 0x00000000c0000000, 0x00000000c1d50000)
  from space 3712K,  40% used [0x00000000c1d50000, 0x00000000c1ec73e0, 0x00000000c20f0000)
  to   space 3712K,   0% used [0x00000000c20f0000, 0x00000000c20f0000, 0x00000000c2490000)
 tenured generation   total 74820K, used 59117K [0x00000000d5550000, 0x00000000d9e61000, 0x0000000100000000)
   the space 74820K,  79% used [0x00000000d5550000, 0x00000000d8f0b5f8, 0x00000000d8f0b600, 0x00000000d9e61000)
 Metaspace       used 79860K, capacity 80996K, committed 81152K, reserved 1118208K
  class space    used 11482K, capacity 11731K, committed 11776K, reserved 1048576K
}
Event: 38.893 GC heap before
{Heap before GC invocations=196 (full 6):
 def new generation   total 33728K, used 30976K [0x00000000c0000000, 0x00000000c2490000, 0x00000000d5550000)
  eden space 30016K,  98% used [0x00000000c0000000, 0x00000000c1cc8d40, 0x00000000c1d50000)
  from space 3712K,  40% used [0x00000000c1d50000, 0x00000000c1ec73e0, 0x00000000c20f0000)
  to   space 3712K,   0% used [0x00000000c20f0000, 0x00000000c20f0000, 0x00000000c2490000)
 tenured generation   total 74820K, used 59117K [0x00000000d5550000, 0x00000000d9e61000, 0x0000000100000000)
   the space 74820K,  79% used [0x00000000d5550000, 0x00000000d8f0b5f8, 0x00000000d8f0b600, 0x00000000d9e61000)
 Metaspace       used 79864K, capacity 80996K, committed 81152K, reserved 1118208K
  class space    used 11482K, capacity 11731K, committed 11776K, reserved 1048576K
Event: 38.901 GC heap after
Heap after GC invocations=197 (full 6):
 def new generation   total 33728K, used 1311K [0x00000000c0000000, 0x00000000c2490000, 0x00000000d5550000)
  eden space 30016K,   0% used [0x00000000c0000000, 0x00000000c0000000, 0x00000000c1d50000)
  from space 3712K,  35% used [0x00000000c20f0000, 0x00000000c2237e18, 0x00000000c2490000)
  to   space 3712K,   0% used [0x00000000c1d50000, 0x00000000c1d50000, 0x00000000c20f0000)
 tenured generation   total 74820K, used 59159K [0x00000000d5550000, 0x00000000d9e61000, 0x0000000100000000)
   the space 74820K,  79% used [0x00000000d5550000, 0x00000000d8f15c28, 0x00000000d8f15e00, 0x00000000d9e61000)
 Metaspace       used 79864K, capacity 80996K, committed 81152K, reserved 1118208K
  class space    used 11482K, capacity 11731K, committed 11776K, reserved 1048576K
}
Event: 39.036 GC heap before
{Heap before GC invocations=197 (full 6):
 def new generation   total 33728K, used 31327K [0x00000000c0000000, 0x00000000c2490000, 0x00000000d5550000)
  eden space 30016K, 100% used [0x00000000c0000000, 0x00000000c1d50000, 0x00000000c1d50000)
  from space 3712K,  35% used [0x00000000c20f0000, 0x00000000c2237e18, 0x00000000c2490000)
  to   space 3712K,   0% used [0x00000000c1d50000, 0x00000000c1d50000, 0x00000000c20f0000)
 tenured generation   total 74820K, used 59159K [0x00000000d5550000, 0x00000000d9e61000, 0x0000000100000000)
   the space 74820K,  79% used [0x00000000d5550000, 0x00000000d8f15c28, 0x00000000d8f15e00, 0x00000000d9e61000)
 Metaspace       used 79871K, capacity 80996K, committed 81152K, reserved 1118208K
  class space    used 11482K, capacity 11731K, committed 11776K, reserved 1048576K
Event: 39.044 GC heap after
Heap after GC invocations=198 (full 6):
 def new generation   total 33728K, used 1285K [0x00000000c0000000, 0x00000000c2490000, 0x00000000d5550000)
  eden space 30016K,   0% used [0x00000000c0000000, 0x00000000c0000000, 0x00000000c1d50000)
  from space 3712K,  34% used [0x00000000c1d50000, 0x00000000c1e917e8, 0x00000000c20f0000)
  to   space 3712K,   0% used [0x00000000c20f0000, 0x00000000c20f0000, 0x00000000c2490000)
 tenured generation   total 74820K, used 59200K [0x00000000d5550000, 0x00000000d9e61000, 0x0000000100000000)
   the space 74820K,  79% used [0x00000000d5550000, 0x00000000d8f20278, 0x00000000d8f20400, 0x00000000d9e61000)
 Metaspace       used 79871K, capacity 80996K, committed 81152K, reserved 1118208K
  class space    used 11482K, capacity 11731K, committed 11776K, reserved 1048576K
}
Event: 39.190 GC heap before
{Heap before GC invocations=198 (full 6):
 def new generation   total 33728K, used 31301K [0x00000000c0000000, 0x00000000c2490000, 0x00000000d5550000)
  eden space 30016K, 100% used [0x00000000c0000000, 0x00000000c1d50000, 0x00000000c1d50000)
  from space 3712K,  34% used [0x00000000c1d50000, 0x00000000c1e917e8, 0x00000000c20f0000)
  to   space 3712K,   0% used [0x00000000c20f0000, 0x00000000c20f0000, 0x00000000c2490000)
 tenured generation   total 74820K, used 59200K [0x00000000d5550000, 0x00000000d9e61000, 0x0000000100000000)
   the space 74820K,  79% used [0x00000000d5550000, 0x00000000d8f20278, 0x00000000d8f20400, 0x00000000d9e61000)
 Metaspace       used 79871K, capacity 80996K, committed 81152K, reserved 1118208K
  class space    used 11482K, capacity 11731K, committed 11776K, reserved 1048576K
Event: 39.198 GC heap after
Heap after GC invocations=199 (full 6):
 def new generation   total 33728K, used 1388K [0x00000000c0000000, 0x00000000c2490000, 0x00000000d5550000)
  eden space 30016K,   0% used [0x00000000c0000000, 0x00000000c0000000, 0x00000000c1d50000)
  from space 3712K,  37% used [0x00000000c20f0000, 0x00000000c224b168, 0x00000000c2490000)
  to   space 3712K,   0% used [0x00000000c1d50000, 0x00000000c1d50000, 0x00000000c20f0000)
 tenured generation   total 74820K, used 59244K [0x00000000d5550000, 0x00000000d9e61000, 0x0000000100000000)
   the space 74820K,  79% used [0x00000000d5550000, 0x00000000d8f2b248, 0x00000000d8f2b400, 0x00000000d9e61000)
 Metaspace       used 79871K, capacity 80996K, committed 81152K, reserved 1118208K
  class space    used 11482K, capacity 11731K, committed 11776K, reserved 1048576K
}
Event: 39.340 GC heap before
{Heap before GC invocations=199 (full 6):
 def new generation   total 33728K, used 31404K [0x00000000c0000000, 0x00000000c2490000, 0x00000000d5550000)
  eden space 30016K, 100% used [0x00000000c0000000, 0x00000000c1d50000, 0x00000000c1d50000)
  from space 3712K,  37% used [0x00000000c20f0000, 0x00000000c224b168, 0x00000000c2490000)
  to   space 3712K,   0% used [0x00000000c1d50000, 0x00000000c1d50000, 0x00000000c20f0000)
 tenured generation   total 74820K, used 59244K [0x00000000d5550000, 0x00000000d9e61000, 0x0000000100000000)
   the space 74820K,  79% used [0x00000000d5550000, 0x00000000d8f2b248, 0x00000000d8f2b400, 0x00000000d9e61000)
 Metaspace       used 79876K, capacity 81004K, committed 81152K, reserved 1118208K
  class space    used 11482K, capacity 11731K, committed 11776K, reserved 1048576K
Event: 39.348 GC heap after
Heap after GC invocations=200 (full 6):
 def new generation   total 33728K, used 1673K [0x00000000c0000000, 0x00000000c2490000, 0x00000000d5550000)
  eden space 30016K,   0% used [0x00000000c0000000, 0x00000000c0000000, 0x00000000c1d50000)
  from space 3712K,  45% used [0x00000000c1d50000, 0x00000000c1ef2428, 0x00000000c20f0000)
  to   space 3712K,   0% used [0x00000000c20f0000, 0x00000000c20f0000, 0x00000000c2490000)
 tenured generation   total 74820K, used 59282K [0x00000000d5550000, 0x00000000d9e61000, 0x0000000100000000)
   the space 74820K,  79% used [0x00000000d5550000, 0x00000000d8f34820, 0x00000000d8f34a00, 0x00000000d9e61000)
 Metaspace       used 79876K, capacity 81004K, committed 81152K, reserved 1118208K
  class space    used 11482K, capacity 11731K, committed 11776K, reserved 1048576K
}
Event: 39.528 GC heap before
{Heap before GC invocations=200 (full 6):
 def new generation   total 33728K, used 27670K [0x00000000c0000000, 0x00000000c2490000, 0x00000000d5550000)
  eden space 30016K,  86% used [0x00000000c0000000, 0x00000000c19633d8, 0x00000000c1d50000)
  from space 3712K,  45% used [0x00000000c1d50000, 0x00000000c1ef2428, 0x00000000c20f0000)
  to   space 3712K,   0% used [0x00000000c20f0000, 0x00000000c20f0000, 0x00000000c2490000)
 tenured generation   total 74820K, used 59282K [0x00000000d5550000, 0x00000000d9e61000, 0x0000000100000000)
   the space 74820K,  79% used [0x00000000d5550000, 0x00000000d8f34820, 0x00000000d8f34a00, 0x00000000d9e61000)
 Metaspace       used 79883K, capacity 81004K, committed 81152K, reserved 1118208K
  class space    used 11482K, capacity 11731K, committed 11776K, reserved 1048576K
Event: 39.537 GC heap after
Heap after GC invocations=201 (full 6):
 def new generation   total 33728K, used 1655K [0x00000000c0000000, 0x00000000c2490000, 0x00000000d5550000)
  eden space 30016K,   0% used [0x00000000c0000000, 0x00000000c0000000, 0x00000000c1d50000)
  from space 3712K,  44% used [0x00000000c20f0000, 0x00000000c228df98, 0x00000000c2490000)
  to   space 3712K,   0% used [0x00000000c1d50000, 0x00000000c1d50000, 0x00000000c20f0000)
 tenured generation   total 74820K, used 59390K [0x00000000d5550000, 0x00000000d9e61000, 0x0000000100000000)
   the space 74820K,  79% used [0x00000000d5550000, 0x00000000d8f4fa38, 0x00000000d8f4fc00, 0x00000000d9e61000)
 Metaspace       used 79883K, capacity 81004K, committed 81152K, reserved 1118208K
  class space    used 11482K, capacity 11731K, committed 11776K, reserved 1048576K
}
Event: 39.715 GC heap before
{Heap before GC invocations=201 (full 6):
 def new generation   total 33728K, used 31671K [0x00000000c0000000, 0x00000000c2490000, 0x00000000d5550000)
  eden space 30016K, 100% used [0x00000000c0000000, 0x00000000c1d50000, 0x00000000c1d50000)
  from space 3712K,  44% used [0x00000000c20f0000, 0x00000000c228df98, 0x00000000c2490000)
  to   space 3712K,   0% used [0x00000000c1d50000, 0x00000000c1d50000, 0x00000000c20f0000)
 tenured generation   total 74820K, used 59390K [0x00000000d5550000, 0x00000000d9e61000, 0x0000000100000000)
   the space 74820K,  79% used [0x00000000d5550000, 0x00000000d8f4fa38, 0x00000000d8f4fc00, 0x00000000d9e61000)
 Metaspace       used 79923K, capacity 81074K, committed 81152K, reserved 1118208K
  class space    used 11483K, capacity 11732K, committed 11776K, reserved 1048576K
Event: 39.725 GC heap after
Heap after GC invocations=202 (full 6):
 def new generation   total 33728K, used 1163K [0x00000000c0000000, 0x00000000c2490000, 0x00000000d5550000)
  eden space 30016K,   0% used [0x00000000c0000000, 0x00000000c0000000, 0x00000000c1d50000)
  from space 3712K,  31% used [0x00000000c1d50000, 0x00000000c1e72e10, 0x00000000c20f0000)
  to   space 3712K,   0% used [0x00000000c20f0000, 0x00000000c20f0000, 0x00000000c2490000)
 tenured generation   total 74820K, used 59519K [0x00000000d5550000, 0x00000000d9e61000, 0x0000000100000000)
   the space 74820K,  79% used [0x00000000d5550000, 0x00000000d8f6ff18, 0x00000000d8f70000, 0x00000000d9e61000)
 Metaspace       used 79923K, capacity 81074K, committed 81152K, reserved 1118208K
  class space    used 11483K, capacity 11732K, committed 11776K, reserved 1048576K
}
Event: 39.914 GC heap before
{Heap before GC invocations=202 (full 6):
 def new generation   total 33728K, used 26425K [0x00000000c0000000, 0x00000000c2490000, 0x00000000d5550000)
  eden space 30016K,  84% used [0x00000000c0000000, 0x00000000c18ab780, 0x00000000c1d50000)
  from space 3712K,  31% used [0x00000000c1d50000, 0x00000000c1e72e10, 0x00000000c20f0000)
  to   space 3712K,   0% used [0x00000000c20f0000, 0x00000000c20f0000, 0x00000000c2490000)
 tenured generation   total 74820K, used 59519K [0x00000000d5550000, 0x00000000d9e61000, 0x0000000100000000)
   the space 74820K,  79% used [0x00000000d5550000, 0x00000000d8f6ff18, 0x00000000d8f70000, 0x00000000d9e61000)
 Metaspace       used 80011K, capacity 81250K, committed 81408K, reserved 1118208K
  class space    used 11489K, capacity 11740K, committed 11776K, reserved 1048576K
Event: 39.922 GC heap after
Heap after GC invocations=203 (full 6):
 def new generation   total 33728K, used 1344K [0x00000000c0000000, 0x00000000c2490000, 0x00000000d5550000)
  eden space 30016K,   0% used [0x00000000c0000000, 0x00000000c0000000, 0x00000000c1d50000)
  from space 3712K,  36% used [0x00000000c20f0000, 0x00000000c2240210, 0x00000000c2490000)
  to   space 3712K,   0% used [0x00000000c1d50000, 0x00000000c1d50000, 0x00000000c20f0000)
 tenured generation   total 74820K, used 59597K [0x00000000d5550000, 0x00000000d9e61000, 0x0000000100000000)
   the space 74820K,  79% used [0x00000000d5550000, 0x00000000d8f836d8, 0x00000000d8f83800, 0x00000000d9e61000)
 Metaspace       used 80011K, capacity 81250K, committed 81408K, reserved 1118208K
  class space    used 11489K, capacity 11740K, committed 11776K, reserved 1048576K
}
Event: 40.015 GC heap before
{Heap before GC invocations=203 (full 6):
 def new generation   total 33728K, used 30287K [0x00000000c0000000, 0x00000000c2490000, 0x00000000d5550000)
  eden space 30016K,  96% used [0x00000000c0000000, 0x00000000c1c43bb8, 0x00000000c1d50000)
  from space 3712K,  36% used [0x00000000c20f0000, 0x00000000c2240210, 0x00000000c2490000)
  to   space 3712K,   0% used [0x00000000c1d50000, 0x00000000c1d50000, 0x00000000c20f0000)
 tenured generation   total 74820K, used 59597K [0x00000000d5550000, 0x00000000d9e61000, 0x0000000100000000)
   the space 74820K,  79% used [0x00000000d5550000, 0x00000000d8f836d8, 0x00000000d8f83800, 0x00000000d9e61000)
 Metaspace       used 80039K, capacity 81254K, committed 81408K, reserved 1118208K
  class space    used 11489K, capacity 11740K, committed 11776K, reserved 1048576K
Event: 40.023 GC heap after
Heap after GC invocations=204 (full 6):
 def new generation   total 33728K, used 1169K [0x00000000c0000000, 0x00000000c2490000, 0x00000000d5550000)
  eden space 30016K,   0% used [0x00000000c0000000, 0x00000000c0000000, 0x00000000c1d50000)
  from space 3712K,  31% used [0x00000000c1d50000, 0x00000000c1e74758, 0x00000000c20f0000)
  to   space 3712K,   0% used [0x00000000c20f0000, 0x00000000c20f0000, 0x00000000c2490000)
 tenured generation   total 74820K, used 59611K [0x00000000d5550000, 0x00000000d9e61000, 0x0000000100000000)
   the space 74820K,  79% used [0x00000000d5550000, 0x00000000d8f86e50, 0x00000000d8f87000, 0x00000000d9e61000)
 Metaspace       used 80039K, capacity 81254K, committed 81408K, reserved 1118208K
  class space    used 11489K, capacity 11740K, committed 11776K, reserved 1048576K
}
Event: 40.076 GC heap before
{Heap before GC invocations=204 (full 6):
 def new generation   total 33728K, used 29549K [0x00000000c0000000, 0x00000000c2490000, 0x00000000d5550000)
  eden space 30016K,  94% used [0x00000000c0000000, 0x00000000c1bb6fc8, 0x00000000c1d50000)
  from space 3712K,  31% used [0x00000000c1d50000, 0x00000000c1e74758, 0x00000000c20f0000)
  to   space 3712K,   0% used [0x00000000c20f0000, 0x00000000c20f0000, 0x00000000c2490000)
 tenured generation   total 74820K, used 59611K [0x00000000d5550000, 0x00000000d9e61000, 0x0000000100000000)
   the space 74820K,  79% used [0x00000000d5550000, 0x00000000d8f86e50, 0x00000000d8f87000, 0x00000000d9e61000)
 Metaspace       used 80042K, capacity 81254K, committed 81408K, reserved 1118208K
  class space    used 11489K, capacity 11740K, committed 11776K, reserved 1048576K
Event: 40.083 GC heap after
Heap after GC invocations=205 (full 6):
 def new generation   total 33728K, used 1096K [0x00000000c0000000, 0x00000000c2490000, 0x00000000d5550000)
  eden space 30016K,   0% used [0x00000000c0000000, 0x00000000c0000000, 0x00000000c1d50000)
  from space 3712K,  29% used [0x00000000c20f0000, 0x00000000c2202030, 0x00000000c2490000)
  to   space 3712K,   0% used [0x00000000c1d50000, 0x00000000c1d50000, 0x00000000c20f0000)
 tenured generation   total 74820K, used 59636K [0x00000000d5550000, 0x00000000d9e61000, 0x0000000100000000)
   the space 74820K,  79% used [0x00000000d5550000, 0x00000000d8f8d2a8, 0x00000000d8f8d400, 0x00000000d9e61000)
 Metaspace       used 80042K, capacity 81254K, committed 81408K, reserved 1118208K
  class space    used 11489K, capacity 11740K, committed 11776K, reserved 1048576K
}
Event: 40.238 GC heap before
{Heap before GC invocations=205 (full 6):
 def new generation   total 33728K, used 31112K [0x00000000c0000000, 0x00000000c2490000, 0x00000000d5550000)
  eden space 30016K, 100% used [0x00000000c0000000, 0x00000000c1d50000, 0x00000000c1d50000)
  from space 3712K,  29% used [0x00000000c20f0000, 0x00000000c2202030, 0x00000000c2490000)
  to   space 3712K,   0% used [0x00000000c1d50000, 0x00000000c1d50000, 0x00000000c20f0000)
 tenured generation   total 74820K, used 59636K [0x00000000d5550000, 0x00000000d9e61000, 0x0000000100000000)
   the space 74820K,  79% used [0x00000000d5550000, 0x00000000d8f8d2a8, 0x00000000d8f8d400, 0x00000000d9e61000)
 Metaspace       used 80049K, capacity 81254K, committed 81408K, reserved 1118208K
  class space    used 11489K, capacity 11740K, committed 11776K, reserved 1048576K
Event: 40.246 GC heap after
Heap after GC invocations=206 (full 6):
 def new generation   total 33728K, used 1047K [0x00000000c0000000, 0x00000000c2490000, 0x00000000d5550000)
  eden space 30016K,   0% used [0x00000000c0000000, 0x00000000c0000000, 0x00000000c1d50000)
  from space 3712K,  28% used [0x00000000c1d50000, 0x00000000c1e55fd8, 0x00000000c20f0000)
  to   space 3712K,   0% used [0x00000000c20f0000, 0x00000000c20f0000, 0x00000000c2490000)
 tenured generation   total 74820K, used 59686K [0x00000000d5550000, 0x00000000d9e61000, 0x0000000100000000)
   the space 74820K,  79% used [0x00000000d5550000, 0x00000000d8f999a0, 0x00000000d8f99a00, 0x00000000d9e61000)
 Metaspace       used 80049K, capacity 81254K, committed 81408K, reserved 1118208K
  class space    used 11489K, capacity 11740K, committed 11776K, reserved 1048576K
}
Event: 40.422 GC heap before
{Heap before GC invocations=206 (full 6):
 def new generation   total 33728K, used 31063K [0x00000000c0000000, 0x00000000c2490000, 0x00000000d5550000)
  eden space 30016K, 100% used [0x00000000c0000000, 0x00000000c1d50000, 0x00000000c1d50000)
  from space 3712K,  28% used [0x00000000c1d50000, 0x00000000c1e55fd8, 0x00000000c20f0000)
  to   space 3712K,   0% used [0x00000000c20f0000, 0x00000000c20f0000, 0x00000000c2490000)
 tenured generation   total 74820K, used 59686K [0x00000000d5550000, 0x00000000d9e61000, 0x0000000100000000)
   the space 74820K,  79% used [0x00000000d5550000, 0x00000000d8f999a0, 0x00000000d8f99a00, 0x00000000d9e61000)
 Metaspace       used 80099K, capacity 81382K, committed 81664K, reserved 1120256K
  class space    used 11489K, capacity 11740K, committed 11776K, reserved 1048576K
Event: 40.430 GC heap after
Heap after GC invocations=207 (full 6):
 def new generation   total 33728K, used 1139K [0x00000000c0000000, 0x00000000c2490000, 0x00000000d5550000)
  eden space 30016K,   0% used [0x00000000c0000000, 0x00000000c0000000, 0x00000000c1d50000)
  from space 3712K,  30% used [0x00000000c20f0000, 0x00000000c220cc00, 0x00000000c2490000)
  to   space 3712K,   0% used [0x00000000c1d50000, 0x00000000c1d50000, 0x00000000c20f0000)
 tenured generation   total 74820K, used 59739K [0x00000000d5550000, 0x00000000d9e61000, 0x0000000100000000)
   the space 74820K,  79% used [0x00000000d5550000, 0x00000000d8fa6c50, 0x00000000d8fa6e00, 0x00000000d9e61000)
 Metaspace       used 80099K, capacity 81382K, committed 81664K, reserved 1120256K
  class space    used 11489K, capacity 11740K, committed 11776K, reserved 1048576K
}
Event: 40.594 GC heap before
{Heap before GC invocations=207 (full 6):
 def new generation   total 33728K, used 31155K [0x00000000c0000000, 0x00000000c2490000, 0x00000000d5550000)
  eden space 30016K, 100% used [0x00000000c0000000, 0x00000000c1d50000, 0x00000000c1d50000)
  from space 3712K,  30% used [0x00000000c20f0000, 0x00000000c220cc00, 0x00000000c2490000)
  to   space 3712K,   0% used [0x00000000c1d50000, 0x00000000c1d50000, 0x00000000c20f0000)
 tenured generation   total 74820K, used 59739K [0x00000000d5550000, 0x00000000d9e61000, 0x0000000100000000)
   the space 74820K,  79% used [0x00000000d5550000, 0x00000000d8fa6c50, 0x00000000d8fa6e00, 0x00000000d9e61000)
 Metaspace       used 80104K, capacity 81382K, committed 81664K, reserved 1120256K
  class space    used 11489K, capacity 11740K, committed 11776K, reserved 1048576K
Event: 40.603 GC heap after
Heap after GC invocations=208 (full 6):
 def new generation   total 33728K, used 1195K [0x00000000c0000000, 0x00000000c2490000, 0x00000000d5550000)
  eden space 30016K,   0% used [0x00000000c0000000, 0x00000000c0000000, 0x00000000c1d50000)
  from space 3712K,  32% used [0x00000000c1d50000, 0x00000000c1e7acf0, 0x00000000c20f0000)
  to   space 3712K,   0% used [0x00000000c20f0000, 0x00000000c20f0000, 0x00000000c2490000)
 tenured generation   total 74820K, used 59791K [0x00000000d5550000, 0x00000000d9e61000, 0x0000000100000000)
   the space 74820K,  79% used [0x00000000d5550000, 0x00000000d8fb3fd0, 0x00000000d8fb4000, 0x00000000d9e61000)
 Metaspace       used 80104K, capacity 81382K, committed 81664K, reserved 1120256K
  class space    used 11489K, capacity 11740K, committed 11776K, reserved 1048576K
}
Event: 40.782 GC heap before
{Heap before GC invocations=208 (full 6):
 def new generation   total 33728K, used 31211K [0x00000000c0000000, 0x00000000c2490000, 0x00000000d5550000)
  eden space 30016K, 100% used [0x00000000c0000000, 0x00000000c1d50000, 0x00000000c1d50000)
  from space 3712K,  32% used [0x00000000c1d50000, 0x00000000c1e7acf0, 0x00000000c20f0000)
  to   space 3712K,   0% used [0x00000000c20f0000, 0x00000000c20f0000, 0x00000000c2490000)
 tenured generation   total 74820K, used 59791K [0x00000000d5550000, 0x00000000d9e61000, 0x0000000100000000)
   the space 74820K,  79% used [0x00000000d5550000, 0x00000000d8fb3fd0, 0x00000000d8fb4000, 0x00000000d9e61000)
 Metaspace       used 80104K, capacity 81382K, committed 81664K, reserved 1120256K
  class space    used 11489K, capacity 11740K, committed 11776K, reserved 1048576K
Event: 40.791 GC heap after
Heap after GC invocations=209 (full 6):
 def new generation   total 33728K, used 1266K [0x00000000c0000000, 0x00000000c2490000, 0x00000000d5550000)
  eden space 30016K,   0% used [0x00000000c0000000, 0x00000000c0000000, 0x00000000c1d50000)
  from space 3712K,  34% used [0x00000000c20f0000, 0x00000000c222ca30, 0x00000000c2490000)
  to   space 3712K,   0% used [0x00000000c1d50000, 0x00000000c1d50000, 0x00000000c20f0000)
 tenured generation   total 74820K, used 59839K [0x00000000d5550000, 0x00000000d9e61000, 0x0000000100000000)
   the space 74820K,  79% used [0x00000000d5550000, 0x00000000d8fbff10, 0x00000000d8fc0000, 0x00000000d9e61000)
 Metaspace       used 80104K, capacity 81382K, committed 81664K, reserved 1120256K
  class space    used 11489K, capacity 11740K, committed 11776K, reserved 1048576K
}
Event: 40.978 GC heap before
{Heap before GC invocations=209 (full 6):
 def new generation   total 33728K, used 31279K [0x00000000c0000000, 0x00000000c2490000, 0x00000000d5550000)
  eden space 30016K,  99% used [0x00000000c0000000, 0x00000000c1d4f238, 0x00000000c1d50000)
  from space 3712K,  34% used [0x00000000c20f0000, 0x00000000c222ca30, 0x00000000c2490000)
  to   space 3712K,   0% used [0x00000000c1d50000, 0x00000000c1d50000, 0x00000000c20f0000)
 tenured generation   total 74820K, used 59839K [0x00000000d5550000, 0x00000000d9e61000, 0x0000000100000000)
   the space 74820K,  79% used [0x00000000d5550000, 0x00000000d8fbff10, 0x00000000d8fc0000, 0x00000000d9e61000)
 Metaspace       used 80104K, capacity 81382K, committed 81664K, reserved 1120256K
  class space    used 11489K, capacity 11740K, committed 11776K, reserved 1048576K
Event: 40.986 GC heap after
Heap after GC invocations=210 (full 6):
 def new generation   total 33728K, used 1183K [0x00000000c0000000, 0x00000000c2490000, 0x00000000d5550000)
  eden space 30016K,   0% used [0x00000000c0000000, 0x00000000c0000000, 0x00000000c1d50000)
  from space 3712K,  31% used [0x00000000c1d50000, 0x00000000c1e77db8, 0x00000000c20f0000)
  to   space 3712K,   0% used [0x00000000c20f0000, 0x00000000c20f0000, 0x00000000c2490000)
 tenured generation   total 74820K, used 59888K [0x00000000d5550000, 0x00000000d9e61000, 0x0000000100000000)
   the space 74820K,  80% used [0x00000000d5550000, 0x00000000d8fcc2f0, 0x00000000d8fcc400, 0x00000000d9e61000)
 Metaspace       used 80104K, capacity 81382K, committed 81664K, reserved 1120256K
  class space    used 11489K, capacity 11740K, committed 11776K, reserved 1048576K
}
Event: 41.130 GC heap before
{Heap before GC invocations=210 (full 6):
 def new generation   total 33728K, used 31199K [0x00000000c0000000, 0x00000000c2490000, 0x00000000d5550000)
  eden space 30016K, 100% used [0x00000000c0000000, 0x00000000c1d50000, 0x00000000c1d50000)
  from space 3712K,  31% used [0x00000000c1d50000, 0x00000000c1e77db8, 0x00000000c20f0000)
  to   space 3712K,   0% used [0x00000000c20f0000, 0x00000000c20f0000, 0x00000000c2490000)
 tenured generation   total 74820K, used 59888K [0x00000000d5550000, 0x00000000d9e61000, 0x0000000100000000)
   the space 74820K,  80% used [0x00000000d5550000, 0x00000000d8fcc2f0, 0x00000000d8fcc400, 0x00000000d9e61000)
 Metaspace       used 80104K, capacity 81382K, committed 81664K, reserved 1120256K
  class space    used 11489K, capacity 11740K, committed 11776K, reserved 1048576K
Event: 41.138 GC heap after
Heap after GC invocations=211 (full 6):
 def new generation   total 33728K, used 1564K [0x00000000c0000000, 0x00000000c2490000, 0x00000000d5550000)
  eden space 30016K,   0% used [0x00000000c0000000, 0x00000000c0000000, 0x00000000c1d50000)
  from space 3712K,  42% used [0x00000000c20f0000, 0x00000000c2277130, 0x00000000c2490000)
  to   space 3712K,   0% used [0x00000000c1d50000, 0x00000000c1d50000, 0x00000000c20f0000)
 tenured generation   total 74820K, used 59936K [0x00000000d5550000, 0x00000000d9e61000, 0x0000000100000000)
   the space 74820K,  80% used [0x00000000d5550000, 0x00000000d8fd82e0, 0x00000000d8fd8400, 0x00000000d9e61000)
 Metaspace       used 80104K, capacity 81382K, committed 81664K, reserved 1120256K
  class space    used 11489K, capacity 11740K, committed 11776K, reserved 1048576K
}
Event: 41.249 GC heap before
{Heap before GC invocations=211 (full 6):
 def new generation   total 33728K, used 31580K [0x00000000c0000000, 0x00000000c2490000, 0x00000000d5550000)
  eden space 30016K, 100% used [0x00000000c0000000, 0x00000000c1d50000, 0x00000000c1d50000)
  from space 3712K,  42% used [0x00000000c20f0000, 0x00000000c2277130, 0x00000000c2490000)
  to   space 3712K,   0% used [0x00000000c1d50000, 0x00000000c1d50000, 0x00000000c20f0000)
 tenured generation   total 74820K, used 59936K [0x00000000d5550000, 0x00000000d9e61000, 0x0000000100000000)
   the space 74820K,  80% used [0x00000000d5550000, 0x00000000d8fd82e0, 0x00000000d8fd8400, 0x00000000d9e61000)
 Metaspace       used 80111K, capacity 81382K, committed 81664K, reserved 1120256K
  class space    used 11489K, capacity 11740K, committed 11776K, reserved 1048576K
Event: 41.257 GC heap after
Heap after GC invocations=212 (full 6):
 def new generation   total 33728K, used 972K [0x00000000c0000000, 0x00000000c2490000, 0x00000000d5550000)
  eden space 30016K,   0% used [0x00000000c0000000, 0x00000000c0000000, 0x00000000c1d50000)
  from space 3712K,  26% used [0x00000000c1d50000, 0x00000000c1e431e0, 0x00000000c20f0000)
  to   space 3712K,   0% used [0x00000000c20f0000, 0x00000000c20f0000, 0x00000000c2490000)
 tenured generation   total 74820K, used 59959K [0x00000000d5550000, 0x00000000d9e61000, 0x0000000100000000)
   the space 74820K,  80% used [0x00000000d5550000, 0x00000000d8fddeb0, 0x00000000d8fde000, 0x00000000d9e61000)
 Metaspace       used 80111K, capacity 81382K, committed 81664K, reserved 1120256K
  class space    used 11489K, capacity 11740K, committed 11776K, reserved 1048576K
}
Event: 41.425 GC heap before
{Heap before GC invocations=212 (full 6):
 def new generation   total 33728K, used 30988K [0x00000000c0000000, 0x00000000c2490000, 0x00000000d5550000)
  eden space 30016K, 100% used [0x00000000c0000000, 0x00000000c1d50000, 0x00000000c1d50000)
  from space 3712K,  26% used [0x00000000c1d50000, 0x00000000c1e431e0, 0x00000000c20f0000)
  to   space 3712K,   0% used [0x00000000c20f0000, 0x00000000c20f0000, 0x00000000c2490000)
 tenured generation   total 74820K, used 59959K [0x00000000d5550000, 0x00000000d9e61000, 0x0000000100000000)
   the space 74820K,  80% used [0x00000000d5550000, 0x00000000d8fddeb0, 0x00000000d8fde000, 0x00000000d9e61000)
 Metaspace       used 80131K, capacity 81382K, committed 81664K, reserved 1120256K
  class space    used 11489K, capacity 11740K, committed 11776K, reserved 1048576K
Event: 41.433 GC heap after
Heap after GC invocations=213 (full 6):
 def new generation   total 33728K, used 1422K [0x00000000c0000000, 0x00000000c2490000, 0x00000000d5550000)
  eden space 30016K,   0% used [0x00000000c0000000, 0x00000000c0000000, 0x00000000c1d50000)
  from space 3712K,  38% used [0x00000000c20f0000, 0x00000000c22539a8, 0x00000000c2490000)
  to   space 3712K,   0% used [0x00000000c1d50000, 0x00000000c1d50000, 0x00000000c20f0000)
 tenured generation   total 74820K, used 60007K [0x00000000d5550000, 0x00000000d9e61000, 0x0000000100000000)
   the space 74820K,  80% used [0x00000000d5550000, 0x00000000d8fe9c18, 0x00000000d8fe9e00, 0x00000000d9e61000)
 Metaspace       used 80131K, capacity 81382K, committed 81664K, reserved 1120256K
  class space    used 11489K, capacity 11740K, committed 11776K, reserved 1048576K
}
Event: 41.630 GC heap before
{Heap before GC invocations=213 (full 6):
 def new generation   total 33728K, used 31438K [0x00000000c0000000, 0x00000000c2490000, 0x00000000d5550000)
  eden space 30016K, 100% used [0x00000000c0000000, 0x00000000c1d50000, 0x00000000c1d50000)
  from space 3712K,  38% used [0x00000000c20f0000, 0x00000000c22539a8, 0x00000000c2490000)
  to   space 3712K,   0% used [0x00000000c1d50000, 0x00000000c1d50000, 0x00000000c20f0000)
 tenured generation   total 74820K, used 60007K [0x00000000d5550000, 0x00000000d9e61000, 0x0000000100000000)
   the space 74820K,  80% used [0x00000000d5550000, 0x00000000d8fe9c18, 0x00000000d8fe9e00, 0x00000000d9e61000)
 Metaspace       used 80171K, capacity 81446K, committed 81664K, reserved 1120256K
  class space    used 11489K, capacity 11740K, committed 11776K, reserved 1048576K
Event: 41.638 GC heap after
Heap after GC invocations=214 (full 6):
 def new generation   total 33728K, used 1210K [0x00000000c0000000, 0x00000000c2490000, 0x00000000d5550000)
  eden space 30016K,   0% used [0x00000000c0000000, 0x00000000c0000000, 0x00000000c1d50000)
  from space 3712K,  32% used [0x00000000c1d50000, 0x00000000c1e7e8b8, 0x00000000c20f0000)
  to   space 3712K,   0% used [0x00000000c20f0000, 0x00000000c20f0000, 0x00000000c2490000)
 tenured generation   total 74820K, used 60052K [0x00000000d5550000, 0x00000000d9e61000, 0x0000000100000000)
   the space 74820K,  80% used [0x00000000d5550000, 0x00000000d8ff5140, 0x00000000d8ff5200, 0x00000000d9e61000)
 Metaspace       used 80171K, capacity 81446K, committed 81664K, reserved 1120256K
  class space    used 11489K, capacity 11740K, committed 11776K, reserved 1048576K
}
Event: 41.795 GC heap before
{Heap before GC invocations=214 (full 6):
 def new generation   total 33728K, used 31226K [0x00000000c0000000, 0x00000000c2490000, 0x00000000d5550000)
  eden space 30016K, 100% used [0x00000000c0000000, 0x00000000c1d50000, 0x00000000c1d50000)
  from space 3712K,  32% used [0x00000000c1d50000, 0x00000000c1e7e8b8, 0x00000000c20f0000)
  to   space 3712K,   0% used [0x00000000c20f0000, 0x00000000c20f0000, 0x00000000c2490000)
 tenured generation   total 74820K, used 60052K [0x00000000d5550000, 0x00000000d9e61000, 0x0000000100000000)
   the space 74820K,  80% used [0x00000000d5550000, 0x00000000d8ff5140, 0x00000000d8ff5200, 0x00000000d9e61000)
 Metaspace       used 80186K, capacity 81446K, committed 81664K, reserved 1120256K
  class space    used 11489K, capacity 11740K, committed 11776K, reserved 1048576K
Event: 41.803 GC heap after
Heap after GC invocations=215 (full 6):
 def new generation   total 33728K, used 1144K [0x00000000c0000000, 0x00000000c2490000, 0x00000000d5550000)
  eden space 30016K,   0% used [0x00000000c0000000, 0x00000000c0000000, 0x00000000c1d50000)
  from space 3712K,  30% used [0x00000000c20f0000, 0x00000000c220e358, 0x00000000c2490000)
  to   space 3712K,   0% used [0x00000000c1d50000, 0x00000000c1d50000, 0x00000000c20f0000)
 tenured generation   total 74820K, used 60097K [0x00000000d5550000, 0x00000000d9e61000, 0x0000000100000000)
   the space 74820K,  80% used [0x00000000d5550000, 0x00000000d9000400, 0x00000000d9000400, 0x00000000d9e61000)
 Metaspace       used 80186K, capacity 81446K, committed 81664K, reserved 1120256K
  class space    used 11489K, capacity 11740K, committed 11776K, reserved 1048576K
}
Event: 41.932 GC heap before
{Heap before GC invocations=215 (full 6):
 def new generation   total 33728K, used 28688K [0x00000000c0000000, 0x00000000c2490000, 0x00000000d5550000)
  eden space 30016K,  91% used [0x00000000c0000000, 0x00000000c1ae6008, 0x00000000c1d50000)
  from space 3712K,  30% used [0x00000000c20f0000, 0x00000000c220e358, 0x00000000c2490000)
  to   space 3712K,   0% used [0x00000000c1d50000, 0x00000000c1d50000, 0x00000000c20f0000)
 tenured generation   total 74820K, used 60097K [0x00000000d5550000, 0x00000000d9e61000, 0x0000000100000000)
   the space 74820K,  80% used [0x00000000d5550000, 0x00000000d9000400, 0x00000000d9000400, 0x00000000d9e61000)
 Metaspace       used 80186K, capacity 81446K, committed 81664K, reserved 1120256K
  class space    used 11489K, capacity 11740K, committed 11776K, reserved 1048576K
Event: 41.941 GC heap after
Heap after GC invocations=216 (full 6):
 def new generation   total 33728K, used 1490K [0x00000000c0000000, 0x00000000c2490000, 0x00000000d5550000)
  eden space 30016K,   0% used [0x00000000c0000000, 0x00000000c0000000, 0x00000000c1d50000)
  from space 3712K,  40% used [0x00000000c1d50000, 0x00000000c1ec4b48, 0x00000000c20f0000)
  to   space 3712K,   0% used [0x00000000c20f0000, 0x00000000c20f0000, 0x00000000c2490000)
 tenured generation   total 74820K, used 60147K [0x00000000d5550000, 0x00000000d9e61000, 0x0000000100000000)
   the space 74820K,  80% used [0x00000000d5550000, 0x00000000d900cca8, 0x00000000d900ce00, 0x00000000d9e61000)
 Metaspace       used 80186K, capacity 81446K, committed 81664K, reserved 1120256K
  class space    used 11489K, capacity 11740K, committed 11776K, reserved 1048576K
}
Event: 42.183 GC heap before
{Heap before GC invocations=216 (full 6):
 def new generation   total 33728K, used 31506K [0x00000000c0000000, 0x00000000c2490000, 0x00000000d5550000)
  eden space 30016K, 100% used [0x00000000c0000000, 0x00000000c1d50000, 0x00000000c1d50000)
  from space 3712K,  40% used [0x00000000c1d50000, 0x00000000c1ec4b48, 0x00000000c20f0000)
  to   space 3712K,   0% used [0x00000000c20f0000, 0x00000000c20f0000, 0x00000000c2490000)
 tenured generation   total 74820K, used 60147K [0x00000000d5550000, 0x00000000d9e61000, 0x0000000100000000)
   the space 74820K,  80% used [0x00000000d5550000, 0x00000000d900cca8, 0x00000000d900ce00, 0x00000000d9e61000)
 Metaspace       used 80329K, capacity 81592K, committed 81920K, reserved 1120256K
  class space    used 11491K, capacity 11743K, committed 11776K, reserved 1048576K
Event: 42.191 GC heap after
Heap after GC invocations=217 (full 6):
 def new generation   total 33728K, used 875K [0x00000000c0000000, 0x00000000c2490000, 0x00000000d5550000)
  eden space 30016K,   0% used [0x00000000c0000000, 0x00000000c0000000, 0x00000000c1d50000)
  from space 3712K,  23% used [0x00000000c20f0000, 0x00000000c21cacf0, 0x00000000c2490000)
  to   space 3712K,   0% used [0x00000000c1d50000, 0x00000000c1d50000, 0x00000000c20f0000)
 tenured generation   total 74820K, used 60225K [0x00000000d5550000, 0x00000000d9e61000, 0x0000000100000000)
   the space 74820K,  80% used [0x00000000d5550000, 0x00000000d90207e0, 0x00000000d9020800, 0x00000000d9e61000)
 Metaspace       used 80329K, capacity 81592K, committed 81920K, reserved 1120256K
  class space    used 11491K, capacity 11743K, committed 11776K, reserved 1048576K
}
Event: 42.455 GC heap before
{Heap before GC invocations=217 (full 6):
 def new generation   total 33728K, used 28179K [0x00000000c0000000, 0x00000000c2490000, 0x00000000d5550000)
  eden space 30016K,  90% used [0x00000000c0000000, 0x00000000c1aaa140, 0x00000000c1d50000)
  from space 3712K,  23% used [0x00000000c20f0000, 0x00000000c21cacf0, 0x00000000c2490000)
  to   space 3712K,   0% used [0x00000000c1d50000, 0x00000000c1d50000, 0x00000000c20f0000)
 tenured generation   total 74820K, used 60225K [0x00000000d5550000, 0x00000000d9e61000, 0x0000000100000000)
   the space 74820K,  80% used [0x00000000d5550000, 0x00000000d90207e0, 0x00000000d9020800, 0x00000000d9e61000)
 Metaspace       used 80402K, capacity 81686K, committed 81920K, reserved 1120256K
  class space    used 11494K, capacity 11751K, committed 11776K, reserved 1048576K
Event: 42.463 GC heap after
Heap after GC invocations=218 (full 6):
 def new generation   total 33728K, used 1040K [0x00000000c0000000, 0x00000000c2490000, 0x00000000d5550000)
  eden space 30016K,   0% used [0x00000000c0000000, 0x00000000c0000000, 0x00000000c1d50000)
  from space 3712K,  28% used [0x00000000c1d50000, 0x00000000c1e54388, 0x00000000c20f0000)
  to   space 3712K,   0% used [0x00000000c20f0000, 0x00000000c20f0000, 0x00000000c2490000)
 tenured generation   total 74820K, used 60352K [0x00000000d5550000, 0x00000000d9e61000, 0x0000000100000000)
   the space 74820K,  80% used [0x00000000d5550000, 0x00000000d9040038, 0x00000000d9040200, 0x00000000d9e61000)
 Metaspace       used 80402K, capacity 81686K, committed 81920K, reserved 1120256K
  class space    used 11494K, capacity 11751K, committed 11776K, reserved 1048576K
}
Event: 42.594 GC heap before
{Heap before GC invocations=218 (full 6):
 def new generation   total 33728K, used 31056K [0x00000000c0000000, 0x00000000c2490000, 0x00000000d5550000)
  eden space 30016K, 100% used [0x00000000c0000000, 0x00000000c1d50000, 0x00000000c1d50000)
  from space 3712K,  28% used [0x00000000c1d50000, 0x00000000c1e54388, 0x00000000c20f0000)
  to   space 3712K,   0% used [0x00000000c20f0000, 0x00000000c20f0000, 0x00000000c2490000)
 tenured generation   total 74820K, used 60352K [0x00000000d5550000, 0x00000000d9e61000, 0x0000000100000000)
   the space 74820K,  80% used [0x00000000d5550000, 0x00000000d9040038, 0x00000000d9040200, 0x00000000d9e61000)
 Metaspace       used 80457K, capacity 81846K, committed 81920K, reserved 1120256K
  class space    used 11498K, capacity 11755K, committed 11776K, reserved 1048576K

